2017-05-23 13:35:58,637 INFO     BEGIN
2017-05-23 13:35:58,637 INFO     struct {
    load: 'minicraft_ling_train'
    trainer:
        n_iters: 2000
        n_rollout_batch: 100
        max_rollout_len: 100
        name: 'ImitationTrainer'
        switch_iter: 0
        n_update: 50
        resample_every: 1
        log_each_task: False
    name: 'minicraft_ling_train'
    train: True
    eval: True
    objective:
        discount: 0.97
        entropy_bonus: 0.001
        step_size: 0.001
        n_train_batch: 5000
    world:
        test_fold: 'val'
        name: 'Minicraft2World'
        train_fold: 'train'
    model:
        critic:
            type: 'linear'
            by_task: True
        intrinsic_bonus: 0
        controller:
            param_ling: True
            param_task: False
            train_embeddings: True
            n_embed: 64
        actor:
            n_hidden: [64, 64]
            ret_bias: 0
        name: 'ReprModel'
    experiment_dir: 'experiments/minicraft_ling_train'
}
2017-05-23 13:36:16,216 INFO     [iter] 50
2017-05-23 13:36:16,217 INFO     [rollout] 15000
2017-05-23 13:36:16,217 INFO     [step] 250000
2017-05-23 13:36:16,217 INFO     [err] 1.79175196886
2017-05-23 13:36:40,228 INFO     [rew] 0.064000
2017-05-23 13:36:40,229 INFO     
2017-05-23 13:36:55,275 INFO     [iter] 100
2017-05-23 13:36:55,275 INFO     [rollout] 30000
2017-05-23 13:36:55,276 INFO     [step] 500000
2017-05-23 13:36:55,276 INFO     [err] 1.79167457104
2017-05-23 13:37:14,830 INFO     [rew] 0.104000
2017-05-23 13:37:14,830 INFO     
2017-05-23 13:37:30,017 INFO     [iter] 150
2017-05-23 13:37:30,017 INFO     [rollout] 44900
2017-05-23 13:37:30,017 INFO     [step] 750000
2017-05-23 13:37:30,017 INFO     [err] 1.78951541901
2017-05-23 13:37:48,786 INFO     [rew] 0.058000
2017-05-23 13:37:48,786 INFO     
2017-05-23 13:38:04,068 INFO     [iter] 200
2017-05-23 13:38:04,068 INFO     [rollout] 59900
2017-05-23 13:38:04,069 INFO     [step] 1000000
2017-05-23 13:38:04,069 INFO     [err] 1.76472986221
2017-05-23 13:38:22,740 INFO     [rew] 0.098000
2017-05-23 13:38:22,740 INFO     
2017-05-23 13:38:37,546 INFO     [iter] 250
2017-05-23 13:38:37,546 INFO     [rollout] 74900
2017-05-23 13:38:37,547 INFO     [step] 1250000
2017-05-23 13:38:37,547 INFO     [err] 1.71789730549
2017-05-23 13:38:55,503 INFO     [rew] 0.124000
2017-05-23 13:38:55,503 INFO     
2017-05-23 13:39:10,502 INFO     [iter] 300
2017-05-23 13:39:10,502 INFO     [rollout] 89900
2017-05-23 13:39:10,502 INFO     [step] 1500000
2017-05-23 13:39:10,502 INFO     [err] 1.65569036245
2017-05-23 13:39:32,220 INFO     [rew] 0.170000
2017-05-23 13:39:32,220 INFO     
2017-05-23 13:39:48,493 INFO     [iter] 350
2017-05-23 13:39:48,493 INFO     [rollout] 104900
2017-05-23 13:39:48,493 INFO     [step] 1750000
2017-05-23 13:39:48,493 INFO     [err] 1.59401027203
2017-05-23 13:40:07,032 INFO     [rew] 0.198000
2017-05-23 13:40:07,033 INFO     
2017-05-23 13:40:21,837 INFO     [iter] 400
2017-05-23 13:40:21,837 INFO     [rollout] 119900
2017-05-23 13:40:21,837 INFO     [step] 2000000
2017-05-23 13:40:21,837 INFO     [err] 1.54351394892
2017-05-23 13:40:40,611 INFO     [rew] 0.216000
2017-05-23 13:40:40,611 INFO     
2017-05-23 13:40:55,751 INFO     [iter] 450
2017-05-23 13:40:55,751 INFO     [rollout] 134900
2017-05-23 13:40:55,752 INFO     [step] 2250000
2017-05-23 13:40:55,752 INFO     [err] 1.50733652353
2017-05-23 13:41:14,302 INFO     [rew] 0.222000
2017-05-23 13:41:14,302 INFO     
2017-05-23 13:41:28,738 INFO     [iter] 500
2017-05-23 13:41:28,738 INFO     [rollout] 149900
2017-05-23 13:41:28,738 INFO     [step] 2500000
2017-05-23 13:41:28,738 INFO     [err] 1.47350879669
2017-05-23 13:41:47,031 INFO     [rew] 0.222000
2017-05-23 13:41:47,031 INFO     
2017-05-23 13:42:01,420 INFO     [iter] 550
2017-05-23 13:42:01,420 INFO     [rollout] 164900
2017-05-23 13:42:01,421 INFO     [step] 2750000
2017-05-23 13:42:01,421 INFO     [err] 1.44363942146
2017-05-23 13:42:19,915 INFO     [rew] 0.282000
2017-05-23 13:42:19,915 INFO     
2017-05-23 13:42:34,137 INFO     [iter] 600
2017-05-23 13:42:34,137 INFO     [rollout] 179900
2017-05-23 13:42:34,137 INFO     [step] 3000000
2017-05-23 13:42:34,137 INFO     [err] 1.41109933376
2017-05-23 13:42:52,325 INFO     [rew] 0.304000
2017-05-23 13:42:52,325 INFO     
2017-05-23 13:43:06,848 INFO     [iter] 650
2017-05-23 13:43:06,848 INFO     [rollout] 194900
2017-05-23 13:43:06,848 INFO     [step] 3250000
2017-05-23 13:43:06,848 INFO     [err] 1.39056458712
2017-05-23 13:43:25,042 INFO     [rew] 0.298000
2017-05-23 13:43:25,042 INFO     
2017-05-23 13:43:39,653 INFO     [iter] 700
2017-05-23 13:43:39,653 INFO     [rollout] 209800
2017-05-23 13:43:39,654 INFO     [step] 3500000
2017-05-23 13:43:39,654 INFO     [err] 1.36543493986
2017-05-23 13:43:58,247 INFO     [rew] 0.348000
2017-05-23 13:43:58,247 INFO     
2017-05-23 13:44:12,699 INFO     [iter] 750
2017-05-23 13:44:12,699 INFO     [rollout] 224800
2017-05-23 13:44:12,699 INFO     [step] 3750000
2017-05-23 13:44:12,699 INFO     [err] 1.34709003925
2017-05-23 13:44:30,674 INFO     [rew] 0.408000
2017-05-23 13:44:30,675 INFO     
2017-05-23 13:44:45,022 INFO     [iter] 800
2017-05-23 13:44:45,023 INFO     [rollout] 239800
2017-05-23 13:44:45,023 INFO     [step] 4000000
2017-05-23 13:44:45,023 INFO     [err] 1.32276225328
2017-05-23 13:45:03,112 INFO     [rew] 0.406000
2017-05-23 13:45:03,112 INFO     
2017-05-23 13:45:17,687 INFO     [iter] 850
2017-05-23 13:45:17,687 INFO     [rollout] 254800
2017-05-23 13:45:17,687 INFO     [step] 4250000
2017-05-23 13:45:17,687 INFO     [err] 1.2959242034
2017-05-23 13:45:37,421 INFO     [rew] 0.436000
2017-05-23 13:45:37,421 INFO     
2017-05-23 13:45:55,492 INFO     [iter] 900
2017-05-23 13:45:55,492 INFO     [rollout] 269800
2017-05-23 13:45:55,493 INFO     [step] 4500000
2017-05-23 13:45:55,493 INFO     [err] 1.27888274908
2017-05-23 13:46:14,823 INFO     [rew] 0.434000
2017-05-23 13:46:14,823 INFO     
2017-05-23 13:46:30,413 INFO     [iter] 950
2017-05-23 13:46:30,413 INFO     [rollout] 284800
2017-05-23 13:46:30,413 INFO     [step] 4750000
2017-05-23 13:46:30,413 INFO     [err] 1.25836073875
2017-05-23 13:46:49,349 INFO     [rew] 0.500000
2017-05-23 13:46:49,349 INFO     
2017-05-23 13:47:04,768 INFO     [iter] 1000
2017-05-23 13:47:04,768 INFO     [rollout] 299800
2017-05-23 13:47:04,768 INFO     [step] 5000000
2017-05-23 13:47:04,768 INFO     [err] 1.24205936909
2017-05-23 13:47:25,612 INFO     [rew] 0.484000
2017-05-23 13:47:25,612 INFO     
2017-05-23 13:47:26,108 INFO     [ZERO SHOT EVAL]
2017-05-23 13:47:44,584 INFO     [zs reward] 0.150000
2017-05-23 13:47:44,584 INFO     [zs complete] 0.000000
2017-05-23 13:48:03,424 INFO     [zs reward] 0.174000
2017-05-23 13:48:03,425 INFO     [zs complete] 0.000000
2017-05-23 13:48:21,581 INFO     [zs reward] 0.130000
2017-05-23 13:48:21,581 INFO     [zs complete] 0.000000
2017-05-23 13:48:41,075 INFO     [zs reward] 0.852000
2017-05-23 13:48:41,075 INFO     [zs complete] 0.000000
2017-05-23 13:49:01,772 INFO     [zs reward] 0.116000
2017-05-23 13:49:01,772 INFO     [zs complete] 0.000000
2017-05-23 13:49:22,356 INFO     [zs reward] 0.874000
2017-05-23 13:49:22,356 INFO     [zs complete] 0.000000
2017-05-23 13:49:41,394 INFO     [zs reward] 0.098000
2017-05-23 13:49:41,394 INFO     [zs complete] 0.000000
2017-05-23 13:50:00,318 INFO     [zs reward] 0.194000
2017-05-23 13:50:00,319 INFO     [zs complete] 0.000000
2017-05-23 13:50:19,872 INFO     [zs reward] 0.204000
2017-05-23 13:50:19,873 INFO     [zs complete] 0.000000
2017-05-23 13:50:42,356 INFO     [zs reward] 0.232000
2017-05-23 13:50:42,356 INFO     [zs complete] 0.000000
2017-05-23 13:51:00,448 INFO     [zs reward] 0.170000
2017-05-23 13:51:00,448 INFO     [zs complete] 0.000000
2017-05-23 13:51:22,172 INFO     [zs reward] 0.170000
2017-05-23 13:51:22,173 INFO     [zs complete] 0.000000
2017-05-23 13:51:22,173 INFO     [total zs reward] 0.280333
2017-05-23 13:51:22,173 INFO     [total zs comp] 0.000000
2017-05-23 13:51:22,173 INFO     
2017-05-23 13:51:38,599 INFO     [iter] 1050
2017-05-23 13:51:38,599 INFO     [rollout] 314800
2017-05-23 13:51:38,599 INFO     [step] 5250000
2017-05-23 13:51:38,599 INFO     [err] 1.22981328011
2017-05-23 13:51:57,411 INFO     [rew] 0.454000
2017-05-23 13:51:57,411 INFO     
2017-05-23 13:52:13,589 INFO     [iter] 1100
2017-05-23 13:52:13,589 INFO     [rollout] 329800
2017-05-23 13:52:13,589 INFO     [step] 5500000
2017-05-23 13:52:13,590 INFO     [err] 1.21345083952
2017-05-23 13:52:32,498 INFO     [rew] 0.526000
2017-05-23 13:52:32,498 INFO     
2017-05-23 13:52:47,241 INFO     [iter] 1150
2017-05-23 13:52:47,241 INFO     [rollout] 344700
2017-05-23 13:52:47,241 INFO     [step] 5750000
2017-05-23 13:52:47,241 INFO     [err] 1.20425211191
2017-05-23 13:53:06,341 INFO     [rew] 0.558000
2017-05-23 13:53:06,341 INFO     
2017-05-23 13:53:22,179 INFO     [iter] 1200
2017-05-23 13:53:22,179 INFO     [rollout] 359700
2017-05-23 13:53:22,179 INFO     [step] 6000000
2017-05-23 13:53:22,179 INFO     [err] 1.18615282774
2017-05-23 13:53:40,323 INFO     [rew] 0.582000
2017-05-23 13:53:40,323 INFO     
2017-05-23 13:53:55,179 INFO     [iter] 1250
2017-05-23 13:53:55,180 INFO     [rollout] 374700
2017-05-23 13:53:55,180 INFO     [step] 6250000
2017-05-23 13:53:55,180 INFO     [err] 1.1744732213
2017-05-23 13:54:13,503 INFO     [rew] 0.568000
2017-05-23 13:54:13,504 INFO     
2017-05-23 13:54:28,442 INFO     [iter] 1300
2017-05-23 13:54:28,442 INFO     [rollout] 389700
2017-05-23 13:54:28,442 INFO     [step] 6500000
2017-05-23 13:54:28,443 INFO     [err] 1.15934555054
2017-05-23 13:54:48,789 INFO     [rew] 0.626000
2017-05-23 13:54:48,789 INFO     
2017-05-23 13:55:04,546 INFO     [iter] 1350
2017-05-23 13:55:04,546 INFO     [rollout] 404700
2017-05-23 13:55:04,546 INFO     [step] 6750000
2017-05-23 13:55:04,546 INFO     [err] 1.15193925381
2017-05-23 13:55:22,987 INFO     [rew] 0.644000
2017-05-23 13:55:22,987 INFO     
2017-05-23 13:55:37,874 INFO     [iter] 1400
2017-05-23 13:55:37,874 INFO     [rollout] 419700
2017-05-23 13:55:37,874 INFO     [step] 7000000
2017-05-23 13:55:37,874 INFO     [err] 1.14593079567
2017-05-23 13:55:56,007 INFO     [rew] 0.652000
2017-05-23 13:55:56,007 INFO     
2017-05-23 13:56:10,832 INFO     [iter] 1450
2017-05-23 13:56:10,832 INFO     [rollout] 434700
2017-05-23 13:56:10,832 INFO     [step] 7250000
2017-05-23 13:56:10,832 INFO     [err] 1.13683026552
2017-05-23 13:56:29,067 INFO     [rew] 0.650000
2017-05-23 13:56:29,067 INFO     
2017-05-23 13:56:43,678 INFO     [iter] 1500
2017-05-23 13:56:43,678 INFO     [rollout] 449700
2017-05-23 13:56:43,678 INFO     [step] 7500000
2017-05-23 13:56:43,678 INFO     [err] 1.13146921635
2017-05-23 13:57:02,352 INFO     [rew] 0.676000
2017-05-23 13:57:02,352 INFO     
2017-05-23 13:57:16,796 INFO     [iter] 1550
2017-05-23 13:57:16,797 INFO     [rollout] 464700
2017-05-23 13:57:16,797 INFO     [step] 7750000
2017-05-23 13:57:16,797 INFO     [err] 1.12353116751
2017-05-23 13:57:35,440 INFO     [rew] 0.680000
2017-05-23 13:57:35,440 INFO     
2017-05-23 13:57:50,896 INFO     [iter] 1600
2017-05-23 13:57:50,896 INFO     [rollout] 479700
2017-05-23 13:57:50,896 INFO     [step] 8000000
2017-05-23 13:57:50,896 INFO     [err] 1.12021049023
2017-05-23 13:58:09,768 INFO     [rew] 0.678000
2017-05-23 13:58:09,769 INFO     
2017-05-23 13:58:24,433 INFO     [iter] 1650
2017-05-23 13:58:24,433 INFO     [rollout] 494700
2017-05-23 13:58:24,433 INFO     [step] 8250000
2017-05-23 13:58:24,433 INFO     [err] 1.11307499886
2017-05-23 13:58:42,384 INFO     [rew] 0.706000
2017-05-23 13:58:42,384 INFO     
2017-05-23 13:58:56,801 INFO     [iter] 1700
2017-05-23 13:58:56,802 INFO     [rollout] 509700
2017-05-23 13:58:56,802 INFO     [step] 8500000
2017-05-23 13:58:56,802 INFO     [err] 1.11154499292
2017-05-23 13:59:14,885 INFO     [rew] 0.706000
2017-05-23 13:59:14,885 INFO     
2017-05-23 13:59:30,140 INFO     [iter] 1750
2017-05-23 13:59:30,140 INFO     [rollout] 524700
2017-05-23 13:59:30,140 INFO     [step] 8750000
2017-05-23 13:59:30,140 INFO     [err] 1.11045860529
2017-05-23 13:59:48,121 INFO     [rew] 0.758000
2017-05-23 13:59:48,121 INFO     
2017-05-23 14:00:03,859 INFO     [iter] 1800
2017-05-23 14:00:03,859 INFO     [rollout] 539700
2017-05-23 14:00:03,859 INFO     [step] 9000000
2017-05-23 14:00:03,859 INFO     [err] 1.10633612156
2017-05-23 14:00:21,979 INFO     [rew] 0.700000
2017-05-23 14:00:21,979 INFO     
2017-05-23 14:00:36,206 INFO     [iter] 1850
2017-05-23 14:00:36,206 INFO     [rollout] 554600
2017-05-23 14:00:36,206 INFO     [step] 9250000
2017-05-23 14:00:36,207 INFO     [err] 1.09922899485
2017-05-23 14:00:56,510 INFO     [rew] 0.730000
2017-05-23 14:00:56,510 INFO     
2017-05-23 14:01:12,937 INFO     [iter] 1900
2017-05-23 14:01:12,937 INFO     [rollout] 569600
2017-05-23 14:01:12,937 INFO     [step] 9500000
2017-05-23 14:01:12,937 INFO     [err] 1.10061551094
2017-05-23 14:01:31,733 INFO     [rew] 0.758000
2017-05-23 14:01:31,733 INFO     
2017-05-23 14:01:47,671 INFO     [iter] 1950
2017-05-23 14:01:47,671 INFO     [rollout] 584600
2017-05-23 14:01:47,671 INFO     [step] 9750000
2017-05-23 14:01:47,671 INFO     [err] 1.09291787148
2017-05-23 14:02:06,116 INFO     [rew] 0.736000
2017-05-23 14:02:06,116 INFO     
2017-05-23 14:02:21,640 INFO     [iter] 2000
2017-05-23 14:02:21,641 INFO     [rollout] 599600
2017-05-23 14:02:21,641 INFO     [step] 10000000
2017-05-23 14:02:21,641 INFO     [err] 1.09368316412
2017-05-23 14:02:40,343 INFO     [rew] 0.750000
2017-05-23 14:02:40,344 INFO     
2017-05-23 14:02:40,848 INFO     [ZERO SHOT EVAL]
2017-05-23 14:02:59,293 INFO     [zs reward] 0.506000
2017-05-23 14:02:59,293 INFO     [zs complete] 0.000000
2017-05-23 14:03:17,894 INFO     [zs reward] 0.506000
2017-05-23 14:03:17,894 INFO     [zs complete] 0.000000
2017-05-23 14:03:41,071 INFO     [zs reward] 0.226000
2017-05-23 14:03:41,071 INFO     [zs complete] 0.000000
2017-05-23 14:03:59,874 INFO     [zs reward] 0.972000
2017-05-23 14:03:59,874 INFO     [zs complete] 0.000000
2017-05-23 14:04:18,818 INFO     [zs reward] 0.256000
2017-05-23 14:04:18,819 INFO     [zs complete] 0.000000
2017-05-23 14:04:39,610 INFO     [zs reward] 0.960000
2017-05-23 14:04:39,610 INFO     [zs complete] 0.000000
2017-05-23 14:04:59,816 INFO     [zs reward] 0.210000
2017-05-23 14:04:59,816 INFO     [zs complete] 0.000000
2017-05-23 14:05:19,617 INFO     [zs reward] 0.462000
2017-05-23 14:05:19,617 INFO     [zs complete] 0.000000
2017-05-23 14:05:41,801 INFO     [zs reward] 0.658000
2017-05-23 14:05:41,802 INFO     [zs complete] 0.000000
2017-05-23 14:06:00,990 INFO     [zs reward] 0.410000
2017-05-23 14:06:00,990 INFO     [zs complete] 0.000000
2017-05-23 14:06:19,356 INFO     [zs reward] 0.506000
2017-05-23 14:06:19,357 INFO     [zs complete] 0.000000
2017-05-23 14:06:38,128 INFO     [zs reward] 0.426000
2017-05-23 14:06:38,128 INFO     [zs complete] 0.000000
2017-05-23 14:06:38,128 INFO     [total zs reward] 0.508167
2017-05-23 14:06:38,128 INFO     [total zs comp] 0.000000
2017-05-23 14:06:38,128 INFO     
2017-05-23 14:06:53,008 INFO     [iter] 2050
2017-05-23 14:06:53,008 INFO     [rollout] 614500
2017-05-23 14:06:53,008 INFO     [step] 10250000
2017-05-23 14:06:53,008 INFO     [err] 1.08229782581
2017-05-23 14:07:11,800 INFO     [rew] 0.754000
2017-05-23 14:07:11,801 INFO     
2017-05-23 14:07:26,556 INFO     [iter] 2100
2017-05-23 14:07:26,556 INFO     [rollout] 629500
2017-05-23 14:07:26,556 INFO     [step] 10500000
2017-05-23 14:07:26,557 INFO     [err] 1.08329543114
2017-05-23 14:07:44,580 INFO     [rew] 0.740000
2017-05-23 14:07:44,581 INFO     
2017-05-23 14:07:59,346 INFO     [iter] 2150
2017-05-23 14:07:59,346 INFO     [rollout] 644500
2017-05-23 14:07:59,346 INFO     [step] 10750000
2017-05-23 14:07:59,347 INFO     [err] 1.08292285681
2017-05-23 14:08:17,642 INFO     [rew] 0.738000
2017-05-23 14:08:17,642 INFO     
2017-05-23 14:08:32,355 INFO     [iter] 2200
2017-05-23 14:08:32,355 INFO     [rollout] 659500
2017-05-23 14:08:32,355 INFO     [step] 11000000
2017-05-23 14:08:32,355 INFO     [err] 1.08142953873
2017-05-23 14:08:50,457 INFO     [rew] 0.756000
2017-05-23 14:08:50,457 INFO     
2017-05-23 14:09:06,034 INFO     [iter] 2250
2017-05-23 14:09:06,034 INFO     [rollout] 674500
2017-05-23 14:09:06,034 INFO     [step] 11250000
2017-05-23 14:09:06,034 INFO     [err] 1.06922115564
2017-05-23 14:09:24,042 INFO     [rew] 0.756000
2017-05-23 14:09:24,044 INFO     
2017-05-23 14:09:38,423 INFO     [iter] 2300
2017-05-23 14:09:38,423 INFO     [rollout] 689500
2017-05-23 14:09:38,423 INFO     [step] 11500000
2017-05-23 14:09:38,423 INFO     [err] 1.07218485117
2017-05-23 14:09:56,055 INFO     [rew] 0.790000
2017-05-23 14:09:56,056 INFO     
2017-05-23 14:10:10,930 INFO     [iter] 2350
2017-05-23 14:10:10,930 INFO     [rollout] 704500
2017-05-23 14:10:10,930 INFO     [step] 11750000
2017-05-23 14:10:10,930 INFO     [err] 1.06734193325
2017-05-23 14:10:29,125 INFO     [rew] 0.718000
2017-05-23 14:10:29,125 INFO     
2017-05-23 14:10:43,576 INFO     [iter] 2400
2017-05-23 14:10:43,576 INFO     [rollout] 719500
2017-05-23 14:10:43,576 INFO     [step] 12000000
2017-05-23 14:10:43,576 INFO     [err] 1.06857101202
2017-05-23 14:11:01,771 INFO     [rew] 0.774000
2017-05-23 14:11:01,771 INFO     
2017-05-23 14:11:16,062 INFO     [iter] 2450
2017-05-23 14:11:16,062 INFO     [rollout] 734500
2017-05-23 14:11:16,062 INFO     [step] 12250000
2017-05-23 14:11:16,062 INFO     [err] 1.07241606712
2017-05-23 14:11:34,386 INFO     [rew] 0.730000
2017-05-23 14:11:34,387 INFO     
2017-05-23 14:11:48,392 INFO     [iter] 2500
2017-05-23 14:11:48,392 INFO     [rollout] 749500
2017-05-23 14:11:48,392 INFO     [step] 12500000
2017-05-23 14:11:48,392 INFO     [err] 1.06905097485
2017-05-23 14:12:06,590 INFO     [rew] 0.820000
2017-05-23 14:12:06,590 INFO     
2017-05-23 14:12:09,324 ERROR    Uncaught exception: 
None
2017-05-23 14:12:09,330 ERROR    Traceback (most recent call last):

  File "./main.py", line 100, in <module>
    main()

  File "./main.py", line 67, in main
    trainer.train(world, model, objective, _evaluate_short if config.eval else None)

  File "/Users/jda/Code/phint/trainers/imitation.py", line 39, in train
    err += objective.train(self.session)

  File "/Users/jda/Code/phint/objectives/cloning.py", line 38, in train
    actor_err, _ = session.run([self.t_actor_loss, self.o_train_actor], feed)

  File "/Users/jda/Code/3p/anaconda2/lib/python2.7/site-packages/tensorflow/python/client/session.py", line 767, in run
    run_metadata_ptr)

  File "/Users/jda/Code/3p/anaconda2/lib/python2.7/site-packages/tensorflow/python/client/session.py", line 965, in _run
    feed_dict_string, options, run_metadata)

  File "/Users/jda/Code/3p/anaconda2/lib/python2.7/site-packages/tensorflow/python/client/session.py", line 1015, in _do_run
    target_list, options, run_metadata)

  File "/Users/jda/Code/3p/anaconda2/lib/python2.7/site-packages/tensorflow/python/client/session.py", line 1022, in _do_call
    return fn(*args)

  File "/Users/jda/Code/3p/anaconda2/lib/python2.7/site-packages/tensorflow/python/client/session.py", line 1004, in _run_fn
    status, run_metadata)

KeyboardInterrupt
None
