2017-05-23 14:15:32,632 INFO     BEGIN
2017-05-23 14:15:32,633 INFO     struct {
    load: 'minicraft_task_train'
    trainer:
        n_iters: 10000
        n_rollout_batch: 100
        max_rollout_len: 100
        name: 'ImitationTrainer'
        switch_iter: 0
        n_update: 50
        resample_every: 1
        log_each_task: False
    name: 'minicraft_task_train'
    train: True
    eval: True
    objective:
        discount: 0.97
        entropy_bonus: 0.001
        step_size: 0.001
        n_train_batch: 5000
    world:
        test_fold: 'val'
        name: 'Minicraft2World'
        train_fold: 'train'
    model:
        critic:
            type: 'linear'
            by_task: True
        intrinsic_bonus: 0
        controller:
            param_ling: False
            param_task: True
            train_embeddings: True
            n_embed: 64
        actor:
            n_hidden: [64, 64]
            ret_bias: 0
        name: 'ReprModel'
    experiment_dir: 'experiments/minicraft_task_train'
}
2017-05-23 14:15:50,094 INFO     [iter] 50
2017-05-23 14:15:50,094 INFO     [rollout] 15000
2017-05-23 14:15:50,094 INFO     [step] 250000
2017-05-23 14:15:50,094 INFO     [err] 1.79174996138
2017-05-23 14:16:10,425 INFO     [rew] 0.064000
2017-05-23 14:16:10,432 INFO     
2017-05-23 14:16:23,795 INFO     [iter] 100
2017-05-23 14:16:23,795 INFO     [rollout] 30000
2017-05-23 14:16:23,795 INFO     [step] 500000
2017-05-23 14:16:23,796 INFO     [err] 1.79175615072
2017-05-23 14:16:43,945 INFO     [rew] 0.104000
2017-05-23 14:16:43,945 INFO     
2017-05-23 14:16:57,430 INFO     [iter] 150
2017-05-23 14:16:57,430 INFO     [rollout] 44900
2017-05-23 14:16:57,430 INFO     [step] 750000
2017-05-23 14:16:57,430 INFO     [err] 1.79175926685
2017-05-23 14:17:16,646 INFO     [rew] 0.064000
2017-05-23 14:17:16,646 INFO     
2017-05-23 14:17:30,540 INFO     [iter] 200
2017-05-23 14:17:30,541 INFO     [rollout] 59900
2017-05-23 14:17:30,541 INFO     [step] 1000000
2017-05-23 14:17:30,541 INFO     [err] 1.79147264481
2017-05-23 14:17:50,273 INFO     [rew] 0.094000
2017-05-23 14:17:50,273 INFO     
2017-05-23 14:18:03,617 INFO     [iter] 250
2017-05-23 14:18:03,618 INFO     [rollout] 74900
2017-05-23 14:18:03,618 INFO     [step] 1250000
2017-05-23 14:18:03,618 INFO     [err] 1.7852421236
2017-05-23 14:18:22,808 INFO     [rew] 0.108000
2017-05-23 14:18:22,808 INFO     
2017-05-23 14:18:36,014 INFO     [iter] 300
2017-05-23 14:18:36,014 INFO     [rollout] 89900
2017-05-23 14:18:36,014 INFO     [step] 1500000
2017-05-23 14:18:36,014 INFO     [err] 1.76764985323
2017-05-23 14:18:54,816 INFO     [rew] 0.096000
2017-05-23 14:18:54,816 INFO     
2017-05-23 14:19:08,139 INFO     [iter] 350
2017-05-23 14:19:08,139 INFO     [rollout] 104900
2017-05-23 14:19:08,139 INFO     [step] 1750000
2017-05-23 14:19:08,139 INFO     [err] 1.73887379885
2017-05-23 14:19:27,017 INFO     [rew] 0.098000
2017-05-23 14:19:27,018 INFO     
2017-05-23 14:19:39,692 INFO     [iter] 400
2017-05-23 14:19:39,692 INFO     [rollout] 119900
2017-05-23 14:19:39,692 INFO     [step] 2000000
2017-05-23 14:19:39,692 INFO     [err] 1.70210054636
2017-05-23 14:19:58,901 INFO     [rew] 0.118000
2017-05-23 14:19:58,901 INFO     
2017-05-23 14:20:11,870 INFO     [iter] 450
2017-05-23 14:20:11,871 INFO     [rollout] 134900
2017-05-23 14:20:11,871 INFO     [step] 2250000
2017-05-23 14:20:11,871 INFO     [err] 1.66204803228
2017-05-23 14:20:30,994 INFO     [rew] 0.094000
2017-05-23 14:20:30,994 INFO     
2017-05-23 14:20:43,908 INFO     [iter] 500
2017-05-23 14:20:43,908 INFO     [rollout] 149900
2017-05-23 14:20:43,908 INFO     [step] 2500000
2017-05-23 14:20:43,908 INFO     [err] 1.62641381264
2017-05-23 14:21:04,388 INFO     [rew] 0.116000
2017-05-23 14:21:04,389 INFO     
2017-05-23 14:21:20,451 INFO     [iter] 550
2017-05-23 14:21:20,451 INFO     [rollout] 164900
2017-05-23 14:21:20,451 INFO     [step] 2750000
2017-05-23 14:21:20,451 INFO     [err] 1.59115215778
2017-05-23 14:21:45,647 INFO     [rew] 0.128000
2017-05-23 14:21:45,647 INFO     
2017-05-23 14:21:59,869 INFO     [iter] 600
2017-05-23 14:21:59,869 INFO     [rollout] 179900
2017-05-23 14:21:59,869 INFO     [step] 3000000
2017-05-23 14:21:59,869 INFO     [err] 1.55641314983
2017-05-23 14:22:20,059 INFO     [rew] 0.150000
2017-05-23 14:22:20,059 INFO     
2017-05-23 14:22:34,196 INFO     [iter] 650
2017-05-23 14:22:34,203 INFO     [rollout] 194900
2017-05-23 14:22:34,203 INFO     [step] 3250000
2017-05-23 14:22:34,203 INFO     [err] 1.52492698908
2017-05-23 14:22:58,819 INFO     [rew] 0.184000
2017-05-23 14:22:58,820 INFO     
2017-05-23 14:23:13,907 INFO     [iter] 700
2017-05-23 14:23:13,914 INFO     [rollout] 209800
2017-05-23 14:23:13,914 INFO     [step] 3500000
2017-05-23 14:23:13,914 INFO     [err] 1.49608734608
2017-05-23 14:23:35,924 INFO     [rew] 0.206000
2017-05-23 14:23:35,924 INFO     
2017-05-23 14:23:50,699 INFO     [iter] 750
2017-05-23 14:23:50,700 INFO     [rollout] 224800
2017-05-23 14:23:50,700 INFO     [step] 3750000
2017-05-23 14:23:50,700 INFO     [err] 1.46796980619
2017-05-23 14:24:12,409 INFO     [rew] 0.272000
2017-05-23 14:24:12,416 INFO     
2017-05-23 14:24:31,529 INFO     [iter] 800
2017-05-23 14:24:31,530 INFO     [rollout] 239800
2017-05-23 14:24:31,530 INFO     [step] 4000000
2017-05-23 14:24:31,530 INFO     [err] 1.44039689779
2017-05-23 14:24:51,011 INFO     [rew] 0.220000
2017-05-23 14:24:51,011 INFO     
2017-05-23 14:25:05,004 INFO     [iter] 850
2017-05-23 14:25:05,005 INFO     [rollout] 254800
2017-05-23 14:25:05,005 INFO     [step] 4250000
2017-05-23 14:25:05,005 INFO     [err] 1.41196599007
2017-05-23 14:25:24,134 INFO     [rew] 0.222000
2017-05-23 14:25:24,135 INFO     
2017-05-23 14:25:38,185 INFO     [iter] 900
2017-05-23 14:25:38,185 INFO     [rollout] 269800
2017-05-23 14:25:38,185 INFO     [step] 4500000
2017-05-23 14:25:38,185 INFO     [err] 1.38710048199
2017-05-23 14:25:56,728 INFO     [rew] 0.268000
2017-05-23 14:25:56,728 INFO     
2017-05-23 14:26:09,953 INFO     [iter] 950
2017-05-23 14:26:09,954 INFO     [rollout] 284800
2017-05-23 14:26:09,954 INFO     [step] 4750000
2017-05-23 14:26:09,954 INFO     [err] 1.36459252596
2017-05-23 14:26:28,472 INFO     [rew] 0.276000
2017-05-23 14:26:28,473 INFO     
2017-05-23 14:26:40,364 INFO     [iter] 1000
2017-05-23 14:26:40,364 INFO     [rollout] 299800
2017-05-23 14:26:40,364 INFO     [step] 5000000
2017-05-23 14:26:40,364 INFO     [err] 1.33779788494
2017-05-23 14:26:58,518 INFO     [rew] 0.294000
2017-05-23 14:26:58,519 INFO     
2017-05-23 14:26:58,975 INFO     [ZERO SHOT EVAL]
2017-05-23 14:27:19,536 INFO     [zs reward] 0.018000
2017-05-23 14:27:19,537 INFO     [zs complete] 0.000000
2017-05-23 14:27:39,381 INFO     [zs reward] 0.036000
2017-05-23 14:27:39,381 INFO     [zs complete] 0.000000
2017-05-23 14:27:58,625 INFO     [zs reward] 0.016000
2017-05-23 14:27:58,625 INFO     [zs complete] 0.000000
2017-05-23 14:28:17,816 INFO     [zs reward] 0.264000
2017-05-23 14:28:17,817 INFO     [zs complete] 0.000000
2017-05-23 14:28:36,632 INFO     [zs reward] 0.016000
2017-05-23 14:28:36,632 INFO     [zs complete] 0.000000
2017-05-23 14:28:55,490 INFO     [zs reward] 0.272000
2017-05-23 14:28:55,490 INFO     [zs complete] 0.000000
2017-05-23 14:29:15,051 INFO     [zs reward] 0.018000
2017-05-23 14:29:15,051 INFO     [zs complete] 0.000000
2017-05-23 14:29:33,852 INFO     [zs reward] 0.026000
2017-05-23 14:29:33,852 INFO     [zs complete] 0.000000
2017-05-23 14:29:52,600 INFO     [zs reward] 0.030000
2017-05-23 14:29:52,600 INFO     [zs complete] 0.000000
2017-05-23 14:30:11,587 INFO     [zs reward] 0.026000
2017-05-23 14:30:11,587 INFO     [zs complete] 0.000000
2017-05-23 14:30:30,792 INFO     [zs reward] 0.026000
2017-05-23 14:30:30,792 INFO     [zs complete] 0.000000
2017-05-23 14:30:49,679 INFO     [zs reward] 0.010000
2017-05-23 14:30:49,679 INFO     [zs complete] 0.000000
2017-05-23 14:30:49,679 INFO     [total zs reward] 0.063167
2017-05-23 14:30:49,679 INFO     [total zs comp] 0.000000
2017-05-23 14:30:49,679 INFO     
2017-05-23 14:31:04,688 INFO     [iter] 1050
2017-05-23 14:31:04,688 INFO     [rollout] 314800
2017-05-23 14:31:04,688 INFO     [step] 5250000
2017-05-23 14:31:04,689 INFO     [err] 1.31512025833
2017-05-23 14:31:34,017 INFO     [rew] 0.316000
2017-05-23 14:31:34,018 INFO     
2017-05-23 14:31:48,466 INFO     [iter] 1100
2017-05-23 14:31:48,472 INFO     [rollout] 329800
2017-05-23 14:31:48,472 INFO     [step] 5500000
2017-05-23 14:31:48,472 INFO     [err] 1.29310522318
2017-05-23 14:32:08,001 INFO     [rew] 0.362000
2017-05-23 14:32:08,008 INFO     
2017-05-23 14:32:23,538 INFO     [iter] 1150
2017-05-23 14:32:23,538 INFO     [rollout] 344700
2017-05-23 14:32:23,538 INFO     [step] 5750000
2017-05-23 14:32:23,538 INFO     [err] 1.27548551083
2017-05-23 14:32:43,267 INFO     [rew] 0.370000
2017-05-23 14:32:43,274 INFO     
2017-05-23 14:32:58,619 INFO     [iter] 1200
2017-05-23 14:32:58,620 INFO     [rollout] 359700
2017-05-23 14:32:58,620 INFO     [step] 6000000
2017-05-23 14:32:58,620 INFO     [err] 1.25007294893
2017-05-23 14:33:18,099 INFO     [rew] 0.410000
2017-05-23 14:33:18,100 INFO     
2017-05-23 14:33:32,924 INFO     [iter] 1250
2017-05-23 14:33:32,925 INFO     [rollout] 374700
2017-05-23 14:33:32,925 INFO     [step] 6250000
2017-05-23 14:33:32,925 INFO     [err] 1.22680724382
2017-05-23 14:33:52,246 INFO     [rew] 0.410000
2017-05-23 14:33:52,247 INFO     
2017-05-23 14:34:06,123 INFO     [iter] 1300
2017-05-23 14:34:06,123 INFO     [rollout] 389700
2017-05-23 14:34:06,123 INFO     [step] 6500000
2017-05-23 14:34:06,123 INFO     [err] 1.20311889648
2017-05-23 14:34:24,684 INFO     [rew] 0.502000
2017-05-23 14:34:24,692 INFO     
2017-05-23 14:34:38,395 INFO     [iter] 1350
2017-05-23 14:34:38,395 INFO     [rollout] 404700
2017-05-23 14:34:38,395 INFO     [step] 6750000
2017-05-23 14:34:38,396 INFO     [err] 1.18162493706
2017-05-23 14:34:57,422 INFO     [rew] 0.508000
2017-05-23 14:34:57,423 INFO     
2017-05-23 14:35:10,938 INFO     [iter] 1400
2017-05-23 14:35:10,938 INFO     [rollout] 419700
2017-05-23 14:35:10,939 INFO     [step] 7000000
2017-05-23 14:35:10,939 INFO     [err] 1.16333005428
2017-05-23 14:35:30,046 INFO     [rew] 0.570000
2017-05-23 14:35:30,046 INFO     
2017-05-23 14:35:43,168 INFO     [iter] 1450
2017-05-23 14:35:43,169 INFO     [rollout] 434700
2017-05-23 14:35:43,169 INFO     [step] 7250000
2017-05-23 14:35:43,169 INFO     [err] 1.14422214746
2017-05-23 14:36:01,793 INFO     [rew] 0.612000
2017-05-23 14:36:01,793 INFO     
2017-05-23 14:36:15,034 INFO     [iter] 1500
2017-05-23 14:36:15,034 INFO     [rollout] 449700
2017-05-23 14:36:15,034 INFO     [step] 7500000
2017-05-23 14:36:15,034 INFO     [err] 1.12864494324
2017-05-23 14:36:33,682 INFO     [rew] 0.610000
2017-05-23 14:36:33,682 INFO     
2017-05-23 14:36:46,974 INFO     [iter] 1550
2017-05-23 14:36:46,975 INFO     [rollout] 464700
2017-05-23 14:36:46,975 INFO     [step] 7750000
2017-05-23 14:36:46,975 INFO     [err] 1.11003252029
2017-05-23 14:37:06,156 INFO     [rew] 0.662000
2017-05-23 14:37:06,157 INFO     
2017-05-23 14:37:19,492 INFO     [iter] 1600
2017-05-23 14:37:19,492 INFO     [rollout] 479700
2017-05-23 14:37:19,492 INFO     [step] 8000000
2017-05-23 14:37:19,492 INFO     [err] 1.09918551445
2017-05-23 14:37:38,810 INFO     [rew] 0.664000
2017-05-23 14:37:38,810 INFO     
2017-05-23 14:37:52,054 INFO     [iter] 1650
2017-05-23 14:37:52,055 INFO     [rollout] 494700
2017-05-23 14:37:52,055 INFO     [step] 8250000
2017-05-23 14:37:52,055 INFO     [err] 1.08835643768
2017-05-23 14:38:10,757 INFO     [rew] 0.698000
2017-05-23 14:38:10,758 INFO     
2017-05-23 14:38:23,888 INFO     [iter] 1700
2017-05-23 14:38:23,888 INFO     [rollout] 509700
2017-05-23 14:38:23,889 INFO     [step] 8500000
2017-05-23 14:38:23,889 INFO     [err] 1.0783029747
2017-05-23 14:38:45,109 INFO     [rew] 0.734000
2017-05-23 14:38:45,109 INFO     
2017-05-23 14:38:59,678 INFO     [iter] 1750
2017-05-23 14:38:59,679 INFO     [rollout] 524700
2017-05-23 14:38:59,679 INFO     [step] 8750000
2017-05-23 14:38:59,679 INFO     [err] 1.06832182407
2017-05-23 14:39:19,620 INFO     [rew] 0.736000
2017-05-23 14:39:19,621 INFO     
2017-05-23 14:39:40,618 INFO     [iter] 1800
2017-05-23 14:39:40,618 INFO     [rollout] 539700
2017-05-23 14:39:40,619 INFO     [step] 9000000
2017-05-23 14:39:40,619 INFO     [err] 1.05948286057
2017-05-23 14:40:07,843 INFO     [rew] 0.736000
2017-05-23 14:40:07,843 INFO     
2017-05-23 14:40:23,385 INFO     [iter] 1850
2017-05-23 14:40:23,385 INFO     [rollout] 554600
2017-05-23 14:40:23,386 INFO     [step] 9250000
2017-05-23 14:40:23,386 INFO     [err] 1.04780195236
2017-05-23 14:40:44,731 INFO     [rew] 0.808000
2017-05-23 14:40:44,732 INFO     
2017-05-23 14:40:59,554 INFO     [iter] 1900
2017-05-23 14:40:59,554 INFO     [rollout] 569600
2017-05-23 14:40:59,555 INFO     [step] 9500000
2017-05-23 14:40:59,555 INFO     [err] 1.04632415295
2017-05-23 14:41:23,013 INFO     [rew] 0.804000
2017-05-23 14:41:23,014 INFO     
2017-05-23 14:41:41,227 INFO     [iter] 1950
2017-05-23 14:41:41,230 INFO     [rollout] 584600
2017-05-23 14:41:41,231 INFO     [step] 9750000
2017-05-23 14:41:41,232 INFO     [err] 1.03576078773
2017-05-23 14:42:05,189 INFO     [rew] 0.798000
2017-05-23 14:42:05,189 INFO     
2017-05-23 14:42:22,466 INFO     [iter] 2000
2017-05-23 14:42:22,466 INFO     [rollout] 599600
2017-05-23 14:42:22,467 INFO     [step] 10000000
2017-05-23 14:42:22,469 INFO     [err] 1.03313140273
2017-05-23 14:42:41,978 INFO     [rew] 0.818000
2017-05-23 14:42:41,978 INFO     
2017-05-23 14:42:42,480 INFO     [ZERO SHOT EVAL]
2017-05-23 14:43:03,380 INFO     [zs reward] 0.018000
2017-05-23 14:43:03,381 INFO     [zs complete] 0.000000
2017-05-23 14:43:23,123 INFO     [zs reward] 0.014000
2017-05-23 14:43:23,123 INFO     [zs complete] 0.000000
2017-05-23 14:43:44,308 INFO     [zs reward] 0.028000
2017-05-23 14:43:44,308 INFO     [zs complete] 0.000000
2017-05-23 14:44:06,052 INFO     [zs reward] 0.256000
2017-05-23 14:44:06,052 INFO     [zs complete] 0.000000
2017-05-23 14:44:26,766 INFO     [zs reward] 0.016000
2017-05-23 14:44:26,766 INFO     [zs complete] 0.000000
2017-05-23 14:44:47,691 INFO     [zs reward] 0.252000
2017-05-23 14:44:47,692 INFO     [zs complete] 0.000000
2017-05-23 14:45:10,480 INFO     [zs reward] 0.032000
2017-05-23 14:45:10,481 INFO     [zs complete] 0.000000
2017-05-23 14:45:31,382 INFO     [zs reward] 0.036000
2017-05-23 14:45:31,382 INFO     [zs complete] 0.000000
2017-05-23 14:45:55,648 INFO     [zs reward] 0.024000
2017-05-23 14:45:55,648 INFO     [zs complete] 0.000000
2017-05-23 14:46:15,807 INFO     [zs reward] 0.024000
2017-05-23 14:46:15,807 INFO     [zs complete] 0.000000
2017-05-23 14:46:35,602 INFO     [zs reward] 0.028000
2017-05-23 14:46:35,602 INFO     [zs complete] 0.000000
2017-05-23 14:46:57,124 INFO     [zs reward] 0.010000
2017-05-23 14:46:57,124 INFO     [zs complete] 0.000000
2017-05-23 14:46:57,124 INFO     [total zs reward] 0.061500
2017-05-23 14:46:57,124 INFO     [total zs comp] 0.000000
2017-05-23 14:46:57,124 INFO     
2017-05-23 14:47:10,755 INFO     [iter] 2050
2017-05-23 14:47:10,755 INFO     [rollout] 614500
2017-05-23 14:47:10,755 INFO     [step] 10250000
2017-05-23 14:47:10,755 INFO     [err] 1.02107307911
2017-05-23 14:47:31,489 INFO     [rew] 0.806000
2017-05-23 14:47:31,489 INFO     
2017-05-23 14:47:46,396 INFO     [iter] 2100
2017-05-23 14:47:46,397 INFO     [rollout] 629500
2017-05-23 14:47:46,397 INFO     [step] 10500000
2017-05-23 14:47:46,397 INFO     [err] 1.01798269987
2017-05-23 14:48:07,374 INFO     [rew] 0.824000
2017-05-23 14:48:07,374 INFO     
2017-05-23 14:48:21,686 INFO     [iter] 2150
2017-05-23 14:48:21,687 INFO     [rollout] 644500
2017-05-23 14:48:21,687 INFO     [step] 10750000
2017-05-23 14:48:21,687 INFO     [err] 1.01500667572
2017-05-23 14:48:42,330 INFO     [rew] 0.854000
2017-05-23 14:48:42,330 INFO     
2017-05-23 14:48:56,851 INFO     [iter] 2200
2017-05-23 14:48:56,851 INFO     [rollout] 659500
2017-05-23 14:48:56,851 INFO     [step] 11000000
2017-05-23 14:48:56,851 INFO     [err] 1.00714623213
2017-05-23 14:49:16,850 INFO     [rew] 0.844000
2017-05-23 14:49:16,850 INFO     
2017-05-23 14:49:31,530 INFO     [iter] 2250
2017-05-23 14:49:31,531 INFO     [rollout] 674500
2017-05-23 14:49:31,531 INFO     [step] 11250000
2017-05-23 14:49:31,531 INFO     [err] 0.994982242584
2017-05-23 14:49:52,021 INFO     [rew] 0.876000
2017-05-23 14:49:52,021 INFO     
2017-05-23 14:50:06,651 INFO     [iter] 2300
2017-05-23 14:50:06,651 INFO     [rollout] 689500
2017-05-23 14:50:06,651 INFO     [step] 11500000
2017-05-23 14:50:06,651 INFO     [err] 0.997894015312
2017-05-23 14:50:28,384 INFO     [rew] 0.848000
2017-05-23 14:50:28,384 INFO     
2017-05-23 14:50:42,502 INFO     [iter] 2350
2017-05-23 14:50:42,502 INFO     [rollout] 704500
2017-05-23 14:50:42,502 INFO     [step] 11750000
2017-05-23 14:50:42,502 INFO     [err] 0.988966706991
2017-05-23 14:51:02,376 INFO     [rew] 0.830000
2017-05-23 14:51:02,376 INFO     
2017-05-23 14:51:15,958 INFO     [iter] 2400
2017-05-23 14:51:15,958 INFO     [rollout] 719500
2017-05-23 14:51:15,959 INFO     [step] 12000000
2017-05-23 14:51:15,959 INFO     [err] 0.991209111214
2017-05-23 14:51:35,756 INFO     [rew] 0.868000
2017-05-23 14:51:35,756 INFO     
2017-05-23 14:51:49,723 INFO     [iter] 2450
2017-05-23 14:51:49,723 INFO     [rollout] 734500
2017-05-23 14:51:49,723 INFO     [step] 12250000
2017-05-23 14:51:49,723 INFO     [err] 0.988810437918
2017-05-23 14:52:10,967 INFO     [rew] 0.832000
2017-05-23 14:52:10,967 INFO     
2017-05-23 14:52:24,983 INFO     [iter] 2500
2017-05-23 14:52:24,983 INFO     [rollout] 749500
2017-05-23 14:52:24,983 INFO     [step] 12500000
2017-05-23 14:52:24,983 INFO     [err] 0.989515014887
2017-05-23 14:52:44,332 INFO     [rew] 0.880000
2017-05-23 14:52:44,332 INFO     
2017-05-23 14:52:57,841 INFO     [iter] 2550
2017-05-23 14:52:57,841 INFO     [rollout] 764500
2017-05-23 14:52:57,841 INFO     [step] 12750000
2017-05-23 14:52:57,841 INFO     [err] 0.98188071847
2017-05-23 14:53:18,406 INFO     [rew] 0.882000
2017-05-23 14:53:18,406 INFO     
2017-05-23 14:53:35,752 INFO     [iter] 2600
2017-05-23 14:53:35,753 INFO     [rollout] 779500
2017-05-23 14:53:35,753 INFO     [step] 13000000
2017-05-23 14:53:35,753 INFO     [err] 0.972967067957
2017-05-23 14:53:55,869 INFO     [rew] 0.886000
2017-05-23 14:53:55,869 INFO     
2017-05-23 14:54:10,654 INFO     [iter] 2650
2017-05-23 14:54:10,654 INFO     [rollout] 794500
2017-05-23 14:54:10,654 INFO     [step] 13250000
2017-05-23 14:54:10,655 INFO     [err] 0.974391136169
2017-05-23 14:54:29,809 INFO     [rew] 0.886000
2017-05-23 14:54:29,809 INFO     
2017-05-23 14:54:44,442 INFO     [iter] 2700
2017-05-23 14:54:44,442 INFO     [rollout] 809500
2017-05-23 14:54:44,442 INFO     [step] 13500000
2017-05-23 14:54:44,442 INFO     [err] 0.976672536135
2017-05-23 14:55:04,216 INFO     [rew] 0.868000
2017-05-23 14:55:04,217 INFO     
2017-05-23 14:55:20,156 INFO     [iter] 2750
2017-05-23 14:55:20,156 INFO     [rollout] 824500
2017-05-23 14:55:20,156 INFO     [step] 13750000
2017-05-23 14:55:20,156 INFO     [err] 0.959702847004
2017-05-23 14:55:41,638 INFO     [rew] 0.918000
2017-05-23 14:55:41,638 INFO     
2017-05-23 14:55:55,611 INFO     [iter] 2800
2017-05-23 14:55:55,611 INFO     [rollout] 839400
2017-05-23 14:55:55,611 INFO     [step] 14000000
2017-05-23 14:55:55,611 INFO     [err] 0.971944350004
2017-05-23 14:56:14,846 INFO     [rew] 0.868000
2017-05-23 14:56:14,846 INFO     
2017-05-23 14:56:31,438 INFO     [iter] 2850
2017-05-23 14:56:31,439 INFO     [rollout] 854400
2017-05-23 14:56:31,439 INFO     [step] 14250000
2017-05-23 14:56:31,439 INFO     [err] 0.957976548672
2017-05-23 14:56:55,383 INFO     [rew] 0.912000
2017-05-23 14:56:55,383 INFO     
2017-05-23 14:57:11,966 INFO     [iter] 2900
2017-05-23 14:57:11,966 INFO     [rollout] 869400
2017-05-23 14:57:11,967 INFO     [step] 14500000
2017-05-23 14:57:11,967 INFO     [err] 0.955735125542
2017-05-23 14:57:37,023 INFO     [rew] 0.886000
2017-05-23 14:57:37,024 INFO     
2017-05-23 14:57:53,995 INFO     [iter] 2950
2017-05-23 14:57:53,995 INFO     [rollout] 884400
2017-05-23 14:57:53,996 INFO     [step] 14750000
2017-05-23 14:57:53,996 INFO     [err] 0.96263913393
2017-05-23 14:58:16,442 INFO     [rew] 0.898000
2017-05-23 14:58:16,443 INFO     
2017-05-23 14:58:32,045 INFO     [iter] 3000
2017-05-23 14:58:32,045 INFO     [rollout] 899400
2017-05-23 14:58:32,045 INFO     [step] 15000000
2017-05-23 14:58:32,045 INFO     [err] 0.96541210413
2017-05-23 14:58:53,189 INFO     [rew] 0.912000
2017-05-23 14:58:53,189 INFO     
2017-05-23 14:58:54,120 INFO     [ZERO SHOT EVAL]
2017-05-23 14:59:17,737 INFO     [zs reward] 0.032000
2017-05-23 14:59:17,738 INFO     [zs complete] 0.000000
2017-05-23 14:59:38,116 INFO     [zs reward] 0.028000
2017-05-23 14:59:38,116 INFO     [zs complete] 0.000000
2017-05-23 14:59:58,330 INFO     [zs reward] 0.022000
2017-05-23 14:59:58,331 INFO     [zs complete] 0.000000
2017-05-23 15:00:18,709 INFO     [zs reward] 0.204000
2017-05-23 15:00:18,711 INFO     [zs complete] 0.000000
2017-05-23 15:00:38,981 INFO     [zs reward] 0.016000
2017-05-23 15:00:38,981 INFO     [zs complete] 0.000000
2017-05-23 15:00:58,863 INFO     [zs reward] 0.288000
2017-05-23 15:00:58,863 INFO     [zs complete] 0.000000
2017-05-23 15:01:18,764 INFO     [zs reward] 0.016000
2017-05-23 15:01:18,764 INFO     [zs complete] 0.000000
2017-05-23 15:01:38,699 INFO     [zs reward] 0.020000
2017-05-23 15:01:38,699 INFO     [zs complete] 0.000000
2017-05-23 15:01:59,010 INFO     [zs reward] 0.026000
2017-05-23 15:01:59,010 INFO     [zs complete] 0.000000
2017-05-23 15:02:19,681 INFO     [zs reward] 0.026000
2017-05-23 15:02:19,682 INFO     [zs complete] 0.000000
2017-05-23 15:02:39,994 INFO     [zs reward] 0.026000
2017-05-23 15:02:39,995 INFO     [zs complete] 0.000000
2017-05-23 15:03:01,219 INFO     [zs reward] 0.014000
2017-05-23 15:03:01,219 INFO     [zs complete] 0.000000
2017-05-23 15:03:01,219 INFO     [total zs reward] 0.059833
2017-05-23 15:03:01,220 INFO     [total zs comp] 0.000000
2017-05-23 15:03:01,220 INFO     
2017-05-23 15:03:15,453 INFO     [iter] 3050
2017-05-23 15:03:15,453 INFO     [rollout] 914400
2017-05-23 15:03:15,453 INFO     [step] 15250000
2017-05-23 15:03:15,453 INFO     [err] 0.958600273132
2017-05-23 15:03:35,192 INFO     [rew] 0.886000
2017-05-23 15:03:35,192 INFO     
2017-05-23 15:03:49,594 INFO     [iter] 3100
2017-05-23 15:03:49,594 INFO     [rollout] 929400
2017-05-23 15:03:49,594 INFO     [step] 15500000
2017-05-23 15:03:49,594 INFO     [err] 0.957818552256
2017-05-23 15:04:09,216 INFO     [rew] 0.878000
2017-05-23 15:04:09,216 INFO     
2017-05-23 15:04:23,335 INFO     [iter] 3150
2017-05-23 15:04:23,336 INFO     [rollout] 944400
2017-05-23 15:04:23,336 INFO     [step] 15750000
2017-05-23 15:04:23,336 INFO     [err] 0.956023876667
2017-05-23 15:04:42,802 INFO     [rew] 0.898000
2017-05-23 15:04:42,802 INFO     
2017-05-23 15:04:56,876 INFO     [iter] 3200
2017-05-23 15:04:56,877 INFO     [rollout] 959400
2017-05-23 15:04:56,877 INFO     [step] 16000000
2017-05-23 15:04:56,877 INFO     [err] 0.957792475224
2017-05-23 15:05:16,669 INFO     [rew] 0.896000
2017-05-23 15:05:16,669 INFO     
2017-05-23 15:05:30,869 INFO     [iter] 3250
2017-05-23 15:05:30,869 INFO     [rollout] 974400
2017-05-23 15:05:30,869 INFO     [step] 16250000
2017-05-23 15:05:30,869 INFO     [err] 0.951623388529
2017-05-23 15:05:52,315 INFO     [rew] 0.902000
2017-05-23 15:05:52,315 INFO     
2017-05-23 15:06:09,693 INFO     [iter] 3300
2017-05-23 15:06:09,693 INFO     [rollout] 989400
2017-05-23 15:06:09,693 INFO     [step] 16500000
2017-05-23 15:06:09,693 INFO     [err] 0.949999613762
2017-05-23 15:06:29,508 INFO     [rew] 0.904000
2017-05-23 15:06:29,508 INFO     
2017-05-23 15:06:42,777 INFO     [iter] 3350
2017-05-23 15:06:42,777 INFO     [rollout] 1004400
2017-05-23 15:06:42,777 INFO     [step] 16750000
2017-05-23 15:06:42,777 INFO     [err] 0.958901776075
2017-05-23 15:07:01,239 INFO     [rew] 0.906000
2017-05-23 15:07:01,239 INFO     
2017-05-23 15:07:01,679 ERROR    Uncaught exception: 
None
2017-05-23 15:07:01,694 ERROR    Traceback (most recent call last):

  File "./main.py", line 100, in <module>
    main()

  File "./main.py", line 67, in main
    trainer.train(world, model, objective, _evaluate_short if config.eval else None)

  File "/Users/jda/Code/phint/trainers/imitation.py", line 62, in train
    model.save(self.session)

  File "/Users/jda/Code/phint/models/repr.py", line 226, in save
    self.saver.save(session, os.path.join(self.config.experiment_dir, "repr.chk"))

  File "/Users/jda/Code/3p/anaconda2/lib/python2.7/site-packages/tensorflow/python/training/saver.py", line 1386, in save
    self.export_meta_graph(meta_graph_filename)

  File "/Users/jda/Code/3p/anaconda2/lib/python2.7/site-packages/tensorflow/python/training/saver.py", line 1419, in export_meta_graph
    clear_devices=clear_devices)

  File "/Users/jda/Code/3p/anaconda2/lib/python2.7/site-packages/tensorflow/python/training/saver.py", line 1641, in export_meta_graph
    **kwargs)

  File "/Users/jda/Code/3p/anaconda2/lib/python2.7/site-packages/tensorflow/python/framework/meta_graph.py", line 640, in export_scoped_meta_graph
    **kwargs)

  File "/Users/jda/Code/3p/anaconda2/lib/python2.7/site-packages/tensorflow/python/framework/meta_graph.py", line 363, in create_meta_graph_def
    meta_graph_def.graph_def.MergeFrom(graph_def)

  File "/Users/jda/Code/3p/anaconda2/lib/python2.7/site-packages/google/protobuf/internal/python_message.py", line 1222, in MergeFrom
    field_value.MergeFrom(value)

  File "/Users/jda/Code/3p/anaconda2/lib/python2.7/site-packages/google/protobuf/internal/containers.py", line 397, in MergeFrom
    self.extend(other._values)

  File "/Users/jda/Code/3p/anaconda2/lib/python2.7/site-packages/google/protobuf/internal/containers.py", line 389, in extend
    new_element.MergeFrom(message)

  File "/Users/jda/Code/3p/anaconda2/lib/python2.7/site-packages/google/protobuf/internal/python_message.py", line 1222, in MergeFrom
    field_value.MergeFrom(value)

  File "/Users/jda/Code/3p/anaconda2/lib/python2.7/site-packages/google/protobuf/internal/containers.py", line 611, in MergeFrom
    self[key].CopyFrom(other[key])

  File "/Users/jda/Code/3p/anaconda2/lib/python2.7/site-packages/google/protobuf/internal/containers.py", line 556, in __getitem__
    new_element = self._message_descriptor._concrete_class()

  File "/Users/jda/Code/3p/anaconda2/lib/python2.7/site-packages/google/protobuf/internal/python_message.py", line 467, in init
    def init(self, **kwargs):

KeyboardInterrupt
None
