date=Mon Feb 29 03:31:13 PST 2016	sessionId=2dMCghDfu6Q	remote=5-15-132-174.residential.rdsnet.ro	format=lisp2json	query=(execute (call edu.stanford.nlp.sempre.cubeworld.StacksWorld.getLevel (string remove)))	response=  (string [[1],[1],[3],[0],[1]]|[[1],[1],[],[0],[1]])
date=Mon Feb 29 03:31:44 PST 2016	sessionId=2dMCghDfu6Q	remote=5-15-132-174.residential.rdsnet.ro	format=lisp2json	query=(execute (call edu.stanford.nlp.sempre.cubeworld.StacksWorld.getLevel (string babystep)))	response=  (string [[3],[3],[1],[3]]|[[3,3],[3],[1],[3]])
date=Mon Feb 29 03:31:47 PST 2016	sessionId=2dMCghDfu6Q	remote=5-15-132-174.residential.rdsnet.ro	format=lisp2json	query=(execute (call edu.stanford.nlp.sempre.cubeworld.StacksWorld.getLevel (string remove)))	response=  (string [[2],[0],[0],[3],[2],[1],[3]]|[[2],[0],[0],[3],[2],[],[3]])
date=Mon Feb 29 03:31:58 PST 2016	sessionId=2dMCghDfu6Q	remote=5-15-132-174.residential.rdsnet.ro	format=lisp2json	query=(execute (call edu.stanford.nlp.sempre.cubeworld.StacksWorld.getLevel (string babystep)))	response=  (string [[0],[2],[0],[2],[2],[2]]|[[0],[2],[0],[2],[2],[2,0]])
date=Mon Feb 29 03:31:59 PST 2016	sessionId=2dMCghDfu6Q	remote=5-15-132-174.residential.rdsnet.ro	format=lisp2json	query=(execute (call edu.stanford.nlp.sempre.cubeworld.StacksWorld.getLevel (string pattern)))	response=  (string [[1,1],[1,0],[1,1],[1,0],[1,1]]|[[1,1,0],[1,0],[1,1,0],[1,0],[1,1,0]])
date=Mon Feb 29 03:32:06 PST 2016	sessionId=2dMCghDfu6Q	remote=5-15-132-174.residential.rdsnet.ro	format=lisp2json	query=(execute (call edu.stanford.nlp.sempre.cubeworld.StacksWorld.getLevel (string babynot)))	response=  (string [[1],[3],[1]]|[[1],[],[1]])
date=Mon Feb 29 03:32:07 PST 2016	sessionId=2dMCghDfu6Q	remote=5-15-132-174.residential.rdsnet.ro	format=lisp2json	query=(execute (call edu.stanford.nlp.sempre.cubeworld.StacksWorld.getLevel (string babystack)))	response=  (string [[1],[2,0],[0],[1,0]]|[[1],[2,0,2],[0,2],[1,0,2]])
date=Mon Feb 29 03:32:57 PST 2016	sessionId=2dMCghDfu6Q	remote=5-15-132-174.residential.rdsnet.ro	format=lisp2json	query=(execute (call edu.stanford.nlp.sempre.cubeworld.StacksWorld.getLevel (string remove)))	response=  (string [[0],[2],[3],[2],[3]]|[[0],[2],[],[2],[]])
date=Mon Feb 29 03:33:26 PST 2016	sessionId=2dMCghDfu6Q	remote=5-15-132-174.residential.rdsnet.ro	format=lisp2json	query=(execute (call edu.stanford.nlp.sempre.cubeworld.StacksWorld.getLevel (string remove)))	response=  (string [[2],[1],[3],[0],[2],[2],[1]]|[[2],[1],[],[0],[2],[2],[1]])
date=Mon Feb 29 03:33:32 PST 2016	sessionId=2dMCghDfu6Q	remote=5-15-132-174.residential.rdsnet.ro	format=lisp2json	query=(execute (call edu.stanford.nlp.sempre.cubeworld.StacksWorld.getLevel (string remove)))	response=  (string [[1],[1],[3],[0],[2],[3]]|[[1],[1],[],[0],[2],[]])
date=Mon Feb 29 03:33:34 PST 2016	sessionId=2dMCghDfu6Q	remote=5-15-132-174.residential.rdsnet.ro	format=lisp2json	query=(execute (call edu.stanford.nlp.sempre.cubeworld.StacksWorld.getLevel (string remove)))	response=  (string [[0],[3],[0],[3],[0],[2]]|[[0],[],[0],[],[0],[2]])
date=Mon Feb 29 03:33:59 PST 2016	sessionId=2dMCghDfu6Q	remote=5-15-132-174.residential.rdsnet.ro	format=lisp2json	query=(execute (call edu.stanford.nlp.sempre.cubeworld.StacksWorld.getLevel (string babystep)))	response=  (string [[2],[2],[2],[2],[2]]|[[],[2],[2],[2],[2]])
date=Mon Feb 29 03:34:07 PST 2016	sessionId=2dMCghDfu6Q	remote=5-15-132-174.residential.rdsnet.ro	format=lisp2json	query=(execute (call edu.stanford.nlp.sempre.cubeworld.StacksWorld.getLevel (string remove)))	response=  (string [[1],[2],[3],[3],[2],[2]]|[[1],[],[3],[3],[],[]])
date=Mon Feb 29 03:34:50 PST 2016	sessionId=2dMCghDfu6Q	remote=5-15-132-174.residential.rdsnet.ro	format=lisp2json	query=(execute (call edu.stanford.nlp.sempre.cubeworld.StacksWorld.getLevel (string remove)))	response=  (string [[1],[1],[0],[3],[2],[1],[1]]|[[1],[1],[],[3],[2],[1],[1]])
date=Mon Feb 29 03:35:43 PST 2016	sessionId=2dMCghDfu6Q	remote=5-15-132-174.residential.rdsnet.ro	format=lisp2json	query=(execute (call edu.stanford.nlp.sempre.cubeworld.StacksWorld.getLevel (string remove)))	response=
date=Mon Feb 29 03:35:50 PST 2016	sessionId=2dMCghDfu6Q	remote=5-15-132-174.residential.rdsnet.ro	format=lisp2json	query=(execute (call edu.stanford.nlp.sempre.cubeworld.StacksWorld.getLevel (string pattern)))	response=
date=Mon Feb 29 03:35:57 PST 2016	sessionId=2dMCghDfu6Q	remote=5-15-132-174.residential.rdsnet.ro	format=lisp2json	query=(execute (call edu.stanford.nlp.sempre.cubeworld.StacksWorld.getLevel (string babynot)))	response=
date=Mon Feb 29 03:36:00 PST 2016	sessionId=2dMCghDfu6Q	remote=5-15-132-174.residential.rdsnet.ro	format=lisp2json	query=(execute (call edu.stanford.nlp.sempre.cubeworld.StacksWorld.getLevel (string babystack)))	response=
date=Mon Feb 29 03:47:42 PST 2016	sessionId=2dMCghDfu6Q	remote=5-15-132-174.residential.rdsnet.ro	format=lisp2json	query=(execute (call edu.stanford.nlp.sempre.cubeworld.StacksWorld.getLevel (string remove)))	response=
date=Mon Feb 29 03:48:16 PST 2016	sessionId=2dMCghDfu6Q	remote=5-15-132-174.residential.rdsnet.ro	format=lisp2json	query=(execute (call edu.stanford.nlp.sempre.cubeworld.StacksWorld.getLevel (string remove)))	response=
date=Mon Feb 29 03:52:42 PST 2016	sessionId=2dMCghDfu6Q	remote=5-15-132-174.residential.rdsnet.ro	format=lisp2json	query=(execute (call edu.stanford.nlp.sempre.cubeworld.StacksWorld.getLevel (string remove)))	response=
date=Mon Feb 29 03:52:58 PST 2016	sessionId=2dMCghDfu6Q	remote=5-15-132-174.residential.rdsnet.ro	format=lisp2json	query=(execute (call edu.stanford.nlp.sempre.cubeworld.StacksWorld.getLevel (string babynot)))	response=
date=Mon Feb 29 03:53:08 PST 2016	sessionId=2dMCghDfu6Q	remote=5-15-132-174.residential.rdsnet.ro	format=lisp2json	query=(execute (call edu.stanford.nlp.sempre.cubeworld.StacksWorld.getLevel (string remove)))	response=
