date=Mon Feb 29 02:42:06 PST 2016	sessionId=8cEr4KwXjP9	remote=DN525bnu.SUNet	format=lisp2json	query=(execute (call edu.stanford.nlp.sempre.cubeworld.StacksWorld.getLevel (string remove)))	response=  (string [[0],[0],[1],[0],[2]]|[[],[],[1],[],[2]])
date=Mon Feb 29 02:42:06 PST 2016	sessionId=8cEr4KwXjP9	remote=DN525bnu.SUNet	format=lisp2json	query=(execute (call edu.stanford.nlp.sempre.cubeworld.StacksWorld.getLevel (string remove)))	response=  (string [[0],[2],[0],[0],[2],[0],[1]]|[[],[2],[],[],[2],[],[1]])
date=Mon Feb 29 02:50:18 PST 2016	sessionId=8cEr4KwXjP9	remote=DN525bnu.SUNet	format=lisp2json	query=(execute (call edu.stanford.nlp.sempre.cubeworld.StacksWorld.getLevel (string remove)))	response=  (string [[1],[0],[2],[3],[3],[1]]|[[1],[0],[],[3],[3],[1]])
date=Mon Feb 29 02:50:28 PST 2016	sessionId=8cEr4KwXjP9	remote=DN525bnu.SUNet	format=lisp2json	query=(context (graph NaiveKnowledgeGraph ((string [[1],[0],[2],[3],[3],[1]]) (name b) (name c))))	response=
date=Mon Feb 29 02:50:28 PST 2016	sessionId=8cEr4KwXjP9	remote=DN525bnu.SUNet	format=lisp2json	query=remove red	response=(call edu.stanford.nlp.sempre.cubeworld.StacksWorld.wallToString (call context:edu.stanford.nlp.sempre.cubeworld.StacksWorld.removeTop (call context:edu.stanford.nlp.sempre.cubeworld.StacksWorld.getNonEmpty))) => (string [[],[],[],[],[],[]])
date=Mon Feb 29 02:50:31 PST 2016	sessionId=8cEr4KwXjP9	remote=DN525bnu.SUNet	format=lisp2json	query=(accept 6)	response=(call edu.stanford.nlp.sempre.cubeworld.StacksWorld.wallToString (call context:edu.stanford.nlp.sempre.cubeworld.StacksWorld.removeTop (call context:edu.stanford.nlp.sempre.cubeworld.StacksWorld.getTopColor (number 2 COLOR)))) => (string [[1],[0],[],[3],[3],[1]])
date=Mon Feb 29 02:50:32 PST 2016	sessionId=8cEr4KwXjP9	remote=DN525bnu.SUNet	format=lisp2json	query=(execute (call edu.stanford.nlp.sempre.cubeworld.StacksWorld.getLevel (string remove)))	response=  (string [[3],[2],[1],[0],[1]]|[[],[2],[1],[0],[1]])
date=Mon Feb 29 02:55:03 PST 2016	sessionId=8cEr4KwXjP9	remote=DN525bnu.SUNet	format=lisp2json	query=(execute (call edu.stanford.nlp.sempre.cubeworld.StacksWorld.getLevel (string remove)))	response=  (string [[1],[3],[3],[2],[3]]|[[],[3],[3],[2],[3]])
date=Mon Feb 29 03:00:51 PST 2016	sessionId=8cEr4KwXjP9	remote=DN525bnu.SUNet	format=lisp2json	query=(execute (call edu.stanford.nlp.sempre.cubeworld.StacksWorld.getLevel (string remove)))	response=  (string [[3],[0],[1],[2],[3],[1]]|[[3],[],[1],[2],[3],[1]])
date=Mon Feb 29 03:00:59 PST 2016	sessionId=8cEr4KwXjP9	remote=DN525bnu.SUNet	format=lisp2json	query=(execute (call edu.stanford.nlp.sempre.cubeworld.StacksWorld.getLevel (string remove)))	response=  (string [[0],[2],[3],[1],[1],[2]]|[[0],[2],[],[1],[1],[2]])
date=Mon Feb 29 03:04:24 PST 2016	sessionId=8cEr4KwXjP9	remote=DN525bnu.SUNet	format=lisp2json	query=(execute (call edu.stanford.nlp.sempre.cubeworld.StacksWorld.getLevel (string babystack)))	response=  (string [[3],[1],[2],[3]]|[[],[1],[2],[3]])
date=Mon Feb 29 03:04:25 PST 2016	sessionId=8cEr4KwXjP9	remote=DN525bnu.SUNet	format=lisp2json	query=(execute (call edu.stanford.nlp.sempre.cubeworld.StacksWorld.getLevel (string pattern)))	response=  (string [[0,1],[1,0],[0,1],[1,0],[0,1],[1,0]]|[[0,1],[1,0,1],[0,1],[1,0,1],[0,1],[1,0,1]])
date=Mon Feb 29 03:04:25 PST 2016	sessionId=8cEr4KwXjP9	remote=DN525bnu.SUNet	format=lisp2json	query=(execute (call edu.stanford.nlp.sempre.cubeworld.StacksWorld.getLevel (string remove)))	response=  (string [[1],[0],[3],[2],[2],[0]]|[[1],[0],[3],[],[],[0]])
date=Mon Feb 29 03:04:25 PST 2016	sessionId=8cEr4KwXjP9	remote=DN525bnu.SUNet	format=lisp2json	query=(execute (call edu.stanford.nlp.sempre.cubeworld.StacksWorld.getLevel (string babystep)))	response=  (string [[3],[3],[3],[3],[3],[2]]|[[3],[3],[3],[3],[3],[2,2]])
date=Mon Feb 29 03:04:25 PST 2016	sessionId=8cEr4KwXjP9	remote=DN525bnu.SUNet	format=lisp2json	query=(execute (call edu.stanford.nlp.sempre.cubeworld.StacksWorld.getLevel (string pattern)))	response=  (string [[2,2],[2,0],[2,2],[2,0],[2,2],[2,0]]|[[2,2,1],[2,1],[2,2,1],[2,1],[2,2,1],[2,1]])
date=Mon Feb 29 03:04:26 PST 2016	sessionId=8cEr4KwXjP9	remote=DN525bnu.SUNet	format=lisp2json	query=(execute (call edu.stanford.nlp.sempre.cubeworld.StacksWorld.getLevel (string babynot)))	response=  (string [[1],[1],[1],[1]]|[[],[],[],[]])
date=Mon Feb 29 03:04:26 PST 2016	sessionId=8cEr4KwXjP9	remote=DN525bnu.SUNet	format=lisp2json	query=(execute (call edu.stanford.nlp.sempre.cubeworld.StacksWorld.getLevel (string babystack)))	response=  (string [[1,3],[1,1],[1],[1,2]]|[[1,3],[1,1],[1],[1]])
date=Mon Feb 29 03:04:26 PST 2016	sessionId=8cEr4KwXjP9	remote=DN525bnu.SUNet	format=lisp2json	query=(execute (call edu.stanford.nlp.sempre.cubeworld.StacksWorld.getLevel (string babynot)))	response=  (string [[1],[1],[1],[1]]|[[1,2],[1,2],[1,2],[1]])
date=Mon Feb 29 03:04:27 PST 2016	sessionId=8cEr4KwXjP9	remote=DN525bnu.SUNet	format=lisp2json	query=(execute (call edu.stanford.nlp.sempre.cubeworld.StacksWorld.getLevel (string pattern)))	response=  (string [[2,2],[2,0],[2,2]]|[[2,2,2],[2,2],[2,2,2]])
date=Mon Feb 29 03:04:27 PST 2016	sessionId=8cEr4KwXjP9	remote=DN525bnu.SUNet	format=lisp2json	query=(execute (call edu.stanford.nlp.sempre.cubeworld.StacksWorld.getLevel (string babystep)))	response=  (string [[3],[3],[3],[3],[3]]|[[3,3],[3],[3],[3],[3]])
date=Mon Feb 29 03:04:27 PST 2016	sessionId=8cEr4KwXjP9	remote=DN525bnu.SUNet	format=lisp2json	query=(execute (call edu.stanford.nlp.sempre.cubeworld.StacksWorld.getLevel (string remove)))	response=  (string [[1],[1],[3],[0],[2]]|[[1],[1],[],[0],[2]])
date=Mon Feb 29 03:04:28 PST 2016	sessionId=8cEr4KwXjP9	remote=DN525bnu.SUNet	format=lisp2json	query=(execute (call edu.stanford.nlp.sempre.cubeworld.StacksWorld.getLevel (string babynot)))	response=  (string [[3],[1],[1],[3],[1]]|[[3],[],[],[],[]])
date=Mon Feb 29 03:04:29 PST 2016	sessionId=8cEr4KwXjP9	remote=DN525bnu.SUNet	format=lisp2json	query=(execute (call edu.stanford.nlp.sempre.cubeworld.StacksWorld.getLevel (string babystack)))	response=  (string [[2],[3,0]]|[[],[3]])
date=Mon Feb 29 03:04:29 PST 2016	sessionId=8cEr4KwXjP9	remote=DN525bnu.SUNet	format=lisp2json	query=(execute (call edu.stanford.nlp.sempre.cubeworld.StacksWorld.getLevel (string babynot)))	response=  (string [[0],[0],[2],[0]]|[[],[],[],[0]])
date=Mon Feb 29 03:04:29 PST 2016	sessionId=8cEr4KwXjP9	remote=DN525bnu.SUNet	format=lisp2json	query=(execute (call edu.stanford.nlp.sempre.cubeworld.StacksWorld.getLevel (string babystep)))	response=  (string [[1],[1],[1],[1]]|[[1],[1],[1],[1,1]])
date=Mon Feb 29 03:04:29 PST 2016	sessionId=8cEr4KwXjP9	remote=DN525bnu.SUNet	format=lisp2json	query=(execute (call edu.stanford.nlp.sempre.cubeworld.StacksWorld.getLevel (string remove)))	response=  (string [[3],[2],[2],[0],[3]]|[[3],[2],[2],[],[3]])
date=Mon Feb 29 03:04:30 PST 2016	sessionId=8cEr4KwXjP9	remote=DN525bnu.SUNet	format=lisp2json	query=(execute (call edu.stanford.nlp.sempre.cubeworld.StacksWorld.getLevel (string pattern)))	response=  (string [[3,3],[3,0],[3,3]]|[[3,3,0],[3,0],[3,3,0]])
date=Mon Feb 29 03:04:30 PST 2016	sessionId=8cEr4KwXjP9	remote=DN525bnu.SUNet	format=lisp2json	query=(execute (call edu.stanford.nlp.sempre.cubeworld.StacksWorld.getLevel (string babystack)))	response=  (string [[3],[3,1],[1],[0,0]]|[[3,1],[3,1,1],[1,1],[0,0]])
date=Mon Feb 29 11:10:58 PST 2016	sessionId=8cEr4KwXjP9	remote=sidawmain.stanford.edu	format=lisp2json	query=(execute (call edu.stanford.nlp.sempre.cubeworld.StacksWorld.getLevel (string babynot)))	response=
date=Mon Feb 29 11:11:04 PST 2016	sessionId=8cEr4KwXjP9	remote=sidawmain.stanford.edu	format=lisp2json	query=(execute (call edu.stanford.nlp.sempre.cubeworld.StacksWorld.getLevel (string babystack)))	response=
date=Mon Feb 29 11:11:06 PST 2016	sessionId=8cEr4KwXjP9	remote=sidawmain.stanford.edu	format=lisp2json	query=(execute (call edu.stanford.nlp.sempre.cubeworld.StacksWorld.getLevel (string babystep)))	response=
date=Mon Feb 29 11:11:07 PST 2016	sessionId=8cEr4KwXjP9	remote=sidawmain.stanford.edu	format=lisp2json	query=(execute (call edu.stanford.nlp.sempre.cubeworld.StacksWorld.getLevel (string remove)))	response=
date=Mon Feb 29 12:47:03 PST 2016	sessionId=8cEr4KwXjP9	remote=sidawmain.stanford.edu	format=lisp2json	query=(execute (call edu.stanford.nlp.sempre.cubeworld.StacksWorld.getLevel (string babynot)))	response=
date=Mon Feb 29 12:47:04 PST 2016	sessionId=8cEr4KwXjP9	remote=sidawmain.stanford.edu	format=lisp2json	query=(execute (call edu.stanford.nlp.sempre.cubeworld.StacksWorld.getLevel (string littlehouse)))	response=
date=Mon Feb 29 12:47:06 PST 2016	sessionId=8cEr4KwXjP9	remote=sidawmain.stanford.edu	format=lisp2json	query=(execute (call edu.stanford.nlp.sempre.cubeworld.StacksWorld.getLevel (string triangle)))	response=
date=Mon Feb 29 12:47:12 PST 2016	sessionId=8cEr4KwXjP9	remote=sidawmain.stanford.edu	format=lisp2json	query=(execute (call edu.stanford.nlp.sempre.cubeworld.StacksWorld.getLevel (string remove)))	response=
date=Mon Feb 29 12:47:29 PST 2016	sessionId=8cEr4KwXjP9	remote=sidawmain.stanford.edu	format=lisp2json	query=(context (graph NaiveKnowledgeGraph ((string [[1],[0],[2],[1],[1]]) (name b) (name c))))	response=
date=Mon Feb 29 12:47:29 PST 2016	sessionId=8cEr4KwXjP9	remote=sidawmain.stanford.edu	format=lisp2json	query=remove cyan	response=(call edu.stanford.nlp.sempre.cubeworld.StacksWorld.wallToString (call context:edu.stanford.nlp.sempre.cubeworld.StacksWorld.removeTop (call context:edu.stanford.nlp.sempre.cubeworld.StacksWorld.getTopColor (number 2 COLOR)))) => (string [[1],[0],[],[1],[1]])
