date=Mon Feb 29 18:50:15 PST 2016	sessionId=A154X03NKVZZL1	remote=ool-944a147f.dyn.optonline.net	format=lisp2json	query=(execute (call edu.stanford.nlp.sempre.cubeworld.StacksWorld.getLevel (string remove)))	response=
date=Mon Feb 29 18:50:44 PST 2016	sessionId=A154X03NKVZZL1	remote=ool-944a147f.dyn.optonline.net	format=lisp2json	query=(context (graph NaiveKnowledgeGraph ((string [[3],[1],[3],[2],[3],[2],[1]]) (name b) (name c))))	response=
date=Mon Feb 29 18:50:44 PST 2016	sessionId=A154X03NKVZZL1	remote=ool-944a147f.dyn.optonline.net	format=lisp2json	query=go forward	response=(call edu.stanford.nlp.sempre.cubeworld.StacksWorld.wallToString (call context:edu.stanford.nlp.sempre.cubeworld.StacksWorld.removeTop (call context:edu.stanford.nlp.sempre.cubeworld.StacksWorld.getNonEmpty))) => (string [[],[],[],[],[],[],[]])
date=Mon Feb 29 18:51:07 PST 2016	sessionId=A154X03NKVZZL1	remote=ool-944a147f.dyn.optonline.net	format=lisp2json	query=(context (graph NaiveKnowledgeGraph ((string [[3],[1],[3],[2],[3],[2],[1]]) (name b) (name c))))	response=
date=Mon Feb 29 18:51:07 PST 2016	sessionId=A154X03NKVZZL1	remote=ool-944a147f.dyn.optonline.net	format=lisp2json	query=start	response=(call edu.stanford.nlp.sempre.cubeworld.StacksWorld.wallToString (call context:edu.stanford.nlp.sempre.cubeworld.StacksWorld.removeTop (call context:edu.stanford.nlp.sempre.cubeworld.StacksWorld.getNonEmpty))) => (string [[],[],[],[],[],[],[]])
date=Mon Feb 29 18:53:15 PST 2016	sessionId=A154X03NKVZZL1	remote=ool-944a147f.dyn.optonline.net	format=lisp2json	query=(context (graph NaiveKnowledgeGraph ((string [[3],[1],[3],[2],[3],[2],[1]]) (name b) (name c))))	response=
date=Mon Feb 29 18:53:15 PST 2016	sessionId=A154X03NKVZZL1	remote=ool-944a147f.dyn.optonline.net	format=lisp2json	query=hi	response=(call edu.stanford.nlp.sempre.cubeworld.StacksWorld.wallToString (call context:edu.stanford.nlp.sempre.cubeworld.StacksWorld.removeTop (call context:edu.stanford.nlp.sempre.cubeworld.StacksWorld.getNonEmpty))) => (string [[],[],[],[],[],[],[]])
date=Mon Feb 29 18:53:26 PST 2016	sessionId=A154X03NKVZZL1	remote=ool-944a147f.dyn.optonline.net	format=lisp2json	query=(accept 0)	response=(call edu.stanford.nlp.sempre.cubeworld.StacksWorld.wallToString (call context:edu.stanford.nlp.sempre.cubeworld.StacksWorld.removeTop (call context:edu.stanford.nlp.sempre.cubeworld.StacksWorld.getNonEmpty))) => (string [[],[],[],[],[],[],[]])
date=Mon Feb 29 18:53:49 PST 2016	sessionId=A154X03NKVZZL1	remote=ool-944a147f.dyn.optonline.net	format=lisp2json	query=(execute (call edu.stanford.nlp.sempre.cubeworld.StacksWorld.getLevel (string babystep)))	response=
date=Mon Feb 29 18:53:51 PST 2016	sessionId=A154X03NKVZZL1	remote=ool-944a147f.dyn.optonline.net	format=lisp2json	query=(execute (call edu.stanford.nlp.sempre.cubeworld.StacksWorld.getLevel (string remove)))	response=
date=Mon Feb 29 18:53:59 PST 2016	sessionId=A154X03NKVZZL1	remote=ool-944a147f.dyn.optonline.net	format=lisp2json	query=(context (graph NaiveKnowledgeGraph ((string [[2],[3],[2],[0],[2],[0]]) (name b) (name c))))	response=
date=Mon Feb 29 18:53:59 PST 2016	sessionId=A154X03NKVZZL1	remote=ool-944a147f.dyn.optonline.net	format=lisp2json	query=1	response=(call edu.stanford.nlp.sempre.cubeworld.StacksWorld.wallToString (call context:edu.stanford.nlp.sempre.cubeworld.StacksWorld.removeTop (call context:edu.stanford.nlp.sempre.cubeworld.StacksWorld.getNonEmpty))) => (string [[],[],[],[],[],[]])
date=Mon Feb 29 18:54:02 PST 2016	sessionId=A154X03NKVZZL1	remote=ool-944a147f.dyn.optonline.net	format=lisp2json	query=(context (graph NaiveKnowledgeGraph ((string [[2],[3],[2],[0],[2],[0]]) (name b) (name c))))	response=
date=Mon Feb 29 18:54:02 PST 2016	sessionId=A154X03NKVZZL1	remote=ool-944a147f.dyn.optonline.net	format=lisp2json	query=22	response=(call edu.stanford.nlp.sempre.cubeworld.StacksWorld.wallToString (call context:edu.stanford.nlp.sempre.cubeworld.StacksWorld.removeTop (call context:edu.stanford.nlp.sempre.cubeworld.StacksWorld.getNonEmpty))) => (string [[],[],[],[],[],[]])
date=Mon Feb 29 18:54:09 PST 2016	sessionId=A154X03NKVZZL1	remote=ool-944a147f.dyn.optonline.net	format=lisp2json	query=(context (graph NaiveKnowledgeGraph ((string [[2],[3],[2],[0],[2],[0]]) (name b) (name c))))	response=
date=Mon Feb 29 18:54:09 PST 2016	sessionId=A154X03NKVZZL1	remote=ool-944a147f.dyn.optonline.net	format=lisp2json	query=scroll	response=(call edu.stanford.nlp.sempre.cubeworld.StacksWorld.wallToString (call context:edu.stanford.nlp.sempre.cubeworld.StacksWorld.removeTop (call context:edu.stanford.nlp.sempre.cubeworld.StacksWorld.getNonEmpty))) => (string [[],[],[],[],[],[]])
date=Mon Feb 29 18:54:20 PST 2016	sessionId=A154X03NKVZZL1	remote=ool-944a147f.dyn.optonline.net	format=lisp2json	query=(execute (call edu.stanford.nlp.sempre.cubeworld.StacksWorld.getLevel (string remove)))	response=
date=Mon Feb 29 18:54:20 PST 2016	sessionId=A154X03NKVZZL1	remote=ool-944a147f.dyn.optonline.net	format=lisp2json	query=(execute (call edu.stanford.nlp.sempre.cubeworld.StacksWorld.getLevel (string remove)))	response=
date=Mon Feb 29 18:54:24 PST 2016	sessionId=A154X03NKVZZL1	remote=ool-944a147f.dyn.optonline.net	format=lisp2json	query=(execute (call edu.stanford.nlp.sempre.cubeworld.StacksWorld.getLevel (string littlehouse)))	response=
date=Mon Feb 29 18:54:27 PST 2016	sessionId=A154X03NKVZZL1	remote=ool-944a147f.dyn.optonline.net	format=lisp2json	query=(execute (call edu.stanford.nlp.sempre.cubeworld.StacksWorld.getLevel (string remove)))	response=
date=Mon Feb 29 18:54:33 PST 2016	sessionId=A154X03NKVZZL1	remote=ool-944a147f.dyn.optonline.net	format=lisp2json	query=(execute (call edu.stanford.nlp.sempre.cubeworld.StacksWorld.getLevel (string remove)))	response=
date=Mon Feb 29 18:54:54 PST 2016	sessionId=A154X03NKVZZL1	remote=ool-944a147f.dyn.optonline.net	format=lisp2json	query=(context (graph NaiveKnowledgeGraph ((string [[2],[1],[3],[0],[0]]) (name b) (name c))))	response=
date=Mon Feb 29 18:54:54 PST 2016	sessionId=A154X03NKVZZL1	remote=ool-944a147f.dyn.optonline.net	format=lisp2json	query=hello	response=(call edu.stanford.nlp.sempre.cubeworld.StacksWorld.wallToString (call context:edu.stanford.nlp.sempre.cubeworld.StacksWorld.removeTop (call context:edu.stanford.nlp.sempre.cubeworld.StacksWorld.getNonEmpty))) => (string [[],[],[],[],[]])
date=Mon Feb 29 18:54:57 PST 2016	sessionId=A154X03NKVZZL1	remote=ool-944a147f.dyn.optonline.net	format=lisp2json	query=(context (graph NaiveKnowledgeGraph ((string [[2],[1],[3],[0],[0]]) (name b) (name c))))	response=
date=Mon Feb 29 18:54:57 PST 2016	sessionId=A154X03NKVZZL1	remote=ool-944a147f.dyn.optonline.net	format=lisp2json	query=i want to try this	response=(call edu.stanford.nlp.sempre.cubeworld.StacksWorld.wallToString (call context:edu.stanford.nlp.sempre.cubeworld.StacksWorld.removeTop (call context:edu.stanford.nlp.sempre.cubeworld.StacksWorld.getNonEmpty))) => (string [[],[],[],[],[]])
date=Mon Feb 29 18:55:00 PST 2016	sessionId=A154X03NKVZZL1	remote=ool-944a147f.dyn.optonline.net	format=lisp2json	query=(context (graph NaiveKnowledgeGraph ((string [[2],[1],[3],[0],[0]]) (name b) (name c))))	response=
date=Mon Feb 29 18:55:00 PST 2016	sessionId=A154X03NKVZZL1	remote=ool-944a147f.dyn.optonline.net	format=lisp2json	query=what do you know	response=(call edu.stanford.nlp.sempre.cubeworld.StacksWorld.wallToString (call context:edu.stanford.nlp.sempre.cubeworld.StacksWorld.removeTop (call context:edu.stanford.nlp.sempre.cubeworld.StacksWorld.getNonEmpty))) => (string [[],[],[],[],[]])
date=Mon Feb 29 18:56:59 PST 2016	sessionId=A154X03NKVZZL1	remote=ool-944a147f.dyn.optonline.net	format=lisp2json	query=(context (graph NaiveKnowledgeGraph ((string [[2],[1],[3],[0],[0]]) (name b) (name c))))	response=
date=Mon Feb 29 18:56:59 PST 2016	sessionId=A154X03NKVZZL1	remote=ool-944a147f.dyn.optonline.net	format=lisp2json	query=do you go when a person talks	response=(call edu.stanford.nlp.sempre.cubeworld.StacksWorld.wallToString (call context:edu.stanford.nlp.sempre.cubeworld.StacksWorld.removeTop (call context:edu.stanford.nlp.sempre.cubeworld.StacksWorld.getNonEmpty))) => (string [[],[],[],[],[]])
date=Mon Feb 29 18:57:01 PST 2016	sessionId=A154X03NKVZZL1	remote=ool-944a147f.dyn.optonline.net	format=lisp2json	query=(context (graph NaiveKnowledgeGraph ((string [[2],[1],[3],[0],[0]]) (name b) (name c))))	response=
date=Mon Feb 29 18:57:01 PST 2016	sessionId=A154X03NKVZZL1	remote=ool-944a147f.dyn.optonline.net	format=lisp2json	query=to	response=(call edu.stanford.nlp.sempre.cubeworld.StacksWorld.wallToString (call context:edu.stanford.nlp.sempre.cubeworld.StacksWorld.removeTop (call context:edu.stanford.nlp.sempre.cubeworld.StacksWorld.getNonEmpty))) => (string [[],[],[],[],[]])
date=Mon Feb 29 19:00:18 PST 2016	sessionId=A154X03NKVZZL1	remote=ool-944a147f.dyn.optonline.net	format=lisp2json	query=(accept 100)	response=(call edu.stanford.nlp.sempre.cubeworld.StacksWorld.wallToString (call context:edu.stanford.nlp.sempre.cubeworld.StacksWorld.stackOnTop (call edu.stanford.nlp.sempre.cubeworld.StacksWorld.rightMost1 (call context:edu.stanford.nlp.sempre.cubeworld.StacksWorld.getTopColor (number 1 COLOR))) (number 1 COLOR))) => (string [[2],[1,1],[3],[0],[0]])
date=Mon Feb 29 19:00:35 PST 2016	sessionId=A154X03NKVZZL1	remote=ool-944a147f.dyn.optonline.net	format=lisp2json	query=(context (graph NaiveKnowledgeGraph ((string [[2],[1,1],[3],[0],[0]]) (name b) (name c))))	response=
date=Mon Feb 29 19:00:36 PST 2016	sessionId=A154X03NKVZZL1	remote=ool-944a147f.dyn.optonline.net	format=lisp2json	query=and it drives me to the brink of time and try	response=(call edu.stanford.nlp.sempre.cubeworld.StacksWorld.wallToString (call context:edu.stanford.nlp.sempre.cubeworld.StacksWorld.stackOnTop (call context:edu.stanford.nlp.sempre.cubeworld.StacksWorld.getTopColor (number 1 COLOR)) (number 1 COLOR))) => (string [[2],[1,1,1],[3],[0],[0]])
date=Mon Feb 29 19:00:38 PST 2016	sessionId=A154X03NKVZZL1	remote=ool-944a147f.dyn.optonline.net	format=lisp2json	query=(accept 0)	response=(call edu.stanford.nlp.sempre.cubeworld.StacksWorld.wallToString (call context:edu.stanford.nlp.sempre.cubeworld.StacksWorld.stackOnTop (call context:edu.stanford.nlp.sempre.cubeworld.StacksWorld.getTopColor (number 1 COLOR)) (number 1 COLOR))) => (string [[2],[1,1,1],[3],[0],[0]])
date=Mon Feb 29 19:00:53 PST 2016	sessionId=A154X03NKVZZL1	remote=ool-944a147f.dyn.optonline.net	format=lisp2json	query=(accept 7)	response=(call edu.stanford.nlp.sempre.cubeworld.StacksWorld.wallToString (call context:edu.stanford.nlp.sempre.cubeworld.StacksWorld.stackOnTop (call context:edu.stanford.nlp.sempre.cubeworld.StacksWorld.getTopColor (number 1 COLOR)) (number 0 COLOR))) => (string [[2],[1,1,0],[3],[0],[0]])
date=Mon Feb 29 19:03:02 PST 2016	sessionId=A154X03NKVZZL1	remote=ool-944a147f.dyn.optonline.net	format=lisp2json	query=(context (graph NaiveKnowledgeGraph ((string [[2],[1,1],[3],[0],[0]]) (name b) (name c))))	response=
date=Mon Feb 29 19:03:03 PST 2016	sessionId=A154X03NKVZZL1	remote=ool-944a147f.dyn.optonline.net	format=lisp2json	query=you	response=(call edu.stanford.nlp.sempre.cubeworld.StacksWorld.wallToString (call context:edu.stanford.nlp.sempre.cubeworld.StacksWorld.stackOnTop (call context:edu.stanford.nlp.sempre.cubeworld.StacksWorld.getTopColor (number 1 COLOR)) (number 1 COLOR))) => (string [[2],[1,1,1],[3],[0],[0]])
date=Mon Feb 29 19:03:07 PST 2016	sessionId=A154X03NKVZZL1	remote=ool-944a147f.dyn.optonline.net	format=lisp2json	query=(accept 0)	response=(call edu.stanford.nlp.sempre.cubeworld.StacksWorld.wallToString (call context:edu.stanford.nlp.sempre.cubeworld.StacksWorld.stackOnTop (call context:edu.stanford.nlp.sempre.cubeworld.StacksWorld.getTopColor (number 1 COLOR)) (number 1 COLOR))) => (string [[2],[1,1,1],[3],[0],[0]])
date=Mon Feb 29 19:03:14 PST 2016	sessionId=A154X03NKVZZL1	remote=ool-944a147f.dyn.optonline.net	format=lisp2json	query=(execute (call edu.stanford.nlp.sempre.cubeworld.StacksWorld.getLevel (string remove)))	response=
date=Mon Feb 29 19:03:14 PST 2016	sessionId=A154X03NKVZZL1	remote=ool-944a147f.dyn.optonline.net	format=lisp2json	query=(execute (call edu.stanford.nlp.sempre.cubeworld.StacksWorld.getLevel (string remove)))	response=
