date=Mon Feb 29 18:13:40 PST 2016	sessionId=A1GQTXZPHAMLEH	remote=c-68-59-80-138.hsd1.fl.comcast.net	format=lisp2json	query=(execute (call edu.stanford.nlp.sempre.cubeworld.StacksWorld.getLevel (string remove)))	response=
date=Mon Feb 29 18:14:42 PST 2016	sessionId=A1GQTXZPHAMLEH	remote=c-68-59-80-138.hsd1.fl.comcast.net	format=lisp2json	query=(execute (call edu.stanford.nlp.sempre.cubeworld.StacksWorld.getLevel (string remove)))	response=
date=Mon Feb 29 18:15:27 PST 2016	sessionId=A1GQTXZPHAMLEH	remote=c-68-59-80-138.hsd1.fl.comcast.net	format=lisp2json	query=(context (graph NaiveKnowledgeGraph ((string [[1],[0],[2],[0],[2],[1]]) (name b) (name c))))	response=
date=Mon Feb 29 18:15:27 PST 2016	sessionId=A1GQTXZPHAMLEH	remote=c-68-59-80-138.hsd1.fl.comcast.net	format=lisp2json	query=move brown block	response=(call edu.stanford.nlp.sempre.cubeworld.StacksWorld.wallToString (call context:edu.stanford.nlp.sempre.cubeworld.StacksWorld.removeTop (call context:edu.stanford.nlp.sempre.cubeworld.StacksWorld.getNonEmpty))) => (string [[],[],[],[],[],[]])
date=Mon Feb 29 18:15:47 PST 2016	sessionId=A1GQTXZPHAMLEH	remote=c-68-59-80-138.hsd1.fl.comcast.net	format=lisp2json	query=(context (graph NaiveKnowledgeGraph ((string [[1],[0],[2],[0],[2],[1]]) (name b) (name c))))	response=
date=Mon Feb 29 18:15:48 PST 2016	sessionId=A1GQTXZPHAMLEH	remote=c-68-59-80-138.hsd1.fl.comcast.net	format=lisp2json	query=move block	response=(call edu.stanford.nlp.sempre.cubeworld.StacksWorld.wallToString (call context:edu.stanford.nlp.sempre.cubeworld.StacksWorld.removeTop (call context:edu.stanford.nlp.sempre.cubeworld.StacksWorld.getNonEmpty))) => (string [[],[],[],[],[],[]])
date=Mon Feb 29 18:15:59 PST 2016	sessionId=A1GQTXZPHAMLEH	remote=c-68-59-80-138.hsd1.fl.comcast.net	format=lisp2json	query=(context (graph NaiveKnowledgeGraph ((string [[1],[0],[2],[0],[2],[1]]) (name b) (name c))))	response=
date=Mon Feb 29 18:15:59 PST 2016	sessionId=A1GQTXZPHAMLEH	remote=c-68-59-80-138.hsd1.fl.comcast.net	format=lisp2json	query=move brown block	response=(call edu.stanford.nlp.sempre.cubeworld.StacksWorld.wallToString (call context:edu.stanford.nlp.sempre.cubeworld.StacksWorld.removeTop (call context:edu.stanford.nlp.sempre.cubeworld.StacksWorld.getNonEmpty))) => (string [[],[],[],[],[],[]])
date=Mon Feb 29 18:16:18 PST 2016	sessionId=A1GQTXZPHAMLEH	remote=c-68-59-80-138.hsd1.fl.comcast.net	format=lisp2json	query=(context (graph NaiveKnowledgeGraph ((string [[1],[0],[2],[0],[2],[1]]) (name b) (name c))))	response=
date=Mon Feb 29 18:16:18 PST 2016	sessionId=A1GQTXZPHAMLEH	remote=c-68-59-80-138.hsd1.fl.comcast.net	format=lisp2json	query=move red block	response=(call edu.stanford.nlp.sempre.cubeworld.StacksWorld.wallToString (call context:edu.stanford.nlp.sempre.cubeworld.StacksWorld.removeTop (call context:edu.stanford.nlp.sempre.cubeworld.StacksWorld.getNonEmpty))) => (string [[],[],[],[],[],[]])
date=Mon Feb 29 18:19:16 PST 2016	sessionId=A1GQTXZPHAMLEH	remote=c-68-59-80-138.hsd1.fl.comcast.net	format=lisp2json	query=(accept 49)	response=(call edu.stanford.nlp.sempre.cubeworld.StacksWorld.wallToString (call context:edu.stanford.nlp.sempre.cubeworld.StacksWorld.stackOnTop (call context:edu.stanford.nlp.sempre.cubeworld.StacksWorld.getTopColor (number 2 COLOR)) (number 3 COLOR))) => (string [[1],[0],[2,3],[0],[2,3],[1]])
date=Mon Feb 29 18:19:24 PST 2016	sessionId=A1GQTXZPHAMLEH	remote=c-68-59-80-138.hsd1.fl.comcast.net	format=lisp2json	query=(context (graph NaiveKnowledgeGraph ((string [[1],[0],[2,3],[0],[2,3],[1]]) (name b) (name c))))	response=
date=Mon Feb 29 18:19:25 PST 2016	sessionId=A1GQTXZPHAMLEH	remote=c-68-59-80-138.hsd1.fl.comcast.net	format=lisp2json	query=move orange blocks	response=(call edu.stanford.nlp.sempre.cubeworld.StacksWorld.wallToString (call context:edu.stanford.nlp.sempre.cubeworld.StacksWorld.stackOnTop (call context:edu.stanford.nlp.sempre.cubeworld.StacksWorld.getTopColor (number 3 COLOR)) (number 3 COLOR))) => (string [[1],[0],[2,3,3],[0],[2,3,3],[1]])
date=Mon Feb 29 18:19:32 PST 2016	sessionId=A1GQTXZPHAMLEH	remote=c-68-59-80-138.hsd1.fl.comcast.net	format=lisp2json	query=(accept 0)	response=(call edu.stanford.nlp.sempre.cubeworld.StacksWorld.wallToString (call context:edu.stanford.nlp.sempre.cubeworld.StacksWorld.stackOnTop (call context:edu.stanford.nlp.sempre.cubeworld.StacksWorld.getTopColor (number 3 COLOR)) (number 3 COLOR))) => (string [[1],[0],[2,3,3],[0],[2,3,3],[1]])
date=Mon Feb 29 18:20:04 PST 2016	sessionId=A1GQTXZPHAMLEH	remote=c-68-59-80-138.hsd1.fl.comcast.net	format=lisp2json	query=(execute (call edu.stanford.nlp.sempre.cubeworld.StacksWorld.getLevel (string remove)))	response=
date=Mon Feb 29 18:20:06 PST 2016	sessionId=A1GQTXZPHAMLEH	remote=c-68-59-80-138.hsd1.fl.comcast.net	format=lisp2json	query=(execute (call edu.stanford.nlp.sempre.cubeworld.StacksWorld.getLevel (string remove)))	response=
date=Mon Feb 29 18:20:08 PST 2016	sessionId=A1GQTXZPHAMLEH	remote=c-68-59-80-138.hsd1.fl.comcast.net	format=lisp2json	query=(execute (call edu.stanford.nlp.sempre.cubeworld.StacksWorld.getLevel (string remove)))	response=
date=Mon Feb 29 18:20:09 PST 2016	sessionId=A1GQTXZPHAMLEH	remote=c-68-59-80-138.hsd1.fl.comcast.net	format=lisp2json	query=(execute (call edu.stanford.nlp.sempre.cubeworld.StacksWorld.getLevel (string remove)))	response=
date=Mon Feb 29 18:20:15 PST 2016	sessionId=A1GQTXZPHAMLEH	remote=c-68-59-80-138.hsd1.fl.comcast.net	format=lisp2json	query=(context (graph NaiveKnowledgeGraph ((string [[2],[1],[2],[1],[0]]) (name b) (name c))))	response=
date=Mon Feb 29 18:20:15 PST 2016	sessionId=A1GQTXZPHAMLEH	remote=c-68-59-80-138.hsd1.fl.comcast.net	format=lisp2json	query=move blocks	response=(call edu.stanford.nlp.sempre.cubeworld.StacksWorld.wallToString (call context:edu.stanford.nlp.sempre.cubeworld.StacksWorld.stackOnTop (call context:edu.stanford.nlp.sempre.cubeworld.StacksWorld.getTopColor (number 3 COLOR)) (number 3 COLOR))) => (string [[2],[1],[2],[1],[0]])
date=Mon Feb 29 18:20:23 PST 2016	sessionId=A1GQTXZPHAMLEH	remote=c-68-59-80-138.hsd1.fl.comcast.net	format=lisp2json	query=(context (graph NaiveKnowledgeGraph ((string [[2],[1],[2],[1],[0]]) (name b) (name c))))	response=
date=Mon Feb 29 18:20:23 PST 2016	sessionId=A1GQTXZPHAMLEH	remote=c-68-59-80-138.hsd1.fl.comcast.net	format=lisp2json	query=move blocks	response=(call edu.stanford.nlp.sempre.cubeworld.StacksWorld.wallToString (call context:edu.stanford.nlp.sempre.cubeworld.StacksWorld.stackOnTop (call context:edu.stanford.nlp.sempre.cubeworld.StacksWorld.getTopColor (number 3 COLOR)) (number 3 COLOR))) => (string [[2],[1],[2],[1],[0]])
date=Mon Feb 29 18:20:28 PST 2016	sessionId=A1GQTXZPHAMLEH	remote=c-68-59-80-138.hsd1.fl.comcast.net	format=lisp2json	query=(accept 0)	response=(call edu.stanford.nlp.sempre.cubeworld.StacksWorld.wallToString (call context:edu.stanford.nlp.sempre.cubeworld.StacksWorld.stackOnTop (call context:edu.stanford.nlp.sempre.cubeworld.StacksWorld.getTopColor (number 3 COLOR)) (number 3 COLOR))) => (string [[2],[1],[2],[1],[0]])
date=Mon Feb 29 18:20:31 PST 2016	sessionId=A1GQTXZPHAMLEH	remote=c-68-59-80-138.hsd1.fl.comcast.net	format=lisp2json	query=(context (graph NaiveKnowledgeGraph ((string [[2],[1],[2],[1],[0]]) (name b) (name c))))	response=
date=Mon Feb 29 18:20:31 PST 2016	sessionId=A1GQTXZPHAMLEH	remote=c-68-59-80-138.hsd1.fl.comcast.net	format=lisp2json	query=move blocks	response=(call edu.stanford.nlp.sempre.cubeworld.StacksWorld.wallToString (call context:edu.stanford.nlp.sempre.cubeworld.StacksWorld.stackOnTop (call context:edu.stanford.nlp.sempre.cubeworld.StacksWorld.getTopColor (number 3 COLOR)) (number 3 COLOR))) => (string [[2],[1],[2],[1],[0]])
date=Mon Feb 29 18:20:39 PST 2016	sessionId=A1GQTXZPHAMLEH	remote=c-68-59-80-138.hsd1.fl.comcast.net	format=lisp2json	query=(execute (call edu.stanford.nlp.sempre.cubeworld.StacksWorld.getLevel (string babystep)))	response=
date=Mon Feb 29 18:20:41 PST 2016	sessionId=A1GQTXZPHAMLEH	remote=c-68-59-80-138.hsd1.fl.comcast.net	format=lisp2json	query=(execute (call edu.stanford.nlp.sempre.cubeworld.StacksWorld.getLevel (string babystack)))	response=
date=Mon Feb 29 18:20:43 PST 2016	sessionId=A1GQTXZPHAMLEH	remote=c-68-59-80-138.hsd1.fl.comcast.net	format=lisp2json	query=(execute (call edu.stanford.nlp.sempre.cubeworld.StacksWorld.getLevel (string littlehouse)))	response=
date=Mon Feb 29 18:20:44 PST 2016	sessionId=A1GQTXZPHAMLEH	remote=c-68-59-80-138.hsd1.fl.comcast.net	format=lisp2json	query=(execute (call edu.stanford.nlp.sempre.cubeworld.StacksWorld.getLevel (string remove)))	response=
date=Mon Feb 29 18:20:46 PST 2016	sessionId=A1GQTXZPHAMLEH	remote=c-68-59-80-138.hsd1.fl.comcast.net	format=lisp2json	query=(execute (call edu.stanford.nlp.sempre.cubeworld.StacksWorld.getLevel (string babystep)))	response=
date=Mon Feb 29 18:20:46 PST 2016	sessionId=A1GQTXZPHAMLEH	remote=c-68-59-80-138.hsd1.fl.comcast.net	format=lisp2json	query=(execute (call edu.stanford.nlp.sempre.cubeworld.StacksWorld.getLevel (string pattern)))	response=
date=Mon Feb 29 18:20:47 PST 2016	sessionId=A1GQTXZPHAMLEH	remote=c-68-59-80-138.hsd1.fl.comcast.net	format=lisp2json	query=(execute (call edu.stanford.nlp.sempre.cubeworld.StacksWorld.getLevel (string babynot)))	response=
date=Mon Feb 29 18:20:47 PST 2016	sessionId=A1GQTXZPHAMLEH	remote=c-68-59-80-138.hsd1.fl.comcast.net	format=lisp2json	query=(execute (call edu.stanford.nlp.sempre.cubeworld.StacksWorld.getLevel (string babystack)))	response=
date=Mon Feb 29 18:20:48 PST 2016	sessionId=A1GQTXZPHAMLEH	remote=c-68-59-80-138.hsd1.fl.comcast.net	format=lisp2json	query=(execute (call edu.stanford.nlp.sempre.cubeworld.StacksWorld.getLevel (string littlehouse)))	response=
date=Mon Feb 29 18:21:08 PST 2016	sessionId=A1GQTXZPHAMLEH	remote=c-68-59-80-138.hsd1.fl.comcast.net	format=lisp2json	query=(execute (call edu.stanford.nlp.sempre.cubeworld.StacksWorld.getLevel (string remove)))	response=
date=Mon Feb 29 18:21:12 PST 2016	sessionId=A1GQTXZPHAMLEH	remote=c-68-59-80-138.hsd1.fl.comcast.net	format=lisp2json	query=(context (graph NaiveKnowledgeGraph ((string [[0],[3],[2],[3],[3],[1],[2]]) (name b) (name c))))	response=
date=Mon Feb 29 18:21:13 PST 2016	sessionId=A1GQTXZPHAMLEH	remote=c-68-59-80-138.hsd1.fl.comcast.net	format=lisp2json	query=move blocks	response=(call edu.stanford.nlp.sempre.cubeworld.StacksWorld.wallToString (call context:edu.stanford.nlp.sempre.cubeworld.StacksWorld.stackOnTop (call context:edu.stanford.nlp.sempre.cubeworld.StacksWorld.getTopColor (number 3 COLOR)) (number 3 COLOR))) => (string [[0],[3,3],[2],[3,3],[3,3],[1],[2]])
date=Mon Feb 29 18:21:28 PST 2016	sessionId=A1GQTXZPHAMLEH	remote=c-68-59-80-138.hsd1.fl.comcast.net	format=lisp2json	query=(accept 6)	response=(call edu.stanford.nlp.sempre.cubeworld.StacksWorld.wallToString (call context:edu.stanford.nlp.sempre.cubeworld.StacksWorld.removeTop (call context:edu.stanford.nlp.sempre.cubeworld.StacksWorld.getTopColor (number 3 COLOR)))) => (string [[0],[],[2],[],[],[1],[2]])
date=Mon Feb 29 18:21:28 PST 2016	sessionId=A1GQTXZPHAMLEH	remote=c-68-59-80-138.hsd1.fl.comcast.net	format=lisp2json	query=(execute (call edu.stanford.nlp.sempre.cubeworld.StacksWorld.getLevel (string remove)))	response=
date=Mon Feb 29 18:21:32 PST 2016	sessionId=A1GQTXZPHAMLEH	remote=c-68-59-80-138.hsd1.fl.comcast.net	format=lisp2json	query=(context (graph NaiveKnowledgeGraph ((string [[2],[0],[3],[1],[0],[3],[0]]) (name b) (name c))))	response=
date=Mon Feb 29 18:21:32 PST 2016	sessionId=A1GQTXZPHAMLEH	remote=c-68-59-80-138.hsd1.fl.comcast.net	format=lisp2json	query=move blocks	response=(call edu.stanford.nlp.sempre.cubeworld.StacksWorld.wallToString (call context:edu.stanford.nlp.sempre.cubeworld.StacksWorld.removeTop (call context:edu.stanford.nlp.sempre.cubeworld.StacksWorld.getTopColor (number 3 COLOR)))) => (string [[2],[0],[],[1],[0],[],[0]])
date=Mon Feb 29 18:21:39 PST 2016	sessionId=A1GQTXZPHAMLEH	remote=c-68-59-80-138.hsd1.fl.comcast.net	format=lisp2json	query=(execute (call edu.stanford.nlp.sempre.cubeworld.StacksWorld.getLevel (string remove)))	response=
date=Mon Feb 29 18:21:39 PST 2016	sessionId=A1GQTXZPHAMLEH	remote=c-68-59-80-138.hsd1.fl.comcast.net	format=lisp2json	query=(accept 2)	response=(call edu.stanford.nlp.sempre.cubeworld.StacksWorld.wallToString (call context:edu.stanford.nlp.sempre.cubeworld.StacksWorld.removeTop (call context:edu.stanford.nlp.sempre.cubeworld.StacksWorld.getTopColor (number 2 COLOR)))) => (string [[],[0],[3],[1],[0],[3],[0]])
date=Mon Feb 29 18:21:59 PST 2016	sessionId=A1GQTXZPHAMLEH	remote=c-68-59-80-138.hsd1.fl.comcast.net	format=lisp2json	query=(context (graph NaiveKnowledgeGraph ((string [[2],[1],[3],[3],[3],[2]]) (name b) (name c))))	response=
date=Mon Feb 29 18:21:59 PST 2016	sessionId=A1GQTXZPHAMLEH	remote=c-68-59-80-138.hsd1.fl.comcast.net	format=lisp2json	query=move orange blocks	response=(call edu.stanford.nlp.sempre.cubeworld.StacksWorld.wallToString (call context:edu.stanford.nlp.sempre.cubeworld.StacksWorld.stackOnTop (call context:edu.stanford.nlp.sempre.cubeworld.StacksWorld.getTopColor (number 3 COLOR)) (number 3 COLOR))) => (string [[2],[1],[3,3],[3,3],[3,3],[2]])
date=Mon Feb 29 18:22:15 PST 2016	sessionId=A1GQTXZPHAMLEH	remote=c-68-59-80-138.hsd1.fl.comcast.net	format=lisp2json	query=(accept 13)	response=(call edu.stanford.nlp.sempre.cubeworld.StacksWorld.wallToString (call context:edu.stanford.nlp.sempre.cubeworld.StacksWorld.removeTop (call context:edu.stanford.nlp.sempre.cubeworld.StacksWorld.getTopColor (number 2 COLOR)))) => (string [[],[1],[3],[3],[3],[]])
date=Mon Feb 29 18:22:15 PST 2016	sessionId=A1GQTXZPHAMLEH	remote=c-68-59-80-138.hsd1.fl.comcast.net	format=lisp2json	query=(execute (call edu.stanford.nlp.sempre.cubeworld.StacksWorld.getLevel (string remove)))	response=
date=Mon Feb 29 18:22:23 PST 2016	sessionId=A1GQTXZPHAMLEH	remote=c-68-59-80-138.hsd1.fl.comcast.net	format=lisp2json	query=(context (graph NaiveKnowledgeGraph ((string [[0],[0],[1],[2],[2]]) (name b) (name c))))	response=
date=Mon Feb 29 18:22:23 PST 2016	sessionId=A1GQTXZPHAMLEH	remote=c-68-59-80-138.hsd1.fl.comcast.net	format=lisp2json	query=move red blocks	response=(call edu.stanford.nlp.sempre.cubeworld.StacksWorld.wallToString (call context:edu.stanford.nlp.sempre.cubeworld.StacksWorld.stackOnTop (call context:edu.stanford.nlp.sempre.cubeworld.StacksWorld.getTopColor (number 2 COLOR)) (number 2 COLOR))) => (string [[0],[0],[1],[2,2],[2,2]])
date=Mon Feb 29 18:22:40 PST 2016	sessionId=A1GQTXZPHAMLEH	remote=c-68-59-80-138.hsd1.fl.comcast.net	format=lisp2json	query=(accept 13)	response=(call edu.stanford.nlp.sempre.cubeworld.StacksWorld.wallToString (call context:edu.stanford.nlp.sempre.cubeworld.StacksWorld.removeTop (call edu.stanford.nlp.sempre.cubeworld.StacksWorld.complement (call context:edu.stanford.nlp.sempre.cubeworld.StacksWorld.getTopColor (number 2 COLOR))))) => (string [[],[],[],[2],[2]])
date=Mon Feb 29 18:22:53 PST 2016	sessionId=A1GQTXZPHAMLEH	remote=c-68-59-80-138.hsd1.fl.comcast.net	format=lisp2json	query=(context (graph NaiveKnowledgeGraph ((string [[],[],[],[2],[2]]) (name b) (name c))))	response=
date=Mon Feb 29 18:22:54 PST 2016	sessionId=A1GQTXZPHAMLEH	remote=c-68-59-80-138.hsd1.fl.comcast.net	format=lisp2json	query=move turqouise blocks	response=(call edu.stanford.nlp.sempre.cubeworld.StacksWorld.wallToString (call context:edu.stanford.nlp.sempre.cubeworld.StacksWorld.removeTop (call context:edu.stanford.nlp.sempre.cubeworld.StacksWorld.getTopColor (number 2 COLOR)))) => (string [[],[],[],[],[]])
