date=Mon Feb 29 19:26:13 PST 2016	sessionId=A1N84E64VEYY22	remote=pool-98-114-227-144.phlapa.fios.verizon.net	format=lisp2json	query=(execute (call edu.stanford.nlp.sempre.cubeworld.StacksWorld.getLevel (string remove)))	response=
date=Mon Feb 29 19:26:37 PST 2016	sessionId=A1N84E64VEYY22	remote=pool-98-114-227-144.phlapa.fios.verizon.net	format=lisp2json	query=(execute (call edu.stanford.nlp.sempre.cubeworld.StacksWorld.getLevel (string babystep)))	response=
date=Mon Feb 29 19:26:40 PST 2016	sessionId=A1N84E64VEYY22	remote=pool-98-114-227-144.phlapa.fios.verizon.net	format=lisp2json	query=(execute (call edu.stanford.nlp.sempre.cubeworld.StacksWorld.getLevel (string pattern)))	response=
date=Mon Feb 29 19:26:42 PST 2016	sessionId=A1N84E64VEYY22	remote=pool-98-114-227-144.phlapa.fios.verizon.net	format=lisp2json	query=(execute (call edu.stanford.nlp.sempre.cubeworld.StacksWorld.getLevel (string babynot)))	response=
date=Mon Feb 29 19:26:43 PST 2016	sessionId=A1N84E64VEYY22	remote=pool-98-114-227-144.phlapa.fios.verizon.net	format=lisp2json	query=(execute (call edu.stanford.nlp.sempre.cubeworld.StacksWorld.getLevel (string babystack)))	response=
date=Mon Feb 29 19:26:45 PST 2016	sessionId=A1N84E64VEYY22	remote=pool-98-114-227-144.phlapa.fios.verizon.net	format=lisp2json	query=(execute (call edu.stanford.nlp.sempre.cubeworld.StacksWorld.getLevel (string littlehouse)))	response=
date=Mon Feb 29 19:26:46 PST 2016	sessionId=A1N84E64VEYY22	remote=pool-98-114-227-144.phlapa.fios.verizon.net	format=lisp2json	query=(execute (call edu.stanford.nlp.sempre.cubeworld.StacksWorld.getLevel (string remove)))	response=
date=Mon Feb 29 19:27:02 PST 2016	sessionId=A1N84E64VEYY22	remote=pool-98-114-227-144.phlapa.fios.verizon.net	format=lisp2json	query=(execute (call edu.stanford.nlp.sempre.cubeworld.StacksWorld.getLevel (string remove)))	response=
date=Mon Feb 29 19:27:04 PST 2016	sessionId=A1N84E64VEYY22	remote=pool-98-114-227-144.phlapa.fios.verizon.net	format=lisp2json	query=(execute (call edu.stanford.nlp.sempre.cubeworld.StacksWorld.getLevel (string remove)))	response=
date=Mon Feb 29 19:27:04 PST 2016	sessionId=A1N84E64VEYY22	remote=pool-98-114-227-144.phlapa.fios.verizon.net	format=lisp2json	query=(execute (call edu.stanford.nlp.sempre.cubeworld.StacksWorld.getLevel (string remove)))	response=
date=Mon Feb 29 19:27:05 PST 2016	sessionId=A1N84E64VEYY22	remote=pool-98-114-227-144.phlapa.fios.verizon.net	format=lisp2json	query=(execute (call edu.stanford.nlp.sempre.cubeworld.StacksWorld.getLevel (string remove)))	response=
date=Mon Feb 29 19:27:07 PST 2016	sessionId=A1N84E64VEYY22	remote=pool-98-114-227-144.phlapa.fios.verizon.net	format=lisp2json	query=(execute (call edu.stanford.nlp.sempre.cubeworld.StacksWorld.getLevel (string remove)))	response=
date=Mon Feb 29 19:30:39 PST 2016	sessionId=A1N84E64VEYY22	remote=pool-98-114-227-144.phlapa.fios.verizon.net	format=lisp2json	query=(context (graph NaiveKnowledgeGraph ((string [[0],[3],[2],[2],[0]]) (name b) (name c))))	response=
date=Mon Feb 29 19:30:39 PST 2016	sessionId=A1N84E64VEYY22	remote=pool-98-114-227-144.phlapa.fios.verizon.net	format=lisp2json	query=up	response=(call edu.stanford.nlp.sempre.cubeworld.StacksWorld.wallToString (call context:edu.stanford.nlp.sempre.cubeworld.StacksWorld.removeTop (call context:edu.stanford.nlp.sempre.cubeworld.StacksWorld.getNonEmpty))) => (string [[],[],[],[],[]])
date=Mon Feb 29 19:30:42 PST 2016	sessionId=A1N84E64VEYY22	remote=pool-98-114-227-144.phlapa.fios.verizon.net	format=lisp2json	query=(context (graph NaiveKnowledgeGraph ((string [[0],[3],[2],[2],[0]]) (name b) (name c))))	response=
date=Mon Feb 29 19:30:42 PST 2016	sessionId=A1N84E64VEYY22	remote=pool-98-114-227-144.phlapa.fios.verizon.net	format=lisp2json	query=down	response=(call edu.stanford.nlp.sempre.cubeworld.StacksWorld.wallToString (call context:edu.stanford.nlp.sempre.cubeworld.StacksWorld.removeTop (call context:edu.stanford.nlp.sempre.cubeworld.StacksWorld.getNonEmpty))) => (string [[],[],[],[],[]])
date=Mon Feb 29 19:30:49 PST 2016	sessionId=A1N84E64VEYY22	remote=pool-98-114-227-144.phlapa.fios.verizon.net	format=lisp2json	query=(context (graph NaiveKnowledgeGraph ((string [[0],[3],[2],[2],[0]]) (name b) (name c))))	response=
date=Mon Feb 29 19:30:50 PST 2016	sessionId=A1N84E64VEYY22	remote=pool-98-114-227-144.phlapa.fios.verizon.net	format=lisp2json	query=side	response=(call edu.stanford.nlp.sempre.cubeworld.StacksWorld.wallToString (call context:edu.stanford.nlp.sempre.cubeworld.StacksWorld.removeTop (call context:edu.stanford.nlp.sempre.cubeworld.StacksWorld.getNonEmpty))) => (string [[],[],[],[],[]])
date=Mon Feb 29 19:30:57 PST 2016	sessionId=A1N84E64VEYY22	remote=pool-98-114-227-144.phlapa.fios.verizon.net	format=lisp2json	query=(execute (call edu.stanford.nlp.sempre.cubeworld.StacksWorld.getLevel (string remove)))	response=
date=Mon Feb 29 19:30:57 PST 2016	sessionId=A1N84E64VEYY22	remote=pool-98-114-227-144.phlapa.fios.verizon.net	format=lisp2json	query=(execute (call edu.stanford.nlp.sempre.cubeworld.StacksWorld.getLevel (string remove)))	response=
date=Mon Feb 29 19:31:03 PST 2016	sessionId=A1N84E64VEYY22	remote=pool-98-114-227-144.phlapa.fios.verizon.net	format=lisp2json	query=(context (graph NaiveKnowledgeGraph ((string [[0],[1],[1],[2],[1]]) (name b) (name c))))	response=
date=Mon Feb 29 19:31:04 PST 2016	sessionId=A1N84E64VEYY22	remote=pool-98-114-227-144.phlapa.fios.verizon.net	format=lisp2json	query=up	response=(call edu.stanford.nlp.sempre.cubeworld.StacksWorld.wallToString (call context:edu.stanford.nlp.sempre.cubeworld.StacksWorld.removeTop (call context:edu.stanford.nlp.sempre.cubeworld.StacksWorld.getNonEmpty))) => (string [[],[],[],[],[]])
date=Mon Feb 29 19:31:08 PST 2016	sessionId=A1N84E64VEYY22	remote=pool-98-114-227-144.phlapa.fios.verizon.net	format=lisp2json	query=(accept 45)	response=(call edu.stanford.nlp.sempre.cubeworld.StacksWorld.wallToString (call context:edu.stanford.nlp.sempre.cubeworld.StacksWorld.stackOnTop (call context:edu.stanford.nlp.sempre.cubeworld.StacksWorld.getTopColor (number 1 COLOR)) (number 3 COLOR))) => (string [[0],[1,3],[1,3],[2],[1,3]])
date=Mon Feb 29 19:31:11 PST 2016	sessionId=A1N84E64VEYY22	remote=pool-98-114-227-144.phlapa.fios.verizon.net	format=lisp2json	query=(context (graph NaiveKnowledgeGraph ((string [[0],[1,3],[1,3],[2],[1,3]]) (name b) (name c))))	response=
date=Mon Feb 29 19:31:11 PST 2016	sessionId=A1N84E64VEYY22	remote=pool-98-114-227-144.phlapa.fios.verizon.net	format=lisp2json	query=up	response=(call edu.stanford.nlp.sempre.cubeworld.StacksWorld.wallToString (call context:edu.stanford.nlp.sempre.cubeworld.StacksWorld.stackOnTop (call context:edu.stanford.nlp.sempre.cubeworld.StacksWorld.getTopColor (number 3 COLOR)) (number 3 COLOR))) => (string [[0],[1,3,3],[1,3,3],[2],[1,3,3]])
date=Mon Feb 29 19:31:13 PST 2016	sessionId=A1N84E64VEYY22	remote=pool-98-114-227-144.phlapa.fios.verizon.net	format=lisp2json	query=(accept 0)	response=(call edu.stanford.nlp.sempre.cubeworld.StacksWorld.wallToString (call context:edu.stanford.nlp.sempre.cubeworld.StacksWorld.stackOnTop (call context:edu.stanford.nlp.sempre.cubeworld.StacksWorld.getTopColor (number 3 COLOR)) (number 3 COLOR))) => (string [[0],[1,3,3],[1,3,3],[2],[1,3,3]])
date=Mon Feb 29 19:31:52 PST 2016	sessionId=A1N84E64VEYY22	remote=pool-98-114-227-144.phlapa.fios.verizon.net	format=lisp2json	query=(execute (call edu.stanford.nlp.sempre.cubeworld.StacksWorld.getLevel (string remove)))	response=
date=Mon Feb 29 19:31:53 PST 2016	sessionId=A1N84E64VEYY22	remote=pool-98-114-227-144.phlapa.fios.verizon.net	format=lisp2json	query=(execute (call edu.stanford.nlp.sempre.cubeworld.StacksWorld.getLevel (string remove)))	response=
date=Mon Feb 29 19:31:54 PST 2016	sessionId=A1N84E64VEYY22	remote=pool-98-114-227-144.phlapa.fios.verizon.net	format=lisp2json	query=(execute (call edu.stanford.nlp.sempre.cubeworld.StacksWorld.getLevel (string remove)))	response=
date=Mon Feb 29 19:31:55 PST 2016	sessionId=A1N84E64VEYY22	remote=pool-98-114-227-144.phlapa.fios.verizon.net	format=lisp2json	query=(execute (call edu.stanford.nlp.sempre.cubeworld.StacksWorld.getLevel (string remove)))	response=
date=Mon Feb 29 19:31:56 PST 2016	sessionId=A1N84E64VEYY22	remote=pool-98-114-227-144.phlapa.fios.verizon.net	format=lisp2json	query=(execute (call edu.stanford.nlp.sempre.cubeworld.StacksWorld.getLevel (string remove)))	response=
date=Mon Feb 29 19:32:00 PST 2016	sessionId=A1N84E64VEYY22	remote=pool-98-114-227-144.phlapa.fios.verizon.net	format=lisp2json	query=(context (graph NaiveKnowledgeGraph ((string [[3],[3],[2],[1],[3],[1],[0]]) (name b) (name c))))	response=
date=Mon Feb 29 19:32:00 PST 2016	sessionId=A1N84E64VEYY22	remote=pool-98-114-227-144.phlapa.fios.verizon.net	format=lisp2json	query=up	response=(call edu.stanford.nlp.sempre.cubeworld.StacksWorld.wallToString (call context:edu.stanford.nlp.sempre.cubeworld.StacksWorld.stackOnTop (call context:edu.stanford.nlp.sempre.cubeworld.StacksWorld.getTopColor (number 3 COLOR)) (number 3 COLOR))) => (string [[3,3],[3,3],[2],[1],[3,3],[1],[0]])
date=Mon Feb 29 19:32:25 PST 2016	sessionId=A1N84E64VEYY22	remote=pool-98-114-227-144.phlapa.fios.verizon.net	format=lisp2json	query=(accept 21)	response=(call edu.stanford.nlp.sempre.cubeworld.StacksWorld.wallToString (call context:edu.stanford.nlp.sempre.cubeworld.StacksWorld.removeTop (call edu.stanford.nlp.sempre.cubeworld.StacksWorld.complement (call context:edu.stanford.nlp.sempre.cubeworld.StacksWorld.getTopColor (number 3 COLOR))))) => (string [[3],[3],[],[],[3],[],[]])
date=Mon Feb 29 19:32:33 PST 2016	sessionId=A1N84E64VEYY22	remote=pool-98-114-227-144.phlapa.fios.verizon.net	format=lisp2json	query=(context (graph NaiveKnowledgeGraph ((string [[3],[3],[],[],[3],[],[]]) (name b) (name c))))	response=
date=Mon Feb 29 19:32:34 PST 2016	sessionId=A1N84E64VEYY22	remote=pool-98-114-227-144.phlapa.fios.verizon.net	format=lisp2json	query=up	response=(call edu.stanford.nlp.sempre.cubeworld.StacksWorld.wallToString (call context:edu.stanford.nlp.sempre.cubeworld.StacksWorld.stackOnTop (call context:edu.stanford.nlp.sempre.cubeworld.StacksWorld.getTopColor (number 3 COLOR)) (number 3 COLOR))) => (string [[3,3],[3,3],[],[],[3,3],[],[]])
