date=Mon Feb 29 18:27:50 PST 2016	sessionId=A20ALQT1HIVSAH	remote=cpe-184-58-184-43.wi.res.rr.com	format=lisp2json	query=(execute (call edu.stanford.nlp.sempre.cubeworld.StacksWorld.getLevel (string remove)))	response=
date=Mon Feb 29 18:59:37 PST 2016	sessionId=A20ALQT1HIVSAH	remote=cpe-184-58-184-43.wi.res.rr.com	format=lisp2json	query=(execute (call edu.stanford.nlp.sempre.cubeworld.StacksWorld.getLevel (string remove)))	response=
date=Mon Feb 29 18:59:44 PST 2016	sessionId=A20ALQT1HIVSAH	remote=cpe-184-58-184-43.wi.res.rr.com	format=lisp2json	query=(execute (call edu.stanford.nlp.sempre.cubeworld.StacksWorld.getLevel (string remove)))	response=
date=Mon Feb 29 18:59:45 PST 2016	sessionId=A20ALQT1HIVSAH	remote=cpe-184-58-184-43.wi.res.rr.com	format=lisp2json	query=(execute (call edu.stanford.nlp.sempre.cubeworld.StacksWorld.getLevel (string remove)))	response=
date=Mon Feb 29 18:59:47 PST 2016	sessionId=A20ALQT1HIVSAH	remote=cpe-184-58-184-43.wi.res.rr.com	format=lisp2json	query=(execute (call edu.stanford.nlp.sempre.cubeworld.StacksWorld.getLevel (string remove)))	response=
date=Mon Feb 29 19:00:21 PST 2016	sessionId=A20ALQT1HIVSAH	remote=cpe-184-58-184-43.wi.res.rr.com	format=lisp2json	query=(execute (call edu.stanford.nlp.sempre.cubeworld.StacksWorld.getLevel (string remove)))	response=
date=Mon Feb 29 19:00:24 PST 2016	sessionId=A20ALQT1HIVSAH	remote=cpe-184-58-184-43.wi.res.rr.com	format=lisp2json	query=(execute (call edu.stanford.nlp.sempre.cubeworld.StacksWorld.getLevel (string remove)))	response=
date=Mon Feb 29 19:00:25 PST 2016	sessionId=A20ALQT1HIVSAH	remote=cpe-184-58-184-43.wi.res.rr.com	format=lisp2json	query=(execute (call edu.stanford.nlp.sempre.cubeworld.StacksWorld.getLevel (string remove)))	response=
date=Mon Feb 29 19:00:36 PST 2016	sessionId=A20ALQT1HIVSAH	remote=cpe-184-58-184-43.wi.res.rr.com	format=lisp2json	query=(execute (call edu.stanford.nlp.sempre.cubeworld.StacksWorld.getLevel (string remove)))	response=
date=Mon Feb 29 19:00:39 PST 2016	sessionId=A20ALQT1HIVSAH	remote=cpe-184-58-184-43.wi.res.rr.com	format=lisp2json	query=(execute (call edu.stanford.nlp.sempre.cubeworld.StacksWorld.getLevel (string remove)))	response=
date=Mon Feb 29 19:00:44 PST 2016	sessionId=A20ALQT1HIVSAH	remote=cpe-184-58-184-43.wi.res.rr.com	format=lisp2json	query=(execute (call edu.stanford.nlp.sempre.cubeworld.StacksWorld.getLevel (string remove)))	response=
date=Mon Feb 29 19:00:59 PST 2016	sessionId=A20ALQT1HIVSAH	remote=cpe-184-58-184-43.wi.res.rr.com	format=lisp2json	query=(execute (call edu.stanford.nlp.sempre.cubeworld.StacksWorld.getLevel (string remove)))	response=
date=Mon Feb 29 19:01:01 PST 2016	sessionId=A20ALQT1HIVSAH	remote=cpe-184-58-184-43.wi.res.rr.com	format=lisp2json	query=(execute (call edu.stanford.nlp.sempre.cubeworld.StacksWorld.getLevel (string remove)))	response=
date=Mon Feb 29 19:01:08 PST 2016	sessionId=A20ALQT1HIVSAH	remote=cpe-184-58-184-43.wi.res.rr.com	format=lisp2json	query=(context (graph NaiveKnowledgeGraph ((string [[0],[3],[3],[3],[2],[1],[0]]) (name b) (name c))))	response=
date=Mon Feb 29 19:01:08 PST 2016	sessionId=A20ALQT1HIVSAH	remote=cpe-184-58-184-43.wi.res.rr.com	format=lisp2json	query=move right	response=(call edu.stanford.nlp.sempre.cubeworld.StacksWorld.wallToString (call context:edu.stanford.nlp.sempre.cubeworld.StacksWorld.removeTop (call context:edu.stanford.nlp.sempre.cubeworld.StacksWorld.getNonEmpty))) => (string [[],[],[],[],[],[],[]])
date=Mon Feb 29 19:01:25 PST 2016	sessionId=A20ALQT1HIVSAH	remote=cpe-184-58-184-43.wi.res.rr.com	format=lisp2json	query=(context (graph NaiveKnowledgeGraph ((string [[0],[3],[3],[3],[2],[1],[0]]) (name b) (name c))))	response=
date=Mon Feb 29 19:01:25 PST 2016	sessionId=A20ALQT1HIVSAH	remote=cpe-184-58-184-43.wi.res.rr.com	format=lisp2json	query=move down	response=(call edu.stanford.nlp.sempre.cubeworld.StacksWorld.wallToString (call context:edu.stanford.nlp.sempre.cubeworld.StacksWorld.removeTop (call context:edu.stanford.nlp.sempre.cubeworld.StacksWorld.getNonEmpty))) => (string [[],[],[],[],[],[],[]])
date=Mon Feb 29 19:01:47 PST 2016	sessionId=A20ALQT1HIVSAH	remote=cpe-184-58-184-43.wi.res.rr.com	format=lisp2json	query=(context (graph NaiveKnowledgeGraph ((string [[0],[3],[3],[3],[2],[1],[0]]) (name b) (name c))))	response=
date=Mon Feb 29 19:01:47 PST 2016	sessionId=A20ALQT1HIVSAH	remote=cpe-184-58-184-43.wi.res.rr.com	format=lisp2json	query=blue on end	response=(call edu.stanford.nlp.sempre.cubeworld.StacksWorld.wallToString (call context:edu.stanford.nlp.sempre.cubeworld.StacksWorld.removeTop (call context:edu.stanford.nlp.sempre.cubeworld.StacksWorld.getNonEmpty))) => (string [[],[],[],[],[],[],[]])
date=Mon Feb 29 19:01:58 PST 2016	sessionId=A20ALQT1HIVSAH	remote=cpe-184-58-184-43.wi.res.rr.com	format=lisp2json	query=(execute (call edu.stanford.nlp.sempre.cubeworld.StacksWorld.getLevel (string remove)))	response=
date=Mon Feb 29 19:02:04 PST 2016	sessionId=A20ALQT1HIVSAH	remote=cpe-184-58-184-43.wi.res.rr.com	format=lisp2json	query=(context (graph NaiveKnowledgeGraph ((string [[1],[2],[3],[2],[3],[1],[0]]) (name b) (name c))))	response=
date=Mon Feb 29 19:02:04 PST 2016	sessionId=A20ALQT1HIVSAH	remote=cpe-184-58-184-43.wi.res.rr.com	format=lisp2json	query=duplicate	response=(call edu.stanford.nlp.sempre.cubeworld.StacksWorld.wallToString (call context:edu.stanford.nlp.sempre.cubeworld.StacksWorld.removeTop (call context:edu.stanford.nlp.sempre.cubeworld.StacksWorld.getNonEmpty))) => (string [[],[],[],[],[],[],[]])
date=Mon Feb 29 19:02:12 PST 2016	sessionId=A20ALQT1HIVSAH	remote=cpe-184-58-184-43.wi.res.rr.com	format=lisp2json	query=(context (graph NaiveKnowledgeGraph ((string [[1],[2],[3],[2],[3],[1],[0]]) (name b) (name c))))	response=
date=Mon Feb 29 19:02:13 PST 2016	sessionId=A20ALQT1HIVSAH	remote=cpe-184-58-184-43.wi.res.rr.com	format=lisp2json	query=orange blocks down	response=(call edu.stanford.nlp.sempre.cubeworld.StacksWorld.wallToString (call context:edu.stanford.nlp.sempre.cubeworld.StacksWorld.removeTop (call context:edu.stanford.nlp.sempre.cubeworld.StacksWorld.getNonEmpty))) => (string [[],[],[],[],[],[],[]])
date=Mon Feb 29 19:02:18 PST 2016	sessionId=A20ALQT1HIVSAH	remote=cpe-184-58-184-43.wi.res.rr.com	format=lisp2json	query=(accept 53)	response=(call edu.stanford.nlp.sempre.cubeworld.StacksWorld.wallToString (call context:edu.stanford.nlp.sempre.cubeworld.StacksWorld.stackOnTop (call context:edu.stanford.nlp.sempre.cubeworld.StacksWorld.getTopColor (number 3 COLOR)) (number 3 COLOR))) => (string [[1],[2],[3,3],[2],[3,3],[1],[0]])
date=Mon Feb 29 19:02:38 PST 2016	sessionId=A20ALQT1HIVSAH	remote=cpe-184-58-184-43.wi.res.rr.com	format=lisp2json	query=(context (graph NaiveKnowledgeGraph ((string [[1],[2],[3,3],[2],[3,3],[1],[0]]) (name b) (name c))))	response=
date=Mon Feb 29 19:02:38 PST 2016	sessionId=A20ALQT1HIVSAH	remote=cpe-184-58-184-43.wi.res.rr.com	format=lisp2json	query=remove two orange	response=(call edu.stanford.nlp.sempre.cubeworld.StacksWorld.wallToString (call context:edu.stanford.nlp.sempre.cubeworld.StacksWorld.stackOnTop (call context:edu.stanford.nlp.sempre.cubeworld.StacksWorld.getTopColor (number 3 COLOR)) (number 3 COLOR))) => (string [[1],[2],[3,3,3],[2],[3,3,3],[1],[0]])
date=Mon Feb 29 19:02:55 PST 2016	sessionId=A20ALQT1HIVSAH	remote=cpe-184-58-184-43.wi.res.rr.com	format=lisp2json	query=(accept 0)	response=(call edu.stanford.nlp.sempre.cubeworld.StacksWorld.wallToString (call context:edu.stanford.nlp.sempre.cubeworld.StacksWorld.stackOnTop (call context:edu.stanford.nlp.sempre.cubeworld.StacksWorld.getTopColor (number 3 COLOR)) (number 3 COLOR))) => (string [[1],[2],[3,3,3],[2],[3,3,3],[1],[0]])
date=Mon Feb 29 19:03:12 PST 2016	sessionId=A20ALQT1HIVSAH	remote=cpe-184-58-184-43.wi.res.rr.com	format=lisp2json	query=(context (graph NaiveKnowledgeGraph ((string [[1],[2],[3,3],[2],[3,3],[1],[0]]) (name b) (name c))))	response=
date=Mon Feb 29 19:03:12 PST 2016	sessionId=A20ALQT1HIVSAH	remote=cpe-184-58-184-43.wi.res.rr.com	format=lisp2json	query=same	response=(call edu.stanford.nlp.sempre.cubeworld.StacksWorld.wallToString (call context:edu.stanford.nlp.sempre.cubeworld.StacksWorld.stackOnTop (call context:edu.stanford.nlp.sempre.cubeworld.StacksWorld.getTopColor (number 3 COLOR)) (number 3 COLOR))) => (string [[1],[2],[3,3,3],[2],[3,3,3],[1],[0]])
date=Mon Feb 29 19:03:20 PST 2016	sessionId=A20ALQT1HIVSAH	remote=cpe-184-58-184-43.wi.res.rr.com	format=lisp2json	query=(accept 0)	response=(call edu.stanford.nlp.sempre.cubeworld.StacksWorld.wallToString (call context:edu.stanford.nlp.sempre.cubeworld.StacksWorld.stackOnTop (call context:edu.stanford.nlp.sempre.cubeworld.StacksWorld.getTopColor (number 3 COLOR)) (number 3 COLOR))) => (string [[1],[2],[3,3,3],[2],[3,3,3],[1],[0]])
date=Mon Feb 29 19:03:38 PST 2016	sessionId=A20ALQT1HIVSAH	remote=cpe-184-58-184-43.wi.res.rr.com	format=lisp2json	query=(context (graph NaiveKnowledgeGraph ((string [[1],[2],[3,3],[2],[3,3],[1],[0]]) (name b) (name c))))	response=
date=Mon Feb 29 19:03:39 PST 2016	sessionId=A20ALQT1HIVSAH	remote=cpe-184-58-184-43.wi.res.rr.com	format=lisp2json	query=add brown	response=(call edu.stanford.nlp.sempre.cubeworld.StacksWorld.wallToString (call context:edu.stanford.nlp.sempre.cubeworld.StacksWorld.stackOnTop (call context:edu.stanford.nlp.sempre.cubeworld.StacksWorld.getTopColor (number 3 COLOR)) (number 3 COLOR))) => (string [[1],[2],[3,3,3],[2],[3,3,3],[1],[0]])
date=Mon Feb 29 19:04:04 PST 2016	sessionId=A20ALQT1HIVSAH	remote=cpe-184-58-184-43.wi.res.rr.com	format=lisp2json	query=(context (graph NaiveKnowledgeGraph ((string [[1],[2],[3],[2],[3],[1],[0]]) (name b) (name c))))	response=
date=Mon Feb 29 19:04:04 PST 2016	sessionId=A20ALQT1HIVSAH	remote=cpe-184-58-184-43.wi.res.rr.com	format=lisp2json	query=change orange to brown	response=(call edu.stanford.nlp.sempre.cubeworld.StacksWorld.wallToString (call context:edu.stanford.nlp.sempre.cubeworld.StacksWorld.stackOnTop (call context:edu.stanford.nlp.sempre.cubeworld.StacksWorld.getTopColor (number 3 COLOR)) (number 3 COLOR))) => (string [[1],[2],[3,3],[2],[3,3],[1],[0]])
date=Mon Feb 29 19:04:11 PST 2016	sessionId=A20ALQT1HIVSAH	remote=cpe-184-58-184-43.wi.res.rr.com	format=lisp2json	query=(execute (call edu.stanford.nlp.sempre.cubeworld.StacksWorld.getLevel (string babystep)))	response=
date=Mon Feb 29 19:04:12 PST 2016	sessionId=A20ALQT1HIVSAH	remote=cpe-184-58-184-43.wi.res.rr.com	format=lisp2json	query=(execute (call edu.stanford.nlp.sempre.cubeworld.StacksWorld.getLevel (string pattern)))	response=
date=Mon Feb 29 19:04:13 PST 2016	sessionId=A20ALQT1HIVSAH	remote=cpe-184-58-184-43.wi.res.rr.com	format=lisp2json	query=(execute (call edu.stanford.nlp.sempre.cubeworld.StacksWorld.getLevel (string littlehouse)))	response=
date=Mon Feb 29 19:04:15 PST 2016	sessionId=A20ALQT1HIVSAH	remote=cpe-184-58-184-43.wi.res.rr.com	format=lisp2json	query=(execute (call edu.stanford.nlp.sempre.cubeworld.StacksWorld.getLevel (string babystack)))	response=
date=Mon Feb 29 19:04:28 PST 2016	sessionId=A20ALQT1HIVSAH	remote=cpe-184-58-184-43.wi.res.rr.com	format=lisp2json	query=(execute (call edu.stanford.nlp.sempre.cubeworld.StacksWorld.getLevel (string babystack)))	response=
date=Mon Feb 29 19:04:30 PST 2016	sessionId=A20ALQT1HIVSAH	remote=cpe-184-58-184-43.wi.res.rr.com	format=lisp2json	query=(context (graph NaiveKnowledgeGraph ((string [[3,1],[3,3],[1],[2]]) (name b) (name c))))	response=
date=Mon Feb 29 19:04:30 PST 2016	sessionId=A20ALQT1HIVSAH	remote=cpe-184-58-184-43.wi.res.rr.com	format=lisp2json	query=add brown	response=(call edu.stanford.nlp.sempre.cubeworld.StacksWorld.wallToString (call context:edu.stanford.nlp.sempre.cubeworld.StacksWorld.stackOnTop (call context:edu.stanford.nlp.sempre.cubeworld.StacksWorld.getTopColor (number 3 COLOR)) (number 3 COLOR))) => (string [[3,1],[3,3,3],[1],[2]])
