date=Mon Feb 29 18:24:25 PST 2016	sessionId=A243MVNC6OLKBF	remote=74-196-123-97.tyrccmtk01.res.dyn.suddenlink.net	format=lisp2json	query=(execute (call edu.stanford.nlp.sempre.cubeworld.StacksWorld.getLevel (string remove)))	response=
date=Mon Feb 29 18:24:52 PST 2016	sessionId=A243MVNC6OLKBF	remote=74-196-123-97.tyrccmtk01.res.dyn.suddenlink.net	format=lisp2json	query=(execute (call edu.stanford.nlp.sempre.cubeworld.StacksWorld.getLevel (string babystep)))	response=
date=Mon Feb 29 18:24:54 PST 2016	sessionId=A243MVNC6OLKBF	remote=74-196-123-97.tyrccmtk01.res.dyn.suddenlink.net	format=lisp2json	query=(execute (call edu.stanford.nlp.sempre.cubeworld.StacksWorld.getLevel (string remove)))	response=
date=Mon Feb 29 18:25:36 PST 2016	sessionId=A243MVNC6OLKBF	remote=74-196-123-97.tyrccmtk01.res.dyn.suddenlink.net	format=lisp2json	query=(execute (call edu.stanford.nlp.sempre.cubeworld.StacksWorld.getLevel (string babynot)))	response=
date=Mon Feb 29 18:25:39 PST 2016	sessionId=A243MVNC6OLKBF	remote=74-196-123-97.tyrccmtk01.res.dyn.suddenlink.net	format=lisp2json	query=(execute (call edu.stanford.nlp.sempre.cubeworld.StacksWorld.getLevel (string babystack)))	response=
date=Mon Feb 29 18:25:41 PST 2016	sessionId=A243MVNC6OLKBF	remote=74-196-123-97.tyrccmtk01.res.dyn.suddenlink.net	format=lisp2json	query=(execute (call edu.stanford.nlp.sempre.cubeworld.StacksWorld.getLevel (string remove)))	response=
date=Mon Feb 29 18:25:43 PST 2016	sessionId=A243MVNC6OLKBF	remote=74-196-123-97.tyrccmtk01.res.dyn.suddenlink.net	format=lisp2json	query=(execute (call edu.stanford.nlp.sempre.cubeworld.StacksWorld.getLevel (string babystep)))	response=
date=Mon Feb 29 18:25:44 PST 2016	sessionId=A243MVNC6OLKBF	remote=74-196-123-97.tyrccmtk01.res.dyn.suddenlink.net	format=lisp2json	query=(execute (call edu.stanford.nlp.sempre.cubeworld.StacksWorld.getLevel (string remove)))	response=
date=Mon Feb 29 18:25:53 PST 2016	sessionId=A243MVNC6OLKBF	remote=74-196-123-97.tyrccmtk01.res.dyn.suddenlink.net	format=lisp2json	query=(execute (call edu.stanford.nlp.sempre.cubeworld.StacksWorld.getLevel (string remove)))	response=
date=Mon Feb 29 18:27:04 PST 2016	sessionId=A243MVNC6OLKBF	remote=74-196-123-97.tyrccmtk01.res.dyn.suddenlink.net	format=lisp2json	query=(context (graph NaiveKnowledgeGraph ((string [[3],[2],[1],[0],[3],[3],[0]]) (name b) (name c))))	response=
date=Mon Feb 29 18:27:04 PST 2016	sessionId=A243MVNC6OLKBF	remote=74-196-123-97.tyrccmtk01.res.dyn.suddenlink.net	format=lisp2json	query=count 3 blocks	response=(call edu.stanford.nlp.sempre.cubeworld.StacksWorld.wallToString (call context:edu.stanford.nlp.sempre.cubeworld.StacksWorld.removeTop (call context:edu.stanford.nlp.sempre.cubeworld.StacksWorld.getNonEmpty))) => (string [[],[],[],[],[],[],[]])
date=Mon Feb 29 18:27:33 PST 2016	sessionId=A243MVNC6OLKBF	remote=74-196-123-97.tyrccmtk01.res.dyn.suddenlink.net	format=lisp2json	query=(context (graph NaiveKnowledgeGraph ((string [[3],[2],[1],[0],[3],[3],[0]]) (name b) (name c))))	response=
date=Mon Feb 29 18:27:33 PST 2016	sessionId=A243MVNC6OLKBF	remote=74-196-123-97.tyrccmtk01.res.dyn.suddenlink.net	format=lisp2json	query=remove red block	response=(call edu.stanford.nlp.sempre.cubeworld.StacksWorld.wallToString (call context:edu.stanford.nlp.sempre.cubeworld.StacksWorld.removeTop (call context:edu.stanford.nlp.sempre.cubeworld.StacksWorld.getNonEmpty))) => (string [[],[],[],[],[],[],[]])
date=Mon Feb 29 18:27:47 PST 2016	sessionId=A243MVNC6OLKBF	remote=74-196-123-97.tyrccmtk01.res.dyn.suddenlink.net	format=lisp2json	query=(context (graph NaiveKnowledgeGraph ((string [[3],[2],[1],[0],[3],[3],[0]]) (name b) (name c))))	response=
date=Mon Feb 29 18:27:48 PST 2016	sessionId=A243MVNC6OLKBF	remote=74-196-123-97.tyrccmtk01.res.dyn.suddenlink.net	format=lisp2json	query=repeat	response=(call edu.stanford.nlp.sempre.cubeworld.StacksWorld.wallToString (call context:edu.stanford.nlp.sempre.cubeworld.StacksWorld.removeTop (call context:edu.stanford.nlp.sempre.cubeworld.StacksWorld.getNonEmpty))) => (string [[],[],[],[],[],[],[]])
date=Mon Feb 29 18:28:06 PST 2016	sessionId=A243MVNC6OLKBF	remote=74-196-123-97.tyrccmtk01.res.dyn.suddenlink.net	format=lisp2json	query=(execute (call edu.stanford.nlp.sempre.cubeworld.StacksWorld.getLevel (string remove)))	response=
date=Mon Feb 29 18:29:25 PST 2016	sessionId=A243MVNC6OLKBF	remote=74-196-123-97.tyrccmtk01.res.dyn.suddenlink.net	format=lisp2json	query=(execute (call edu.stanford.nlp.sempre.cubeworld.StacksWorld.getLevel (string remove)))	response=
date=Mon Feb 29 18:29:28 PST 2016	sessionId=A243MVNC6OLKBF	remote=74-196-123-97.tyrccmtk01.res.dyn.suddenlink.net	format=lisp2json	query=(execute (call edu.stanford.nlp.sempre.cubeworld.StacksWorld.getLevel (string remove)))	response=
date=Mon Feb 29 18:29:31 PST 2016	sessionId=A243MVNC6OLKBF	remote=74-196-123-97.tyrccmtk01.res.dyn.suddenlink.net	format=lisp2json	query=(execute (call edu.stanford.nlp.sempre.cubeworld.StacksWorld.getLevel (string remove)))	response=
date=Mon Feb 29 18:29:32 PST 2016	sessionId=A243MVNC6OLKBF	remote=74-196-123-97.tyrccmtk01.res.dyn.suddenlink.net	format=lisp2json	query=(execute (call edu.stanford.nlp.sempre.cubeworld.StacksWorld.getLevel (string remove)))	response=
date=Mon Feb 29 18:30:28 PST 2016	sessionId=A243MVNC6OLKBF	remote=74-196-123-97.tyrccmtk01.res.dyn.suddenlink.net	format=lisp2json	query=(context (graph NaiveKnowledgeGraph ((string [[1],[2],[2],[2],[2],[3]]) (name b) (name c))))	response=
date=Mon Feb 29 18:30:29 PST 2016	sessionId=A243MVNC6OLKBF	remote=74-196-123-97.tyrccmtk01.res.dyn.suddenlink.net	format=lisp2json	query=remove red blocks	response=(call edu.stanford.nlp.sempre.cubeworld.StacksWorld.wallToString (call context:edu.stanford.nlp.sempre.cubeworld.StacksWorld.removeTop (call context:edu.stanford.nlp.sempre.cubeworld.StacksWorld.getNonEmpty))) => (string [[],[],[],[],[],[]])
date=Mon Feb 29 18:30:38 PST 2016	sessionId=A243MVNC6OLKBF	remote=74-196-123-97.tyrccmtk01.res.dyn.suddenlink.net	format=lisp2json	query=(context (graph NaiveKnowledgeGraph ((string [[1],[2],[2],[2],[2],[3]]) (name b) (name c))))	response=
date=Mon Feb 29 18:30:38 PST 2016	sessionId=A243MVNC6OLKBF	remote=74-196-123-97.tyrccmtk01.res.dyn.suddenlink.net	format=lisp2json	query=wrong	response=(call edu.stanford.nlp.sempre.cubeworld.StacksWorld.wallToString (call context:edu.stanford.nlp.sempre.cubeworld.StacksWorld.removeTop (call context:edu.stanford.nlp.sempre.cubeworld.StacksWorld.getNonEmpty))) => (string [[],[],[],[],[],[]])
date=Mon Feb 29 18:30:45 PST 2016	sessionId=A243MVNC6OLKBF	remote=74-196-123-97.tyrccmtk01.res.dyn.suddenlink.net	format=lisp2json	query=(context (graph NaiveKnowledgeGraph ((string [[1],[2],[2],[2],[2],[3]]) (name b) (name c))))	response=
date=Mon Feb 29 18:30:45 PST 2016	sessionId=A243MVNC6OLKBF	remote=74-196-123-97.tyrccmtk01.res.dyn.suddenlink.net	format=lisp2json	query=dskfjasdfjsadklf	response=(call edu.stanford.nlp.sempre.cubeworld.StacksWorld.wallToString (call context:edu.stanford.nlp.sempre.cubeworld.StacksWorld.removeTop (call context:edu.stanford.nlp.sempre.cubeworld.StacksWorld.getNonEmpty))) => (string [[],[],[],[],[],[]])
