date=Mon Feb 29 18:36:25 PST 2016	sessionId=A26489BYPGWBGZ	remote=96-41-4-91.dhcp.mtpk.ca.charter.com	format=lisp2json	query=(execute (call edu.stanford.nlp.sempre.cubeworld.StacksWorld.getLevel (string remove)))	response=
date=Mon Feb 29 18:36:25 PST 2016	sessionId=A26489BYPGWBGZ	remote=96-41-4-91.dhcp.mtpk.ca.charter.com	format=lisp2json	query=(execute (call edu.stanford.nlp.sempre.cubeworld.StacksWorld.getLevel (string remove)))	response=
date=Mon Feb 29 18:41:43 PST 2016	sessionId=A26489BYPGWBGZ	remote=96-41-4-91.dhcp.mtpk.ca.charter.com	format=lisp2json	query=(execute (call edu.stanford.nlp.sempre.cubeworld.StacksWorld.getLevel (string babystep)))	response=
date=Mon Feb 29 18:41:44 PST 2016	sessionId=A26489BYPGWBGZ	remote=96-41-4-91.dhcp.mtpk.ca.charter.com	format=lisp2json	query=(execute (call edu.stanford.nlp.sempre.cubeworld.StacksWorld.getLevel (string remove)))	response=
date=Mon Feb 29 18:41:45 PST 2016	sessionId=A26489BYPGWBGZ	remote=96-41-4-91.dhcp.mtpk.ca.charter.com	format=lisp2json	query=(execute (call edu.stanford.nlp.sempre.cubeworld.StacksWorld.getLevel (string babystep)))	response=
date=Mon Feb 29 18:41:46 PST 2016	sessionId=A26489BYPGWBGZ	remote=96-41-4-91.dhcp.mtpk.ca.charter.com	format=lisp2json	query=(execute (call edu.stanford.nlp.sempre.cubeworld.StacksWorld.getLevel (string remove)))	response=
date=Mon Feb 29 18:42:01 PST 2016	sessionId=A26489BYPGWBGZ	remote=96-41-4-91.dhcp.mtpk.ca.charter.com	format=lisp2json	query=(context (graph NaiveKnowledgeGraph ((string [[0],[0],[3],[2],[0],[1]]) (name b) (name c))))	response=
date=Mon Feb 29 18:42:01 PST 2016	sessionId=A26489BYPGWBGZ	remote=96-41-4-91.dhcp.mtpk.ca.charter.com	format=lisp2json	query=hello	response=(call edu.stanford.nlp.sempre.cubeworld.StacksWorld.wallToString (call context:edu.stanford.nlp.sempre.cubeworld.StacksWorld.removeTop (call context:edu.stanford.nlp.sempre.cubeworld.StacksWorld.getNonEmpty))) => (string [[],[],[],[],[],[]])
date=Mon Feb 29 18:42:11 PST 2016	sessionId=A26489BYPGWBGZ	remote=96-41-4-91.dhcp.mtpk.ca.charter.com	format=lisp2json	query=(context (graph NaiveKnowledgeGraph ((string [[0],[0],[3],[2],[0],[1]]) (name b) (name c))))	response=
date=Mon Feb 29 18:42:11 PST 2016	sessionId=A26489BYPGWBGZ	remote=96-41-4-91.dhcp.mtpk.ca.charter.com	format=lisp2json	query=good bye	response=(call edu.stanford.nlp.sempre.cubeworld.StacksWorld.wallToString (call context:edu.stanford.nlp.sempre.cubeworld.StacksWorld.removeTop (call context:edu.stanford.nlp.sempre.cubeworld.StacksWorld.getNonEmpty))) => (string [[],[],[],[],[],[]])
date=Mon Feb 29 18:42:13 PST 2016	sessionId=A26489BYPGWBGZ	remote=96-41-4-91.dhcp.mtpk.ca.charter.com	format=lisp2json	query=(context (graph NaiveKnowledgeGraph ((string [[0],[0],[3],[2],[0],[1]]) (name b) (name c))))	response=
date=Mon Feb 29 18:42:13 PST 2016	sessionId=A26489BYPGWBGZ	remote=96-41-4-91.dhcp.mtpk.ca.charter.com	format=lisp2json	query=01	response=(call edu.stanford.nlp.sempre.cubeworld.StacksWorld.wallToString (call context:edu.stanford.nlp.sempre.cubeworld.StacksWorld.removeTop (call context:edu.stanford.nlp.sempre.cubeworld.StacksWorld.getNonEmpty))) => (string [[],[],[],[],[],[]])
date=Mon Feb 29 18:42:14 PST 2016	sessionId=A26489BYPGWBGZ	remote=96-41-4-91.dhcp.mtpk.ca.charter.com	format=lisp2json	query=(context (graph NaiveKnowledgeGraph ((string [[0],[0],[3],[2],[0],[1]]) (name b) (name c))))	response=
date=Mon Feb 29 18:42:14 PST 2016	sessionId=A26489BYPGWBGZ	remote=96-41-4-91.dhcp.mtpk.ca.charter.com	format=lisp2json	query=2	response=(call edu.stanford.nlp.sempre.cubeworld.StacksWorld.wallToString (call context:edu.stanford.nlp.sempre.cubeworld.StacksWorld.removeTop (call context:edu.stanford.nlp.sempre.cubeworld.StacksWorld.getNonEmpty))) => (string [[],[],[],[],[],[]])
date=Mon Feb 29 18:42:15 PST 2016	sessionId=A26489BYPGWBGZ	remote=96-41-4-91.dhcp.mtpk.ca.charter.com	format=lisp2json	query=(context (graph NaiveKnowledgeGraph ((string [[0],[0],[3],[2],[0],[1]]) (name b) (name c))))	response=
date=Mon Feb 29 18:42:15 PST 2016	sessionId=A26489BYPGWBGZ	remote=96-41-4-91.dhcp.mtpk.ca.charter.com	format=lisp2json	query=3	response=(call edu.stanford.nlp.sempre.cubeworld.StacksWorld.wallToString (call context:edu.stanford.nlp.sempre.cubeworld.StacksWorld.removeTop (call context:edu.stanford.nlp.sempre.cubeworld.StacksWorld.getNonEmpty))) => (string [[],[],[],[],[],[]])
date=Mon Feb 29 18:42:16 PST 2016	sessionId=A26489BYPGWBGZ	remote=96-41-4-91.dhcp.mtpk.ca.charter.com	format=lisp2json	query=(context (graph NaiveKnowledgeGraph ((string [[0],[0],[3],[2],[0],[1]]) (name b) (name c))))	response=
date=Mon Feb 29 18:42:16 PST 2016	sessionId=A26489BYPGWBGZ	remote=96-41-4-91.dhcp.mtpk.ca.charter.com	format=lisp2json	query=4	response=(call edu.stanford.nlp.sempre.cubeworld.StacksWorld.wallToString (call context:edu.stanford.nlp.sempre.cubeworld.StacksWorld.removeTop (call context:edu.stanford.nlp.sempre.cubeworld.StacksWorld.getNonEmpty))) => (string [[],[],[],[],[],[]])
date=Mon Feb 29 18:42:16 PST 2016	sessionId=A26489BYPGWBGZ	remote=96-41-4-91.dhcp.mtpk.ca.charter.com	format=lisp2json	query=(context (graph NaiveKnowledgeGraph ((string [[0],[0],[3],[2],[0],[1]]) (name b) (name c))))	response=
date=Mon Feb 29 18:42:16 PST 2016	sessionId=A26489BYPGWBGZ	remote=96-41-4-91.dhcp.mtpk.ca.charter.com	format=lisp2json	query=5	response=(call edu.stanford.nlp.sempre.cubeworld.StacksWorld.wallToString (call context:edu.stanford.nlp.sempre.cubeworld.StacksWorld.removeTop (call context:edu.stanford.nlp.sempre.cubeworld.StacksWorld.getNonEmpty))) => (string [[],[],[],[],[],[]])
date=Mon Feb 29 18:42:17 PST 2016	sessionId=A26489BYPGWBGZ	remote=96-41-4-91.dhcp.mtpk.ca.charter.com	format=lisp2json	query=(context (graph NaiveKnowledgeGraph ((string [[0],[0],[3],[2],[0],[1]]) (name b) (name c))))	response=
date=Mon Feb 29 18:42:17 PST 2016	sessionId=A26489BYPGWBGZ	remote=96-41-4-91.dhcp.mtpk.ca.charter.com	format=lisp2json	query=6	response=(call edu.stanford.nlp.sempre.cubeworld.StacksWorld.wallToString (call context:edu.stanford.nlp.sempre.cubeworld.StacksWorld.removeTop (call context:edu.stanford.nlp.sempre.cubeworld.StacksWorld.getNonEmpty))) => (string [[],[],[],[],[],[]])
date=Mon Feb 29 18:42:17 PST 2016	sessionId=A26489BYPGWBGZ	remote=96-41-4-91.dhcp.mtpk.ca.charter.com	format=lisp2json	query=(context (graph NaiveKnowledgeGraph ((string [[0],[0],[3],[2],[0],[1]]) (name b) (name c))))	response=
date=Mon Feb 29 18:42:17 PST 2016	sessionId=A26489BYPGWBGZ	remote=96-41-4-91.dhcp.mtpk.ca.charter.com	format=lisp2json	query=78	response=(call edu.stanford.nlp.sempre.cubeworld.StacksWorld.wallToString (call context:edu.stanford.nlp.sempre.cubeworld.StacksWorld.removeTop (call context:edu.stanford.nlp.sempre.cubeworld.StacksWorld.getNonEmpty))) => (string [[],[],[],[],[],[]])
date=Mon Feb 29 18:42:18 PST 2016	sessionId=A26489BYPGWBGZ	remote=96-41-4-91.dhcp.mtpk.ca.charter.com	format=lisp2json	query=(context (graph NaiveKnowledgeGraph ((string [[0],[0],[3],[2],[0],[1]]) (name b) (name c))))	response=
date=Mon Feb 29 18:42:18 PST 2016	sessionId=A26489BYPGWBGZ	remote=96-41-4-91.dhcp.mtpk.ca.charter.com	format=lisp2json	query=9	response=(call edu.stanford.nlp.sempre.cubeworld.StacksWorld.wallToString (call context:edu.stanford.nlp.sempre.cubeworld.StacksWorld.removeTop (call context:edu.stanford.nlp.sempre.cubeworld.StacksWorld.getNonEmpty))) => (string [[],[],[],[],[],[]])
date=Mon Feb 29 18:42:19 PST 2016	sessionId=A26489BYPGWBGZ	remote=96-41-4-91.dhcp.mtpk.ca.charter.com	format=lisp2json	query=(context (graph NaiveKnowledgeGraph ((string [[0],[0],[3],[2],[0],[1]]) (name b) (name c))))	response=
date=Mon Feb 29 18:42:19 PST 2016	sessionId=A26489BYPGWBGZ	remote=96-41-4-91.dhcp.mtpk.ca.charter.com	format=lisp2json	query=10	response=(call edu.stanford.nlp.sempre.cubeworld.StacksWorld.wallToString (call context:edu.stanford.nlp.sempre.cubeworld.StacksWorld.removeTop (call context:edu.stanford.nlp.sempre.cubeworld.StacksWorld.getNonEmpty))) => (string [[],[],[],[],[],[]])
