date=Mon Feb 29 19:39:47 PST 2016	sessionId=A3IVMLE5FNMO6B	remote=71-85-236-135.dhcp.stls.mo.charter.com	format=lisp2json	query=(execute (call edu.stanford.nlp.sempre.cubeworld.StacksWorld.getLevel (string remove)))	response=
date=Mon Feb 29 19:40:16 PST 2016	sessionId=A3IVMLE5FNMO6B	remote=71-85-236-135.dhcp.stls.mo.charter.com	format=lisp2json	query=(context (graph NaiveKnowledgeGraph ((string [[3],[2],[1],[1],[2],[0]]) (name b) (name c))))	response=
date=Mon Feb 29 19:40:17 PST 2016	sessionId=A3IVMLE5FNMO6B	remote=71-85-236-135.dhcp.stls.mo.charter.com	format=lisp2json	query=up	response=(call edu.stanford.nlp.sempre.cubeworld.StacksWorld.wallToString (call context:edu.stanford.nlp.sempre.cubeworld.StacksWorld.removeTop (call context:edu.stanford.nlp.sempre.cubeworld.StacksWorld.getNonEmpty))) => (string [[],[],[],[],[],[]])
date=Mon Feb 29 19:40:24 PST 2016	sessionId=A3IVMLE5FNMO6B	remote=71-85-236-135.dhcp.stls.mo.charter.com	format=lisp2json	query=(context (graph NaiveKnowledgeGraph ((string [[3],[2],[1],[1],[2],[0]]) (name b) (name c))))	response=
date=Mon Feb 29 19:40:24 PST 2016	sessionId=A3IVMLE5FNMO6B	remote=71-85-236-135.dhcp.stls.mo.charter.com	format=lisp2json	query=up	response=(call edu.stanford.nlp.sempre.cubeworld.StacksWorld.wallToString (call context:edu.stanford.nlp.sempre.cubeworld.StacksWorld.removeTop (call context:edu.stanford.nlp.sempre.cubeworld.StacksWorld.getNonEmpty))) => (string [[],[],[],[],[],[]])
date=Mon Feb 29 19:40:52 PST 2016	sessionId=A3IVMLE5FNMO6B	remote=71-85-236-135.dhcp.stls.mo.charter.com	format=lisp2json	query=(accept 0)	response=(call edu.stanford.nlp.sempre.cubeworld.StacksWorld.wallToString (call context:edu.stanford.nlp.sempre.cubeworld.StacksWorld.removeTop (call context:edu.stanford.nlp.sempre.cubeworld.StacksWorld.getNonEmpty))) => (string [[],[],[],[],[],[]])
date=Mon Feb 29 19:41:08 PST 2016	sessionId=A3IVMLE5FNMO6B	remote=71-85-236-135.dhcp.stls.mo.charter.com	format=lisp2json	query=(context (graph NaiveKnowledgeGraph ((string [[3],[2],[1],[1],[2],[0]]) (name b) (name c))))	response=
date=Mon Feb 29 19:41:09 PST 2016	sessionId=A3IVMLE5FNMO6B	remote=71-85-236-135.dhcp.stls.mo.charter.com	format=lisp2json	query=up	response=(call edu.stanford.nlp.sempre.cubeworld.StacksWorld.wallToString (call context:edu.stanford.nlp.sempre.cubeworld.StacksWorld.removeTop (call context:edu.stanford.nlp.sempre.cubeworld.StacksWorld.getNonEmpty))) => (string [[],[],[],[],[],[]])
date=Mon Feb 29 19:41:12 PST 2016	sessionId=A3IVMLE5FNMO6B	remote=71-85-236-135.dhcp.stls.mo.charter.com	format=lisp2json	query=(context (graph NaiveKnowledgeGraph ((string [[3],[2],[1],[1],[2],[0]]) (name b) (name c))))	response=
date=Mon Feb 29 19:41:12 PST 2016	sessionId=A3IVMLE5FNMO6B	remote=71-85-236-135.dhcp.stls.mo.charter.com	format=lisp2json	query=down	response=(call edu.stanford.nlp.sempre.cubeworld.StacksWorld.wallToString (call context:edu.stanford.nlp.sempre.cubeworld.StacksWorld.removeTop (call context:edu.stanford.nlp.sempre.cubeworld.StacksWorld.getNonEmpty))) => (string [[],[],[],[],[],[]])
date=Mon Feb 29 19:41:15 PST 2016	sessionId=A3IVMLE5FNMO6B	remote=71-85-236-135.dhcp.stls.mo.charter.com	format=lisp2json	query=(context (graph NaiveKnowledgeGraph ((string [[3],[2],[1],[1],[2],[0]]) (name b) (name c))))	response=
date=Mon Feb 29 19:41:15 PST 2016	sessionId=A3IVMLE5FNMO6B	remote=71-85-236-135.dhcp.stls.mo.charter.com	format=lisp2json	query=over	response=(call edu.stanford.nlp.sempre.cubeworld.StacksWorld.wallToString (call context:edu.stanford.nlp.sempre.cubeworld.StacksWorld.removeTop (call context:edu.stanford.nlp.sempre.cubeworld.StacksWorld.getNonEmpty))) => (string [[],[],[],[],[],[]])
date=Mon Feb 29 19:41:26 PST 2016	sessionId=A3IVMLE5FNMO6B	remote=71-85-236-135.dhcp.stls.mo.charter.com	format=lisp2json	query=(accept 4)	response=(call edu.stanford.nlp.sempre.cubeworld.StacksWorld.wallToString (call context:edu.stanford.nlp.sempre.cubeworld.StacksWorld.removeTop (call edu.stanford.nlp.sempre.cubeworld.StacksWorld.leftMost1 (call context:edu.stanford.nlp.sempre.cubeworld.StacksWorld.getNonEmpty)))) => (string [[],[2],[1],[1],[2],[0]])
date=Mon Feb 29 19:41:26 PST 2016	sessionId=A3IVMLE5FNMO6B	remote=71-85-236-135.dhcp.stls.mo.charter.com	format=lisp2json	query=(execute (call edu.stanford.nlp.sempre.cubeworld.StacksWorld.getLevel (string remove)))	response=
date=Mon Feb 29 19:41:39 PST 2016	sessionId=A3IVMLE5FNMO6B	remote=71-85-236-135.dhcp.stls.mo.charter.com	format=lisp2json	query=(context (graph NaiveKnowledgeGraph ((string [[2],[3],[1],[0],[2],[1],[3]]) (name b) (name c))))	response=
date=Mon Feb 29 19:41:39 PST 2016	sessionId=A3IVMLE5FNMO6B	remote=71-85-236-135.dhcp.stls.mo.charter.com	format=lisp2json	query=down	response=(call edu.stanford.nlp.sempre.cubeworld.StacksWorld.wallToString (call context:edu.stanford.nlp.sempre.cubeworld.StacksWorld.removeTop (call context:edu.stanford.nlp.sempre.cubeworld.StacksWorld.getNonEmpty))) => (string [[],[],[],[],[],[],[]])
date=Mon Feb 29 19:41:45 PST 2016	sessionId=A3IVMLE5FNMO6B	remote=71-85-236-135.dhcp.stls.mo.charter.com	format=lisp2json	query=(accept 0)	response=(call edu.stanford.nlp.sempre.cubeworld.StacksWorld.wallToString (call context:edu.stanford.nlp.sempre.cubeworld.StacksWorld.removeTop (call context:edu.stanford.nlp.sempre.cubeworld.StacksWorld.getNonEmpty))) => (string [[],[],[],[],[],[],[]])
date=Mon Feb 29 19:42:13 PST 2016	sessionId=A3IVMLE5FNMO6B	remote=71-85-236-135.dhcp.stls.mo.charter.com	format=lisp2json	query=(context (graph NaiveKnowledgeGraph ((string [[],[],[],[],[],[],[]]) (name b) (name c))))	response=
date=Mon Feb 29 19:42:13 PST 2016	sessionId=A3IVMLE5FNMO6B	remote=71-85-236-135.dhcp.stls.mo.charter.com	format=lisp2json	query=iver	response=(call edu.stanford.nlp.sempre.cubeworld.StacksWorld.wallToString (call context:edu.stanford.nlp.sempre.cubeworld.StacksWorld.removeTop (call context:edu.stanford.nlp.sempre.cubeworld.StacksWorld.getNonEmpty))) => (string [[],[],[],[],[],[],[]])
date=Mon Feb 29 19:42:15 PST 2016	sessionId=A3IVMLE5FNMO6B	remote=71-85-236-135.dhcp.stls.mo.charter.com	format=lisp2json	query=(execute (call edu.stanford.nlp.sempre.cubeworld.StacksWorld.getLevel (string remove)))	response=
date=Mon Feb 29 19:42:16 PST 2016	sessionId=A3IVMLE5FNMO6B	remote=71-85-236-135.dhcp.stls.mo.charter.com	format=lisp2json	query=(execute (call edu.stanford.nlp.sempre.cubeworld.StacksWorld.getLevel (string remove)))	response=
date=Mon Feb 29 19:42:17 PST 2016	sessionId=A3IVMLE5FNMO6B	remote=71-85-236-135.dhcp.stls.mo.charter.com	format=lisp2json	query=(execute (call edu.stanford.nlp.sempre.cubeworld.StacksWorld.getLevel (string remove)))	response=
date=Mon Feb 29 19:42:18 PST 2016	sessionId=A3IVMLE5FNMO6B	remote=71-85-236-135.dhcp.stls.mo.charter.com	format=lisp2json	query=(execute (call edu.stanford.nlp.sempre.cubeworld.StacksWorld.getLevel (string remove)))	response=
date=Mon Feb 29 19:42:20 PST 2016	sessionId=A3IVMLE5FNMO6B	remote=71-85-236-135.dhcp.stls.mo.charter.com	format=lisp2json	query=(execute (call edu.stanford.nlp.sempre.cubeworld.StacksWorld.getLevel (string remove)))	response=
date=Mon Feb 29 19:42:21 PST 2016	sessionId=A3IVMLE5FNMO6B	remote=71-85-236-135.dhcp.stls.mo.charter.com	format=lisp2json	query=(execute (call edu.stanford.nlp.sempre.cubeworld.StacksWorld.getLevel (string remove)))	response=
date=Mon Feb 29 19:42:22 PST 2016	sessionId=A3IVMLE5FNMO6B	remote=71-85-236-135.dhcp.stls.mo.charter.com	format=lisp2json	query=(execute (call edu.stanford.nlp.sempre.cubeworld.StacksWorld.getLevel (string remove)))	response=
date=Mon Feb 29 19:42:24 PST 2016	sessionId=A3IVMLE5FNMO6B	remote=71-85-236-135.dhcp.stls.mo.charter.com	format=lisp2json	query=(execute (call edu.stanford.nlp.sempre.cubeworld.StacksWorld.getLevel (string remove)))	response=
date=Mon Feb 29 19:42:26 PST 2016	sessionId=A3IVMLE5FNMO6B	remote=71-85-236-135.dhcp.stls.mo.charter.com	format=lisp2json	query=(execute (call edu.stanford.nlp.sempre.cubeworld.StacksWorld.getLevel (string remove)))	response=
date=Mon Feb 29 19:42:45 PST 2016	sessionId=A3IVMLE5FNMO6B	remote=71-85-236-135.dhcp.stls.mo.charter.com	format=lisp2json	query=(execute (call edu.stanford.nlp.sempre.cubeworld.StacksWorld.getLevel (string remove)))	response=
date=Mon Feb 29 19:42:52 PST 2016	sessionId=A3IVMLE5FNMO6B	remote=71-85-236-135.dhcp.stls.mo.charter.com	format=lisp2json	query=(context (graph NaiveKnowledgeGraph ((string [[3],[2],[3],[2],[3]]) (name b) (name c))))	response=
date=Mon Feb 29 19:42:52 PST 2016	sessionId=A3IVMLE5FNMO6B	remote=71-85-236-135.dhcp.stls.mo.charter.com	format=lisp2json	query=up	response=(call edu.stanford.nlp.sempre.cubeworld.StacksWorld.wallToString (call context:edu.stanford.nlp.sempre.cubeworld.StacksWorld.removeTop (call context:edu.stanford.nlp.sempre.cubeworld.StacksWorld.getNonEmpty))) => (string [[],[],[],[],[]])
date=Mon Feb 29 19:43:00 PST 2016	sessionId=A3IVMLE5FNMO6B	remote=71-85-236-135.dhcp.stls.mo.charter.com	format=lisp2json	query=(context (graph NaiveKnowledgeGraph ((string [[3],[2],[3],[2],[3]]) (name b) (name c))))	response=
date=Mon Feb 29 19:43:01 PST 2016	sessionId=A3IVMLE5FNMO6B	remote=71-85-236-135.dhcp.stls.mo.charter.com	format=lisp2json	query=over	response=(call edu.stanford.nlp.sempre.cubeworld.StacksWorld.wallToString (call context:edu.stanford.nlp.sempre.cubeworld.StacksWorld.removeTop (call edu.stanford.nlp.sempre.cubeworld.StacksWorld.leftMost1 (call context:edu.stanford.nlp.sempre.cubeworld.StacksWorld.getNonEmpty)))) => (string [[],[2],[3],[2],[3]])
date=Mon Feb 29 19:43:05 PST 2016	sessionId=A3IVMLE5FNMO6B	remote=71-85-236-135.dhcp.stls.mo.charter.com	format=lisp2json	query=(accept 0)	response=(call edu.stanford.nlp.sempre.cubeworld.StacksWorld.wallToString (call context:edu.stanford.nlp.sempre.cubeworld.StacksWorld.removeTop (call edu.stanford.nlp.sempre.cubeworld.StacksWorld.leftMost1 (call context:edu.stanford.nlp.sempre.cubeworld.StacksWorld.getNonEmpty)))) => (string [[],[2],[3],[2],[3]])
date=Mon Feb 29 19:43:29 PST 2016	sessionId=A3IVMLE5FNMO6B	remote=71-85-236-135.dhcp.stls.mo.charter.com	format=lisp2json	query=(execute (call edu.stanford.nlp.sempre.cubeworld.StacksWorld.getLevel (string remove)))	response=
date=Mon Feb 29 19:43:42 PST 2016	sessionId=A3IVMLE5FNMO6B	remote=71-85-236-135.dhcp.stls.mo.charter.com	format=lisp2json	query=(execute (call edu.stanford.nlp.sempre.cubeworld.StacksWorld.getLevel (string babystep)))	response=
date=Mon Feb 29 19:43:45 PST 2016	sessionId=A3IVMLE5FNMO6B	remote=71-85-236-135.dhcp.stls.mo.charter.com	format=lisp2json	query=(execute (call edu.stanford.nlp.sempre.cubeworld.StacksWorld.getLevel (string pattern)))	response=
date=Mon Feb 29 19:43:46 PST 2016	sessionId=A3IVMLE5FNMO6B	remote=71-85-236-135.dhcp.stls.mo.charter.com	format=lisp2json	query=(execute (call edu.stanford.nlp.sempre.cubeworld.StacksWorld.getLevel (string babynot)))	response=
date=Mon Feb 29 19:43:47 PST 2016	sessionId=A3IVMLE5FNMO6B	remote=71-85-236-135.dhcp.stls.mo.charter.com	format=lisp2json	query=(execute (call edu.stanford.nlp.sempre.cubeworld.StacksWorld.getLevel (string babystack)))	response=
date=Mon Feb 29 19:43:48 PST 2016	sessionId=A3IVMLE5FNMO6B	remote=71-85-236-135.dhcp.stls.mo.charter.com	format=lisp2json	query=(execute (call edu.stanford.nlp.sempre.cubeworld.StacksWorld.getLevel (string littlehouse)))	response=
