date=Mon Feb 29 19:22:30 PST 2016	sessionId=A3QW5NQC6ZBXJ4	remote=72-185-194-128.res.bhn.net	format=lisp2json	query=(execute (call edu.stanford.nlp.sempre.cubeworld.StacksWorld.getLevel (string remove)))	response=
date=Mon Feb 29 19:23:52 PST 2016	sessionId=A3QW5NQC6ZBXJ4	remote=72-185-194-128.res.bhn.net	format=lisp2json	query=(execute (call edu.stanford.nlp.sempre.cubeworld.StacksWorld.getLevel (string remove)))	response=
date=Mon Feb 29 19:23:57 PST 2016	sessionId=A3QW5NQC6ZBXJ4	remote=72-185-194-128.res.bhn.net	format=lisp2json	query=(execute (call edu.stanford.nlp.sempre.cubeworld.StacksWorld.getLevel (string remove)))	response=
date=Mon Feb 29 19:24:00 PST 2016	sessionId=A3QW5NQC6ZBXJ4	remote=72-185-194-128.res.bhn.net	format=lisp2json	query=(execute (call edu.stanford.nlp.sempre.cubeworld.StacksWorld.getLevel (string remove)))	response=
date=Mon Feb 29 19:24:17 PST 2016	sessionId=A3QW5NQC6ZBXJ4	remote=72-185-194-128.res.bhn.net	format=lisp2json	query=(execute (call edu.stanford.nlp.sempre.cubeworld.StacksWorld.getLevel (string babynot)))	response=
date=Mon Feb 29 19:24:22 PST 2016	sessionId=A3QW5NQC6ZBXJ4	remote=72-185-194-128.res.bhn.net	format=lisp2json	query=(execute (call edu.stanford.nlp.sempre.cubeworld.StacksWorld.getLevel (string babystep)))	response=
date=Mon Feb 29 19:24:35 PST 2016	sessionId=A3QW5NQC6ZBXJ4	remote=72-185-194-128.res.bhn.net	format=lisp2json	query=(execute (call edu.stanford.nlp.sempre.cubeworld.StacksWorld.getLevel (string babynot)))	response=
date=Mon Feb 29 19:24:44 PST 2016	sessionId=A3QW5NQC6ZBXJ4	remote=72-185-194-128.res.bhn.net	format=lisp2json	query=(execute (call edu.stanford.nlp.sempre.cubeworld.StacksWorld.getLevel (string littlehouse)))	response=
date=Mon Feb 29 19:24:46 PST 2016	sessionId=A3QW5NQC6ZBXJ4	remote=72-185-194-128.res.bhn.net	format=lisp2json	query=(execute (call edu.stanford.nlp.sempre.cubeworld.StacksWorld.getLevel (string babystack)))	response=
date=Mon Feb 29 19:24:48 PST 2016	sessionId=A3QW5NQC6ZBXJ4	remote=72-185-194-128.res.bhn.net	format=lisp2json	query=(execute (call edu.stanford.nlp.sempre.cubeworld.StacksWorld.getLevel (string babynot)))	response=
date=Mon Feb 29 19:25:17 PST 2016	sessionId=A3QW5NQC6ZBXJ4	remote=72-185-194-128.res.bhn.net	format=lisp2json	query=(execute (call edu.stanford.nlp.sempre.cubeworld.StacksWorld.getLevel (string babynot)))	response=
date=Mon Feb 29 19:25:34 PST 2016	sessionId=A3QW5NQC6ZBXJ4	remote=72-185-194-128.res.bhn.net	format=lisp2json	query=(execute (call edu.stanford.nlp.sempre.cubeworld.StacksWorld.getLevel (string babynot)))	response=
date=Mon Feb 29 19:25:36 PST 2016	sessionId=A3QW5NQC6ZBXJ4	remote=72-185-194-128.res.bhn.net	format=lisp2json	query=(execute (call edu.stanford.nlp.sempre.cubeworld.StacksWorld.getLevel (string babynot)))	response=
date=Mon Feb 29 19:25:38 PST 2016	sessionId=A3QW5NQC6ZBXJ4	remote=72-185-194-128.res.bhn.net	format=lisp2json	query=(execute (call edu.stanford.nlp.sempre.cubeworld.StacksWorld.getLevel (string remove)))	response=
date=Mon Feb 29 19:26:01 PST 2016	sessionId=A3QW5NQC6ZBXJ4	remote=72-185-194-128.res.bhn.net	format=lisp2json	query=(context (graph NaiveKnowledgeGraph ((string [[1],[0],[2],[1],[2],[2]]) (name b) (name c))))	response=
date=Mon Feb 29 19:26:01 PST 2016	sessionId=A3QW5NQC6ZBXJ4	remote=72-185-194-128.res.bhn.net	format=lisp2json	query=1	response=(call edu.stanford.nlp.sempre.cubeworld.StacksWorld.wallToString (call context:edu.stanford.nlp.sempre.cubeworld.StacksWorld.removeTop (call context:edu.stanford.nlp.sempre.cubeworld.StacksWorld.getNonEmpty))) => (string [[],[],[],[],[],[]])
date=Mon Feb 29 19:26:18 PST 2016	sessionId=A3QW5NQC6ZBXJ4	remote=72-185-194-128.res.bhn.net	format=lisp2json	query=(context (graph NaiveKnowledgeGraph ((string [[1],[0],[2],[1],[2],[2]]) (name b) (name c))))	response=
date=Mon Feb 29 19:26:18 PST 2016	sessionId=A3QW5NQC6ZBXJ4	remote=72-185-194-128.res.bhn.net	format=lisp2json	query=-1	response=(call edu.stanford.nlp.sempre.cubeworld.StacksWorld.wallToString (call context:edu.stanford.nlp.sempre.cubeworld.StacksWorld.removeTop (call context:edu.stanford.nlp.sempre.cubeworld.StacksWorld.getNonEmpty))) => (string [[],[],[],[],[],[]])
date=Mon Feb 29 19:26:28 PST 2016	sessionId=A3QW5NQC6ZBXJ4	remote=72-185-194-128.res.bhn.net	format=lisp2json	query=(execute (call edu.stanford.nlp.sempre.cubeworld.StacksWorld.getLevel (string remove)))	response=
date=Mon Feb 29 19:26:39 PST 2016	sessionId=A3QW5NQC6ZBXJ4	remote=72-185-194-128.res.bhn.net	format=lisp2json	query=(context (graph NaiveKnowledgeGraph ((string [[1],[0],[3],[2],[2],[0]]) (name b) (name c))))	response=
date=Mon Feb 29 19:26:39 PST 2016	sessionId=A3QW5NQC6ZBXJ4	remote=72-185-194-128.res.bhn.net	format=lisp2json	query=34	response=(call edu.stanford.nlp.sempre.cubeworld.StacksWorld.wallToString (call context:edu.stanford.nlp.sempre.cubeworld.StacksWorld.removeTop (call context:edu.stanford.nlp.sempre.cubeworld.StacksWorld.getNonEmpty))) => (string [[],[],[],[],[],[]])
date=Mon Feb 29 19:27:16 PST 2016	sessionId=A3QW5NQC6ZBXJ4	remote=72-185-194-128.res.bhn.net	format=lisp2json	query=(context (graph NaiveKnowledgeGraph ((string [[1],[0],[3],[2],[2],[0]]) (name b) (name c))))	response=
date=Mon Feb 29 19:27:16 PST 2016	sessionId=A3QW5NQC6ZBXJ4	remote=72-185-194-128.res.bhn.net	format=lisp2json	query=4	response=(call edu.stanford.nlp.sempre.cubeworld.StacksWorld.wallToString (call context:edu.stanford.nlp.sempre.cubeworld.StacksWorld.removeTop (call context:edu.stanford.nlp.sempre.cubeworld.StacksWorld.getNonEmpty))) => (string [[],[],[],[],[],[]])
date=Mon Feb 29 19:27:31 PST 2016	sessionId=A3QW5NQC6ZBXJ4	remote=72-185-194-128.res.bhn.net	format=lisp2json	query=(accept 6)	response=(call edu.stanford.nlp.sempre.cubeworld.StacksWorld.wallToString (call context:edu.stanford.nlp.sempre.cubeworld.StacksWorld.removeTop (call context:edu.stanford.nlp.sempre.cubeworld.StacksWorld.getTopColor (number 2 COLOR)))) => (string [[1],[0],[3],[],[],[0]])
date=Mon Feb 29 19:27:31 PST 2016	sessionId=A3QW5NQC6ZBXJ4	remote=72-185-194-128.res.bhn.net	format=lisp2json	query=(execute (call edu.stanford.nlp.sempre.cubeworld.StacksWorld.getLevel (string remove)))	response=
date=Mon Feb 29 19:27:38 PST 2016	sessionId=A3QW5NQC6ZBXJ4	remote=72-185-194-128.res.bhn.net	format=lisp2json	query=(context (graph NaiveKnowledgeGraph ((string [[3],[0],[2],[0],[3],[3]]) (name b) (name c))))	response=
date=Mon Feb 29 19:27:38 PST 2016	sessionId=A3QW5NQC6ZBXJ4	remote=72-185-194-128.res.bhn.net	format=lisp2json	query=2	response=(call edu.stanford.nlp.sempre.cubeworld.StacksWorld.wallToString (call context:edu.stanford.nlp.sempre.cubeworld.StacksWorld.removeTop (call context:edu.stanford.nlp.sempre.cubeworld.StacksWorld.getTopColor (number 2 COLOR)))) => (string [[3],[0],[],[0],[3],[3]])
date=Mon Feb 29 19:27:48 PST 2016	sessionId=A3QW5NQC6ZBXJ4	remote=72-185-194-128.res.bhn.net	format=lisp2json	query=(accept 11)	response=(call edu.stanford.nlp.sempre.cubeworld.StacksWorld.wallToString (call context:edu.stanford.nlp.sempre.cubeworld.StacksWorld.removeTop (call context:edu.stanford.nlp.sempre.cubeworld.StacksWorld.getTopColor (number 0 COLOR)))) => (string [[3],[],[2],[],[3],[3]])
date=Mon Feb 29 19:27:48 PST 2016	sessionId=A3QW5NQC6ZBXJ4	remote=72-185-194-128.res.bhn.net	format=lisp2json	query=(execute (call edu.stanford.nlp.sempre.cubeworld.StacksWorld.getLevel (string remove)))	response=
date=Mon Feb 29 19:28:00 PST 2016	sessionId=A3QW5NQC6ZBXJ4	remote=72-185-194-128.res.bhn.net	format=lisp2json	query=(context (graph NaiveKnowledgeGraph ((string [[3],[2],[1],[0],[0],[1],[3]]) (name b) (name c))))	response=
date=Mon Feb 29 19:28:00 PST 2016	sessionId=A3QW5NQC6ZBXJ4	remote=72-185-194-128.res.bhn.net	format=lisp2json	query=1	response=(call edu.stanford.nlp.sempre.cubeworld.StacksWorld.wallToString (call context:edu.stanford.nlp.sempre.cubeworld.StacksWorld.removeTop (call context:edu.stanford.nlp.sempre.cubeworld.StacksWorld.getTopColor (number 2 COLOR)))) => (string [[3],[],[1],[0],[0],[1],[3]])
date=Mon Feb 29 19:28:08 PST 2016	sessionId=A3QW5NQC6ZBXJ4	remote=72-185-194-128.res.bhn.net	format=lisp2json	query=(accept 4)	response=(call edu.stanford.nlp.sempre.cubeworld.StacksWorld.wallToString (call context:edu.stanford.nlp.sempre.cubeworld.StacksWorld.removeTop (call context:edu.stanford.nlp.sempre.cubeworld.StacksWorld.getTopColor (number 3 COLOR)))) => (string [[],[2],[1],[0],[0],[1],[]])
date=Mon Feb 29 19:28:08 PST 2016	sessionId=A3QW5NQC6ZBXJ4	remote=72-185-194-128.res.bhn.net	format=lisp2json	query=(execute (call edu.stanford.nlp.sempre.cubeworld.StacksWorld.getLevel (string remove)))	response=
date=Mon Feb 29 19:28:16 PST 2016	sessionId=A3QW5NQC6ZBXJ4	remote=72-185-194-128.res.bhn.net	format=lisp2json	query=(context (graph NaiveKnowledgeGraph ((string [[0],[0],[1],[2],[2]]) (name b) (name c))))	response=
date=Mon Feb 29 19:28:16 PST 2016	sessionId=A3QW5NQC6ZBXJ4	remote=72-185-194-128.res.bhn.net	format=lisp2json	query=4	response=(call edu.stanford.nlp.sempre.cubeworld.StacksWorld.wallToString (call context:edu.stanford.nlp.sempre.cubeworld.StacksWorld.removeTop (call context:edu.stanford.nlp.sempre.cubeworld.StacksWorld.getTopColor (number 2 COLOR)))) => (string [[0],[0],[1],[],[]])
date=Mon Feb 29 19:28:45 PST 2016	sessionId=A3QW5NQC6ZBXJ4	remote=72-185-194-128.res.bhn.net	format=lisp2json	query=(context (graph NaiveKnowledgeGraph ((string [[0],[0],[1],[2],[2]]) (name b) (name c))))	response=
date=Mon Feb 29 19:28:46 PST 2016	sessionId=A3QW5NQC6ZBXJ4	remote=72-185-194-128.res.bhn.net	format=lisp2json	query=45	response=(call edu.stanford.nlp.sempre.cubeworld.StacksWorld.wallToString (call context:edu.stanford.nlp.sempre.cubeworld.StacksWorld.removeTop (call context:edu.stanford.nlp.sempre.cubeworld.StacksWorld.getTopColor (number 2 COLOR)))) => (string [[0],[0],[1],[],[]])
date=Mon Feb 29 19:28:48 PST 2016	sessionId=A3QW5NQC6ZBXJ4	remote=72-185-194-128.res.bhn.net	format=lisp2json	query=(accept 0)	response=(call edu.stanford.nlp.sempre.cubeworld.StacksWorld.wallToString (call context:edu.stanford.nlp.sempre.cubeworld.StacksWorld.removeTop (call context:edu.stanford.nlp.sempre.cubeworld.StacksWorld.getTopColor (number 2 COLOR)))) => (string [[0],[0],[1],[],[]])
date=Mon Feb 29 19:28:49 PST 2016	sessionId=A3QW5NQC6ZBXJ4	remote=72-185-194-128.res.bhn.net	format=lisp2json	query=(execute (call edu.stanford.nlp.sempre.cubeworld.StacksWorld.getLevel (string remove)))	response=
date=Mon Feb 29 19:28:55 PST 2016	sessionId=A3QW5NQC6ZBXJ4	remote=72-185-194-128.res.bhn.net	format=lisp2json	query=(context (graph NaiveKnowledgeGraph ((string [[1],[1],[3],[1],[0]]) (name b) (name c))))	response=
date=Mon Feb 29 19:28:55 PST 2016	sessionId=A3QW5NQC6ZBXJ4	remote=72-185-194-128.res.bhn.net	format=lisp2json	query=124	response=(call edu.stanford.nlp.sempre.cubeworld.StacksWorld.wallToString (call context:edu.stanford.nlp.sempre.cubeworld.StacksWorld.removeTop (call context:edu.stanford.nlp.sempre.cubeworld.StacksWorld.getTopColor (number 2 COLOR)))) => (string [[1],[1],[3],[1],[0]])
date=Mon Feb 29 19:29:01 PST 2016	sessionId=A3QW5NQC6ZBXJ4	remote=72-185-194-128.res.bhn.net	format=lisp2json	query=(accept 3)	response=(call edu.stanford.nlp.sempre.cubeworld.StacksWorld.wallToString (call context:edu.stanford.nlp.sempre.cubeworld.StacksWorld.removeTop (call context:edu.stanford.nlp.sempre.cubeworld.StacksWorld.getTopColor (number 1 COLOR)))) => (string [[],[],[3],[],[0]])
date=Mon Feb 29 19:29:01 PST 2016	sessionId=A3QW5NQC6ZBXJ4	remote=72-185-194-128.res.bhn.net	format=lisp2json	query=(execute (call edu.stanford.nlp.sempre.cubeworld.StacksWorld.getLevel (string remove)))	response=
date=Mon Feb 29 19:29:06 PST 2016	sessionId=A3QW5NQC6ZBXJ4	remote=72-185-194-128.res.bhn.net	format=lisp2json	query=(context (graph NaiveKnowledgeGraph ((string [[3],[2],[0],[3],[2]]) (name b) (name c))))	response=
date=Mon Feb 29 19:29:06 PST 2016	sessionId=A3QW5NQC6ZBXJ4	remote=72-185-194-128.res.bhn.net	format=lisp2json	query=25	response=(call edu.stanford.nlp.sempre.cubeworld.StacksWorld.wallToString (call context:edu.stanford.nlp.sempre.cubeworld.StacksWorld.removeTop (call context:edu.stanford.nlp.sempre.cubeworld.StacksWorld.getTopColor (number 2 COLOR)))) => (string [[3],[],[0],[3],[]])
date=Mon Feb 29 19:29:09 PST 2016	sessionId=A3QW5NQC6ZBXJ4	remote=72-185-194-128.res.bhn.net	format=lisp2json	query=(accept 0)	response=(call edu.stanford.nlp.sempre.cubeworld.StacksWorld.wallToString (call context:edu.stanford.nlp.sempre.cubeworld.StacksWorld.removeTop (call context:edu.stanford.nlp.sempre.cubeworld.StacksWorld.getTopColor (number 2 COLOR)))) => (string [[3],[],[0],[3],[]])
date=Mon Feb 29 19:29:09 PST 2016	sessionId=A3QW5NQC6ZBXJ4	remote=72-185-194-128.res.bhn.net	format=lisp2json	query=(execute (call edu.stanford.nlp.sempre.cubeworld.StacksWorld.getLevel (string remove)))	response=
date=Mon Feb 29 19:29:13 PST 2016	sessionId=A3QW5NQC6ZBXJ4	remote=72-185-194-128.res.bhn.net	format=lisp2json	query=(context (graph NaiveKnowledgeGraph ((string [[1],[0],[0],[3],[2]]) (name b) (name c))))	response=
date=Mon Feb 29 19:29:13 PST 2016	sessionId=A3QW5NQC6ZBXJ4	remote=72-185-194-128.res.bhn.net	format=lisp2json	query=23	response=(call edu.stanford.nlp.sempre.cubeworld.StacksWorld.wallToString (call context:edu.stanford.nlp.sempre.cubeworld.StacksWorld.removeTop (call context:edu.stanford.nlp.sempre.cubeworld.StacksWorld.getTopColor (number 2 COLOR)))) => (string [[1],[0],[0],[3],[]])
date=Mon Feb 29 19:29:16 PST 2016	sessionId=A3QW5NQC6ZBXJ4	remote=72-185-194-128.res.bhn.net	format=lisp2json	query=(execute (call edu.stanford.nlp.sempre.cubeworld.StacksWorld.getLevel (string remove)))	response=
date=Mon Feb 29 19:29:16 PST 2016	sessionId=A3QW5NQC6ZBXJ4	remote=72-185-194-128.res.bhn.net	format=lisp2json	query=(accept 1)	response=(call edu.stanford.nlp.sempre.cubeworld.StacksWorld.wallToString (call context:edu.stanford.nlp.sempre.cubeworld.StacksWorld.removeTop (call context:edu.stanford.nlp.sempre.cubeworld.StacksWorld.getTopColor (number 0 COLOR)))) => (string [[1],[],[],[3],[2]])
date=Mon Feb 29 19:29:29 PST 2016	sessionId=A3QW5NQC6ZBXJ4	remote=72-185-194-128.res.bhn.net	format=lisp2json	query=(context (graph NaiveKnowledgeGraph ((string [[1],[2],[0],[3],[0]]) (name b) (name c))))	response=
date=Mon Feb 29 19:29:29 PST 2016	sessionId=A3QW5NQC6ZBXJ4	remote=72-185-194-128.res.bhn.net	format=lisp2json	query=35	response=(call edu.stanford.nlp.sempre.cubeworld.StacksWorld.wallToString (call context:edu.stanford.nlp.sempre.cubeworld.StacksWorld.removeTop (call context:edu.stanford.nlp.sempre.cubeworld.StacksWorld.getTopColor (number 2 COLOR)))) => (string [[1],[],[0],[3],[0]])
date=Mon Feb 29 19:29:32 PST 2016	sessionId=A3QW5NQC6ZBXJ4	remote=72-185-194-128.res.bhn.net	format=lisp2json	query=(accept 1)	response=(call edu.stanford.nlp.sempre.cubeworld.StacksWorld.wallToString (call context:edu.stanford.nlp.sempre.cubeworld.StacksWorld.removeTop (call context:edu.stanford.nlp.sempre.cubeworld.StacksWorld.getTopColor (number 0 COLOR)))) => (string [[1],[2],[],[3],[]])
date=Mon Feb 29 19:29:32 PST 2016	sessionId=A3QW5NQC6ZBXJ4	remote=72-185-194-128.res.bhn.net	format=lisp2json	query=(execute (call edu.stanford.nlp.sempre.cubeworld.StacksWorld.getLevel (string remove)))	response=
date=Mon Feb 29 19:29:40 PST 2016	sessionId=A3QW5NQC6ZBXJ4	remote=72-185-194-128.res.bhn.net	format=lisp2json	query=(context (graph NaiveKnowledgeGraph ((string [[0],[2],[0],[3],[1],[2],[2]]) (name b) (name c))))	response=
date=Mon Feb 29 19:29:40 PST 2016	sessionId=A3QW5NQC6ZBXJ4	remote=72-185-194-128.res.bhn.net	format=lisp2json	query=4	response=(call edu.stanford.nlp.sempre.cubeworld.StacksWorld.wallToString (call context:edu.stanford.nlp.sempre.cubeworld.StacksWorld.removeTop (call context:edu.stanford.nlp.sempre.cubeworld.StacksWorld.getTopColor (number 2 COLOR)))) => (string [[0],[],[0],[3],[1],[],[]])
date=Mon Feb 29 19:29:44 PST 2016	sessionId=A3QW5NQC6ZBXJ4	remote=72-185-194-128.res.bhn.net	format=lisp2json	query=(execute (call edu.stanford.nlp.sempre.cubeworld.StacksWorld.getLevel (string remove)))	response=
date=Mon Feb 29 19:29:44 PST 2016	sessionId=A3QW5NQC6ZBXJ4	remote=72-185-194-128.res.bhn.net	format=lisp2json	query=(accept 2)	response=(call edu.stanford.nlp.sempre.cubeworld.StacksWorld.wallToString (call context:edu.stanford.nlp.sempre.cubeworld.StacksWorld.removeTop (call context:edu.stanford.nlp.sempre.cubeworld.StacksWorld.getTopColor (number 3 COLOR)))) => (string [[0],[2],[0],[],[1],[2],[2]])
date=Mon Feb 29 19:29:54 PST 2016	sessionId=A3QW5NQC6ZBXJ4	remote=72-185-194-128.res.bhn.net	format=lisp2json	query=(context (graph NaiveKnowledgeGraph ((string [[3],[0],[2],[2],[1],[2]]) (name b) (name c))))	response=
date=Mon Feb 29 19:29:55 PST 2016	sessionId=A3QW5NQC6ZBXJ4	remote=72-185-194-128.res.bhn.net	format=lisp2json	query=346	response=(call edu.stanford.nlp.sempre.cubeworld.StacksWorld.wallToString (call context:edu.stanford.nlp.sempre.cubeworld.StacksWorld.removeTop (call context:edu.stanford.nlp.sempre.cubeworld.StacksWorld.getTopColor (number 0 COLOR)))) => (string [[3],[],[2],[2],[1],[2]])
date=Mon Feb 29 19:29:58 PST 2016	sessionId=A3QW5NQC6ZBXJ4	remote=72-185-194-128.res.bhn.net	format=lisp2json	query=(accept 1)	response=(call edu.stanford.nlp.sempre.cubeworld.StacksWorld.wallToString (call context:edu.stanford.nlp.sempre.cubeworld.StacksWorld.removeTop (call context:edu.stanford.nlp.sempre.cubeworld.StacksWorld.getTopColor (number 2 COLOR)))) => (string [[3],[0],[],[],[1],[]])
date=Mon Feb 29 19:29:58 PST 2016	sessionId=A3QW5NQC6ZBXJ4	remote=72-185-194-128.res.bhn.net	format=lisp2json	query=(execute (call edu.stanford.nlp.sempre.cubeworld.StacksWorld.getLevel (string babystep)))	response=
date=Mon Feb 29 19:30:06 PST 2016	sessionId=A3QW5NQC6ZBXJ4	remote=72-185-194-128.res.bhn.net	format=lisp2json	query=(context (graph NaiveKnowledgeGraph ((string [[1],[1],[3],[1],[3]]) (name b) (name c))))	response=
date=Mon Feb 29 19:30:06 PST 2016	sessionId=A3QW5NQC6ZBXJ4	remote=72-185-194-128.res.bhn.net	format=lisp2json	query=5	response=(call edu.stanford.nlp.sempre.cubeworld.StacksWorld.wallToString (call context:edu.stanford.nlp.sempre.cubeworld.StacksWorld.removeTop (call context:edu.stanford.nlp.sempre.cubeworld.StacksWorld.getTopColor (number 2 COLOR)))) => (string [[1],[1],[3],[1],[3]])
date=Mon Feb 29 19:30:13 PST 2016	sessionId=A3QW5NQC6ZBXJ4	remote=72-185-194-128.res.bhn.net	format=lisp2json	query=(execute (call edu.stanford.nlp.sempre.cubeworld.StacksWorld.getLevel (string babystep)))	response=
date=Mon Feb 29 19:30:13 PST 2016	sessionId=A3QW5NQC6ZBXJ4	remote=72-185-194-128.res.bhn.net	format=lisp2json	query=(accept 20)	response=(call edu.stanford.nlp.sempre.cubeworld.StacksWorld.wallToString (call context:edu.stanford.nlp.sempre.cubeworld.StacksWorld.removeTop (call edu.stanford.nlp.sempre.cubeworld.StacksWorld.rightMost1 (call context:edu.stanford.nlp.sempre.cubeworld.StacksWorld.getTopColor (number 3 COLOR))))) => (string [[1],[1],[3],[1],[]])
date=Mon Feb 29 19:30:22 PST 2016	sessionId=A3QW5NQC6ZBXJ4	remote=72-185-194-128.res.bhn.net	format=lisp2json	query=(context (graph NaiveKnowledgeGraph ((string [[2],[1],[2],[1]]) (name b) (name c))))	response=
date=Mon Feb 29 19:30:22 PST 2016	sessionId=A3QW5NQC6ZBXJ4	remote=72-185-194-128.res.bhn.net	format=lisp2json	query=13	response=(call edu.stanford.nlp.sempre.cubeworld.StacksWorld.wallToString (call context:edu.stanford.nlp.sempre.cubeworld.StacksWorld.removeTop (call context:edu.stanford.nlp.sempre.cubeworld.StacksWorld.getTopColor (number 2 COLOR)))) => (string [[],[1],[],[1]])
date=Mon Feb 29 19:30:41 PST 2016	sessionId=A3QW5NQC6ZBXJ4	remote=72-185-194-128.res.bhn.net	format=lisp2json	query=(execute (call edu.stanford.nlp.sempre.cubeworld.StacksWorld.getLevel (string babystep)))	response=
date=Mon Feb 29 19:30:41 PST 2016	sessionId=A3QW5NQC6ZBXJ4	remote=72-185-194-128.res.bhn.net	format=lisp2json	query=(accept 35)	response=(call edu.stanford.nlp.sempre.cubeworld.StacksWorld.wallToString (call context:edu.stanford.nlp.sempre.cubeworld.StacksWorld.stackOnTop (call context:edu.stanford.nlp.sempre.cubeworld.StacksWorld.getTopColor (number 2 COLOR)) (number 1 COLOR))) => (string [[2,1],[1],[2,1],[1]])
date=Mon Feb 29 19:30:46 PST 2016	sessionId=A3QW5NQC6ZBXJ4	remote=72-185-194-128.res.bhn.net	format=lisp2json	query=(context (graph NaiveKnowledgeGraph ((string [[1],[2],[2],[2],[1],[2]]) (name b) (name c))))	response=
date=Mon Feb 29 19:30:46 PST 2016	sessionId=A3QW5NQC6ZBXJ4	remote=72-185-194-128.res.bhn.net	format=lisp2json	query=1	response=(call edu.stanford.nlp.sempre.cubeworld.StacksWorld.wallToString (call context:edu.stanford.nlp.sempre.cubeworld.StacksWorld.removeTop (call context:edu.stanford.nlp.sempre.cubeworld.StacksWorld.getTopColor (number 3 COLOR)))) => (string [[1],[2],[2],[2],[1],[2]])
date=Mon Feb 29 19:31:13 PST 2016	sessionId=A3QW5NQC6ZBXJ4	remote=72-185-194-128.res.bhn.net	format=lisp2json	query=(accept 80)	response=(call edu.stanford.nlp.sempre.cubeworld.StacksWorld.wallToString (call context:edu.stanford.nlp.sempre.cubeworld.StacksWorld.stackOnTop (call edu.stanford.nlp.sempre.cubeworld.StacksWorld.leftMost1 (call context:edu.stanford.nlp.sempre.cubeworld.StacksWorld.getTopColor (number 1 COLOR))) (number 2 COLOR))) => (string [[1,2],[2],[2],[2],[1],[2]])
date=Mon Feb 29 19:31:13 PST 2016	sessionId=A3QW5NQC6ZBXJ4	remote=72-185-194-128.res.bhn.net	format=lisp2json	query=(execute (call edu.stanford.nlp.sempre.cubeworld.StacksWorld.getLevel (string babystep)))	response=
date=Mon Feb 29 19:31:17 PST 2016	sessionId=A3QW5NQC6ZBXJ4	remote=72-185-194-128.res.bhn.net	format=lisp2json	query=(context (graph NaiveKnowledgeGraph ((string [[1],[0],[1],[1],[1],[1]]) (name b) (name c))))	response=
date=Mon Feb 29 19:31:17 PST 2016	sessionId=A3QW5NQC6ZBXJ4	remote=72-185-194-128.res.bhn.net	format=lisp2json	query=2	response=(call edu.stanford.nlp.sempre.cubeworld.StacksWorld.wallToString (call context:edu.stanford.nlp.sempre.cubeworld.StacksWorld.removeTop (call context:edu.stanford.nlp.sempre.cubeworld.StacksWorld.getTopColor (number 0 COLOR)))) => (string [[1],[],[1],[1],[1],[1]])
date=Mon Feb 29 19:31:54 PST 2016	sessionId=A3QW5NQC6ZBXJ4	remote=72-185-194-128.res.bhn.net	format=lisp2json	query=(context (graph NaiveKnowledgeGraph ((string [[1],[0],[1],[1],[1],[1]]) (name b) (name c))))	response=
date=Mon Feb 29 19:31:54 PST 2016	sessionId=A3QW5NQC6ZBXJ4	remote=72-185-194-128.res.bhn.net	format=lisp2json	query=2	response=(call edu.stanford.nlp.sempre.cubeworld.StacksWorld.wallToString (call context:edu.stanford.nlp.sempre.cubeworld.StacksWorld.removeTop (call context:edu.stanford.nlp.sempre.cubeworld.StacksWorld.getTopColor (number 0 COLOR)))) => (string [[1],[],[1],[1],[1],[1]])
date=Mon Feb 29 19:31:57 PST 2016	sessionId=A3QW5NQC6ZBXJ4	remote=72-185-194-128.res.bhn.net	format=lisp2json	query=(execute (call edu.stanford.nlp.sempre.cubeworld.StacksWorld.getLevel (string babystep)))	response=
date=Mon Feb 29 19:31:57 PST 2016	sessionId=A3QW5NQC6ZBXJ4	remote=72-185-194-128.res.bhn.net	format=lisp2json	query=(accept 0)	response=(call edu.stanford.nlp.sempre.cubeworld.StacksWorld.wallToString (call context:edu.stanford.nlp.sempre.cubeworld.StacksWorld.removeTop (call context:edu.stanford.nlp.sempre.cubeworld.StacksWorld.getTopColor (number 0 COLOR)))) => (string [[1],[],[1],[1],[1],[1]])
date=Mon Feb 29 19:32:06 PST 2016	sessionId=A3QW5NQC6ZBXJ4	remote=72-185-194-128.res.bhn.net	format=lisp2json	query=(context (graph NaiveKnowledgeGraph ((string [[1],[2],[2],[2],[2]]) (name b) (name c))))	response=
date=Mon Feb 29 19:32:06 PST 2016	sessionId=A3QW5NQC6ZBXJ4	remote=72-185-194-128.res.bhn.net	format=lisp2json	query=5	response=(call edu.stanford.nlp.sempre.cubeworld.StacksWorld.wallToString (call context:edu.stanford.nlp.sempre.cubeworld.StacksWorld.removeTop (call context:edu.stanford.nlp.sempre.cubeworld.StacksWorld.getTopColor (number 3 COLOR)))) => (string [[1],[2],[2],[2],[2]])
date=Mon Feb 29 19:32:24 PST 2016	sessionId=A3QW5NQC6ZBXJ4	remote=72-185-194-128.res.bhn.net	format=lisp2json	query=(accept 47)	response=(call edu.stanford.nlp.sempre.cubeworld.StacksWorld.wallToString (call context:edu.stanford.nlp.sempre.cubeworld.StacksWorld.stackOnTop (call edu.stanford.nlp.sempre.cubeworld.StacksWorld.rightMost1 (call context:edu.stanford.nlp.sempre.cubeworld.StacksWorld.getTopColor (number 2 COLOR))) (number 2 COLOR))) => (string [[1],[2],[2],[2],[2,2]])
date=Mon Feb 29 19:32:24 PST 2016	sessionId=A3QW5NQC6ZBXJ4	remote=72-185-194-128.res.bhn.net	format=lisp2json	query=(execute (call edu.stanford.nlp.sempre.cubeworld.StacksWorld.getLevel (string babystep)))	response=
date=Mon Feb 29 19:32:29 PST 2016	sessionId=A3QW5NQC6ZBXJ4	remote=72-185-194-128.res.bhn.net	format=lisp2json	query=(context (graph NaiveKnowledgeGraph ((string [[3],[3],[3],[1]]) (name b) (name c))))	response=
date=Mon Feb 29 19:32:29 PST 2016	sessionId=A3QW5NQC6ZBXJ4	remote=72-185-194-128.res.bhn.net	format=lisp2json	query=4	response=(call edu.stanford.nlp.sempre.cubeworld.StacksWorld.wallToString (call context:edu.stanford.nlp.sempre.cubeworld.StacksWorld.removeTop (call context:edu.stanford.nlp.sempre.cubeworld.StacksWorld.getTopColor (number 2 COLOR)))) => (string [[3],[3],[3],[1]])
date=Mon Feb 29 19:32:35 PST 2016	sessionId=A3QW5NQC6ZBXJ4	remote=72-185-194-128.res.bhn.net	format=lisp2json	query=(accept 3)	response=(call edu.stanford.nlp.sempre.cubeworld.StacksWorld.wallToString (call context:edu.stanford.nlp.sempre.cubeworld.StacksWorld.removeTop (call context:edu.stanford.nlp.sempre.cubeworld.StacksWorld.getTopColor (number 1 COLOR)))) => (string [[3],[3],[3],[]])
date=Mon Feb 29 19:32:35 PST 2016	sessionId=A3QW5NQC6ZBXJ4	remote=72-185-194-128.res.bhn.net	format=lisp2json	query=(execute (call edu.stanford.nlp.sempre.cubeworld.StacksWorld.getLevel (string babystep)))	response=
date=Mon Feb 29 19:32:42 PST 2016	sessionId=A3QW5NQC6ZBXJ4	remote=72-185-194-128.res.bhn.net	format=lisp2json	query=(context (graph NaiveKnowledgeGraph ((string [[1],[0],[1],[0],[0],[0]]) (name b) (name c))))	response=
date=Mon Feb 29 19:32:43 PST 2016	sessionId=A3QW5NQC6ZBXJ4	remote=72-185-194-128.res.bhn.net	format=lisp2json	query=2456	response=(call edu.stanford.nlp.sempre.cubeworld.StacksWorld.wallToString (call context:edu.stanford.nlp.sempre.cubeworld.StacksWorld.removeTop (call context:edu.stanford.nlp.sempre.cubeworld.StacksWorld.getTopColor (number 2 COLOR)))) => (string [[1],[0],[1],[0],[0],[0]])
date=Mon Feb 29 19:32:45 PST 2016	sessionId=A3QW5NQC6ZBXJ4	remote=72-185-194-128.res.bhn.net	format=lisp2json	query=(accept 1)	response=(call edu.stanford.nlp.sempre.cubeworld.StacksWorld.wallToString (call context:edu.stanford.nlp.sempre.cubeworld.StacksWorld.removeTop (call context:edu.stanford.nlp.sempre.cubeworld.StacksWorld.getTopColor (number 0 COLOR)))) => (string [[1],[],[1],[],[],[]])
date=Mon Feb 29 19:32:45 PST 2016	sessionId=A3QW5NQC6ZBXJ4	remote=72-185-194-128.res.bhn.net	format=lisp2json	query=(execute (call edu.stanford.nlp.sempre.cubeworld.StacksWorld.getLevel (string babystep)))	response=
date=Mon Feb 29 19:32:49 PST 2016	sessionId=A3QW5NQC6ZBXJ4	remote=72-185-194-128.res.bhn.net	format=lisp2json	query=(context (graph NaiveKnowledgeGraph ((string [[2],[3],[3],[3],[3],[3]]) (name b) (name c))))	response=
date=Mon Feb 29 19:32:49 PST 2016	sessionId=A3QW5NQC6ZBXJ4	remote=72-185-194-128.res.bhn.net	format=lisp2json	query=1	response=(call edu.stanford.nlp.sempre.cubeworld.StacksWorld.wallToString (call context:edu.stanford.nlp.sempre.cubeworld.StacksWorld.removeTop (call context:edu.stanford.nlp.sempre.cubeworld.StacksWorld.getTopColor (number 2 COLOR)))) => (string [[],[3],[3],[3],[3],[3]])
date=Mon Feb 29 19:32:51 PST 2016	sessionId=A3QW5NQC6ZBXJ4	remote=72-185-194-128.res.bhn.net	format=lisp2json	query=(accept 0)	response=(call edu.stanford.nlp.sempre.cubeworld.StacksWorld.wallToString (call context:edu.stanford.nlp.sempre.cubeworld.StacksWorld.removeTop (call context:edu.stanford.nlp.sempre.cubeworld.StacksWorld.getTopColor (number 2 COLOR)))) => (string [[],[3],[3],[3],[3],[3]])
date=Mon Feb 29 19:32:51 PST 2016	sessionId=A3QW5NQC6ZBXJ4	remote=72-185-194-128.res.bhn.net	format=lisp2json	query=(execute (call edu.stanford.nlp.sempre.cubeworld.StacksWorld.getLevel (string babystep)))	response=
date=Mon Feb 29 19:32:57 PST 2016	sessionId=A3QW5NQC6ZBXJ4	remote=72-185-194-128.res.bhn.net	format=lisp2json	query=(context (graph NaiveKnowledgeGraph ((string [[2],[1],[1],[2],[1],[1]]) (name b) (name c))))	response=
date=Mon Feb 29 19:32:57 PST 2016	sessionId=A3QW5NQC6ZBXJ4	remote=72-185-194-128.res.bhn.net	format=lisp2json	query=2356	response=(call edu.stanford.nlp.sempre.cubeworld.StacksWorld.wallToString (call context:edu.stanford.nlp.sempre.cubeworld.StacksWorld.removeTop (call context:edu.stanford.nlp.sempre.cubeworld.StacksWorld.getTopColor (number 2 COLOR)))) => (string [[],[1],[1],[],[1],[1]])
date=Mon Feb 29 19:33:12 PST 2016	sessionId=A3QW5NQC6ZBXJ4	remote=72-185-194-128.res.bhn.net	format=lisp2json	query=(accept 37)	response=(call edu.stanford.nlp.sempre.cubeworld.StacksWorld.wallToString (call context:edu.stanford.nlp.sempre.cubeworld.StacksWorld.stackOnTop (call context:edu.stanford.nlp.sempre.cubeworld.StacksWorld.getTopColor (number 1 COLOR)) (number 1 COLOR))) => (string [[2],[1,1],[1,1],[2],[1,1],[1,1]])
date=Mon Feb 29 19:33:12 PST 2016	sessionId=A3QW5NQC6ZBXJ4	remote=72-185-194-128.res.bhn.net	format=lisp2json	query=(execute (call edu.stanford.nlp.sempre.cubeworld.StacksWorld.getLevel (string babystep)))	response=
date=Mon Feb 29 19:33:23 PST 2016	sessionId=A3QW5NQC6ZBXJ4	remote=72-185-194-128.res.bhn.net	format=lisp2json	query=(context (graph NaiveKnowledgeGraph ((string [[2],[0],[2],[2],[0]]) (name b) (name c))))	response=
date=Mon Feb 29 19:33:23 PST 2016	sessionId=A3QW5NQC6ZBXJ4	remote=72-185-194-128.res.bhn.net	format=lisp2json	query=134	response=(call edu.stanford.nlp.sempre.cubeworld.StacksWorld.wallToString (call context:edu.stanford.nlp.sempre.cubeworld.StacksWorld.removeTop (call context:edu.stanford.nlp.sempre.cubeworld.StacksWorld.getTopColor (number 2 COLOR)))) => (string [[],[0],[],[],[0]])
date=Mon Feb 29 19:33:32 PST 2016	sessionId=A3QW5NQC6ZBXJ4	remote=72-185-194-128.res.bhn.net	format=lisp2json	query=(accept 13)	response=(call edu.stanford.nlp.sempre.cubeworld.StacksWorld.wallToString (call context:edu.stanford.nlp.sempre.cubeworld.StacksWorld.stackOnTop (call context:edu.stanford.nlp.sempre.cubeworld.StacksWorld.getTopColor (number 2 COLOR)) (number 0 COLOR))) => (string [[2,0],[0],[2,0],[2,0],[0]])
date=Mon Feb 29 19:33:32 PST 2016	sessionId=A3QW5NQC6ZBXJ4	remote=72-185-194-128.res.bhn.net	format=lisp2json	query=(execute (call edu.stanford.nlp.sempre.cubeworld.StacksWorld.getLevel (string pattern)))	response=
date=Mon Feb 29 19:33:42 PST 2016	sessionId=A3QW5NQC6ZBXJ4	remote=72-185-194-128.res.bhn.net	format=lisp2json	query=(context (graph NaiveKnowledgeGraph ((string [[1,1],[1,2],[1,1],[1,2]]) (name b) (name c))))	response=
date=Mon Feb 29 19:33:42 PST 2016	sessionId=A3QW5NQC6ZBXJ4	remote=72-185-194-128.res.bhn.net	format=lisp2json	query=13	response=(call edu.stanford.nlp.sempre.cubeworld.StacksWorld.wallToString (call context:edu.stanford.nlp.sempre.cubeworld.StacksWorld.removeTop (call context:edu.stanford.nlp.sempre.cubeworld.StacksWorld.getTopColor (number 2 COLOR)))) => (string [[1,1],[1],[1,1],[1]])
date=Mon Feb 29 19:33:48 PST 2016	sessionId=A3QW5NQC6ZBXJ4	remote=72-185-194-128.res.bhn.net	format=lisp2json	query=(accept 4)	response=(call edu.stanford.nlp.sempre.cubeworld.StacksWorld.wallToString (call context:edu.stanford.nlp.sempre.cubeworld.StacksWorld.stackOnTop (call context:edu.stanford.nlp.sempre.cubeworld.StacksWorld.getTopColor (number 1 COLOR)) (number 2 COLOR))) => (string [[1,1,2],[1,2],[1,1,2],[1,2]])
date=Mon Feb 29 19:33:48 PST 2016	sessionId=A3QW5NQC6ZBXJ4	remote=72-185-194-128.res.bhn.net	format=lisp2json	query=(execute (call edu.stanford.nlp.sempre.cubeworld.StacksWorld.getLevel (string pattern)))	response=
date=Mon Feb 29 19:33:56 PST 2016	sessionId=A3QW5NQC6ZBXJ4	remote=72-185-194-128.res.bhn.net	format=lisp2json	query=(context (graph NaiveKnowledgeGraph ((string [[0,0],[2,2],[0,0],[2,2],[0,0],[2,2]]) (name b) (name c))))	response=
date=Mon Feb 29 19:33:56 PST 2016	sessionId=A3QW5NQC6ZBXJ4	remote=72-185-194-128.res.bhn.net	format=lisp2json	query=246	response=(call edu.stanford.nlp.sempre.cubeworld.StacksWorld.wallToString (call context:edu.stanford.nlp.sempre.cubeworld.StacksWorld.removeTop (call context:edu.stanford.nlp.sempre.cubeworld.StacksWorld.getTopColor (number 2 COLOR)))) => (string [[0,0],[2],[0,0],[2],[0,0],[2]])
date=Mon Feb 29 19:33:58 PST 2016	sessionId=A3QW5NQC6ZBXJ4	remote=72-185-194-128.res.bhn.net	format=lisp2json	query=(accept 0)	response=(call edu.stanford.nlp.sempre.cubeworld.StacksWorld.wallToString (call context:edu.stanford.nlp.sempre.cubeworld.StacksWorld.removeTop (call context:edu.stanford.nlp.sempre.cubeworld.StacksWorld.getTopColor (number 2 COLOR)))) => (string [[0,0],[2],[0,0],[2],[0,0],[2]])
date=Mon Feb 29 19:33:58 PST 2016	sessionId=A3QW5NQC6ZBXJ4	remote=72-185-194-128.res.bhn.net	format=lisp2json	query=(execute (call edu.stanford.nlp.sempre.cubeworld.StacksWorld.getLevel (string pattern)))	response=
date=Mon Feb 29 19:34:04 PST 2016	sessionId=A3QW5NQC6ZBXJ4	remote=72-185-194-128.res.bhn.net	format=lisp2json	query=(context (graph NaiveKnowledgeGraph ((string [[0,3],[3,0],[0,3]]) (name b) (name c))))	response=
date=Mon Feb 29 19:34:04 PST 2016	sessionId=A3QW5NQC6ZBXJ4	remote=72-185-194-128.res.bhn.net	format=lisp2json	query=2	response=(call edu.stanford.nlp.sempre.cubeworld.StacksWorld.wallToString (call context:edu.stanford.nlp.sempre.cubeworld.StacksWorld.removeTop (call context:edu.stanford.nlp.sempre.cubeworld.StacksWorld.getTopColor (number 0 COLOR)))) => (string [[0,3],[3],[0,3]])
date=Mon Feb 29 19:34:40 PST 2016	sessionId=A3QW5NQC6ZBXJ4	remote=72-185-194-128.res.bhn.net	format=lisp2json	query=(context (graph NaiveKnowledgeGraph ((string [[0,3],[3,0],[0,3]]) (name b) (name c))))	response=
date=Mon Feb 29 19:34:40 PST 2016	sessionId=A3QW5NQC6ZBXJ4	remote=72-185-194-128.res.bhn.net	format=lisp2json	query=2	response=(call edu.stanford.nlp.sempre.cubeworld.StacksWorld.wallToString (call context:edu.stanford.nlp.sempre.cubeworld.StacksWorld.removeTop (call context:edu.stanford.nlp.sempre.cubeworld.StacksWorld.getTopColor (number 0 COLOR)))) => (string [[0,3],[3],[0,3]])
date=Mon Feb 29 19:35:47 PST 2016	sessionId=A3QW5NQC6ZBXJ4	remote=72-185-194-128.res.bhn.net	format=lisp2json	query=(context (graph NaiveKnowledgeGraph ((string [[0,3],[3,0],[0,3]]) (name b) (name c))))	response=
date=Mon Feb 29 19:35:47 PST 2016	sessionId=A3QW5NQC6ZBXJ4	remote=72-185-194-128.res.bhn.net	format=lisp2json	query=123	response=(call edu.stanford.nlp.sempre.cubeworld.StacksWorld.wallToString (call context:edu.stanford.nlp.sempre.cubeworld.StacksWorld.removeTop (call context:edu.stanford.nlp.sempre.cubeworld.StacksWorld.getTopColor (number 2 COLOR)))) => (string [[0,3],[3,0],[0,3]])
date=Mon Feb 29 19:36:47 PST 2016	sessionId=A3QW5NQC6ZBXJ4	remote=72-185-194-128.res.bhn.net	format=lisp2json	query=(execute (call edu.stanford.nlp.sempre.cubeworld.StacksWorld.getLevel (string pattern)))	response=
date=Mon Feb 29 19:36:58 PST 2016	sessionId=A3QW5NQC6ZBXJ4	remote=72-185-194-128.res.bhn.net	format=lisp2json	query=(context (graph NaiveKnowledgeGraph ((string [[1,1],[1,0],[1,1],[1,0],[1,1]]) (name b) (name c))))	response=
date=Mon Feb 29 19:36:58 PST 2016	sessionId=A3QW5NQC6ZBXJ4	remote=72-185-194-128.res.bhn.net	format=lisp2json	query=135	response=(call edu.stanford.nlp.sempre.cubeworld.StacksWorld.wallToString (call context:edu.stanford.nlp.sempre.cubeworld.StacksWorld.removeTop (call context:edu.stanford.nlp.sempre.cubeworld.StacksWorld.getTopColor (number 2 COLOR)))) => (string [[1,1],[1,0],[1,1],[1,0],[1,1]])
date=Mon Feb 29 19:37:12 PST 2016	sessionId=A3QW5NQC6ZBXJ4	remote=72-185-194-128.res.bhn.net	format=lisp2json	query=(context (graph NaiveKnowledgeGraph ((string [[1,1],[1,0],[1,1],[1,0],[1,1]]) (name b) (name c))))	response=
date=Mon Feb 29 19:37:12 PST 2016	sessionId=A3QW5NQC6ZBXJ4	remote=72-185-194-128.res.bhn.net	format=lisp2json	query=12345	response=(call edu.stanford.nlp.sempre.cubeworld.StacksWorld.wallToString (call context:edu.stanford.nlp.sempre.cubeworld.StacksWorld.removeTop (call context:edu.stanford.nlp.sempre.cubeworld.StacksWorld.getTopColor (number 2 COLOR)))) => (string [[1,1],[1,0],[1,1],[1,0],[1,1]])
date=Mon Feb 29 19:37:23 PST 2016	sessionId=A3QW5NQC6ZBXJ4	remote=72-185-194-128.res.bhn.net	format=lisp2json	query=(context (graph NaiveKnowledgeGraph ((string [[1,1],[1,0],[1,1],[1,0],[1,1]]) (name b) (name c))))	response=
date=Mon Feb 29 19:37:24 PST 2016	sessionId=A3QW5NQC6ZBXJ4	remote=72-185-194-128.res.bhn.net	format=lisp2json	query=135	response=(call edu.stanford.nlp.sempre.cubeworld.StacksWorld.wallToString (call context:edu.stanford.nlp.sempre.cubeworld.StacksWorld.removeTop (call context:edu.stanford.nlp.sempre.cubeworld.StacksWorld.getTopColor (number 2 COLOR)))) => (string [[1,1],[1,0],[1,1],[1,0],[1,1]])
date=Mon Feb 29 19:38:21 PST 2016	sessionId=A3QW5NQC6ZBXJ4	remote=72-185-194-128.res.bhn.net	format=lisp2json	query=(context (graph NaiveKnowledgeGraph ((string [[1,1],[1,0],[1,1],[1,0],[1,1]]) (name b) (name c))))	response=
date=Mon Feb 29 19:38:21 PST 2016	sessionId=A3QW5NQC6ZBXJ4	remote=72-185-194-128.res.bhn.net	format=lisp2json	query=12345	response=(call edu.stanford.nlp.sempre.cubeworld.StacksWorld.wallToString (call context:edu.stanford.nlp.sempre.cubeworld.StacksWorld.removeTop (call context:edu.stanford.nlp.sempre.cubeworld.StacksWorld.getTopColor (number 2 COLOR)))) => (string [[1,1],[1,0],[1,1],[1,0],[1,1]])
date=Mon Feb 29 19:38:32 PST 2016	sessionId=A3QW5NQC6ZBXJ4	remote=72-185-194-128.res.bhn.net	format=lisp2json	query=(accept 1)	response=(call edu.stanford.nlp.sempre.cubeworld.StacksWorld.wallToString (call context:edu.stanford.nlp.sempre.cubeworld.StacksWorld.removeTop (call context:edu.stanford.nlp.sempre.cubeworld.StacksWorld.getTopColor (number 0 COLOR)))) => (string [[1,1],[1],[1,1],[1],[1,1]])
date=Mon Feb 29 19:38:38 PST 2016	sessionId=A3QW5NQC6ZBXJ4	remote=72-185-194-128.res.bhn.net	format=lisp2json	query=(context (graph NaiveKnowledgeGraph ((string [[1,1],[1],[1,1],[1],[1,1]]) (name b) (name c))))	response=
date=Mon Feb 29 19:38:38 PST 2016	sessionId=A3QW5NQC6ZBXJ4	remote=72-185-194-128.res.bhn.net	format=lisp2json	query=12345	response=(call edu.stanford.nlp.sempre.cubeworld.StacksWorld.wallToString (call context:edu.stanford.nlp.sempre.cubeworld.StacksWorld.removeTop (call context:edu.stanford.nlp.sempre.cubeworld.StacksWorld.getTopColor (number 0 COLOR)))) => (string [[1,1],[1],[1,1],[1],[1,1]])
date=Mon Feb 29 19:38:46 PST 2016	sessionId=A3QW5NQC6ZBXJ4	remote=72-185-194-128.res.bhn.net	format=lisp2json	query=(accept 32)	response=(call edu.stanford.nlp.sempre.cubeworld.StacksWorld.wallToString (call context:edu.stanford.nlp.sempre.cubeworld.StacksWorld.stackOnTop (call context:edu.stanford.nlp.sempre.cubeworld.StacksWorld.getTopColor (number 1 COLOR)) (number 1 COLOR))) => (string [[1,1,1],[1,1],[1,1,1],[1,1],[1,1,1]])
date=Mon Feb 29 19:38:46 PST 2016	sessionId=A3QW5NQC6ZBXJ4	remote=72-185-194-128.res.bhn.net	format=lisp2json	query=(execute (call edu.stanford.nlp.sempre.cubeworld.StacksWorld.getLevel (string pattern)))	response=
date=Mon Feb 29 19:38:55 PST 2016	sessionId=A3QW5NQC6ZBXJ4	remote=72-185-194-128.res.bhn.net	format=lisp2json	query=(context (graph NaiveKnowledgeGraph ((string [[2,1],[1,2],[2,1]]) (name b) (name c))))	response=
date=Mon Feb 29 19:38:55 PST 2016	sessionId=A3QW5NQC6ZBXJ4	remote=72-185-194-128.res.bhn.net	format=lisp2json	query=13	response=(call edu.stanford.nlp.sempre.cubeworld.StacksWorld.wallToString (call context:edu.stanford.nlp.sempre.cubeworld.StacksWorld.stackOnTop (call context:edu.stanford.nlp.sempre.cubeworld.StacksWorld.getTopColor (number 2 COLOR)) (number 2 COLOR))) => (string [[2,1],[1,2,2],[2,1]])
date=Mon Feb 29 19:39:04 PST 2016	sessionId=A3QW5NQC6ZBXJ4	remote=72-185-194-128.res.bhn.net	format=lisp2json	query=(accept 5)	response=(call edu.stanford.nlp.sempre.cubeworld.StacksWorld.wallToString (call context:edu.stanford.nlp.sempre.cubeworld.StacksWorld.removeTop (call context:edu.stanford.nlp.sempre.cubeworld.StacksWorld.getTopColor (number 1 COLOR)))) => (string [[2],[1,2],[2]])
date=Mon Feb 29 19:39:04 PST 2016	sessionId=A3QW5NQC6ZBXJ4	remote=72-185-194-128.res.bhn.net	format=lisp2json	query=(execute (call edu.stanford.nlp.sempre.cubeworld.StacksWorld.getLevel (string pattern)))	response=
date=Mon Feb 29 19:39:09 PST 2016	sessionId=A3QW5NQC6ZBXJ4	remote=72-185-194-128.res.bhn.net	format=lisp2json	query=(context (graph NaiveKnowledgeGraph ((string [[3,0],[0,3],[3,0]]) (name b) (name c))))	response=
date=Mon Feb 29 19:39:09 PST 2016	sessionId=A3QW5NQC6ZBXJ4	remote=72-185-194-128.res.bhn.net	format=lisp2json	query=2	response=(call edu.stanford.nlp.sempre.cubeworld.StacksWorld.wallToString (call context:edu.stanford.nlp.sempre.cubeworld.StacksWorld.removeTop (call context:edu.stanford.nlp.sempre.cubeworld.StacksWorld.getTopColor (number 0 COLOR)))) => (string [[3],[0,3],[3]])
date=Mon Feb 29 19:39:13 PST 2016	sessionId=A3QW5NQC6ZBXJ4	remote=72-185-194-128.res.bhn.net	format=lisp2json	query=(execute (call edu.stanford.nlp.sempre.cubeworld.StacksWorld.getLevel (string pattern)))	response=
date=Mon Feb 29 19:39:13 PST 2016	sessionId=A3QW5NQC6ZBXJ4	remote=72-185-194-128.res.bhn.net	format=lisp2json	query=(accept 4)	response=(call edu.stanford.nlp.sempre.cubeworld.StacksWorld.wallToString (call context:edu.stanford.nlp.sempre.cubeworld.StacksWorld.removeTop (call context:edu.stanford.nlp.sempre.cubeworld.StacksWorld.getTopColor (number 3 COLOR)))) => (string [[3,0],[0],[3,0]])
date=Mon Feb 29 19:39:22 PST 2016	sessionId=A3QW5NQC6ZBXJ4	remote=72-185-194-128.res.bhn.net	format=lisp2json	query=(context (graph NaiveKnowledgeGraph ((string [[3,0],[0,3],[3,0],[0,3],[3,0],[0,3]]) (name b) (name c))))	response=
date=Mon Feb 29 19:39:22 PST 2016	sessionId=A3QW5NQC6ZBXJ4	remote=72-185-194-128.res.bhn.net	format=lisp2json	query=246	response=(call edu.stanford.nlp.sempre.cubeworld.StacksWorld.wallToString (call context:edu.stanford.nlp.sempre.cubeworld.StacksWorld.removeTop (call context:edu.stanford.nlp.sempre.cubeworld.StacksWorld.getTopColor (number 2 COLOR)))) => (string [[3,0],[0,3],[3,0],[0,3],[3,0],[0,3]])
date=Mon Feb 29 19:39:38 PST 2016	sessionId=A3QW5NQC6ZBXJ4	remote=72-185-194-128.res.bhn.net	format=lisp2json	query=(execute (call edu.stanford.nlp.sempre.cubeworld.StacksWorld.getLevel (string pattern)))	response=
date=Mon Feb 29 19:39:38 PST 2016	sessionId=A3QW5NQC6ZBXJ4	remote=72-185-194-128.res.bhn.net	format=lisp2json	query=(accept 47)	response=(call edu.stanford.nlp.sempre.cubeworld.StacksWorld.wallToString (call context:edu.stanford.nlp.sempre.cubeworld.StacksWorld.stackOnTop (call context:edu.stanford.nlp.sempre.cubeworld.StacksWorld.getTopColor (number 3 COLOR)) (number 0 COLOR))) => (string [[3,0],[0,3,0],[3,0],[0,3,0],[3,0],[0,3,0]])
date=Mon Feb 29 19:39:44 PST 2016	sessionId=A3QW5NQC6ZBXJ4	remote=72-185-194-128.res.bhn.net	format=lisp2json	query=(context (graph NaiveKnowledgeGraph ((string [[1,1],[0,0],[1,1],[0,0]]) (name b) (name c))))	response=
date=Mon Feb 29 19:39:44 PST 2016	sessionId=A3QW5NQC6ZBXJ4	remote=72-185-194-128.res.bhn.net	format=lisp2json	query=13	response=(call edu.stanford.nlp.sempre.cubeworld.StacksWorld.wallToString (call context:edu.stanford.nlp.sempre.cubeworld.StacksWorld.removeTop (call context:edu.stanford.nlp.sempre.cubeworld.StacksWorld.getTopColor (number 1 COLOR)))) => (string [[1],[0,0],[1],[0,0]])
date=Mon Feb 29 19:39:50 PST 2016	sessionId=A3QW5NQC6ZBXJ4	remote=72-185-194-128.res.bhn.net	format=lisp2json	query=(accept 2)	response=(call edu.stanford.nlp.sempre.cubeworld.StacksWorld.wallToString (call context:edu.stanford.nlp.sempre.cubeworld.StacksWorld.stackOnTop (call context:edu.stanford.nlp.sempre.cubeworld.StacksWorld.getTopColor (number 1 COLOR)) (number 1 COLOR))) => (string [[1,1,1],[0,0],[1,1,1],[0,0]])
date=Mon Feb 29 19:39:50 PST 2016	sessionId=A3QW5NQC6ZBXJ4	remote=72-185-194-128.res.bhn.net	format=lisp2json	query=(execute (call edu.stanford.nlp.sempre.cubeworld.StacksWorld.getLevel (string pattern)))	response=
date=Mon Feb 29 19:39:56 PST 2016	sessionId=A3QW5NQC6ZBXJ4	remote=72-185-194-128.res.bhn.net	format=lisp2json	query=(context (graph NaiveKnowledgeGraph ((string [[0,0],[0,1],[0,0]]) (name b) (name c))))	response=
date=Mon Feb 29 19:39:57 PST 2016	sessionId=A3QW5NQC6ZBXJ4	remote=72-185-194-128.res.bhn.net	format=lisp2json	query=13	response=(call edu.stanford.nlp.sempre.cubeworld.StacksWorld.wallToString (call context:edu.stanford.nlp.sempre.cubeworld.StacksWorld.stackOnTop (call context:edu.stanford.nlp.sempre.cubeworld.StacksWorld.getTopColor (number 1 COLOR)) (number 1 COLOR))) => (string [[0,0],[0,1,1],[0,0]])
date=Mon Feb 29 19:40:08 PST 2016	sessionId=A3QW5NQC6ZBXJ4	remote=72-185-194-128.res.bhn.net	format=lisp2json	query=(execute (call edu.stanford.nlp.sempre.cubeworld.StacksWorld.getLevel (string pattern)))	response=
date=Mon Feb 29 19:40:08 PST 2016	sessionId=A3QW5NQC6ZBXJ4	remote=72-185-194-128.res.bhn.net	format=lisp2json	query=(accept 39)	response=(call edu.stanford.nlp.sempre.cubeworld.StacksWorld.wallToString (call context:edu.stanford.nlp.sempre.cubeworld.StacksWorld.stackOnTop (call edu.stanford.nlp.sempre.cubeworld.StacksWorld.complement (call context:edu.stanford.nlp.sempre.cubeworld.StacksWorld.getTopColor (number 1 COLOR))) (number 3 COLOR))) => (string [[0,0,3],[0,1],[0,0,3]])
date=Mon Feb 29 19:40:15 PST 2016	sessionId=A3QW5NQC6ZBXJ4	remote=72-185-194-128.res.bhn.net	format=lisp2json	query=(context (graph NaiveKnowledgeGraph ((string [[1,1],[1,3],[1,1],[1,3]]) (name b) (name c))))	response=
date=Mon Feb 29 19:40:15 PST 2016	sessionId=A3QW5NQC6ZBXJ4	remote=72-185-194-128.res.bhn.net	format=lisp2json	query=13	response=(call edu.stanford.nlp.sempre.cubeworld.StacksWorld.wallToString (call context:edu.stanford.nlp.sempre.cubeworld.StacksWorld.stackOnTop (call context:edu.stanford.nlp.sempre.cubeworld.StacksWorld.getTopColor (number 1 COLOR)) (number 1 COLOR))) => (string [[1,1,1],[1,3],[1,1,1],[1,3]])
date=Mon Feb 29 19:40:21 PST 2016	sessionId=A3QW5NQC6ZBXJ4	remote=72-185-194-128.res.bhn.net	format=lisp2json	query=(accept 6)	response=(call edu.stanford.nlp.sempre.cubeworld.StacksWorld.wallToString (call context:edu.stanford.nlp.sempre.cubeworld.StacksWorld.stackOnTop (call context:edu.stanford.nlp.sempre.cubeworld.StacksWorld.getTopColor (number 1 COLOR)) (number 0 COLOR))) => (string [[1,1,0],[1,3],[1,1,0],[1,3]])
date=Mon Feb 29 19:40:21 PST 2016	sessionId=A3QW5NQC6ZBXJ4	remote=72-185-194-128.res.bhn.net	format=lisp2json	query=(execute (call edu.stanford.nlp.sempre.cubeworld.StacksWorld.getLevel (string pattern)))	response=
date=Mon Feb 29 19:40:29 PST 2016	sessionId=A3QW5NQC6ZBXJ4	remote=72-185-194-128.res.bhn.net	format=lisp2json	query=(context (graph NaiveKnowledgeGraph ((string [[1,1],[1,3],[1,1],[1,3],[1,1]]) (name b) (name c))))	response=
date=Mon Feb 29 19:40:30 PST 2016	sessionId=A3QW5NQC6ZBXJ4	remote=72-185-194-128.res.bhn.net	format=lisp2json	query=135	response=(call edu.stanford.nlp.sempre.cubeworld.StacksWorld.wallToString (call context:edu.stanford.nlp.sempre.cubeworld.StacksWorld.removeTop (call context:edu.stanford.nlp.sempre.cubeworld.StacksWorld.getTopColor (number 0 COLOR)))) => (string [[1,1],[1,3],[1,1],[1,3],[1,1]])
date=Mon Feb 29 19:40:32 PST 2016	sessionId=A3QW5NQC6ZBXJ4	remote=72-185-194-128.res.bhn.net	format=lisp2json	query=(accept 1)	response=(call edu.stanford.nlp.sempre.cubeworld.StacksWorld.wallToString (call context:edu.stanford.nlp.sempre.cubeworld.StacksWorld.removeTop (call context:edu.stanford.nlp.sempre.cubeworld.StacksWorld.getTopColor (number 1 COLOR)))) => (string [[1],[1,3],[1],[1,3],[1]])
date=Mon Feb 29 19:40:32 PST 2016	sessionId=A3QW5NQC6ZBXJ4	remote=72-185-194-128.res.bhn.net	format=lisp2json	query=(execute (call edu.stanford.nlp.sempre.cubeworld.StacksWorld.getLevel (string babynot)))	response=
date=Mon Feb 29 19:40:41 PST 2016	sessionId=A3QW5NQC6ZBXJ4	remote=72-185-194-128.res.bhn.net	format=lisp2json	query=(context (graph NaiveKnowledgeGraph ((string [[3],[3],[3],[2],[2]]) (name b) (name c))))	response=
date=Mon Feb 29 19:40:41 PST 2016	sessionId=A3QW5NQC6ZBXJ4	remote=72-185-194-128.res.bhn.net	format=lisp2json	query=2345	response=(call edu.stanford.nlp.sempre.cubeworld.StacksWorld.wallToString (call context:edu.stanford.nlp.sempre.cubeworld.StacksWorld.removeTop (call context:edu.stanford.nlp.sempre.cubeworld.StacksWorld.getTopColor (number 1 COLOR)))) => (string [[3],[3],[3],[2],[2]])
date=Mon Feb 29 19:40:51 PST 2016	sessionId=A3QW5NQC6ZBXJ4	remote=72-185-194-128.res.bhn.net	format=lisp2json	query=(accept 36)	response=(call edu.stanford.nlp.sempre.cubeworld.StacksWorld.wallToString (call context:edu.stanford.nlp.sempre.cubeworld.StacksWorld.removeTop (call edu.stanford.nlp.sempre.cubeworld.StacksWorld.complement (call edu.stanford.nlp.sempre.cubeworld.StacksWorld.leftMost1 (call context:edu.stanford.nlp.sempre.cubeworld.StacksWorld.getTopColor (number 3 COLOR)))))) => (string [[3],[],[],[],[]])
date=Mon Feb 29 19:40:51 PST 2016	sessionId=A3QW5NQC6ZBXJ4	remote=72-185-194-128.res.bhn.net	format=lisp2json	query=(execute (call edu.stanford.nlp.sempre.cubeworld.StacksWorld.getLevel (string babynot)))	response=
date=Mon Feb 29 19:41:03 PST 2016	sessionId=A3QW5NQC6ZBXJ4	remote=72-185-194-128.res.bhn.net	format=lisp2json	query=(context (graph NaiveKnowledgeGraph ((string [[0],[3],[3],[3],[0],[3]]) (name b) (name c))))	response=
date=Mon Feb 29 19:41:03 PST 2016	sessionId=A3QW5NQC6ZBXJ4	remote=72-185-194-128.res.bhn.net	format=lisp2json	query=12345	response=(call edu.stanford.nlp.sempre.cubeworld.StacksWorld.wallToString (call context:edu.stanford.nlp.sempre.cubeworld.StacksWorld.removeTop (call context:edu.stanford.nlp.sempre.cubeworld.StacksWorld.getTopColor (number 1 COLOR)))) => (string [[0],[3],[3],[3],[0],[3]])
date=Mon Feb 29 19:41:15 PST 2016	sessionId=A3QW5NQC6ZBXJ4	remote=72-185-194-128.res.bhn.net	format=lisp2json	query=(accept 32)	response=(call edu.stanford.nlp.sempre.cubeworld.StacksWorld.wallToString (call context:edu.stanford.nlp.sempre.cubeworld.StacksWorld.removeTop (call edu.stanford.nlp.sempre.cubeworld.StacksWorld.complement (call edu.stanford.nlp.sempre.cubeworld.StacksWorld.rightMost1 (call context:edu.stanford.nlp.sempre.cubeworld.StacksWorld.getTopColor (number 3 COLOR)))))) => (string [[],[],[],[],[],[3]])
date=Mon Feb 29 19:41:15 PST 2016	sessionId=A3QW5NQC6ZBXJ4	remote=72-185-194-128.res.bhn.net	format=lisp2json	query=(execute (call edu.stanford.nlp.sempre.cubeworld.StacksWorld.getLevel (string babynot)))	response=
date=Mon Feb 29 19:41:19 PST 2016	sessionId=A3QW5NQC6ZBXJ4	remote=72-185-194-128.res.bhn.net	format=lisp2json	query=(context (graph NaiveKnowledgeGraph ((string [[2],[3],[2]]) (name b) (name c))))	response=
date=Mon Feb 29 19:41:19 PST 2016	sessionId=A3QW5NQC6ZBXJ4	remote=72-185-194-128.res.bhn.net	format=lisp2json	query=2	response=(call edu.stanford.nlp.sempre.cubeworld.StacksWorld.wallToString (call context:edu.stanford.nlp.sempre.cubeworld.StacksWorld.removeTop (call context:edu.stanford.nlp.sempre.cubeworld.StacksWorld.getTopColor (number 0 COLOR)))) => (string [[2],[3],[2]])
date=Mon Feb 29 19:41:21 PST 2016	sessionId=A3QW5NQC6ZBXJ4	remote=72-185-194-128.res.bhn.net	format=lisp2json	query=(accept 1)	response=(call edu.stanford.nlp.sempre.cubeworld.StacksWorld.wallToString (call context:edu.stanford.nlp.sempre.cubeworld.StacksWorld.removeTop (call context:edu.stanford.nlp.sempre.cubeworld.StacksWorld.getTopColor (number 3 COLOR)))) => (string [[2],[],[2]])
date=Mon Feb 29 19:41:21 PST 2016	sessionId=A3QW5NQC6ZBXJ4	remote=72-185-194-128.res.bhn.net	format=lisp2json	query=(execute (call edu.stanford.nlp.sempre.cubeworld.StacksWorld.getLevel (string babynot)))	response=
date=Mon Feb 29 19:41:26 PST 2016	sessionId=A3QW5NQC6ZBXJ4	remote=72-185-194-128.res.bhn.net	format=lisp2json	query=(context (graph NaiveKnowledgeGraph ((string [[3],[1],[1],[1]]) (name b) (name c))))	response=
date=Mon Feb 29 19:41:27 PST 2016	sessionId=A3QW5NQC6ZBXJ4	remote=72-185-194-128.res.bhn.net	format=lisp2json	query=123	response=(call edu.stanford.nlp.sempre.cubeworld.StacksWorld.wallToString (call context:edu.stanford.nlp.sempre.cubeworld.StacksWorld.removeTop (call context:edu.stanford.nlp.sempre.cubeworld.StacksWorld.getTopColor (number 1 COLOR)))) => (string [[3],[],[],[]])
date=Mon Feb 29 19:41:38 PST 2016	sessionId=A3QW5NQC6ZBXJ4	remote=72-185-194-128.res.bhn.net	format=lisp2json	query=(context (graph NaiveKnowledgeGraph ((string [[3],[1],[1],[1]]) (name b) (name c))))	response=
date=Mon Feb 29 19:41:38 PST 2016	sessionId=A3QW5NQC6ZBXJ4	remote=72-185-194-128.res.bhn.net	format=lisp2json	query=123	response=(call edu.stanford.nlp.sempre.cubeworld.StacksWorld.wallToString (call context:edu.stanford.nlp.sempre.cubeworld.StacksWorld.removeTop (call context:edu.stanford.nlp.sempre.cubeworld.StacksWorld.getTopColor (number 1 COLOR)))) => (string [[3],[],[],[]])
date=Mon Feb 29 19:41:54 PST 2016	sessionId=A3QW5NQC6ZBXJ4	remote=72-185-194-128.res.bhn.net	format=lisp2json	query=(accept 97)	response=(call edu.stanford.nlp.sempre.cubeworld.StacksWorld.wallToString (call context:edu.stanford.nlp.sempre.cubeworld.StacksWorld.stackOnTop (call edu.stanford.nlp.sempre.cubeworld.StacksWorld.complement (call edu.stanford.nlp.sempre.cubeworld.StacksWorld.rightMost1 (call context:edu.stanford.nlp.sempre.cubeworld.StacksWorld.getNonEmpty))) (number 1 COLOR))) => (string [[3,1],[1,1],[1,1],[1]])
date=Mon Feb 29 19:41:54 PST 2016	sessionId=A3QW5NQC6ZBXJ4	remote=72-185-194-128.res.bhn.net	format=lisp2json	query=(execute (call edu.stanford.nlp.sempre.cubeworld.StacksWorld.getLevel (string babynot)))	response=
date=Mon Feb 29 19:42:01 PST 2016	sessionId=A3QW5NQC6ZBXJ4	remote=72-185-194-128.res.bhn.net	format=lisp2json	query=(context (graph NaiveKnowledgeGraph ((string [[2],[2],[2],[2],[1],[1]]) (name b) (name c))))	response=
date=Mon Feb 29 19:42:01 PST 2016	sessionId=A3QW5NQC6ZBXJ4	remote=72-185-194-128.res.bhn.net	format=lisp2json	query=12345	response=(call edu.stanford.nlp.sempre.cubeworld.StacksWorld.wallToString (call context:edu.stanford.nlp.sempre.cubeworld.StacksWorld.removeTop (call context:edu.stanford.nlp.sempre.cubeworld.StacksWorld.getTopColor (number 1 COLOR)))) => (string [[2],[2],[2],[2],[],[]])
date=Mon Feb 29 19:42:10 PST 2016	sessionId=A3QW5NQC6ZBXJ4	remote=72-185-194-128.res.bhn.net	format=lisp2json	query=(accept 4)	response=(call edu.stanford.nlp.sempre.cubeworld.StacksWorld.wallToString (call context:edu.stanford.nlp.sempre.cubeworld.StacksWorld.removeTop (call edu.stanford.nlp.sempre.cubeworld.StacksWorld.complement (call edu.stanford.nlp.sempre.cubeworld.StacksWorld.rightMost1 (call context:edu.stanford.nlp.sempre.cubeworld.StacksWorld.getNonEmpty))))) => (string [[],[],[],[],[],[1]])
date=Mon Feb 29 19:42:10 PST 2016	sessionId=A3QW5NQC6ZBXJ4	remote=72-185-194-128.res.bhn.net	format=lisp2json	query=(execute (call edu.stanford.nlp.sempre.cubeworld.StacksWorld.getLevel (string babynot)))	response=
date=Mon Feb 29 19:42:15 PST 2016	sessionId=A3QW5NQC6ZBXJ4	remote=72-185-194-128.res.bhn.net	format=lisp2json	query=(context (graph NaiveKnowledgeGraph ((string [[0],[2],[0],[0],[0],[0]]) (name b) (name c))))	response=
date=Mon Feb 29 19:42:15 PST 2016	sessionId=A3QW5NQC6ZBXJ4	remote=72-185-194-128.res.bhn.net	format=lisp2json	query=23456	response=(call edu.stanford.nlp.sempre.cubeworld.StacksWorld.wallToString (call context:edu.stanford.nlp.sempre.cubeworld.StacksWorld.removeTop (call context:edu.stanford.nlp.sempre.cubeworld.StacksWorld.getTopColor (number 1 COLOR)))) => (string [[0],[2],[0],[0],[0],[0]])
date=Mon Feb 29 19:42:21 PST 2016	sessionId=A3QW5NQC6ZBXJ4	remote=72-185-194-128.res.bhn.net	format=lisp2json	query=(accept 16)	response=(call edu.stanford.nlp.sempre.cubeworld.StacksWorld.wallToString (call context:edu.stanford.nlp.sempre.cubeworld.StacksWorld.removeTop (call edu.stanford.nlp.sempre.cubeworld.StacksWorld.complement (call edu.stanford.nlp.sempre.cubeworld.StacksWorld.leftMost1 (call context:edu.stanford.nlp.sempre.cubeworld.StacksWorld.getTopColor (number 0 COLOR)))))) => (string [[0],[],[],[],[],[]])
date=Mon Feb 29 19:42:21 PST 2016	sessionId=A3QW5NQC6ZBXJ4	remote=72-185-194-128.res.bhn.net	format=lisp2json	query=(execute (call edu.stanford.nlp.sempre.cubeworld.StacksWorld.getLevel (string babynot)))	response=
date=Mon Feb 29 19:42:25 PST 2016	sessionId=A3QW5NQC6ZBXJ4	remote=72-185-194-128.res.bhn.net	format=lisp2json	query=(context (graph NaiveKnowledgeGraph ((string [[3],[1],[1],[1]]) (name b) (name c))))	response=
date=Mon Feb 29 19:42:26 PST 2016	sessionId=A3QW5NQC6ZBXJ4	remote=72-185-194-128.res.bhn.net	format=lisp2json	query=123	response=(call edu.stanford.nlp.sempre.cubeworld.StacksWorld.wallToString (call context:edu.stanford.nlp.sempre.cubeworld.StacksWorld.removeTop (call edu.stanford.nlp.sempre.cubeworld.StacksWorld.rightMost1 (call context:edu.stanford.nlp.sempre.cubeworld.StacksWorld.getNonEmpty)))) => (string [[3],[1],[1],[]])
date=Mon Feb 29 19:42:29 PST 2016	sessionId=A3QW5NQC6ZBXJ4	remote=72-185-194-128.res.bhn.net	format=lisp2json	query=(execute (call edu.stanford.nlp.sempre.cubeworld.StacksWorld.getLevel (string babynot)))	response=
date=Mon Feb 29 19:42:29 PST 2016	sessionId=A3QW5NQC6ZBXJ4	remote=72-185-194-128.res.bhn.net	format=lisp2json	query=(accept 1)	response=(call edu.stanford.nlp.sempre.cubeworld.StacksWorld.wallToString (call context:edu.stanford.nlp.sempre.cubeworld.StacksWorld.removeTop (call edu.stanford.nlp.sempre.cubeworld.StacksWorld.complement (call edu.stanford.nlp.sempre.cubeworld.StacksWorld.rightMost1 (call context:edu.stanford.nlp.sempre.cubeworld.StacksWorld.getNonEmpty))))) => (string [[],[],[],[1]])
date=Mon Feb 29 19:42:33 PST 2016	sessionId=A3QW5NQC6ZBXJ4	remote=72-185-194-128.res.bhn.net	format=lisp2json	query=(context (graph NaiveKnowledgeGraph ((string [[0],[0],[0],[1]]) (name b) (name c))))	response=
date=Mon Feb 29 19:42:33 PST 2016	sessionId=A3QW5NQC6ZBXJ4	remote=72-185-194-128.res.bhn.net	format=lisp2json	query=123	response=(call edu.stanford.nlp.sempre.cubeworld.StacksWorld.wallToString (call context:edu.stanford.nlp.sempre.cubeworld.StacksWorld.removeTop (call edu.stanford.nlp.sempre.cubeworld.StacksWorld.complement (call edu.stanford.nlp.sempre.cubeworld.StacksWorld.rightMost1 (call context:edu.stanford.nlp.sempre.cubeworld.StacksWorld.getNonEmpty))))) => (string [[],[],[],[1]])
date=Mon Feb 29 19:42:41 PST 2016	sessionId=A3QW5NQC6ZBXJ4	remote=72-185-194-128.res.bhn.net	format=lisp2json	query=(accept 7)	response=(call edu.stanford.nlp.sempre.cubeworld.StacksWorld.wallToString (call context:edu.stanford.nlp.sempre.cubeworld.StacksWorld.stackOnTop (call edu.stanford.nlp.sempre.cubeworld.StacksWorld.complement (call edu.stanford.nlp.sempre.cubeworld.StacksWorld.rightMost1 (call context:edu.stanford.nlp.sempre.cubeworld.StacksWorld.getNonEmpty))) (number 0 COLOR))) => (string [[0,0],[0,0],[0,0],[1]])
date=Mon Feb 29 19:42:41 PST 2016	sessionId=A3QW5NQC6ZBXJ4	remote=72-185-194-128.res.bhn.net	format=lisp2json	query=(execute (call edu.stanford.nlp.sempre.cubeworld.StacksWorld.getLevel (string babynot)))	response=
date=Mon Feb 29 19:42:44 PST 2016	sessionId=A3QW5NQC6ZBXJ4	remote=72-185-194-128.res.bhn.net	format=lisp2json	query=(context (graph NaiveKnowledgeGraph ((string [[1],[3],[3]]) (name b) (name c))))	response=
date=Mon Feb 29 19:42:44 PST 2016	sessionId=A3QW5NQC6ZBXJ4	remote=72-185-194-128.res.bhn.net	format=lisp2json	query=23	response=(call edu.stanford.nlp.sempre.cubeworld.StacksWorld.wallToString (call context:edu.stanford.nlp.sempre.cubeworld.StacksWorld.removeTop (call context:edu.stanford.nlp.sempre.cubeworld.StacksWorld.getTopColor (number 0 COLOR)))) => (string [[1],[3],[3]])
date=Mon Feb 29 19:43:00 PST 2016	sessionId=A3QW5NQC6ZBXJ4	remote=72-185-194-128.res.bhn.net	format=lisp2json	query=(accept 52)	response=(call edu.stanford.nlp.sempre.cubeworld.StacksWorld.wallToString (call context:edu.stanford.nlp.sempre.cubeworld.StacksWorld.stackOnTop (call context:edu.stanford.nlp.sempre.cubeworld.StacksWorld.getTopColor (number 3 COLOR)) (number 3 COLOR))) => (string [[1],[3,3],[3,3]])
date=Mon Feb 29 19:43:00 PST 2016	sessionId=A3QW5NQC6ZBXJ4	remote=72-185-194-128.res.bhn.net	format=lisp2json	query=(execute (call edu.stanford.nlp.sempre.cubeworld.StacksWorld.getLevel (string babynot)))	response=
date=Mon Feb 29 19:43:10 PST 2016	sessionId=A3QW5NQC6ZBXJ4	remote=72-185-194-128.res.bhn.net	format=lisp2json	query=(context (graph NaiveKnowledgeGraph ((string [[1],[2],[1],[1],[1]]) (name b) (name c))))	response=
date=Mon Feb 29 19:43:10 PST 2016	sessionId=A3QW5NQC6ZBXJ4	remote=72-185-194-128.res.bhn.net	format=lisp2json	query=2345	response=(call edu.stanford.nlp.sempre.cubeworld.StacksWorld.wallToString (call context:edu.stanford.nlp.sempre.cubeworld.StacksWorld.removeTop (call edu.stanford.nlp.sempre.cubeworld.StacksWorld.complement (call edu.stanford.nlp.sempre.cubeworld.StacksWorld.rightMost1 (call context:edu.stanford.nlp.sempre.cubeworld.StacksWorld.getNonEmpty))))) => (string [[],[],[],[],[1]])
date=Mon Feb 29 19:43:14 PST 2016	sessionId=A3QW5NQC6ZBXJ4	remote=72-185-194-128.res.bhn.net	format=lisp2json	query=(accept 3)	response=(call edu.stanford.nlp.sempre.cubeworld.StacksWorld.wallToString (call context:edu.stanford.nlp.sempre.cubeworld.StacksWorld.removeTop (call edu.stanford.nlp.sempre.cubeworld.StacksWorld.complement (call edu.stanford.nlp.sempre.cubeworld.StacksWorld.leftMost1 (call context:edu.stanford.nlp.sempre.cubeworld.StacksWorld.getNonEmpty))))) => (string [[1],[],[],[],[]])
date=Mon Feb 29 19:43:14 PST 2016	sessionId=A3QW5NQC6ZBXJ4	remote=72-185-194-128.res.bhn.net	format=lisp2json	query=(execute (call edu.stanford.nlp.sempre.cubeworld.StacksWorld.getLevel (string babystack)))	response=
date=Mon Feb 29 19:43:19 PST 2016	sessionId=A3QW5NQC6ZBXJ4	remote=72-185-194-128.res.bhn.net	format=lisp2json	query=(context (graph NaiveKnowledgeGraph ((string [[3,0],[3,3],[1,0]]) (name b) (name c))))	response=
date=Mon Feb 29 19:43:19 PST 2016	sessionId=A3QW5NQC6ZBXJ4	remote=72-185-194-128.res.bhn.net	format=lisp2json	query=12	response=(call edu.stanford.nlp.sempre.cubeworld.StacksWorld.wallToString (call context:edu.stanford.nlp.sempre.cubeworld.StacksWorld.removeTop (call context:edu.stanford.nlp.sempre.cubeworld.StacksWorld.getTopColor (number 1 COLOR)))) => (string [[3,0],[3,3],[1,0]])
date=Mon Feb 29 19:43:25 PST 2016	sessionId=A3QW5NQC6ZBXJ4	remote=72-185-194-128.res.bhn.net	format=lisp2json	query=(accept 4)	response=(call edu.stanford.nlp.sempre.cubeworld.StacksWorld.wallToString (call context:edu.stanford.nlp.sempre.cubeworld.StacksWorld.removeTop (call edu.stanford.nlp.sempre.cubeworld.StacksWorld.complement (call edu.stanford.nlp.sempre.cubeworld.StacksWorld.rightMost1 (call context:edu.stanford.nlp.sempre.cubeworld.StacksWorld.getNonEmpty))))) => (string [[3],[3],[1,0]])
date=Mon Feb 29 19:43:25 PST 2016	sessionId=A3QW5NQC6ZBXJ4	remote=72-185-194-128.res.bhn.net	format=lisp2json	query=(execute (call edu.stanford.nlp.sempre.cubeworld.StacksWorld.getLevel (string babystack)))	response=
date=Mon Feb 29 19:43:28 PST 2016	sessionId=A3QW5NQC6ZBXJ4	remote=72-185-194-128.res.bhn.net	format=lisp2json	query=(context (graph NaiveKnowledgeGraph ((string [[0],[2,0]]) (name b) (name c))))	response=
date=Mon Feb 29 19:43:29 PST 2016	sessionId=A3QW5NQC6ZBXJ4	remote=72-185-194-128.res.bhn.net	format=lisp2json	query=12	response=(call edu.stanford.nlp.sempre.cubeworld.StacksWorld.wallToString (call context:edu.stanford.nlp.sempre.cubeworld.StacksWorld.removeTop (call edu.stanford.nlp.sempre.cubeworld.StacksWorld.complement (call edu.stanford.nlp.sempre.cubeworld.StacksWorld.rightMost1 (call context:edu.stanford.nlp.sempre.cubeworld.StacksWorld.getNonEmpty))))) => (string [[],[2,0]])
date=Mon Feb 29 19:43:34 PST 2016	sessionId=A3QW5NQC6ZBXJ4	remote=72-185-194-128.res.bhn.net	format=lisp2json	query=(execute (call edu.stanford.nlp.sempre.cubeworld.StacksWorld.getLevel (string babystack)))	response=
date=Mon Feb 29 19:43:34 PST 2016	sessionId=A3QW5NQC6ZBXJ4	remote=72-185-194-128.res.bhn.net	format=lisp2json	query=(accept 2)	response=(call edu.stanford.nlp.sempre.cubeworld.StacksWorld.wallToString (call context:edu.stanford.nlp.sempre.cubeworld.StacksWorld.removeTop (call context:edu.stanford.nlp.sempre.cubeworld.StacksWorld.getNonEmpty))) => (string [[],[2]])
date=Mon Feb 29 19:43:41 PST 2016	sessionId=A3QW5NQC6ZBXJ4	remote=72-185-194-128.res.bhn.net	format=lisp2json	query=(context (graph NaiveKnowledgeGraph ((string [[0],[3,2],[0]]) (name b) (name c))))	response=
date=Mon Feb 29 19:43:41 PST 2016	sessionId=A3QW5NQC6ZBXJ4	remote=72-185-194-128.res.bhn.net	format=lisp2json	query=3	response=(call edu.stanford.nlp.sempre.cubeworld.StacksWorld.wallToString (call context:edu.stanford.nlp.sempre.cubeworld.StacksWorld.removeTop (call context:edu.stanford.nlp.sempre.cubeworld.StacksWorld.getTopColor (number 1 COLOR)))) => (string [[0],[3,2],[0]])
date=Mon Feb 29 19:43:46 PST 2016	sessionId=A3QW5NQC6ZBXJ4	remote=72-185-194-128.res.bhn.net	format=lisp2json	query=(accept 5)	response=(call edu.stanford.nlp.sempre.cubeworld.StacksWorld.wallToString (call context:edu.stanford.nlp.sempre.cubeworld.StacksWorld.removeTop (call edu.stanford.nlp.sempre.cubeworld.StacksWorld.rightMost1 (call context:edu.stanford.nlp.sempre.cubeworld.StacksWorld.getNonEmpty)))) => (string [[0],[3,2],[]])
date=Mon Feb 29 19:43:46 PST 2016	sessionId=A3QW5NQC6ZBXJ4	remote=72-185-194-128.res.bhn.net	format=lisp2json	query=(execute (call edu.stanford.nlp.sempre.cubeworld.StacksWorld.getLevel (string babystack)))	response=
date=Mon Feb 29 19:43:51 PST 2016	sessionId=A3QW5NQC6ZBXJ4	remote=72-185-194-128.res.bhn.net	format=lisp2json	query=(context (graph NaiveKnowledgeGraph ((string [[3,2],[0],[2,0],[2]]) (name b) (name c))))	response=
date=Mon Feb 29 19:43:52 PST 2016	sessionId=A3QW5NQC6ZBXJ4	remote=72-185-194-128.res.bhn.net	format=lisp2json	query=4	response=(call edu.stanford.nlp.sempre.cubeworld.StacksWorld.wallToString (call context:edu.stanford.nlp.sempre.cubeworld.StacksWorld.removeTop (call context:edu.stanford.nlp.sempre.cubeworld.StacksWorld.getTopColor (number 1 COLOR)))) => (string [[3,2],[0],[2,0],[2]])
date=Mon Feb 29 19:44:11 PST 2016	sessionId=A3QW5NQC6ZBXJ4	remote=72-185-194-128.res.bhn.net	format=lisp2json	query=(accept 47)	response=(call edu.stanford.nlp.sempre.cubeworld.StacksWorld.wallToString (call context:edu.stanford.nlp.sempre.cubeworld.StacksWorld.stackOnTop (call edu.stanford.nlp.sempre.cubeworld.StacksWorld.rightMost1 (call context:edu.stanford.nlp.sempre.cubeworld.StacksWorld.getNonEmpty)) (number 2 COLOR))) => (string [[3,2],[0],[2,0],[2,2]])
date=Mon Feb 29 19:44:11 PST 2016	sessionId=A3QW5NQC6ZBXJ4	remote=72-185-194-128.res.bhn.net	format=lisp2json	query=(execute (call edu.stanford.nlp.sempre.cubeworld.StacksWorld.getLevel (string babystack)))	response=
date=Mon Feb 29 19:44:15 PST 2016	sessionId=A3QW5NQC6ZBXJ4	remote=72-185-194-128.res.bhn.net	format=lisp2json	query=(context (graph NaiveKnowledgeGraph ((string [[0],[1],[3],[3]]) (name b) (name c))))	response=
date=Mon Feb 29 19:44:15 PST 2016	sessionId=A3QW5NQC6ZBXJ4	remote=72-185-194-128.res.bhn.net	format=lisp2json	query=123	response=(call edu.stanford.nlp.sempre.cubeworld.StacksWorld.wallToString (call context:edu.stanford.nlp.sempre.cubeworld.StacksWorld.removeTop (call edu.stanford.nlp.sempre.cubeworld.StacksWorld.complement (call edu.stanford.nlp.sempre.cubeworld.StacksWorld.rightMost1 (call context:edu.stanford.nlp.sempre.cubeworld.StacksWorld.getNonEmpty))))) => (string [[],[],[],[3]])
date=Mon Feb 29 19:44:54 PST 2016	sessionId=A3QW5NQC6ZBXJ4	remote=72-185-194-128.res.bhn.net	format=lisp2json	query=(context (graph NaiveKnowledgeGraph ((string [[0],[1],[3],[3]]) (name b) (name c))))	response=
date=Mon Feb 29 19:44:55 PST 2016	sessionId=A3QW5NQC6ZBXJ4	remote=72-185-194-128.res.bhn.net	format=lisp2json	query=123	response=(call edu.stanford.nlp.sempre.cubeworld.StacksWorld.wallToString (call context:edu.stanford.nlp.sempre.cubeworld.StacksWorld.removeTop (call edu.stanford.nlp.sempre.cubeworld.StacksWorld.complement (call edu.stanford.nlp.sempre.cubeworld.StacksWorld.rightMost1 (call context:edu.stanford.nlp.sempre.cubeworld.StacksWorld.getNonEmpty))))) => (string [[],[],[],[3]])
date=Mon Feb 29 19:45:02 PST 2016	sessionId=A3QW5NQC6ZBXJ4	remote=72-185-194-128.res.bhn.net	format=lisp2json	query=(context (graph NaiveKnowledgeGraph ((string [[0],[1],[3],[3]]) (name b) (name c))))	response=
date=Mon Feb 29 19:45:02 PST 2016	sessionId=A3QW5NQC6ZBXJ4	remote=72-185-194-128.res.bhn.net	format=lisp2json	query=123	response=(call edu.stanford.nlp.sempre.cubeworld.StacksWorld.wallToString (call context:edu.stanford.nlp.sempre.cubeworld.StacksWorld.removeTop (call edu.stanford.nlp.sempre.cubeworld.StacksWorld.complement (call edu.stanford.nlp.sempre.cubeworld.StacksWorld.rightMost1 (call context:edu.stanford.nlp.sempre.cubeworld.StacksWorld.getNonEmpty))))) => (string [[],[],[],[3]])
date=Mon Feb 29 19:45:04 PST 2016	sessionId=A3QW5NQC6ZBXJ4	remote=72-185-194-128.res.bhn.net	format=lisp2json	query=(accept 0)	response=(call edu.stanford.nlp.sempre.cubeworld.StacksWorld.wallToString (call context:edu.stanford.nlp.sempre.cubeworld.StacksWorld.removeTop (call edu.stanford.nlp.sempre.cubeworld.StacksWorld.complement (call edu.stanford.nlp.sempre.cubeworld.StacksWorld.rightMost1 (call context:edu.stanford.nlp.sempre.cubeworld.StacksWorld.getNonEmpty))))) => (string [[],[],[],[3]])
date=Mon Feb 29 19:45:04 PST 2016	sessionId=A3QW5NQC6ZBXJ4	remote=72-185-194-128.res.bhn.net	format=lisp2json	query=(execute (call edu.stanford.nlp.sempre.cubeworld.StacksWorld.getLevel (string babystack)))	response=
date=Mon Feb 29 19:45:07 PST 2016	sessionId=A3QW5NQC6ZBXJ4	remote=72-185-194-128.res.bhn.net	format=lisp2json	query=(context (graph NaiveKnowledgeGraph ((string [[1,2],[3],[1,1]]) (name b) (name c))))	response=
date=Mon Feb 29 19:45:08 PST 2016	sessionId=A3QW5NQC6ZBXJ4	remote=72-185-194-128.res.bhn.net	format=lisp2json	query=2	response=(call edu.stanford.nlp.sempre.cubeworld.StacksWorld.wallToString (call context:edu.stanford.nlp.sempre.cubeworld.StacksWorld.removeTop (call context:edu.stanford.nlp.sempre.cubeworld.StacksWorld.getTopColor (number 0 COLOR)))) => (string [[1,2],[3],[1,1]])
date=Mon Feb 29 19:45:17 PST 2016	sessionId=A3QW5NQC6ZBXJ4	remote=72-185-194-128.res.bhn.net	format=lisp2json	query=(execute (call edu.stanford.nlp.sempre.cubeworld.StacksWorld.getLevel (string babystack)))	response=
date=Mon Feb 29 19:45:17 PST 2016	sessionId=A3QW5NQC6ZBXJ4	remote=72-185-194-128.res.bhn.net	format=lisp2json	query=(accept 8)	response=(call edu.stanford.nlp.sempre.cubeworld.StacksWorld.wallToString (call context:edu.stanford.nlp.sempre.cubeworld.StacksWorld.removeTop (call edu.stanford.nlp.sempre.cubeworld.StacksWorld.complement (call edu.stanford.nlp.sempre.cubeworld.StacksWorld.leftMost1 (call context:edu.stanford.nlp.sempre.cubeworld.StacksWorld.getNonEmpty))))) => (string [[1,2],[],[1]])
date=Mon Feb 29 19:45:21 PST 2016	sessionId=A3QW5NQC6ZBXJ4	remote=72-185-194-128.res.bhn.net	format=lisp2json	query=(context (graph NaiveKnowledgeGraph ((string [[2],[0,0]]) (name b) (name c))))	response=
date=Mon Feb 29 19:45:22 PST 2016	sessionId=A3QW5NQC6ZBXJ4	remote=72-185-194-128.res.bhn.net	format=lisp2json	query=2	response=(call edu.stanford.nlp.sempre.cubeworld.StacksWorld.wallToString (call context:edu.stanford.nlp.sempre.cubeworld.StacksWorld.removeTop (call edu.stanford.nlp.sempre.cubeworld.StacksWorld.complement (call edu.stanford.nlp.sempre.cubeworld.StacksWorld.leftMost1 (call context:edu.stanford.nlp.sempre.cubeworld.StacksWorld.getNonEmpty))))) => (string [[2],[0]])
date=Mon Feb 29 19:45:30 PST 2016	sessionId=A3QW5NQC6ZBXJ4	remote=72-185-194-128.res.bhn.net	format=lisp2json	query=(accept 23)	response=(call edu.stanford.nlp.sempre.cubeworld.StacksWorld.wallToString (call context:edu.stanford.nlp.sempre.cubeworld.StacksWorld.stackOnTop (call edu.stanford.nlp.sempre.cubeworld.StacksWorld.complement (call edu.stanford.nlp.sempre.cubeworld.StacksWorld.leftMost1 (call context:edu.stanford.nlp.sempre.cubeworld.StacksWorld.getNonEmpty))) (number 0 COLOR))) => (string [[2],[0,0,0]])
date=Mon Feb 29 19:45:30 PST 2016	sessionId=A3QW5NQC6ZBXJ4	remote=72-185-194-128.res.bhn.net	format=lisp2json	query=(execute (call edu.stanford.nlp.sempre.cubeworld.StacksWorld.getLevel (string babystack)))	response=
date=Mon Feb 29 19:45:34 PST 2016	sessionId=A3QW5NQC6ZBXJ4	remote=72-185-194-128.res.bhn.net	format=lisp2json	query=(context (graph NaiveKnowledgeGraph ((string [[0,3],[3],[0,0]]) (name b) (name c))))	response=
date=Mon Feb 29 19:45:34 PST 2016	sessionId=A3QW5NQC6ZBXJ4	remote=72-185-194-128.res.bhn.net	format=lisp2json	query=3	response=(call edu.stanford.nlp.sempre.cubeworld.StacksWorld.wallToString (call context:edu.stanford.nlp.sempre.cubeworld.StacksWorld.removeTop (call edu.stanford.nlp.sempre.cubeworld.StacksWorld.rightMost1 (call context:edu.stanford.nlp.sempre.cubeworld.StacksWorld.getNonEmpty)))) => (string [[0,3],[3],[0]])
date=Mon Feb 29 19:45:40 PST 2016	sessionId=A3QW5NQC6ZBXJ4	remote=72-185-194-128.res.bhn.net	format=lisp2json	query=(accept 4)	response=(call edu.stanford.nlp.sempre.cubeworld.StacksWorld.wallToString (call context:edu.stanford.nlp.sempre.cubeworld.StacksWorld.stackOnTop (call edu.stanford.nlp.sempre.cubeworld.StacksWorld.rightMost1 (call context:edu.stanford.nlp.sempre.cubeworld.StacksWorld.getNonEmpty)) (number 0 COLOR))) => (string [[0,3],[3],[0,0,0]])
date=Mon Feb 29 19:45:40 PST 2016	sessionId=A3QW5NQC6ZBXJ4	remote=72-185-194-128.res.bhn.net	format=lisp2json	query=(execute (call edu.stanford.nlp.sempre.cubeworld.StacksWorld.getLevel (string babystack)))	response=
date=Mon Feb 29 19:45:45 PST 2016	sessionId=A3QW5NQC6ZBXJ4	remote=72-185-194-128.res.bhn.net	format=lisp2json	query=(context (graph NaiveKnowledgeGraph ((string [[0,3],[3,0],[1,0],[3,0]]) (name b) (name c))))	response=
date=Mon Feb 29 19:45:45 PST 2016	sessionId=A3QW5NQC6ZBXJ4	remote=72-185-194-128.res.bhn.net	format=lisp2json	query=1	response=(call edu.stanford.nlp.sempre.cubeworld.StacksWorld.wallToString (call context:edu.stanford.nlp.sempre.cubeworld.StacksWorld.removeTop (call edu.stanford.nlp.sempre.cubeworld.StacksWorld.rightMost1 (call context:edu.stanford.nlp.sempre.cubeworld.StacksWorld.getNonEmpty)))) => (string [[0,3],[3,0],[1,0],[3]])
date=Mon Feb 29 19:46:08 PST 2016	sessionId=A3QW5NQC6ZBXJ4	remote=72-185-194-128.res.bhn.net	format=lisp2json	query=(accept 45)	response=(call edu.stanford.nlp.sempre.cubeworld.StacksWorld.wallToString (call context:edu.stanford.nlp.sempre.cubeworld.StacksWorld.stackOnTop (call edu.stanford.nlp.sempre.cubeworld.StacksWorld.leftMost1 (call context:edu.stanford.nlp.sempre.cubeworld.StacksWorld.getNonEmpty)) (number 0 COLOR))) => (string [[0,3,0],[3,0],[1,0],[3,0]])
date=Mon Feb 29 19:46:08 PST 2016	sessionId=A3QW5NQC6ZBXJ4	remote=72-185-194-128.res.bhn.net	format=lisp2json	query=(execute (call edu.stanford.nlp.sempre.cubeworld.StacksWorld.getLevel (string babystack)))	response=
date=Mon Feb 29 19:46:12 PST 2016	sessionId=A3QW5NQC6ZBXJ4	remote=72-185-194-128.res.bhn.net	format=lisp2json	query=(context (graph NaiveKnowledgeGraph ((string [[1,1],[3]]) (name b) (name c))))	response=
date=Mon Feb 29 19:46:12 PST 2016	sessionId=A3QW5NQC6ZBXJ4	remote=72-185-194-128.res.bhn.net	format=lisp2json	query=1	response=(call edu.stanford.nlp.sempre.cubeworld.StacksWorld.wallToString (call context:edu.stanford.nlp.sempre.cubeworld.StacksWorld.removeTop (call edu.stanford.nlp.sempre.cubeworld.StacksWorld.leftMost1 (call context:edu.stanford.nlp.sempre.cubeworld.StacksWorld.getNonEmpty)))) => (string [[1],[3]])
date=Mon Feb 29 19:46:15 PST 2016	sessionId=A3QW5NQC6ZBXJ4	remote=72-185-194-128.res.bhn.net	format=lisp2json	query=(accept 0)	response=(call edu.stanford.nlp.sempre.cubeworld.StacksWorld.wallToString (call context:edu.stanford.nlp.sempre.cubeworld.StacksWorld.removeTop (call edu.stanford.nlp.sempre.cubeworld.StacksWorld.leftMost1 (call context:edu.stanford.nlp.sempre.cubeworld.StacksWorld.getNonEmpty)))) => (string [[1],[3]])
date=Mon Feb 29 19:46:15 PST 2016	sessionId=A3QW5NQC6ZBXJ4	remote=72-185-194-128.res.bhn.net	format=lisp2json	query=(execute (call edu.stanford.nlp.sempre.cubeworld.StacksWorld.getLevel (string littlehouse)))	response=
date=Mon Feb 29 19:46:27 PST 2016	sessionId=A3QW5NQC6ZBXJ4	remote=72-185-194-128.res.bhn.net	format=lisp2json	query=(context (graph NaiveKnowledgeGraph ((string [[2,2],[2,1,1],[2,1,1],[2,1],[2,2]]) (name b) (name c))))	response=
date=Mon Feb 29 19:46:28 PST 2016	sessionId=A3QW5NQC6ZBXJ4	remote=72-185-194-128.res.bhn.net	format=lisp2json	query=135	response=(call edu.stanford.nlp.sempre.cubeworld.StacksWorld.wallToString (call context:edu.stanford.nlp.sempre.cubeworld.StacksWorld.removeTop (call edu.stanford.nlp.sempre.cubeworld.StacksWorld.rightMost1 (call context:edu.stanford.nlp.sempre.cubeworld.StacksWorld.getNonEmpty)))) => (string [[2,2],[2,1,1],[2,1,1],[2,1],[2]])
date=Mon Feb 29 19:47:18 PST 2016	sessionId=A3QW5NQC6ZBXJ4	remote=72-185-194-128.res.bhn.net	format=lisp2json	query=(accept 56)	response=(call edu.stanford.nlp.sempre.cubeworld.StacksWorld.wallToString (call context:edu.stanford.nlp.sempre.cubeworld.StacksWorld.stackOnTop (call edu.stanford.nlp.sempre.cubeworld.StacksWorld.rightMost1 (call context:edu.stanford.nlp.sempre.cubeworld.StacksWorld.getTopColor (number 1 COLOR))) (number 1 COLOR))) => (string [[2,2],[2,1,1],[2,1,1],[2,1,1],[2,2]])
date=Mon Feb 29 19:47:30 PST 2016	sessionId=A3QW5NQC6ZBXJ4	remote=72-185-194-128.res.bhn.net	format=lisp2json	query=(context (graph NaiveKnowledgeGraph ((string [[2,2],[2,1,1],[2,1,1],[2,1,1],[2,2]]) (name b) (name c))))	response=
date=Mon Feb 29 19:47:30 PST 2016	sessionId=A3QW5NQC6ZBXJ4	remote=72-185-194-128.res.bhn.net	format=lisp2json	query=15	response=(call edu.stanford.nlp.sempre.cubeworld.StacksWorld.wallToString (call context:edu.stanford.nlp.sempre.cubeworld.StacksWorld.removeTop (call edu.stanford.nlp.sempre.cubeworld.StacksWorld.rightMost1 (call context:edu.stanford.nlp.sempre.cubeworld.StacksWorld.getNonEmpty)))) => (string [[2,2],[2,1,1],[2,1,1],[2,1,1],[2]])
date=Mon Feb 29 19:48:11 PST 2016	sessionId=A3QW5NQC6ZBXJ4	remote=72-185-194-128.res.bhn.net	format=lisp2json	query=(accept 57)	response=(call edu.stanford.nlp.sempre.cubeworld.StacksWorld.wallToString (call context:edu.stanford.nlp.sempre.cubeworld.StacksWorld.stackOnTop (call context:edu.stanford.nlp.sempre.cubeworld.StacksWorld.getNonEmpty) (number 2 COLOR))) => (string [[2,2,2],[2,1,1,2],[2,1,1,2],[2,1,1,2],[2,2,2]])
date=Mon Feb 29 19:48:20 PST 2016	sessionId=A3QW5NQC6ZBXJ4	remote=72-185-194-128.res.bhn.net	format=lisp2json	query=(context (graph NaiveKnowledgeGraph ((string [[2,2,2],[2,1,1,2],[2,1,1,2],[2,1,1,2],[2,2,2]]) (name b) (name c))))	response=
date=Mon Feb 29 19:48:21 PST 2016	sessionId=A3QW5NQC6ZBXJ4	remote=72-185-194-128.res.bhn.net	format=lisp2json	query=135	response=(call edu.stanford.nlp.sempre.cubeworld.StacksWorld.wallToString (call context:edu.stanford.nlp.sempre.cubeworld.StacksWorld.removeTop (call context:edu.stanford.nlp.sempre.cubeworld.StacksWorld.getTopColor (number 1 COLOR)))) => (string [[2,2,2],[2,1,1,2],[2,1,1,2],[2,1,1,2],[2,2,2]])
