date=Mon Feb 29 19:43:54 PST 2016	sessionId=A77K8W55MJEKX	remote=c-68-36-215-223.hsd1.mi.comcast.net	format=lisp2json	query=(execute (call edu.stanford.nlp.sempre.cubeworld.StacksWorld.getLevel (string remove)))	response=
date=Mon Feb 29 19:45:30 PST 2016	sessionId=A77K8W55MJEKX	remote=c-68-36-215-223.hsd1.mi.comcast.net	format=lisp2json	query=(execute (call edu.stanford.nlp.sempre.cubeworld.StacksWorld.getLevel (string remove)))	response=
date=Mon Feb 29 19:45:38 PST 2016	sessionId=A77K8W55MJEKX	remote=c-68-36-215-223.hsd1.mi.comcast.net	format=lisp2json	query=(execute (call edu.stanford.nlp.sempre.cubeworld.StacksWorld.getLevel (string babystep)))	response=
date=Mon Feb 29 19:45:44 PST 2016	sessionId=A77K8W55MJEKX	remote=c-68-36-215-223.hsd1.mi.comcast.net	format=lisp2json	query=(execute (call edu.stanford.nlp.sempre.cubeworld.StacksWorld.getLevel (string pattern)))	response=
date=Mon Feb 29 19:45:47 PST 2016	sessionId=A77K8W55MJEKX	remote=c-68-36-215-223.hsd1.mi.comcast.net	format=lisp2json	query=(execute (call edu.stanford.nlp.sempre.cubeworld.StacksWorld.getLevel (string babynot)))	response=
date=Mon Feb 29 19:45:49 PST 2016	sessionId=A77K8W55MJEKX	remote=c-68-36-215-223.hsd1.mi.comcast.net	format=lisp2json	query=(execute (call edu.stanford.nlp.sempre.cubeworld.StacksWorld.getLevel (string babystack)))	response=
date=Mon Feb 29 19:45:50 PST 2016	sessionId=A77K8W55MJEKX	remote=c-68-36-215-223.hsd1.mi.comcast.net	format=lisp2json	query=(execute (call edu.stanford.nlp.sempre.cubeworld.StacksWorld.getLevel (string littlehouse)))	response=
date=Mon Feb 29 19:45:53 PST 2016	sessionId=A77K8W55MJEKX	remote=c-68-36-215-223.hsd1.mi.comcast.net	format=lisp2json	query=(execute (call edu.stanford.nlp.sempre.cubeworld.StacksWorld.getLevel (string remove)))	response=
date=Mon Feb 29 19:46:18 PST 2016	sessionId=A77K8W55MJEKX	remote=c-68-36-215-223.hsd1.mi.comcast.net	format=lisp2json	query=(execute (call edu.stanford.nlp.sempre.cubeworld.StacksWorld.getLevel (string remove)))	response=
date=Mon Feb 29 19:46:20 PST 2016	sessionId=A77K8W55MJEKX	remote=c-68-36-215-223.hsd1.mi.comcast.net	format=lisp2json	query=(execute (call edu.stanford.nlp.sempre.cubeworld.StacksWorld.getLevel (string remove)))	response=
date=Mon Feb 29 19:46:22 PST 2016	sessionId=A77K8W55MJEKX	remote=c-68-36-215-223.hsd1.mi.comcast.net	format=lisp2json	query=(execute (call edu.stanford.nlp.sempre.cubeworld.StacksWorld.getLevel (string remove)))	response=
date=Mon Feb 29 19:46:36 PST 2016	sessionId=A77K8W55MJEKX	remote=c-68-36-215-223.hsd1.mi.comcast.net	format=lisp2json	query=(execute (call edu.stanford.nlp.sempre.cubeworld.StacksWorld.getLevel (string remove)))	response=
date=Mon Feb 29 19:46:44 PST 2016	sessionId=A77K8W55MJEKX	remote=c-68-36-215-223.hsd1.mi.comcast.net	format=lisp2json	query=(execute (call edu.stanford.nlp.sempre.cubeworld.StacksWorld.getLevel (string remove)))	response=
date=Mon Feb 29 19:55:15 PST 2016	sessionId=A77K8W55MJEKX	remote=c-68-36-215-223.hsd1.mi.comcast.net	format=lisp2json	query=(context (graph NaiveKnowledgeGraph ((string [[0],[3],[2],[2],[3],[1]]) (name b) (name c))))	response=
date=Mon Feb 29 19:55:15 PST 2016	sessionId=A77K8W55MJEKX	remote=c-68-36-215-223.hsd1.mi.comcast.net	format=lisp2json	query=First put aside the blue cubs	response=(call edu.stanford.nlp.sempre.cubeworld.StacksWorld.wallToString (call context:edu.stanford.nlp.sempre.cubeworld.StacksWorld.removeTop (call context:edu.stanford.nlp.sempre.cubeworld.StacksWorld.getNonEmpty))) => (string [[],[],[],[],[],[]])
date=Mon Feb 29 19:56:02 PST 2016	sessionId=A77K8W55MJEKX	remote=c-68-36-215-223.hsd1.mi.comcast.net	format=lisp2json	query=(context (graph NaiveKnowledgeGraph ((string [[0],[3],[2],[2],[3],[1]]) (name b) (name c))))	response=
date=Mon Feb 29 19:56:02 PST 2016	sessionId=A77K8W55MJEKX	remote=c-68-36-215-223.hsd1.mi.comcast.net	format=lisp2json	query=Then lift the gray long piece	response=(call edu.stanford.nlp.sempre.cubeworld.StacksWorld.wallToString (call context:edu.stanford.nlp.sempre.cubeworld.StacksWorld.removeTop (call context:edu.stanford.nlp.sempre.cubeworld.StacksWorld.getNonEmpty))) => (string [[],[],[],[],[],[]])
date=Mon Feb 29 19:58:44 PST 2016	sessionId=A77K8W55MJEKX	remote=c-68-36-215-223.hsd1.mi.comcast.net	format=lisp2json	query=(context (graph NaiveKnowledgeGraph ((string [[0],[3],[2],[2],[3],[1]]) (name b) (name c))))	response=
date=Mon Feb 29 19:58:45 PST 2016	sessionId=A77K8W55MJEKX	remote=c-68-36-215-223.hsd1.mi.comcast.net	format=lisp2json	query=Slide the gray long piece underneath the column of cubes	response=(call edu.stanford.nlp.sempre.cubeworld.StacksWorld.wallToString (call context:edu.stanford.nlp.sempre.cubeworld.StacksWorld.removeTop (call context:edu.stanford.nlp.sempre.cubeworld.StacksWorld.getNonEmpty))) => (string [[],[],[],[],[],[]])
date=Mon Feb 29 20:01:29 PST 2016	sessionId=A77K8W55MJEKX	remote=c-68-36-215-223.hsd1.mi.comcast.net	format=lisp2json	query=(context (graph NaiveKnowledgeGraph ((string [[0],[3],[2],[2],[3],[1]]) (name b) (name c))))	response=
date=Mon Feb 29 20:01:29 PST 2016	sessionId=A77K8W55MJEKX	remote=c-68-36-215-223.hsd1.mi.comcast.net	format=lisp2json	query=Remove the blue cube out in order to achieve the goal	response=(call edu.stanford.nlp.sempre.cubeworld.StacksWorld.wallToString (call context:edu.stanford.nlp.sempre.cubeworld.StacksWorld.removeTop (call context:edu.stanford.nlp.sempre.cubeworld.StacksWorld.getNonEmpty))) => (string [[],[],[],[],[],[]])
date=Mon Feb 29 20:01:33 PST 2016	sessionId=A77K8W55MJEKX	remote=c-68-36-215-223.hsd1.mi.comcast.net	format=lisp2json	query=(execute (call edu.stanford.nlp.sempre.cubeworld.StacksWorld.getLevel (string babystep)))	response=
date=Mon Feb 29 20:02:32 PST 2016	sessionId=A77K8W55MJEKX	remote=c-68-36-215-223.hsd1.mi.comcast.net	format=lisp2json	query=(context (graph NaiveKnowledgeGraph ((string [[0],[0],[3],[3],[0],[3]]) (name b) (name c))))	response=
date=Mon Feb 29 20:02:32 PST 2016	sessionId=A77K8W55MJEKX	remote=c-68-36-215-223.hsd1.mi.comcast.net	format=lisp2json	query=Arrange 2 blue cubes, then 2 orange cubes followed by one blue cube and one orange cube	response=(call edu.stanford.nlp.sempre.cubeworld.StacksWorld.wallToString (call context:edu.stanford.nlp.sempre.cubeworld.StacksWorld.removeTop (call context:edu.stanford.nlp.sempre.cubeworld.StacksWorld.getNonEmpty))) => (string [[],[],[],[],[],[]])
date=Mon Feb 29 20:03:12 PST 2016	sessionId=A77K8W55MJEKX	remote=c-68-36-215-223.hsd1.mi.comcast.net	format=lisp2json	query=(context (graph NaiveKnowledgeGraph ((string [[0],[0],[3],[3],[0],[3]]) (name b) (name c))))	response=
date=Mon Feb 29 20:03:13 PST 2016	sessionId=A77K8W55MJEKX	remote=c-68-36-215-223.hsd1.mi.comcast.net	format=lisp2json	query=Add one oragne cube on top of the first blue cube to achieve the goal	response=(call edu.stanford.nlp.sempre.cubeworld.StacksWorld.wallToString (call context:edu.stanford.nlp.sempre.cubeworld.StacksWorld.removeTop (call context:edu.stanford.nlp.sempre.cubeworld.StacksWorld.getNonEmpty))) => (string [[],[],[],[],[],[]])
date=Mon Feb 29 20:03:14 PST 2016	sessionId=A77K8W55MJEKX	remote=c-68-36-215-223.hsd1.mi.comcast.net	format=lisp2json	query=(execute (call edu.stanford.nlp.sempre.cubeworld.StacksWorld.getLevel (string pattern)))	response=
date=Mon Feb 29 20:03:47 PST 2016	sessionId=A77K8W55MJEKX	remote=c-68-36-215-223.hsd1.mi.comcast.net	format=lisp2json	query=(context (graph NaiveKnowledgeGraph ((string [[1,1],[2,2],[1,1]]) (name b) (name c))))	response=
date=Mon Feb 29 20:03:48 PST 2016	sessionId=A77K8W55MJEKX	remote=c-68-36-215-223.hsd1.mi.comcast.net	format=lisp2json	query=Arrange 2 brown cubes one on top of the other	response=(call edu.stanford.nlp.sempre.cubeworld.StacksWorld.wallToString (call context:edu.stanford.nlp.sempre.cubeworld.StacksWorld.removeTop (call context:edu.stanford.nlp.sempre.cubeworld.StacksWorld.getNonEmpty))) => (string [[1],[2],[1]])
date=Mon Feb 29 20:04:12 PST 2016	sessionId=A77K8W55MJEKX	remote=c-68-36-215-223.hsd1.mi.comcast.net	format=lisp2json	query=(context (graph NaiveKnowledgeGraph ((string [[1,1],[2,2],[1,1]]) (name b) (name c))))	response=
date=Mon Feb 29 20:04:13 PST 2016	sessionId=A77K8W55MJEKX	remote=c-68-36-215-223.hsd1.mi.comcast.net	format=lisp2json	query=Place two pink cubes placed on on top of each other, right next to the brown cubes	response=(call edu.stanford.nlp.sempre.cubeworld.StacksWorld.wallToString (call context:edu.stanford.nlp.sempre.cubeworld.StacksWorld.removeTop (call context:edu.stanford.nlp.sempre.cubeworld.StacksWorld.getNonEmpty))) => (string [[1],[2],[1]])
date=Mon Feb 29 20:04:46 PST 2016	sessionId=A77K8W55MJEKX	remote=c-68-36-215-223.hsd1.mi.comcast.net	format=lisp2json	query=(context (graph NaiveKnowledgeGraph ((string [[1,1],[2,2],[1,1]]) (name b) (name c))))	response=
date=Mon Feb 29 20:04:46 PST 2016	sessionId=A77K8W55MJEKX	remote=c-68-36-215-223.hsd1.mi.comcast.net	format=lisp2json	query=Place two more brown cubes placed one on top of each other next to the pink cubes	response=(call edu.stanford.nlp.sempre.cubeworld.StacksWorld.wallToString (call context:edu.stanford.nlp.sempre.cubeworld.StacksWorld.removeTop (call context:edu.stanford.nlp.sempre.cubeworld.StacksWorld.getNonEmpty))) => (string [[1],[2],[1]])
date=Mon Feb 29 20:05:17 PST 2016	sessionId=A77K8W55MJEKX	remote=c-68-36-215-223.hsd1.mi.comcast.net	format=lisp2json	query=(context (graph NaiveKnowledgeGraph ((string [[1,1],[2,2],[1,1]]) (name b) (name c))))	response=
date=Mon Feb 29 20:05:18 PST 2016	sessionId=A77K8W55MJEKX	remote=c-68-36-215-223.hsd1.mi.comcast.net	format=lisp2json	query=Then remove the top layer of cubes consisting of one brown, one pink and another brown cube	response=(call edu.stanford.nlp.sempre.cubeworld.StacksWorld.wallToString (call context:edu.stanford.nlp.sempre.cubeworld.StacksWorld.removeTop (call context:edu.stanford.nlp.sempre.cubeworld.StacksWorld.getNonEmpty))) => (string [[1],[2],[1]])
date=Mon Feb 29 20:05:51 PST 2016	sessionId=A77K8W55MJEKX	remote=c-68-36-215-223.hsd1.mi.comcast.net	format=lisp2json	query=(context (graph NaiveKnowledgeGraph ((string [[1,1],[2,2],[1,1]]) (name b) (name c))))	response=
date=Mon Feb 29 20:05:52 PST 2016	sessionId=A77K8W55MJEKX	remote=c-68-36-215-223.hsd1.mi.comcast.net	format=lisp2json	query=Then place back the two brown cubes on top of the other brown cubes, but not the pink cube.	response=(call edu.stanford.nlp.sempre.cubeworld.StacksWorld.wallToString (call context:edu.stanford.nlp.sempre.cubeworld.StacksWorld.removeTop (call context:edu.stanford.nlp.sempre.cubeworld.StacksWorld.getNonEmpty))) => (string [[1],[2],[1]])
date=Mon Feb 29 20:05:52 PST 2016	sessionId=A77K8W55MJEKX	remote=c-68-36-215-223.hsd1.mi.comcast.net	format=lisp2json	query=(execute (call edu.stanford.nlp.sempre.cubeworld.StacksWorld.getLevel (string babynot)))	response=
date=Mon Feb 29 20:06:33 PST 2016	sessionId=A77K8W55MJEKX	remote=c-68-36-215-223.hsd1.mi.comcast.net	format=lisp2json	query=(context (graph NaiveKnowledgeGraph ((string [[2],[0],[2],[2],[0]]) (name b) (name c))))	response=
date=Mon Feb 29 20:06:33 PST 2016	sessionId=A77K8W55MJEKX	remote=c-68-36-215-223.hsd1.mi.comcast.net	format=lisp2json	query=Start by placing one pink cube, followed by one blue cube then 2 pink cubes and one more blue cube	response=(call edu.stanford.nlp.sempre.cubeworld.StacksWorld.wallToString (call context:edu.stanford.nlp.sempre.cubeworld.StacksWorld.removeTop (call context:edu.stanford.nlp.sempre.cubeworld.StacksWorld.getNonEmpty))) => (string [[],[],[],[],[]])
date=Mon Feb 29 20:06:50 PST 2016	sessionId=A77K8W55MJEKX	remote=c-68-36-215-223.hsd1.mi.comcast.net	format=lisp2json	query=(context (graph NaiveKnowledgeGraph ((string [[2],[0],[2],[2],[0]]) (name b) (name c))))	response=
date=Mon Feb 29 20:06:51 PST 2016	sessionId=A77K8W55MJEKX	remote=c-68-36-215-223.hsd1.mi.comcast.net	format=lisp2json	query=Then place one pink cube over the first pink cube	response=(call edu.stanford.nlp.sempre.cubeworld.StacksWorld.wallToString (call context:edu.stanford.nlp.sempre.cubeworld.StacksWorld.removeTop (call context:edu.stanford.nlp.sempre.cubeworld.StacksWorld.getNonEmpty))) => (string [[],[],[],[],[]])
date=Mon Feb 29 20:07:20 PST 2016	sessionId=A77K8W55MJEKX	remote=c-68-36-215-223.hsd1.mi.comcast.net	format=lisp2json	query=(context (graph NaiveKnowledgeGraph ((string [[2],[0],[2],[2],[0]]) (name b) (name c))))	response=
date=Mon Feb 29 20:07:20 PST 2016	sessionId=A77K8W55MJEKX	remote=c-68-36-215-223.hsd1.mi.comcast.net	format=lisp2json	query=Place two more pink cubes over the remaining two other pink cubes to achieve the target	response=(call edu.stanford.nlp.sempre.cubeworld.StacksWorld.wallToString (call context:edu.stanford.nlp.sempre.cubeworld.StacksWorld.removeTop (call context:edu.stanford.nlp.sempre.cubeworld.StacksWorld.getNonEmpty))) => (string [[],[],[],[],[]])
date=Mon Feb 29 20:07:24 PST 2016	sessionId=A77K8W55MJEKX	remote=c-68-36-215-223.hsd1.mi.comcast.net	format=lisp2json	query=(execute (call edu.stanford.nlp.sempre.cubeworld.StacksWorld.getLevel (string babystack)))	response=
date=Mon Feb 29 20:07:55 PST 2016	sessionId=A77K8W55MJEKX	remote=c-68-36-215-223.hsd1.mi.comcast.net	format=lisp2json	query=(context (graph NaiveKnowledgeGraph ((string [[3],[1,1]]) (name b) (name c))))	response=
date=Mon Feb 29 20:07:55 PST 2016	sessionId=A77K8W55MJEKX	remote=c-68-36-215-223.hsd1.mi.comcast.net	format=lisp2json	query=Start with on orange cube right next to tow brown cubes stacked up on each other	response=(call edu.stanford.nlp.sempre.cubeworld.StacksWorld.wallToString (call context:edu.stanford.nlp.sempre.cubeworld.StacksWorld.removeTop (call context:edu.stanford.nlp.sempre.cubeworld.StacksWorld.getNonEmpty))) => (string [[],[1]])
date=Mon Feb 29 20:08:25 PST 2016	sessionId=A77K8W55MJEKX	remote=c-68-36-215-223.hsd1.mi.comcast.net	format=lisp2json	query=(context (graph NaiveKnowledgeGraph ((string [[3],[1,1]]) (name b) (name c))))	response=
date=Mon Feb 29 20:08:25 PST 2016	sessionId=A77K8W55MJEKX	remote=c-68-36-215-223.hsd1.mi.comcast.net	format=lisp2json	query=Then remove the organne cube and the top most brown cube	response=(call edu.stanford.nlp.sempre.cubeworld.StacksWorld.wallToString (call context:edu.stanford.nlp.sempre.cubeworld.StacksWorld.removeTop (call context:edu.stanford.nlp.sempre.cubeworld.StacksWorld.getNonEmpty))) => (string [[],[1]])
date=Mon Feb 29 20:09:12 PST 2016	sessionId=A77K8W55MJEKX	remote=c-68-36-215-223.hsd1.mi.comcast.net	format=lisp2json	query=(context (graph NaiveKnowledgeGraph ((string [[3],[1,1]]) (name b) (name c))))	response=
date=Mon Feb 29 20:09:13 PST 2016	sessionId=A77K8W55MJEKX	remote=c-68-36-215-223.hsd1.mi.comcast.net	format=lisp2json	query=Place two orange cubes stacked up next to the brown cube	response=(call edu.stanford.nlp.sempre.cubeworld.StacksWorld.wallToString (call context:edu.stanford.nlp.sempre.cubeworld.StacksWorld.removeTop (call context:edu.stanford.nlp.sempre.cubeworld.StacksWorld.getNonEmpty))) => (string [[],[1]])
date=Mon Feb 29 20:09:25 PST 2016	sessionId=A77K8W55MJEKX	remote=c-68-36-215-223.hsd1.mi.comcast.net	format=lisp2json	query=(context (graph NaiveKnowledgeGraph ((string [[3],[1,1]]) (name b) (name c))))	response=
date=Mon Feb 29 20:09:25 PST 2016	sessionId=A77K8W55MJEKX	remote=c-68-36-215-223.hsd1.mi.comcast.net	format=lisp2json	query=Plaxce one brown cube above the existing brown cube	response=(call edu.stanford.nlp.sempre.cubeworld.StacksWorld.wallToString (call context:edu.stanford.nlp.sempre.cubeworld.StacksWorld.removeTop (call context:edu.stanford.nlp.sempre.cubeworld.StacksWorld.getNonEmpty))) => (string [[],[1]])
date=Mon Feb 29 20:09:48 PST 2016	sessionId=A77K8W55MJEKX	remote=c-68-36-215-223.hsd1.mi.comcast.net	format=lisp2json	query=(context (graph NaiveKnowledgeGraph ((string [[3],[1,1]]) (name b) (name c))))	response=
date=Mon Feb 29 20:09:48 PST 2016	sessionId=A77K8W55MJEKX	remote=c-68-36-215-223.hsd1.mi.comcast.net	format=lisp2json	query=Lastly, place one more oraange cube over the two brown cubes to achieve the goal	response=(call edu.stanford.nlp.sempre.cubeworld.StacksWorld.wallToString (call context:edu.stanford.nlp.sempre.cubeworld.StacksWorld.removeTop (call context:edu.stanford.nlp.sempre.cubeworld.StacksWorld.getNonEmpty))) => (string [[],[1]])
date=Mon Feb 29 20:09:50 PST 2016	sessionId=A77K8W55MJEKX	remote=c-68-36-215-223.hsd1.mi.comcast.net	format=lisp2json	query=(execute (call edu.stanford.nlp.sempre.cubeworld.StacksWorld.getLevel (string littlehouse)))	response=
date=Mon Feb 29 20:10:22 PST 2016	sessionId=A77K8W55MJEKX	remote=c-68-36-215-223.hsd1.mi.comcast.net	format=lisp2json	query=(context (graph NaiveKnowledgeGraph ((string [[2,2],[2,3,3],[2,3,3],[2,3],[2,2]]) (name b) (name c))))	response=
date=Mon Feb 29 20:10:22 PST 2016	sessionId=A77K8W55MJEKX	remote=c-68-36-215-223.hsd1.mi.comcast.net	format=lisp2json	query=Place 5 red cubes in a row	response=(call edu.stanford.nlp.sempre.cubeworld.StacksWorld.wallToString (call context:edu.stanford.nlp.sempre.cubeworld.StacksWorld.removeTop (call context:edu.stanford.nlp.sempre.cubeworld.StacksWorld.getNonEmpty))) => (string [[2],[2,3],[2,3],[2],[2]])
date=Mon Feb 29 20:11:11 PST 2016	sessionId=A77K8W55MJEKX	remote=c-68-36-215-223.hsd1.mi.comcast.net	format=lisp2json	query=(context (graph NaiveKnowledgeGraph ((string [[2,2],[2,3,3],[2,3,3],[2,3],[2,2]]) (name b) (name c))))	response=
date=Mon Feb 29 20:11:12 PST 2016	sessionId=A77K8W55MJEKX	remote=c-68-36-215-223.hsd1.mi.comcast.net	format=lisp2json	query=Place two red cubes above the red cubes at both extreme ends	response=(call edu.stanford.nlp.sempre.cubeworld.StacksWorld.wallToString (call context:edu.stanford.nlp.sempre.cubeworld.StacksWorld.removeTop (call context:edu.stanford.nlp.sempre.cubeworld.StacksWorld.getNonEmpty))) => (string [[2],[2,3],[2,3],[2],[2]])
date=Mon Feb 29 20:11:34 PST 2016	sessionId=A77K8W55MJEKX	remote=c-68-36-215-223.hsd1.mi.comcast.net	format=lisp2json	query=(context (graph NaiveKnowledgeGraph ((string [[2,2],[2,3,3],[2,3,3],[2,3],[2,2]]) (name b) (name c))))	response=
date=Mon Feb 29 20:11:35 PST 2016	sessionId=A77K8W55MJEKX	remote=c-68-36-215-223.hsd1.mi.comcast.net	format=lisp2json	query=Place three orange cubes in between the two red cubes in the second row	response=(call edu.stanford.nlp.sempre.cubeworld.StacksWorld.wallToString (call context:edu.stanford.nlp.sempre.cubeworld.StacksWorld.removeTop (call context:edu.stanford.nlp.sempre.cubeworld.StacksWorld.getNonEmpty))) => (string [[2],[2,3],[2,3],[2],[2]])
date=Mon Feb 29 20:12:11 PST 2016	sessionId=A77K8W55MJEKX	remote=c-68-36-215-223.hsd1.mi.comcast.net	format=lisp2json	query=(context (graph NaiveKnowledgeGraph ((string [[2,2],[2,3,3],[2,3,3],[2,3],[2,2]]) (name b) (name c))))	response=
date=Mon Feb 29 20:12:12 PST 2016	sessionId=A77K8W55MJEKX	remote=c-68-36-215-223.hsd1.mi.comcast.net	format=lisp2json	query=Place two more orange cubes the left most orange cubes to form a third row	response=(call edu.stanford.nlp.sempre.cubeworld.StacksWorld.wallToString (call context:edu.stanford.nlp.sempre.cubeworld.StacksWorld.removeTop (call context:edu.stanford.nlp.sempre.cubeworld.StacksWorld.getNonEmpty))) => (string [[2],[2,3],[2,3],[2],[2]])
date=Mon Feb 29 20:12:29 PST 2016	sessionId=A77K8W55MJEKX	remote=c-68-36-215-223.hsd1.mi.comcast.net	format=lisp2json	query=(context (graph NaiveKnowledgeGraph ((string [[2,2],[2,3,3],[2,3,3],[2,3],[2,2]]) (name b) (name c))))	response=
date=Mon Feb 29 20:12:29 PST 2016	sessionId=A77K8W55MJEKX	remote=c-68-36-215-223.hsd1.mi.comcast.net	format=lisp2json	query=Then remove the top row completely	response=(call edu.stanford.nlp.sempre.cubeworld.StacksWorld.wallToString (call context:edu.stanford.nlp.sempre.cubeworld.StacksWorld.removeTop (call context:edu.stanford.nlp.sempre.cubeworld.StacksWorld.getNonEmpty))) => (string [[2],[2,3],[2,3],[2],[2]])
date=Mon Feb 29 20:13:02 PST 2016	sessionId=A77K8W55MJEKX	remote=c-68-36-215-223.hsd1.mi.comcast.net	format=lisp2json	query=(context (graph NaiveKnowledgeGraph ((string [[2,2],[2,3,3],[2,3,3],[2,3],[2,2]]) (name b) (name c))))	response=
date=Mon Feb 29 20:13:02 PST 2016	sessionId=A77K8W55MJEKX	remote=c-68-36-215-223.hsd1.mi.comcast.net	format=lisp2json	query=Remove the end two red cubes from the second row	response=(call edu.stanford.nlp.sempre.cubeworld.StacksWorld.wallToString (call context:edu.stanford.nlp.sempre.cubeworld.StacksWorld.removeTop (call context:edu.stanford.nlp.sempre.cubeworld.StacksWorld.getNonEmpty))) => (string [[2],[2,3],[2,3],[2],[2]])
date=Mon Feb 29 20:13:29 PST 2016	sessionId=A77K8W55MJEKX	remote=c-68-36-215-223.hsd1.mi.comcast.net	format=lisp2json	query=(context (graph NaiveKnowledgeGraph ((string [[2,2],[2,3,3],[2,3,3],[2,3],[2,2]]) (name b) (name c))))	response=
date=Mon Feb 29 20:13:29 PST 2016	sessionId=A77K8W55MJEKX	remote=c-68-36-215-223.hsd1.mi.comcast.net	format=lisp2json	query=Remove the right most orange cube from the second row	response=(call edu.stanford.nlp.sempre.cubeworld.StacksWorld.wallToString (call context:edu.stanford.nlp.sempre.cubeworld.StacksWorld.removeTop (call context:edu.stanford.nlp.sempre.cubeworld.StacksWorld.getNonEmpty))) => (string [[2],[2,3],[2,3],[2],[2]])
date=Mon Feb 29 20:14:24 PST 2016	sessionId=A77K8W55MJEKX	remote=c-68-36-215-223.hsd1.mi.comcast.net	format=lisp2json	query=(context (graph NaiveKnowledgeGraph ((string [[2,2],[2,3,3],[2,3,3],[2,3],[2,2]]) (name b) (name c))))	response=
date=Mon Feb 29 20:14:25 PST 2016	sessionId=A77K8W55MJEKX	remote=c-68-36-215-223.hsd1.mi.comcast.net	format=lisp2json	query=Replace all the cubes back for the second and third row	response=(call edu.stanford.nlp.sempre.cubeworld.StacksWorld.wallToString (call context:edu.stanford.nlp.sempre.cubeworld.StacksWorld.removeTop (call context:edu.stanford.nlp.sempre.cubeworld.StacksWorld.getNonEmpty))) => (string [[2],[2,3],[2,3],[2],[2]])
date=Mon Feb 29 20:14:53 PST 2016	sessionId=A77K8W55MJEKX	remote=c-68-36-215-223.hsd1.mi.comcast.net	format=lisp2json	query=(context (graph NaiveKnowledgeGraph ((string [[2,2],[2,3,3],[2,3,3],[2,3],[2,2]]) (name b) (name c))))	response=
date=Mon Feb 29 20:14:53 PST 2016	sessionId=A77K8W55MJEKX	remote=c-68-36-215-223.hsd1.mi.comcast.net	format=lisp2json	query=Build a fourth row with two red cubes on the ends and one orange cube in between	response=(call edu.stanford.nlp.sempre.cubeworld.StacksWorld.wallToString (call context:edu.stanford.nlp.sempre.cubeworld.StacksWorld.removeTop (call context:edu.stanford.nlp.sempre.cubeworld.StacksWorld.getNonEmpty))) => (string [[2],[2,3],[2,3],[2],[2]])
date=Mon Feb 29 20:15:11 PST 2016	sessionId=A77K8W55MJEKX	remote=c-68-36-215-223.hsd1.mi.comcast.net	format=lisp2json	query=(context (graph NaiveKnowledgeGraph ((string [[2,2],[2,3,3],[2,3,3],[2,3],[2,2]]) (name b) (name c))))	response=
date=Mon Feb 29 20:15:12 PST 2016	sessionId=A77K8W55MJEKX	remote=c-68-36-215-223.hsd1.mi.comcast.net	format=lisp2json	query=Then top the fourth row with a red cube in the center	response=(call edu.stanford.nlp.sempre.cubeworld.StacksWorld.wallToString (call context:edu.stanford.nlp.sempre.cubeworld.StacksWorld.removeTop (call context:edu.stanford.nlp.sempre.cubeworld.StacksWorld.getNonEmpty))) => (string [[2],[2,3],[2,3],[2],[2]])
date=Mon Feb 29 20:17:00 PST 2016	sessionId=A77K8W55MJEKX	remote=c-68-36-215-223.hsd1.mi.comcast.net	format=lisp2json	query=(execute (call edu.stanford.nlp.sempre.cubeworld.StacksWorld.getLevel (string remove)))	response=
date=Mon Feb 29 20:17:02 PST 2016	sessionId=A77K8W55MJEKX	remote=c-68-36-215-223.hsd1.mi.comcast.net	format=lisp2json	query=(execute (call edu.stanford.nlp.sempre.cubeworld.StacksWorld.getLevel (string babystep)))	response=
date=Mon Feb 29 20:17:03 PST 2016	sessionId=A77K8W55MJEKX	remote=c-68-36-215-223.hsd1.mi.comcast.net	format=lisp2json	query=(execute (call edu.stanford.nlp.sempre.cubeworld.StacksWorld.getLevel (string pattern)))	response=
date=Mon Feb 29 20:17:04 PST 2016	sessionId=A77K8W55MJEKX	remote=c-68-36-215-223.hsd1.mi.comcast.net	format=lisp2json	query=(execute (call edu.stanford.nlp.sempre.cubeworld.StacksWorld.getLevel (string babynot)))	response=
date=Mon Feb 29 20:17:05 PST 2016	sessionId=A77K8W55MJEKX	remote=c-68-36-215-223.hsd1.mi.comcast.net	format=lisp2json	query=(execute (call edu.stanford.nlp.sempre.cubeworld.StacksWorld.getLevel (string babystack)))	response=
date=Mon Feb 29 20:17:06 PST 2016	sessionId=A77K8W55MJEKX	remote=c-68-36-215-223.hsd1.mi.comcast.net	format=lisp2json	query=(execute (call edu.stanford.nlp.sempre.cubeworld.StacksWorld.getLevel (string littlehouse)))	response=
date=Mon Feb 29 20:17:09 PST 2016	sessionId=A77K8W55MJEKX	remote=c-68-36-215-223.hsd1.mi.comcast.net	format=lisp2json	query=(execute (call edu.stanford.nlp.sempre.cubeworld.StacksWorld.getLevel (string remove)))	response=
