date=Mon Feb 29 18:57:38 PST 2016	sessionId=AASW4EHSSOG40	remote=cpe-66-27-130-148.dc.res.rr.com	format=lisp2json	query=(execute (call edu.stanford.nlp.sempre.cubeworld.StacksWorld.getLevel (string remove)))	response=
date=Mon Feb 29 18:58:47 PST 2016	sessionId=AASW4EHSSOG40	remote=cpe-66-27-130-148.dc.res.rr.com	format=lisp2json	query=(context (graph NaiveKnowledgeGraph ((string [[2],[1],[1],[3],[1]]) (name b) (name c))))	response=
date=Mon Feb 29 18:58:47 PST 2016	sessionId=AASW4EHSSOG40	remote=cpe-66-27-130-148.dc.res.rr.com	format=lisp2json	query=move block 4 on the left	response=(call edu.stanford.nlp.sempre.cubeworld.StacksWorld.wallToString (call context:edu.stanford.nlp.sempre.cubeworld.StacksWorld.removeTop (call context:edu.stanford.nlp.sempre.cubeworld.StacksWorld.getNonEmpty))) => (string [[],[],[],[],[]])
date=Mon Feb 29 18:59:24 PST 2016	sessionId=AASW4EHSSOG40	remote=cpe-66-27-130-148.dc.res.rr.com	format=lisp2json	query=(execute (call edu.stanford.nlp.sempre.cubeworld.StacksWorld.getLevel (string remove)))	response=
date=Mon Feb 29 19:00:32 PST 2016	sessionId=AASW4EHSSOG40	remote=cpe-66-27-130-148.dc.res.rr.com	format=lisp2json	query=(execute (call edu.stanford.nlp.sempre.cubeworld.StacksWorld.getLevel (string remove)))	response=
date=Mon Feb 29 19:00:41 PST 2016	sessionId=AASW4EHSSOG40	remote=cpe-66-27-130-148.dc.res.rr.com	format=lisp2json	query=(context (graph NaiveKnowledgeGraph ((string [[3],[3],[2],[0],[2],[3]]) (name b) (name c))))	response=
date=Mon Feb 29 19:00:41 PST 2016	sessionId=AASW4EHSSOG40	remote=cpe-66-27-130-148.dc.res.rr.com	format=lisp2json	query=right	response=(call edu.stanford.nlp.sempre.cubeworld.StacksWorld.wallToString (call context:edu.stanford.nlp.sempre.cubeworld.StacksWorld.removeTop (call context:edu.stanford.nlp.sempre.cubeworld.StacksWorld.getNonEmpty))) => (string [[],[],[],[],[],[]])
date=Mon Feb 29 19:00:44 PST 2016	sessionId=AASW4EHSSOG40	remote=cpe-66-27-130-148.dc.res.rr.com	format=lisp2json	query=(accept 49)	response=(call edu.stanford.nlp.sempre.cubeworld.StacksWorld.wallToString (call context:edu.stanford.nlp.sempre.cubeworld.StacksWorld.stackOnTop (call context:edu.stanford.nlp.sempre.cubeworld.StacksWorld.getTopColor (number 2 COLOR)) (number 3 COLOR))) => (string [[3],[3],[2,3],[0],[2,3],[3]])
date=Mon Feb 29 19:01:15 PST 2016	sessionId=AASW4EHSSOG40	remote=cpe-66-27-130-148.dc.res.rr.com	format=lisp2json	query=(execute (call edu.stanford.nlp.sempre.cubeworld.StacksWorld.getLevel (string remove)))	response=
date=Mon Feb 29 19:01:33 PST 2016	sessionId=AASW4EHSSOG40	remote=cpe-66-27-130-148.dc.res.rr.com	format=lisp2json	query=(execute (call edu.stanford.nlp.sempre.cubeworld.StacksWorld.getLevel (string remove)))	response=
date=Mon Feb 29 19:01:35 PST 2016	sessionId=AASW4EHSSOG40	remote=cpe-66-27-130-148.dc.res.rr.com	format=lisp2json	query=(context (graph NaiveKnowledgeGraph ((string [[2],[0],[1],[1],[2],[1]]) (name b) (name c))))	response=
date=Mon Feb 29 19:01:35 PST 2016	sessionId=AASW4EHSSOG40	remote=cpe-66-27-130-148.dc.res.rr.com	format=lisp2json	query=get a new wall	response=(call edu.stanford.nlp.sempre.cubeworld.StacksWorld.wallToString (call context:edu.stanford.nlp.sempre.cubeworld.StacksWorld.stackOnTop (call context:edu.stanford.nlp.sempre.cubeworld.StacksWorld.getTopColor (number 3 COLOR)) (number 3 COLOR))) => (string [[2],[0],[1],[1],[2],[1]])
date=Mon Feb 29 19:01:41 PST 2016	sessionId=AASW4EHSSOG40	remote=cpe-66-27-130-148.dc.res.rr.com	format=lisp2json	query=(accept 0)	response=(call edu.stanford.nlp.sempre.cubeworld.StacksWorld.wallToString (call context:edu.stanford.nlp.sempre.cubeworld.StacksWorld.stackOnTop (call context:edu.stanford.nlp.sempre.cubeworld.StacksWorld.getTopColor (number 3 COLOR)) (number 3 COLOR))) => (string [[2],[0],[1],[1],[2],[1]])
date=Mon Feb 29 19:03:23 PST 2016	sessionId=AASW4EHSSOG40	remote=cpe-66-27-130-148.dc.res.rr.com	format=lisp2json	query=(context (graph NaiveKnowledgeGraph ((string [[2],[0],[1],[1],[2],[1]]) (name b) (name c))))	response=
date=Mon Feb 29 19:03:24 PST 2016	sessionId=AASW4EHSSOG40	remote=cpe-66-27-130-148.dc.res.rr.com	format=lisp2json	query=put on the right most	response=(call edu.stanford.nlp.sempre.cubeworld.StacksWorld.wallToString (call context:edu.stanford.nlp.sempre.cubeworld.StacksWorld.stackOnTop (call context:edu.stanford.nlp.sempre.cubeworld.StacksWorld.getTopColor (number 3 COLOR)) (number 3 COLOR))) => (string [[2],[0],[1],[1],[2],[1]])
date=Mon Feb 29 19:04:06 PST 2016	sessionId=AASW4EHSSOG40	remote=cpe-66-27-130-148.dc.res.rr.com	format=lisp2json	query=(accept 0)	response=(call edu.stanford.nlp.sempre.cubeworld.StacksWorld.wallToString (call context:edu.stanford.nlp.sempre.cubeworld.StacksWorld.stackOnTop (call context:edu.stanford.nlp.sempre.cubeworld.StacksWorld.getTopColor (number 3 COLOR)) (number 3 COLOR))) => (string [[2],[0],[1],[1],[2],[1]])
date=Mon Feb 29 19:04:21 PST 2016	sessionId=AASW4EHSSOG40	remote=cpe-66-27-130-148.dc.res.rr.com	format=lisp2json	query=(execute (call edu.stanford.nlp.sempre.cubeworld.StacksWorld.getLevel (string remove)))	response=
date=Mon Feb 29 19:04:21 PST 2016	sessionId=AASW4EHSSOG40	remote=cpe-66-27-130-148.dc.res.rr.com	format=lisp2json	query=(execute (call edu.stanford.nlp.sempre.cubeworld.StacksWorld.getLevel (string remove)))	response=
date=Mon Feb 29 19:05:09 PST 2016	sessionId=AASW4EHSSOG40	remote=cpe-66-27-130-148.dc.res.rr.com	format=lisp2json	query=(execute (call edu.stanford.nlp.sempre.cubeworld.StacksWorld.getLevel (string remove)))	response=
date=Mon Feb 29 19:05:12 PST 2016	sessionId=AASW4EHSSOG40	remote=cpe-66-27-130-148.dc.res.rr.com	format=lisp2json	query=(context (graph NaiveKnowledgeGraph ((string [[3],[3],[0],[2],[1],[0],[1]]) (name b) (name c))))	response=
date=Mon Feb 29 19:05:12 PST 2016	sessionId=AASW4EHSSOG40	remote=cpe-66-27-130-148.dc.res.rr.com	format=lisp2json	query=put the blocks	response=(call edu.stanford.nlp.sempre.cubeworld.StacksWorld.wallToString (call context:edu.stanford.nlp.sempre.cubeworld.StacksWorld.stackOnTop (call context:edu.stanford.nlp.sempre.cubeworld.StacksWorld.getTopColor (number 3 COLOR)) (number 3 COLOR))) => (string [[3,3],[3,3],[0],[2],[1],[0],[1]])
