date=Mon Feb 29 21:34:58 PST 2016	sessionId=CinRi1HvCW8	remote=sidawun.stanford.edu	format=lisp2json	query=(execute (call edu.stanford.nlp.sempre.cubeworld.StacksWorld.getLevel (string remove)))	response=
date=Mon Feb 29 21:34:58 PST 2016	sessionId=CinRi1HvCW8	remote=sidawun.stanford.edu	format=lisp2json	query=(execute (call edu.stanford.nlp.sempre.cubeworld.StacksWorld.getLevel (string remove)))	response=
date=Mon Feb 29 21:40:09 PST 2016	sessionId=CinRi1HvCW8	remote=sidawun.stanford.edu	format=lisp2json	query=(execute (call edu.stanford.nlp.sempre.cubeworld.StacksWorld.getLevel (string littlehouse)))	response=
date=Mon Feb 29 21:40:10 PST 2016	sessionId=CinRi1HvCW8	remote=sidawun.stanford.edu	format=lisp2json	query=(execute (call edu.stanford.nlp.sempre.cubeworld.StacksWorld.getLevel (string triangle)))	response=
date=Mon Feb 29 21:40:10 PST 2016	sessionId=CinRi1HvCW8	remote=sidawun.stanford.edu	format=lisp2json	query=(execute (call edu.stanford.nlp.sempre.cubeworld.StacksWorld.getLevel (string littlehouse)))	response=
date=Mon Feb 29 21:40:11 PST 2016	sessionId=CinRi1HvCW8	remote=sidawun.stanford.edu	format=lisp2json	query=(execute (call edu.stanford.nlp.sempre.cubeworld.StacksWorld.getLevel (string pattern)))	response=
date=Mon Feb 29 21:40:11 PST 2016	sessionId=CinRi1HvCW8	remote=sidawun.stanford.edu	format=lisp2json	query=(execute (call edu.stanford.nlp.sempre.cubeworld.StacksWorld.getLevel (string remove)))	response=
date=Mon Feb 29 21:49:03 PST 2016	sessionId=CinRi1HvCW8	remote=sidawun.stanford.edu	format=lisp2json	query=(execute (call edu.stanford.nlp.sempre.cubeworld.StacksWorld.getLevel (string remove)))	response=
date=Mon Feb 29 21:49:04 PST 2016	sessionId=CinRi1HvCW8	remote=sidawun.stanford.edu	format=lisp2json	query=(execute (call edu.stanford.nlp.sempre.cubeworld.StacksWorld.getLevel (string babystep)))	response=
date=Mon Feb 29 21:49:05 PST 2016	sessionId=CinRi1HvCW8	remote=sidawun.stanford.edu	format=lisp2json	query=(execute (call edu.stanford.nlp.sempre.cubeworld.StacksWorld.getLevel (string babynot)))	response=
date=Mon Feb 29 21:49:05 PST 2016	sessionId=CinRi1HvCW8	remote=sidawun.stanford.edu	format=lisp2json	query=(execute (call edu.stanford.nlp.sempre.cubeworld.StacksWorld.getLevel (string littlehouse)))	response=
date=Mon Feb 29 21:49:06 PST 2016	sessionId=CinRi1HvCW8	remote=sidawun.stanford.edu	format=lisp2json	query=(execute (call edu.stanford.nlp.sempre.cubeworld.StacksWorld.getLevel (string triangle)))	response=
date=Mon Feb 29 21:49:06 PST 2016	sessionId=CinRi1HvCW8	remote=sidawun.stanford.edu	format=lisp2json	query=(execute (call edu.stanford.nlp.sempre.cubeworld.StacksWorld.getLevel (string babystack)))	response=
date=Mon Feb 29 21:49:07 PST 2016	sessionId=CinRi1HvCW8	remote=sidawun.stanford.edu	format=lisp2json	query=(execute (call edu.stanford.nlp.sempre.cubeworld.StacksWorld.getLevel (string babynot)))	response=
date=Mon Feb 29 21:49:07 PST 2016	sessionId=CinRi1HvCW8	remote=sidawun.stanford.edu	format=lisp2json	query=(execute (call edu.stanford.nlp.sempre.cubeworld.StacksWorld.getLevel (string pattern)))	response=
date=Mon Feb 29 21:49:08 PST 2016	sessionId=CinRi1HvCW8	remote=sidawun.stanford.edu	format=lisp2json	query=(execute (call edu.stanford.nlp.sempre.cubeworld.StacksWorld.getLevel (string remove)))	response=
date=Mon Feb 29 21:49:08 PST 2016	sessionId=CinRi1HvCW8	remote=sidawun.stanford.edu	format=lisp2json	query=(execute (call edu.stanford.nlp.sempre.cubeworld.StacksWorld.getLevel (string babystack)))	response=
date=Mon Feb 29 21:49:08 PST 2016	sessionId=CinRi1HvCW8	remote=sidawun.stanford.edu	format=lisp2json	query=(execute (call edu.stanford.nlp.sempre.cubeworld.StacksWorld.getLevel (string triangle)))	response=
date=Mon Feb 29 21:49:08 PST 2016	sessionId=CinRi1HvCW8	remote=sidawun.stanford.edu	format=lisp2json	query=(execute (call edu.stanford.nlp.sempre.cubeworld.StacksWorld.getLevel (string babystack)))	response=
date=Mon Feb 29 21:49:09 PST 2016	sessionId=CinRi1HvCW8	remote=sidawun.stanford.edu	format=lisp2json	query=(execute (call edu.stanford.nlp.sempre.cubeworld.StacksWorld.getLevel (string babynot)))	response=
date=Mon Feb 29 21:49:09 PST 2016	sessionId=CinRi1HvCW8	remote=sidawun.stanford.edu	format=lisp2json	query=(execute (call edu.stanford.nlp.sempre.cubeworld.StacksWorld.getLevel (string remove)))	response=
