date=Tue Mar 01 00:28:33 PST 2016	sessionId=DNnLIKLkNEW	remote=sidawmain.stanford.edu	format=lisp2json	query=(execute (call edu.stanford.nlp.sempre.cubeworld.StacksWorld.getLevel (string remove)))	response=
date=Tue Mar 01 00:28:33 PST 2016	sessionId=DNnLIKLkNEW	remote=sidawmain.stanford.edu	format=lisp2json	query=(execute (call edu.stanford.nlp.sempre.cubeworld.StacksWorld.getLevel (string remove)))	response=
date=Tue Mar 01 00:28:34 PST 2016	sessionId=DNnLIKLkNEW	remote=sidawmain.stanford.edu	format=lisp2json	query=(execute (call edu.stanford.nlp.sempre.cubeworld.StacksWorld.getLevel (string pattern)))	response=
date=Tue Mar 01 00:28:34 PST 2016	sessionId=DNnLIKLkNEW	remote=sidawmain.stanford.edu	format=lisp2json	query=(execute (call edu.stanford.nlp.sempre.cubeworld.StacksWorld.getLevel (string remove)))	response=
date=Tue Mar 01 00:28:35 PST 2016	sessionId=DNnLIKLkNEW	remote=sidawmain.stanford.edu	format=lisp2json	query=(execute (call edu.stanford.nlp.sempre.cubeworld.StacksWorld.getLevel (string pattern)))	response=
date=Tue Mar 01 00:28:35 PST 2016	sessionId=DNnLIKLkNEW	remote=sidawmain.stanford.edu	format=lisp2json	query=(execute (call edu.stanford.nlp.sempre.cubeworld.StacksWorld.getLevel (string littlehouse)))	response=
date=Tue Mar 01 00:29:05 PST 2016	sessionId=DNnLIKLkNEW	remote=sidawmain.stanford.edu	format=lisp2json	query=(execute (call edu.stanford.nlp.sempre.cubeworld.StacksWorld.getLevel (string pattern)))	response=
date=Tue Mar 01 00:29:05 PST 2016	sessionId=DNnLIKLkNEW	remote=sidawmain.stanford.edu	format=lisp2json	query=(execute (call edu.stanford.nlp.sempre.cubeworld.StacksWorld.getLevel (string babystep)))	response=
date=Tue Mar 01 00:29:06 PST 2016	sessionId=DNnLIKLkNEW	remote=sidawmain.stanford.edu	format=lisp2json	query=(execute (call edu.stanford.nlp.sempre.cubeworld.StacksWorld.getLevel (string remove)))	response=
date=Tue Mar 01 00:29:06 PST 2016	sessionId=DNnLIKLkNEW	remote=sidawmain.stanford.edu	format=lisp2json	query=(execute (call edu.stanford.nlp.sempre.cubeworld.StacksWorld.getLevel (string babystep)))	response=
date=Tue Mar 01 00:29:06 PST 2016	sessionId=DNnLIKLkNEW	remote=sidawmain.stanford.edu	format=lisp2json	query=(execute (call edu.stanford.nlp.sempre.cubeworld.StacksWorld.getLevel (string pattern)))	response=
date=Tue Mar 01 00:29:06 PST 2016	sessionId=DNnLIKLkNEW	remote=sidawmain.stanford.edu	format=lisp2json	query=(execute (call edu.stanford.nlp.sempre.cubeworld.StacksWorld.getLevel (string babynot)))	response=
date=Tue Mar 01 00:29:07 PST 2016	sessionId=DNnLIKLkNEW	remote=sidawmain.stanford.edu	format=lisp2json	query=(execute (call edu.stanford.nlp.sempre.cubeworld.StacksWorld.getLevel (string babystack)))	response=
date=Tue Mar 01 00:29:07 PST 2016	sessionId=DNnLIKLkNEW	remote=sidawmain.stanford.edu	format=lisp2json	query=(execute (call edu.stanford.nlp.sempre.cubeworld.StacksWorld.getLevel (string littlehouse)))	response=
date=Tue Mar 01 00:29:07 PST 2016	sessionId=DNnLIKLkNEW	remote=sidawmain.stanford.edu	format=lisp2json	query=(execute (call edu.stanford.nlp.sempre.cubeworld.StacksWorld.getLevel (string triangle)))	response=
date=Tue Mar 01 00:29:11 PST 2016	sessionId=DNnLIKLkNEW	remote=sidawmain.stanford.edu	format=lisp2json	query=(execute (call edu.stanford.nlp.sempre.cubeworld.StacksWorld.getLevel (string pattern)))	response=
date=Tue Mar 01 00:29:11 PST 2016	sessionId=DNnLIKLkNEW	remote=sidawmain.stanford.edu	format=lisp2json	query=(execute (call edu.stanford.nlp.sempre.cubeworld.StacksWorld.getLevel (string babystep)))	response=
date=Tue Mar 01 00:29:11 PST 2016	sessionId=DNnLIKLkNEW	remote=sidawmain.stanford.edu	format=lisp2json	query=(execute (call edu.stanford.nlp.sempre.cubeworld.StacksWorld.getLevel (string remove)))	response=
date=Tue Mar 01 00:29:12 PST 2016	sessionId=DNnLIKLkNEW	remote=sidawmain.stanford.edu	format=lisp2json	query=(execute (call edu.stanford.nlp.sempre.cubeworld.StacksWorld.getLevel (string babystep)))	response=
date=Tue Mar 01 00:29:12 PST 2016	sessionId=DNnLIKLkNEW	remote=sidawmain.stanford.edu	format=lisp2json	query=(execute (call edu.stanford.nlp.sempre.cubeworld.StacksWorld.getLevel (string pattern)))	response=
date=Tue Mar 01 00:29:12 PST 2016	sessionId=DNnLIKLkNEW	remote=sidawmain.stanford.edu	format=lisp2json	query=(execute (call edu.stanford.nlp.sempre.cubeworld.StacksWorld.getLevel (string babynot)))	response=
date=Tue Mar 01 00:29:12 PST 2016	sessionId=DNnLIKLkNEW	remote=sidawmain.stanford.edu	format=lisp2json	query=(execute (call edu.stanford.nlp.sempre.cubeworld.StacksWorld.getLevel (string babystack)))	response=
date=Tue Mar 01 00:29:13 PST 2016	sessionId=DNnLIKLkNEW	remote=sidawmain.stanford.edu	format=lisp2json	query=(execute (call edu.stanford.nlp.sempre.cubeworld.StacksWorld.getLevel (string littlehouse)))	response=
date=Tue Mar 01 00:29:13 PST 2016	sessionId=DNnLIKLkNEW	remote=sidawmain.stanford.edu	format=lisp2json	query=(execute (call edu.stanford.nlp.sempre.cubeworld.StacksWorld.getLevel (string triangle)))	response=
date=Tue Mar 01 00:29:13 PST 2016	sessionId=DNnLIKLkNEW	remote=sidawmain.stanford.edu	format=lisp2json	query=(execute (call edu.stanford.nlp.sempre.cubeworld.StacksWorld.getLevel (string littlehouse)))	response=
date=Tue Mar 01 00:29:13 PST 2016	sessionId=DNnLIKLkNEW	remote=sidawmain.stanford.edu	format=lisp2json	query=(execute (call edu.stanford.nlp.sempre.cubeworld.StacksWorld.getLevel (string babystack)))	response=
date=Tue Mar 01 00:29:13 PST 2016	sessionId=DNnLIKLkNEW	remote=sidawmain.stanford.edu	format=lisp2json	query=(execute (call edu.stanford.nlp.sempre.cubeworld.StacksWorld.getLevel (string babynot)))	response=
date=Tue Mar 01 00:29:14 PST 2016	sessionId=DNnLIKLkNEW	remote=sidawmain.stanford.edu	format=lisp2json	query=(execute (call edu.stanford.nlp.sempre.cubeworld.StacksWorld.getLevel (string pattern)))	response=
date=Tue Mar 01 00:29:14 PST 2016	sessionId=DNnLIKLkNEW	remote=sidawmain.stanford.edu	format=lisp2json	query=(execute (call edu.stanford.nlp.sempre.cubeworld.StacksWorld.getLevel (string babystep)))	response=
date=Tue Mar 01 00:29:14 PST 2016	sessionId=DNnLIKLkNEW	remote=sidawmain.stanford.edu	format=lisp2json	query=(execute (call edu.stanford.nlp.sempre.cubeworld.StacksWorld.getLevel (string remove)))	response=
date=Tue Mar 01 00:29:14 PST 2016	sessionId=DNnLIKLkNEW	remote=sidawmain.stanford.edu	format=lisp2json	query=(execute (call edu.stanford.nlp.sempre.cubeworld.StacksWorld.getLevel (string babystep)))	response=
date=Tue Mar 01 00:29:15 PST 2016	sessionId=DNnLIKLkNEW	remote=sidawmain.stanford.edu	format=lisp2json	query=(execute (call edu.stanford.nlp.sempre.cubeworld.StacksWorld.getLevel (string pattern)))	response=
date=Tue Mar 01 00:29:15 PST 2016	sessionId=DNnLIKLkNEW	remote=sidawmain.stanford.edu	format=lisp2json	query=(execute (call edu.stanford.nlp.sempre.cubeworld.StacksWorld.getLevel (string babynot)))	response=
date=Tue Mar 01 00:29:15 PST 2016	sessionId=DNnLIKLkNEW	remote=sidawmain.stanford.edu	format=lisp2json	query=(execute (call edu.stanford.nlp.sempre.cubeworld.StacksWorld.getLevel (string babystack)))	response=
date=Tue Mar 01 00:29:15 PST 2016	sessionId=DNnLIKLkNEW	remote=sidawmain.stanford.edu	format=lisp2json	query=(execute (call edu.stanford.nlp.sempre.cubeworld.StacksWorld.getLevel (string littlehouse)))	response=
date=Tue Mar 01 00:29:15 PST 2016	sessionId=DNnLIKLkNEW	remote=sidawmain.stanford.edu	format=lisp2json	query=(execute (call edu.stanford.nlp.sempre.cubeworld.StacksWorld.getLevel (string triangle)))	response=
date=Tue Mar 01 00:29:22 PST 2016	sessionId=DNnLIKLkNEW	remote=sidawmain.stanford.edu	format=lisp2json	query=(execute (call edu.stanford.nlp.sempre.cubeworld.StacksWorld.getLevel (string remove)))	response=
date=Tue Mar 01 02:00:57 PST 2016	sessionId=DNnLIKLkNEW	remote=sidawmain.stanford.edu	format=lisp2json	query=(execute (call edu.stanford.nlp.sempre.cubeworld.StacksWorld.getLevel (string remove)))	response=
date=Tue Mar 01 02:02:28 PST 2016	sessionId=DNnLIKLkNEW	remote=sidawmain.stanford.edu	format=lisp2json	query=(execute (call edu.stanford.nlp.sempre.cubeworld.StacksWorld.getLevel (string pattern)))	response=
date=Tue Mar 01 02:02:28 PST 2016	sessionId=DNnLIKLkNEW	remote=sidawmain.stanford.edu	format=lisp2json	query=(execute (call edu.stanford.nlp.sempre.cubeworld.StacksWorld.getLevel (string babystack)))	response=
date=Tue Mar 01 02:02:29 PST 2016	sessionId=DNnLIKLkNEW	remote=sidawmain.stanford.edu	format=lisp2json	query=(execute (call edu.stanford.nlp.sempre.cubeworld.StacksWorld.getLevel (string littlehouse)))	response=
date=Tue Mar 01 02:02:29 PST 2016	sessionId=DNnLIKLkNEW	remote=sidawmain.stanford.edu	format=lisp2json	query=(execute (call edu.stanford.nlp.sempre.cubeworld.StacksWorld.getLevel (string triangle)))	response=
date=Tue Mar 01 02:02:29 PST 2016	sessionId=DNnLIKLkNEW	remote=sidawmain.stanford.edu	format=lisp2json	query=(execute (call edu.stanford.nlp.sempre.cubeworld.StacksWorld.getLevel (string littlehouse)))	response=
date=Tue Mar 01 02:02:29 PST 2016	sessionId=DNnLIKLkNEW	remote=sidawmain.stanford.edu	format=lisp2json	query=(execute (call edu.stanford.nlp.sempre.cubeworld.StacksWorld.getLevel (string babystack)))	response=
date=Tue Mar 01 02:02:29 PST 2016	sessionId=DNnLIKLkNEW	remote=sidawmain.stanford.edu	format=lisp2json	query=(execute (call edu.stanford.nlp.sempre.cubeworld.StacksWorld.getLevel (string babynot)))	response=
date=Tue Mar 01 02:02:30 PST 2016	sessionId=DNnLIKLkNEW	remote=sidawmain.stanford.edu	format=lisp2json	query=(execute (call edu.stanford.nlp.sempre.cubeworld.StacksWorld.getLevel (string pattern)))	response=
date=Tue Mar 01 02:02:30 PST 2016	sessionId=DNnLIKLkNEW	remote=sidawmain.stanford.edu	format=lisp2json	query=(execute (call edu.stanford.nlp.sempre.cubeworld.StacksWorld.getLevel (string babystep)))	response=
date=Tue Mar 01 02:02:30 PST 2016	sessionId=DNnLIKLkNEW	remote=sidawmain.stanford.edu	format=lisp2json	query=(execute (call edu.stanford.nlp.sempre.cubeworld.StacksWorld.getLevel (string remove)))	response=
date=Tue Mar 01 02:30:34 PST 2016	sessionId=DNnLIKLkNEW	remote=sidawmain.stanford.edu	format=lisp2json	query=(execute (call edu.stanford.nlp.sempre.cubeworld.StacksWorld.getLevel (string remove)))	response=
date=Tue Mar 01 11:02:32 PST 2016	sessionId=DNnLIKLkNEW	remote=sidawmain.stanford.edu	format=lisp2json	query=(execute (call edu.stanford.nlp.sempre.cubeworld.StacksWorld.getLevel (string babynot)))	response=
date=Tue Mar 01 11:02:33 PST 2016	sessionId=DNnLIKLkNEW	remote=sidawmain.stanford.edu	format=lisp2json	query=(execute (call edu.stanford.nlp.sempre.cubeworld.StacksWorld.getLevel (string babystack)))	response=
date=Tue Mar 01 11:02:33 PST 2016	sessionId=DNnLIKLkNEW	remote=sidawmain.stanford.edu	format=lisp2json	query=(execute (call edu.stanford.nlp.sempre.cubeworld.StacksWorld.getLevel (string triangle)))	response=
date=Tue Mar 01 11:02:34 PST 2016	sessionId=DNnLIKLkNEW	remote=sidawmain.stanford.edu	format=lisp2json	query=(execute (call edu.stanford.nlp.sempre.cubeworld.StacksWorld.getLevel (string pattern)))	response=
date=Tue Mar 01 23:01:20 PST 2016	sessionId=DNnLIKLkNEW	remote=DN525bjo.SUNet	format=lisp2json	query=(execute (call edu.stanford.nlp.sempre.cubeworld.StacksWorld.getLevel (string remove)))	response=
date=Tue Mar 01 23:57:48 PST 2016	sessionId=DNnLIKLkNEW	remote=DN525bjo.SUNet	format=lisp2json	query=(execute (call edu.stanford.nlp.sempre.cubeworld.StacksWorld.getLevel (string remove)))	response=
date=Tue Mar 01 23:57:49 PST 2016	sessionId=DNnLIKLkNEW	remote=DN525bjo.SUNet	format=lisp2json	query=(execute (call edu.stanford.nlp.sempre.cubeworld.StacksWorld.getLevel (string babynot)))	response=
date=Tue Mar 01 23:57:49 PST 2016	sessionId=DNnLIKLkNEW	remote=DN525bjo.SUNet	format=lisp2json	query=(execute (call edu.stanford.nlp.sempre.cubeworld.StacksWorld.getLevel (string littlehouse)))	response=
date=Tue Mar 01 23:57:49 PST 2016	sessionId=DNnLIKLkNEW	remote=DN525bjo.SUNet	format=lisp2json	query=(execute (call edu.stanford.nlp.sempre.cubeworld.StacksWorld.getLevel (string triangle)))	response=
date=Wed Mar 02 00:04:38 PST 2016	sessionId=DNnLIKLkNEW	remote=DN525bjo.SUNet	format=lisp2json	query=(execute (call edu.stanford.nlp.sempre.cubeworld.StacksWorld.getLevel (string remove)))	response=
date=Wed Mar 02 00:04:48 PST 2016	sessionId=DNnLIKLkNEW	remote=DN525bjo.SUNet	format=lisp2json	query=(context (graph NaiveKnowledgeGraph ((string [[1],[1],[1],[2],[2],[0],[3]]) (name b) (name c))))	response=
date=Wed Mar 02 00:04:48 PST 2016	sessionId=DNnLIKLkNEW	remote=DN525bjo.SUNet	format=lisp2json	query=remove orange	response=(call edu.stanford.nlp.sempre.cubeworld.StacksWorld.wallToString (call context:edu.stanford.nlp.sempre.cubeworld.StacksWorld.removeTop (call context:edu.stanford.nlp.sempre.cubeworld.StacksWorld.getNonEmpty))) => (string [[],[],[],[],[],[],[]])
date=Wed Mar 02 00:04:50 PST 2016	sessionId=DNnLIKLkNEW	remote=DN525bjo.SUNet	format=lisp2json	query=(accept 3)	response=(call edu.stanford.nlp.sempre.cubeworld.StacksWorld.wallToString (call context:edu.stanford.nlp.sempre.cubeworld.StacksWorld.removeTop (call edu.stanford.nlp.sempre.cubeworld.StacksWorld.rightMost1 (call context:edu.stanford.nlp.sempre.cubeworld.StacksWorld.getNonEmpty)))) => (string [[1],[1],[1],[2],[2],[0],[]])
date=Wed Mar 02 00:04:50 PST 2016	sessionId=DNnLIKLkNEW	remote=DN525bjo.SUNet	format=lisp2json	query=(execute (call edu.stanford.nlp.sempre.cubeworld.StacksWorld.getLevel (string remove)))	response=
date=Wed Mar 02 00:04:52 PST 2016	sessionId=DNnLIKLkNEW	remote=DN525bjo.SUNet	format=lisp2json	query=(context (graph NaiveKnowledgeGraph ((string [[1],[0],[1],[1],[2]]) (name b) (name c))))	response=
date=Wed Mar 02 00:04:52 PST 2016	sessionId=DNnLIKLkNEW	remote=DN525bjo.SUNet	format=lisp2json	query=remove brown	response=(call edu.stanford.nlp.sempre.cubeworld.StacksWorld.wallToString (call context:edu.stanford.nlp.sempre.cubeworld.StacksWorld.removeTop (call context:edu.stanford.nlp.sempre.cubeworld.StacksWorld.getTopColor (number 3 COLOR)))) => (string [[1],[0],[1],[1],[2]])
date=Wed Mar 02 00:04:56 PST 2016	sessionId=DNnLIKLkNEW	remote=DN525bjo.SUNet	format=lisp2json	query=(execute (call edu.stanford.nlp.sempre.cubeworld.StacksWorld.getLevel (string remove)))	response=
date=Wed Mar 02 00:04:56 PST 2016	sessionId=DNnLIKLkNEW	remote=DN525bjo.SUNet	format=lisp2json	query=(accept 17)	response=(call edu.stanford.nlp.sempre.cubeworld.StacksWorld.wallToString (call context:edu.stanford.nlp.sempre.cubeworld.StacksWorld.removeTop (call context:edu.stanford.nlp.sempre.cubeworld.StacksWorld.getTopColor (number 1 COLOR)))) => (string [[],[0],[],[],[2]])
date=Wed Mar 02 00:04:58 PST 2016	sessionId=DNnLIKLkNEW	remote=DN525bjo.SUNet	format=lisp2json	query=(context (graph NaiveKnowledgeGraph ((string [[1],[0],[3],[3],[0],[2],[0]]) (name b) (name c))))	response=
date=Wed Mar 02 00:04:58 PST 2016	sessionId=DNnLIKLkNEW	remote=DN525bjo.SUNet	format=lisp2json	query=remove brown	response=(call edu.stanford.nlp.sempre.cubeworld.StacksWorld.wallToString (call context:edu.stanford.nlp.sempre.cubeworld.StacksWorld.removeTop (call context:edu.stanford.nlp.sempre.cubeworld.StacksWorld.getTopColor (number 1 COLOR)))) => (string [[],[0],[3],[3],[0],[2],[0]])
date=Wed Mar 02 00:04:59 PST 2016	sessionId=DNnLIKLkNEW	remote=DN525bjo.SUNet	format=lisp2json	query=(accept 0)	response=(call edu.stanford.nlp.sempre.cubeworld.StacksWorld.wallToString (call context:edu.stanford.nlp.sempre.cubeworld.StacksWorld.removeTop (call context:edu.stanford.nlp.sempre.cubeworld.StacksWorld.getTopColor (number 1 COLOR)))) => (string [[],[0],[3],[3],[0],[2],[0]])
date=Wed Mar 02 00:04:59 PST 2016	sessionId=DNnLIKLkNEW	remote=DN525bjo.SUNet	format=lisp2json	query=(execute (call edu.stanford.nlp.sempre.cubeworld.StacksWorld.getLevel (string remove)))	response=
date=Wed Mar 02 00:05:00 PST 2016	sessionId=DNnLIKLkNEW	remote=DN525bjo.SUNet	format=lisp2json	query=(context (graph NaiveKnowledgeGraph ((string [[3],[2],[2],[2],[3],[2]]) (name b) (name c))))	response=
date=Wed Mar 02 00:05:00 PST 2016	sessionId=DNnLIKLkNEW	remote=DN525bjo.SUNet	format=lisp2json	query=remove red	response=(call edu.stanford.nlp.sempre.cubeworld.StacksWorld.wallToString (call context:edu.stanford.nlp.sempre.cubeworld.StacksWorld.removeTop (call context:edu.stanford.nlp.sempre.cubeworld.StacksWorld.getTopColor (number 1 COLOR)))) => (string [[3],[2],[2],[2],[3],[2]])
date=Wed Mar 02 00:05:02 PST 2016	sessionId=DNnLIKLkNEW	remote=DN525bjo.SUNet	format=lisp2json	query=(accept 7)	response=(call edu.stanford.nlp.sempre.cubeworld.StacksWorld.wallToString (call context:edu.stanford.nlp.sempre.cubeworld.StacksWorld.removeTop (call context:edu.stanford.nlp.sempre.cubeworld.StacksWorld.getTopColor (number 2 COLOR)))) => (string [[3],[],[],[],[3],[]])
date=Wed Mar 02 00:05:02 PST 2016	sessionId=DNnLIKLkNEW	remote=DN525bjo.SUNet	format=lisp2json	query=(execute (call edu.stanford.nlp.sempre.cubeworld.StacksWorld.getLevel (string remove)))	response=
date=Wed Mar 02 00:05:04 PST 2016	sessionId=DNnLIKLkNEW	remote=DN525bjo.SUNet	format=lisp2json	query=(context (graph NaiveKnowledgeGraph ((string [[3],[1],[3],[2],[3],[3]]) (name b) (name c))))	response=
date=Wed Mar 02 00:05:04 PST 2016	sessionId=DNnLIKLkNEW	remote=DN525bjo.SUNet	format=lisp2json	query=remove red	response=(call edu.stanford.nlp.sempre.cubeworld.StacksWorld.wallToString (call context:edu.stanford.nlp.sempre.cubeworld.StacksWorld.removeTop (call context:edu.stanford.nlp.sempre.cubeworld.StacksWorld.getTopColor (number 2 COLOR)))) => (string [[3],[1],[3],[],[3],[3]])
date=Wed Mar 02 00:05:05 PST 2016	sessionId=DNnLIKLkNEW	remote=DN525bjo.SUNet	format=lisp2json	query=(accept 0)	response=(call edu.stanford.nlp.sempre.cubeworld.StacksWorld.wallToString (call context:edu.stanford.nlp.sempre.cubeworld.StacksWorld.removeTop (call context:edu.stanford.nlp.sempre.cubeworld.StacksWorld.getTopColor (number 2 COLOR)))) => (string [[3],[1],[3],[],[3],[3]])
date=Wed Mar 02 00:05:05 PST 2016	sessionId=DNnLIKLkNEW	remote=DN525bjo.SUNet	format=lisp2json	query=(execute (call edu.stanford.nlp.sempre.cubeworld.StacksWorld.getLevel (string babystep)))	response=
date=Wed Mar 02 00:05:10 PST 2016	sessionId=DNnLIKLkNEW	remote=DN525bjo.SUNet	format=lisp2json	query=(context (graph NaiveKnowledgeGraph ((string [[2],[3],[2],[2],[2]]) (name b) (name c))))	response=
date=Wed Mar 02 00:05:10 PST 2016	sessionId=DNnLIKLkNEW	remote=DN525bjo.SUNet	format=lisp2json	query=add red left	response=(call edu.stanford.nlp.sempre.cubeworld.StacksWorld.wallToString (call context:edu.stanford.nlp.sempre.cubeworld.StacksWorld.removeTop (call context:edu.stanford.nlp.sempre.cubeworld.StacksWorld.getTopColor (number 2 COLOR)))) => (string [[],[3],[],[],[]])
date=Wed Mar 02 00:06:04 PST 2016	sessionId=DNnLIKLkNEW	remote=DN525bjo.SUNet	format=lisp2json	query=(execute (call edu.stanford.nlp.sempre.cubeworld.StacksWorld.getLevel (string babystep)))	response=
date=Wed Mar 02 00:06:04 PST 2016	sessionId=DNnLIKLkNEW	remote=DN525bjo.SUNet	format=lisp2json	query=(accept 10)	response=(call edu.stanford.nlp.sempre.cubeworld.StacksWorld.wallToString (call context:edu.stanford.nlp.sempre.cubeworld.StacksWorld.stackOnTop (call edu.stanford.nlp.sempre.cubeworld.StacksWorld.rightMost1 (call context:edu.stanford.nlp.sempre.cubeworld.StacksWorld.getTopColor (number 2 COLOR))) (number 2 COLOR))) => (string [[2],[3],[2],[2],[2,2]])
date=Wed Mar 02 00:06:23 PST 2016	sessionId=DNnLIKLkNEW	remote=DN525bjo.SUNet	format=lisp2json	query=(execute (call edu.stanford.nlp.sempre.cubeworld.StacksWorld.getLevel (string littlehouse)))	response=
date=Wed Mar 02 00:06:23 PST 2016	sessionId=DNnLIKLkNEW	remote=DN525bjo.SUNet	format=lisp2json	query=(execute (call edu.stanford.nlp.sempre.cubeworld.StacksWorld.getLevel (string babystack)))	response=
date=Wed Mar 02 00:06:24 PST 2016	sessionId=DNnLIKLkNEW	remote=DN525bjo.SUNet	format=lisp2json	query=(execute (call edu.stanford.nlp.sempre.cubeworld.StacksWorld.getLevel (string pattern)))	response=
date=Wed Mar 02 00:06:24 PST 2016	sessionId=DNnLIKLkNEW	remote=DN525bjo.SUNet	format=lisp2json	query=(execute (call edu.stanford.nlp.sempre.cubeworld.StacksWorld.getLevel (string remove)))	response=
date=Wed Mar 02 00:06:24 PST 2016	sessionId=DNnLIKLkNEW	remote=DN525bjo.SUNet	format=lisp2json	query=(execute (call edu.stanford.nlp.sempre.cubeworld.StacksWorld.getLevel (string babystep)))	response=
date=Wed Mar 02 00:06:25 PST 2016	sessionId=DNnLIKLkNEW	remote=DN525bjo.SUNet	format=lisp2json	query=(execute (call edu.stanford.nlp.sempre.cubeworld.StacksWorld.getLevel (string babystack)))	response=
date=Wed Mar 02 00:06:25 PST 2016	sessionId=DNnLIKLkNEW	remote=DN525bjo.SUNet	format=lisp2json	query=(execute (call edu.stanford.nlp.sempre.cubeworld.StacksWorld.getLevel (string littlehouse)))	response=
date=Wed Mar 02 00:06:25 PST 2016	sessionId=DNnLIKLkNEW	remote=DN525bjo.SUNet	format=lisp2json	query=(execute (call edu.stanford.nlp.sempre.cubeworld.StacksWorld.getLevel (string triangle)))	response=
date=Wed Mar 02 00:06:27 PST 2016	sessionId=DNnLIKLkNEW	remote=DN525bjo.SUNet	format=lisp2json	query=(execute (call edu.stanford.nlp.sempre.cubeworld.StacksWorld.getLevel (string babystep)))	response=
date=Wed Mar 02 00:06:28 PST 2016	sessionId=DNnLIKLkNEW	remote=DN525bjo.SUNet	format=lisp2json	query=(execute (call edu.stanford.nlp.sempre.cubeworld.StacksWorld.getLevel (string remove)))	response=
date=Wed Mar 02 00:07:45 PST 2016	sessionId=DNnLIKLkNEW	remote=DN525bjo.SUNet	format=lisp2json	query=(execute (call edu.stanford.nlp.sempre.cubeworld.StacksWorld.getLevel (string remove)))	response=
date=Wed Mar 02 13:47:34 PST 2016	sessionId=DNnLIKLkNEW	remote=DN525bjo.SUNet	format=lisp2json	query=(execute (call edu.stanford.nlp.sempre.cubeworld.StacksWorld.getLevel (string remove)))	response=  (string [[2],[3],[1],[2],[2]]|[[2],[],[1],[2],[2]])
date=Wed Mar 02 13:47:37 PST 2016	sessionId=DNnLIKLkNEW	remote=DN525bjo.SUNet	format=lisp2json	query=(execute (call edu.stanford.nlp.sempre.cubeworld.StacksWorld.getLevel (string babystep)))	response=  (string [[1],[0],[1],[1],[1]]|[[],[0],[1],[1],[1]])
date=Wed Mar 02 13:47:38 PST 2016	sessionId=DNnLIKLkNEW	remote=DN525bjo.SUNet	format=lisp2json	query=(execute (call edu.stanford.nlp.sempre.cubeworld.StacksWorld.getLevel (string pattern)))	response=  (string [[0,0],[1,1],[0,0],[1,1],[0,0],[1,1]]|[[0,0,2],[1],[0,0,2],[1],[0,0,2],[1]])
date=Wed Mar 02 13:47:39 PST 2016	sessionId=DNnLIKLkNEW	remote=DN525bjo.SUNet	format=lisp2json	query=(execute (call edu.stanford.nlp.sempre.cubeworld.StacksWorld.getLevel (string babynot)))	response=  (string [[0],[1],[1],[1]]|[[0],[1,0],[1,0],[1,0]])
date=Wed Mar 02 13:47:39 PST 2016	sessionId=DNnLIKLkNEW	remote=DN525bjo.SUNet	format=lisp2json	query=(execute (call edu.stanford.nlp.sempre.cubeworld.StacksWorld.getLevel (string pattern)))	response=  (string [[1,0],[0,1],[1,0],[0,1],[1,0]]|[[1,1],[0,1,1],[1,1],[0,1,1],[1,1]])
date=Wed Mar 02 13:47:40 PST 2016	sessionId=DNnLIKLkNEW	remote=DN525bjo.SUNet	format=lisp2json	query=(execute (call edu.stanford.nlp.sempre.cubeworld.StacksWorld.getLevel (string babynot)))	response=  (string [[3],[0],[0],[3],[0]]|[[3],[0,3],[0,3],[3,3],[0,3]])
date=Wed Mar 02 13:47:41 PST 2016	sessionId=DNnLIKLkNEW	remote=DN525bjo.SUNet	format=lisp2json	query=(execute (call edu.stanford.nlp.sempre.cubeworld.StacksWorld.getLevel (string babystack)))	response=  (string [[0],[1]]|[[0],[1,3]])
date=Wed Mar 02 13:47:41 PST 2016	sessionId=DNnLIKLkNEW	remote=DN525bjo.SUNet	format=lisp2json	query=(execute (call edu.stanford.nlp.sempre.cubeworld.StacksWorld.getLevel (string littlehouse)))	response=  (string [[0,0],[0,1,1],[0,1,1],[0,1],[0,0]]|[[0,0,0],[0,1,1,0],[0,1,1,1,0],[0,1,1,0],[0,0,0]])
date=Wed Mar 02 13:47:42 PST 2016	sessionId=DNnLIKLkNEW	remote=DN525bjo.SUNet	format=lisp2json	query=(execute (call edu.stanford.nlp.sempre.cubeworld.StacksWorld.getLevel (string babystack)))	response=  (string [[1,1],[3],[1],[0,3]]|[[1],[],[],[0,3]])
date=Wed Mar 02 13:47:43 PST 2016	sessionId=DNnLIKLkNEW	remote=DN525bjo.SUNet	format=lisp2json	query=(execute (call edu.stanford.nlp.sempre.cubeworld.StacksWorld.getLevel (string babystack)))	response=  (string [[2],[0],[2,3]]|[[],[0],[2]])
date=Wed Mar 02 13:47:43 PST 2016	sessionId=DNnLIKLkNEW	remote=DN525bjo.SUNet	format=lisp2json	query=(execute (call edu.stanford.nlp.sempre.cubeworld.StacksWorld.getLevel (string babystack)))	response=  (string [[0],[2,2],[3]]|[[0],[2],[]])
date=Wed Mar 02 13:47:45 PST 2016	sessionId=DNnLIKLkNEW	remote=DN525bjo.SUNet	format=lisp2json	query=(execute (call edu.stanford.nlp.sempre.cubeworld.StacksWorld.getLevel (string babystack)))	response=  (string [[3,0],[3,1],[3],[1,0]]|[[3,0],[3],[],[1]])
date=Wed Mar 02 13:47:48 PST 2016	sessionId=DNnLIKLkNEW	remote=DN525bjo.SUNet	format=lisp2json	query=(execute (call edu.stanford.nlp.sempre.cubeworld.StacksWorld.getLevel (string pattern)))	response=  (string [[1,3],[3,1],[1,3],[3,1]]|[[1,1],[3,1,1],[1,1],[3,1,1]])
date=Wed Mar 02 13:47:50 PST 2016	sessionId=DNnLIKLkNEW	remote=DN525bjo.SUNet	format=lisp2json	query=(execute (call edu.stanford.nlp.sempre.cubeworld.StacksWorld.getLevel (string babystack)))	response=  (string [[1,0],[0],[1,2],[1,0]]|[[1],[0],[1,2],[1,0]])
date=Wed Mar 02 13:47:50 PST 2016	sessionId=DNnLIKLkNEW	remote=DN525bjo.SUNet	format=lisp2json	query=(execute (call edu.stanford.nlp.sempre.cubeworld.StacksWorld.getLevel (string babystack)))	response=  (string [[2,3],[3],[2,2]]|[[2,3,2],[3,2],[2,2,2]])
date=Wed Mar 02 13:47:51 PST 2016	sessionId=DNnLIKLkNEW	remote=DN525bjo.SUNet	format=lisp2json	query=(execute (call edu.stanford.nlp.sempre.cubeworld.StacksWorld.getLevel (string babystack)))	response=  (string [[3],[2,3],[1,2],[3,2]]|[[],[2],[1],[3,2]])
date=Wed Mar 02 13:47:55 PST 2016	sessionId=DNnLIKLkNEW	remote=DN525bjo.SUNet	format=lisp2json	query=(execute (call edu.stanford.nlp.sempre.cubeworld.StacksWorld.getLevel (string babystack)))	response=  (string [[2],[3],[3,0],[3]]|[[],[3],[3],[3]])
date=Wed Mar 02 13:47:59 PST 2016	sessionId=DNnLIKLkNEW	remote=DN525bjo.SUNet	format=lisp2json	query=(execute (call edu.stanford.nlp.sempre.cubeworld.StacksWorld.getLevel (string babystack)))	response=  (string [[1,0],[0],[3,1]]|[[1,0,1],[0],[3,1]])
date=Wed Mar 02 13:48:01 PST 2016	sessionId=DNnLIKLkNEW	remote=DN525bjo.SUNet	format=lisp2json	query=(execute (call edu.stanford.nlp.sempre.cubeworld.StacksWorld.getLevel (string babystack)))	response=  (string [[0],[0]]|[[0],[]])
date=Wed Mar 02 13:48:02 PST 2016	sessionId=DNnLIKLkNEW	remote=DN525bjo.SUNet	format=lisp2json	query=(execute (call edu.stanford.nlp.sempre.cubeworld.StacksWorld.getLevel (string babystack)))	response=  (string [[1,2],[1,1]]|[[1,2,1],[1,1]])
date=Wed Mar 02 13:48:03 PST 2016	sessionId=DNnLIKLkNEW	remote=DN525bjo.SUNet	format=lisp2json	query=(execute (call edu.stanford.nlp.sempre.cubeworld.StacksWorld.getLevel (string babystack)))	response=  (string [[2],[3],[0,2]]|[[],[],[0,2]])
date=Wed Mar 02 13:48:04 PST 2016	sessionId=DNnLIKLkNEW	remote=DN525bjo.SUNet	format=lisp2json	query=(execute (call edu.stanford.nlp.sempre.cubeworld.StacksWorld.getLevel (string babystack)))	response=  (string [[3,1],[3]]|[[3,1,3],[3]])
date=Wed Mar 02 13:48:06 PST 2016	sessionId=DNnLIKLkNEW	remote=DN525bjo.SUNet	format=lisp2json	query=(execute (call edu.stanford.nlp.sempre.cubeworld.StacksWorld.getLevel (string babystack)))	response=  (string [[1],[1],[3]]|[[],[],[3]])
date=Wed Mar 02 13:48:06 PST 2016	sessionId=DNnLIKLkNEW	remote=DN525bjo.SUNet	format=lisp2json	query=(execute (call edu.stanford.nlp.sempre.cubeworld.StacksWorld.getLevel (string babystack)))	response=  (string [[1],[2],[0,2]]|[[1,2],[2],[0,2]])
date=Wed Mar 02 13:48:08 PST 2016	sessionId=DNnLIKLkNEW	remote=DN525bjo.SUNet	format=lisp2json	query=(execute (call edu.stanford.nlp.sempre.cubeworld.StacksWorld.getLevel (string babystack)))	response=  (string [[2,1],[2]]|[[2,1],[]])
date=Wed Mar 02 13:48:09 PST 2016	sessionId=DNnLIKLkNEW	remote=DN525bjo.SUNet	format=lisp2json	query=(execute (call edu.stanford.nlp.sempre.cubeworld.StacksWorld.getLevel (string babystack)))	response=  (string [[1,2],[3]]|[[1,2,2],[3]])
date=Wed Mar 02 13:48:09 PST 2016	sessionId=DNnLIKLkNEW	remote=DN525bjo.SUNet	format=lisp2json	query=(execute (call edu.stanford.nlp.sempre.cubeworld.StacksWorld.getLevel (string babystack)))	response=  (string [[2],[2,3],[0],[0]]|[[2],[2],[],[]])
date=Wed Mar 02 13:48:10 PST 2016	sessionId=DNnLIKLkNEW	remote=DN525bjo.SUNet	format=lisp2json	query=(execute (call edu.stanford.nlp.sempre.cubeworld.StacksWorld.getLevel (string babystack)))	response=  (string [[3,3],[3]]|[[3],[3]])
date=Wed Mar 02 13:48:10 PST 2016	sessionId=DNnLIKLkNEW	remote=DN525bjo.SUNet	format=lisp2json	query=(execute (call edu.stanford.nlp.sempre.cubeworld.StacksWorld.getLevel (string babystack)))	response=  (string [[0,3],[3,0],[0,0]]|[[0],[3,0],[0,0]])
date=Wed Mar 02 13:48:12 PST 2016	sessionId=DNnLIKLkNEW	remote=DN525bjo.SUNet	format=lisp2json	query=(execute (call edu.stanford.nlp.sempre.cubeworld.StacksWorld.getLevel (string babystack)))	response=  (string [[3],[0,2]]|[[3],[0,2,0]])
date=Wed Mar 02 13:48:12 PST 2016	sessionId=DNnLIKLkNEW	remote=DN525bjo.SUNet	format=lisp2json	query=(execute (call edu.stanford.nlp.sempre.cubeworld.StacksWorld.getLevel (string babystack)))	response=  (string [[0,3],[2,0],[2],[2]]|[[0,3],[2,0],[2],[2,2]])
date=Wed Mar 02 13:48:14 PST 2016	sessionId=DNnLIKLkNEW	remote=DN525bjo.SUNet	format=lisp2json	query=(execute (call edu.stanford.nlp.sempre.cubeworld.StacksWorld.getLevel (string babystack)))	response=  (string [[1],[0,1],[1,1],[0]]|[[1],[0,1,3],[1,1,3],[0,3]])
date=Wed Mar 02 13:49:09 PST 2016	sessionId=DNnLIKLkNEW	remote=DN525bjo.SUNet	format=lisp2json	query=(execute (call edu.stanford.nlp.sempre.cubeworld.StacksWorld.getLevel (string pattern)))	response=  (string [[2,2],[2,3],[2,2],[2,3]]|[[2,2,2],[2,2],[2,2,2],[2,2]])
date=Wed Mar 02 13:49:10 PST 2016	sessionId=DNnLIKLkNEW	remote=DN525bjo.SUNet	format=lisp2json	query=(execute (call edu.stanford.nlp.sempre.cubeworld.StacksWorld.getLevel (string pattern)))	response=  (string [[0,0],[2,2],[0,0],[2,2],[0,0],[2,2]]|[[0,0],[2,2,0],[0,0],[2,2,0],[0,0],[2,2,0]])
date=Wed Mar 02 13:49:11 PST 2016	sessionId=DNnLIKLkNEW	remote=DN525bjo.SUNet	format=lisp2json	query=(execute (call edu.stanford.nlp.sempre.cubeworld.StacksWorld.getLevel (string pattern)))	response=  (string [[2,2],[3,3],[2,2],[3,3],[2,2],[3,3]]|[[2,2,0],[3],[2,2,0],[3],[2,2,0],[3]])
date=Wed Mar 02 14:06:16 PST 2016	sessionId=DNnLIKLkNEW	remote=DN525bjo.SUNet	format=lisp2json	query=(context (graph NaiveKnowledgeGraph ((string [[2,2],[3,3],[2,2],[3,3],[2,2],[3,3]]) (name b) (name c))))	response=
date=Wed Mar 02 14:06:16 PST 2016	sessionId=DNnLIKLkNEW	remote=DN525bjo.SUNet	format=lisp2json	query=remove orange	response=(call edu.stanford.nlp.sempre.cubeworld.StacksWorld.wallToString (call context:edu.stanford.nlp.sempre.cubeworld.StacksWorld.removeTop (call context:edu.stanford.nlp.sempre.cubeworld.StacksWorld.getNonEmpty))) => (string [[2],[3],[2],[3],[2],[3]])
date=Wed Mar 02 14:07:15 PST 2016	sessionId=DNnLIKLkNEW	remote=DN525bjo.SUNet	format=lisp2json	query=(execute (call edu.stanford.nlp.sempre.cubeworld.StacksWorld.getLevel (string triangle)))	response=  (string [[3],[3],[3],[3]]|[[3,1,0,2],[3,1,0],[3,1],[3]])
date=Wed Mar 02 14:07:15 PST 2016	sessionId=DNnLIKLkNEW	remote=DN525bjo.SUNet	format=lisp2json	query=(execute (call edu.stanford.nlp.sempre.cubeworld.StacksWorld.getLevel (string littlehouse)))	response=  (string [[0,0],[0,2,2],[0,2,2],[0,2],[0,0]]|[[0,0,0],[0,2,2,0],[0,2,2,2,0],[0,2,2,0],[0,0,0]])
date=Wed Mar 02 14:07:21 PST 2016	sessionId=DNnLIKLkNEW	remote=DN525bjo.SUNet	format=lisp2json	query=(execute (call edu.stanford.nlp.sempre.cubeworld.StacksWorld.getLevel (string triangle)))	response=  (string [[0],[0],[0],[0]]|[[0,1,3,2],[0,1,3],[0,1],[0]])
date=Wed Mar 02 14:07:22 PST 2016	sessionId=DNnLIKLkNEW	remote=DN525bjo.SUNet	format=lisp2json	query=(execute (call edu.stanford.nlp.sempre.cubeworld.StacksWorld.getLevel (string littlehouse)))	response=  (string [[0,0],[0,3,3],[0,3,3],[0,3],[0,0]]|[[0,0,0],[0,3,3,0],[0,3,3,3,0],[0,3,3,0],[0,0,0]])
date=Wed Mar 02 14:08:53 PST 2016	sessionId=DNnLIKLkNEW	remote=DN525bjo.SUNet	format=lisp2json	query=(execute (call edu.stanford.nlp.sempre.cubeworld.StacksWorld.getLevel (string babystep)))	response=  (string [[2],[3],[2],[3]]|[[2],[3],[2],[3,3]])
date=Wed Mar 02 14:08:53 PST 2016	sessionId=DNnLIKLkNEW	remote=DN525bjo.SUNet	format=lisp2json	query=(execute (call edu.stanford.nlp.sempre.cubeworld.StacksWorld.getLevel (string pattern)))	response=  (string [[0,0],[0,2],[0,0],[0,2],[0,0],[0,2]]|[[0,0,0],[0,2],[0,0,0],[0,2],[0,0,0],[0,2]])
date=Wed Mar 02 14:08:54 PST 2016	sessionId=DNnLIKLkNEW	remote=DN525bjo.SUNet	format=lisp2json	query=(execute (call edu.stanford.nlp.sempre.cubeworld.StacksWorld.getLevel (string pattern)))	response=  (string [[1,1],[2,2],[1,1],[2,2],[1,1],[2,2]]|[[1,1,0],[2],[1,1,0],[2],[1,1,0],[2]])
date=Wed Mar 02 14:09:07 PST 2016	sessionId=DNnLIKLkNEW	remote=DN525bjo.SUNet	format=lisp2json	query=(context (graph NaiveKnowledgeGraph ((string [[1,1],[2,2],[1,1],[2,2],[1,1],[2,2]]) (name b) (name c))))	response=
date=Wed Mar 02 14:09:07 PST 2016	sessionId=DNnLIKLkNEW	remote=DN525bjo.SUNet	format=lisp2json	query=remove red block and put cyan on brown	response=(call edu.stanford.nlp.sempre.cubeworld.StacksWorld.wallToString (call context:edu.stanford.nlp.sempre.cubeworld.StacksWorld.removeTop (call context:edu.stanford.nlp.sempre.cubeworld.StacksWorld.getNonEmpty))) => (string [[1],[2],[1],[2],[1],[2]])
date=Wed Mar 02 15:22:54 PST 2016	sessionId=DNnLIKLkNEW	remote=DN525bjo.SUNet	format=lisp2json	query=(execute (call edu.stanford.nlp.sempre.cubeworld.StacksWorld.getLevel (string remove)))	response=  (string [[1],[1],[1],[0],[0],[0],[2]]|[[1],[1],[1],[0],[0],[0],[]])
date=Wed Mar 02 17:08:21 PST 2016	sessionId=DNnLIKLkNEW	remote=DN525bjo.SUNet	format=lisp2json	query=(execute (call edu.stanford.nlp.sempre.cubeworld.StacksWorld.getLevel (string remove)))	response=  (string [[2],[1],[2],[0],[2],[3]]|[[2],[],[2],[0],[2],[3]])
date=Wed Mar 02 17:08:27 PST 2016	sessionId=DNnLIKLkNEW	remote=DN525bjo.SUNet	format=lisp2json	query=(execute (call edu.stanford.nlp.sempre.cubeworld.StacksWorld.getLevel (string littlehouse)))	response=  (string [[3,3],[3,1,1],[3,1,1],[3,1],[3,3]]|[[3,3,3],[3,1,1,3],[3,1,1,1,3],[3,1,1,3],[3,3,3]])
date=Wed Mar 02 17:09:12 PST 2016	sessionId=DNnLIKLkNEW	remote=DN525bjo.SUNet	format=lisp2json	query=(execute (call edu.stanford.nlp.sempre.cubeworld.StacksWorld.getLevel (string littlehouse)))	response=  (string [[3,3],[3,1,1],[3,1,1],[3,1],[3,3]]|[[3,3,3],[3,1,1,3],[3,1,1,1,3],[3,1,1,3],[3,3,3]])
date=Wed Mar 02 17:09:12 PST 2016	sessionId=DNnLIKLkNEW	remote=DN525bjo.SUNet	format=lisp2json	query=(execute (call edu.stanford.nlp.sempre.cubeworld.StacksWorld.getLevel (string littlehouse)))	response=  (string [[1,1],[1,2,2],[1,2,2],[1,2],[1,1]]|[[1,1,1],[1,2,2,1],[1,2,2,2,1],[1,2,2,1],[1,1,1]])
date=Wed Mar 02 17:27:38 PST 2016	sessionId=DNnLIKLkNEW	remote=DN525bjo.SUNet	format=lisp2json	query=(execute (call edu.stanford.nlp.sempre.cubeworld.StacksWorld.getLevel (string remove)))	response=  (string [[3],[0],[0],[1],[3],[1],[2]]|[[3],[0],[0],[],[3],[],[2]])
date=Wed Mar 02 17:27:57 PST 2016	sessionId=DNnLIKLkNEW	remote=DN525bjo.SUNet	format=lisp2json	query=(execute (call edu.stanford.nlp.sempre.cubeworld.StacksWorld.getLevel (string remove)))	response=  (string [[1],[1],[1],[0],[2]]|[[1],[1],[1],[],[2]])
date=Wed Mar 02 17:27:57 PST 2016	sessionId=DNnLIKLkNEW	remote=DN525bjo.SUNet	format=lisp2json	query=(execute (call edu.stanford.nlp.sempre.cubeworld.StacksWorld.getLevel (string remove)))	response=  (string [[0],[1],[0],[0],[3],[1]]|[[0],[],[0],[0],[3],[]])
date=Wed Mar 02 17:27:57 PST 2016	sessionId=DNnLIKLkNEW	remote=DN525bjo.SUNet	format=lisp2json	query=(execute (call edu.stanford.nlp.sempre.cubeworld.StacksWorld.getLevel (string remove)))	response=  (string [[2],[3],[3],[2],[3],[2],[0]]|[[2],[],[],[2],[],[2],[0]])
date=Wed Mar 02 17:27:58 PST 2016	sessionId=DNnLIKLkNEW	remote=DN525bjo.SUNet	format=lisp2json	query=(execute (call edu.stanford.nlp.sempre.cubeworld.StacksWorld.getLevel (string remove)))	response=  (string [[1],[2],[1],[1],[1],[1]]|[[1],[],[1],[1],[1],[1]])
date=Wed Mar 02 17:27:58 PST 2016	sessionId=DNnLIKLkNEW	remote=DN525bjo.SUNet	format=lisp2json	query=(execute (call edu.stanford.nlp.sempre.cubeworld.StacksWorld.getLevel (string remove)))	response=  (string [[0],[0],[1],[2],[3]]|[[0],[0],[],[2],[3]])
date=Wed Mar 02 17:27:58 PST 2016	sessionId=DNnLIKLkNEW	remote=DN525bjo.SUNet	format=lisp2json	query=(execute (call edu.stanford.nlp.sempre.cubeworld.StacksWorld.getLevel (string remove)))	response=  (string [[3],[0],[0],[2],[2]]|[[3],[0],[0],[],[]])
date=Wed Mar 02 17:27:58 PST 2016	sessionId=DNnLIKLkNEW	remote=DN525bjo.SUNet	format=lisp2json	query=(execute (call edu.stanford.nlp.sempre.cubeworld.StacksWorld.getLevel (string remove)))	response=  (string [[2],[1],[2],[2],[1],[0],[3]]|[[2],[],[2],[2],[],[0],[3]])
date=Wed Mar 02 17:27:59 PST 2016	sessionId=DNnLIKLkNEW	remote=DN525bjo.SUNet	format=lisp2json	query=(execute (call edu.stanford.nlp.sempre.cubeworld.StacksWorld.getLevel (string remove)))	response=  (string [[2],[2],[1],[2],[3]]|[[2],[2],[],[2],[3]])
date=Wed Mar 02 17:27:59 PST 2016	sessionId=DNnLIKLkNEW	remote=DN525bjo.SUNet	format=lisp2json	query=(execute (call edu.stanford.nlp.sempre.cubeworld.StacksWorld.getLevel (string remove)))	response=  (string [[2],[0],[3],[3],[3],[2]]|[[2],[0],[],[],[],[2]])
date=Wed Mar 02 17:27:59 PST 2016	sessionId=DNnLIKLkNEW	remote=DN525bjo.SUNet	format=lisp2json	query=(execute (call edu.stanford.nlp.sempre.cubeworld.StacksWorld.getLevel (string remove)))	response=  (string [[2],[0],[2],[3],[3],[2],[0]]|[[],[0],[],[3],[3],[],[0]])
date=Wed Mar 02 17:28:24 PST 2016	sessionId=DNnLIKLkNEW	remote=DN525bjo.SUNet	format=lisp2json	query=(execute (call edu.stanford.nlp.sempre.cubeworld.StacksWorld.getLevel (string babystep)))	response=  (string [[2],[3],[2],[2],[2]]|[[2,2],[3],[2],[2],[2]])
date=Wed Mar 02 17:28:25 PST 2016	sessionId=DNnLIKLkNEW	remote=DN525bjo.SUNet	format=lisp2json	query=(execute (call edu.stanford.nlp.sempre.cubeworld.StacksWorld.getLevel (string pattern)))	response=  (string [[0,1],[1,0],[0,1]]|[[0,1],[1,0,1],[0,1]])
date=Wed Mar 02 17:28:25 PST 2016	sessionId=DNnLIKLkNEW	remote=DN525bjo.SUNet	format=lisp2json	query=(execute (call edu.stanford.nlp.sempre.cubeworld.StacksWorld.getLevel (string babynot)))	response=  (string [[2],[2],[0],[0],[2],[0]]|[[2,0],[2,0],[0,0],[0,0],[2,0],[0]])
date=Wed Mar 02 17:28:25 PST 2016	sessionId=DNnLIKLkNEW	remote=DN525bjo.SUNet	format=lisp2json	query=(execute (call edu.stanford.nlp.sempre.cubeworld.StacksWorld.getLevel (string pattern)))	response=  (string [[3,3],[1,1],[3,3],[1,1],[3,3],[1,1]]|[[3,3],[1],[3,3],[1],[3,3],[1]])
date=Wed Mar 02 17:28:25 PST 2016	sessionId=DNnLIKLkNEW	remote=DN525bjo.SUNet	format=lisp2json	query=(execute (call edu.stanford.nlp.sempre.cubeworld.StacksWorld.getLevel (string babystep)))	response=  (string [[1],[2],[2],[1]]|[[],[2],[2],[]])
date=Wed Mar 02 17:28:26 PST 2016	sessionId=DNnLIKLkNEW	remote=DN525bjo.SUNet	format=lisp2json	query=(execute (call edu.stanford.nlp.sempre.cubeworld.StacksWorld.getLevel (string remove)))	response=  (string [[3],[0],[3],[3],[0],[1]]|[[3],[],[3],[3],[],[1]])
date=Wed Mar 02 17:28:26 PST 2016	sessionId=DNnLIKLkNEW	remote=DN525bjo.SUNet	format=lisp2json	query=(execute (call edu.stanford.nlp.sempre.cubeworld.StacksWorld.getLevel (string babystep)))	response=  (string [[1],[1],[2],[1]]|[[1],[1],[2],[]])
date=Wed Mar 02 17:28:26 PST 2016	sessionId=DNnLIKLkNEW	remote=DN525bjo.SUNet	format=lisp2json	query=(execute (call edu.stanford.nlp.sempre.cubeworld.StacksWorld.getLevel (string pattern)))	response=  (string [[0,0],[0,3],[0,0]]|[[0,0,3],[0,3],[0,0,3]])
date=Wed Mar 02 17:28:26 PST 2016	sessionId=DNnLIKLkNEW	remote=DN525bjo.SUNet	format=lisp2json	query=(execute (call edu.stanford.nlp.sempre.cubeworld.StacksWorld.getLevel (string babynot)))	response=  (string [[1],[1],[2],[2],[2],[1]]|[[],[],[],[],[],[1]])
date=Wed Mar 02 17:28:26 PST 2016	sessionId=DNnLIKLkNEW	remote=DN525bjo.SUNet	format=lisp2json	query=(execute (call edu.stanford.nlp.sempre.cubeworld.StacksWorld.getLevel (string babystack)))	response=  (string [[1],[0],[0,0]]|[[1,1],[0],[0,0]])
date=Wed Mar 02 17:28:27 PST 2016	sessionId=DNnLIKLkNEW	remote=DN525bjo.SUNet	format=lisp2json	query=(execute (call edu.stanford.nlp.sempre.cubeworld.StacksWorld.getLevel (string littlehouse)))	response=  (string [[2,2],[2,3,3],[2,3,3],[2,3],[2,2]]|[[2,2,2],[2,3,3,2],[2,3,3,3,2],[2,3,3,2],[2,2,2]])
date=Wed Mar 02 17:28:27 PST 2016	sessionId=DNnLIKLkNEW	remote=DN525bjo.SUNet	format=lisp2json	query=(execute (call edu.stanford.nlp.sempre.cubeworld.StacksWorld.getLevel (string triangle)))	response=  (string [[0],[0],[0],[0]]|[[0,2,1,3],[0,2,1],[0,2],[0]])
date=Wed Mar 02 17:28:27 PST 2016	sessionId=DNnLIKLkNEW	remote=DN525bjo.SUNet	format=lisp2json	query=(execute (call edu.stanford.nlp.sempre.cubeworld.StacksWorld.getLevel (string littlehouse)))	response=  (string [[0,0],[0,1,1],[0,1,1],[0,1],[0,0]]|[[0,0,0],[0,1,1,0],[0,1,1,1,0],[0,1,1,0],[0,0,0]])
date=Wed Mar 02 17:28:27 PST 2016	sessionId=DNnLIKLkNEW	remote=DN525bjo.SUNet	format=lisp2json	query=(execute (call edu.stanford.nlp.sempre.cubeworld.StacksWorld.getLevel (string babystack)))	response=  (string [[0,3],[3],[0]]|[[0],[3],[0]])
date=Wed Mar 02 17:28:28 PST 2016	sessionId=DNnLIKLkNEW	remote=DN525bjo.SUNet	format=lisp2json	query=(execute (call edu.stanford.nlp.sempre.cubeworld.StacksWorld.getLevel (string babynot)))	response=  (string [[1],[2],[2]]|[[],[],[2]])
date=Wed Mar 02 17:28:28 PST 2016	sessionId=DNnLIKLkNEW	remote=DN525bjo.SUNet	format=lisp2json	query=(execute (call edu.stanford.nlp.sempre.cubeworld.StacksWorld.getLevel (string pattern)))	response=  (string [[3,3],[3,1],[3,3]]|[[3,3,2],[3,2],[3,3,2]])
date=Wed Mar 02 17:28:28 PST 2016	sessionId=DNnLIKLkNEW	remote=DN525bjo.SUNet	format=lisp2json	query=(execute (call edu.stanford.nlp.sempre.cubeworld.StacksWorld.getLevel (string babystep)))	response=  (string [[0],[0],[2],[2],[0]]|[[0],[0],[],[],[0]])
date=Wed Mar 02 17:28:28 PST 2016	sessionId=DNnLIKLkNEW	remote=DN525bjo.SUNet	format=lisp2json	query=(execute (call edu.stanford.nlp.sempre.cubeworld.StacksWorld.getLevel (string remove)))	response=  (string [[3],[0],[2],[0],[2],[1]]|[[3],[],[2],[],[2],[1]])
date=Wed Mar 02 17:28:30 PST 2016	sessionId=DNnLIKLkNEW	remote=DN525bjo.SUNet	format=lisp2json	query=(execute (call edu.stanford.nlp.sempre.cubeworld.StacksWorld.getLevel (string remove)))	response=  (string [[3],[2],[2],[0],[1],[3]]|[[3],[2],[2],[0],[],[3]])
date=Wed Mar 02 17:28:31 PST 2016	sessionId=DNnLIKLkNEW	remote=DN525bjo.SUNet	format=lisp2json	query=(execute (call edu.stanford.nlp.sempre.cubeworld.StacksWorld.getLevel (string remove)))	response=  (string [[0],[1],[1],[2],[2],[3],[0]]|[[0],[],[],[2],[2],[3],[0]])
date=Wed Mar 02 17:28:31 PST 2016	sessionId=DNnLIKLkNEW	remote=DN525bjo.SUNet	format=lisp2json	query=(execute (call edu.stanford.nlp.sempre.cubeworld.StacksWorld.getLevel (string remove)))	response=  (string [[3],[2],[3],[1],[3],[3]]|[[3],[2],[3],[],[3],[3]])
date=Wed Mar 02 17:28:31 PST 2016	sessionId=DNnLIKLkNEW	remote=DN525bjo.SUNet	format=lisp2json	query=(execute (call edu.stanford.nlp.sempre.cubeworld.StacksWorld.getLevel (string remove)))	response=  (string [[3],[3],[1],[0],[2]]|[[3],[3],[],[0],[2]])
date=Wed Mar 02 17:28:32 PST 2016	sessionId=DNnLIKLkNEW	remote=DN525bjo.SUNet	format=lisp2json	query=(execute (call edu.stanford.nlp.sempre.cubeworld.StacksWorld.getLevel (string remove)))	response=  (string [[1],[1],[2],[0],[3],[2]]|[[],[],[2],[0],[3],[2]])
date=Wed Mar 02 17:29:12 PST 2016	sessionId=DNnLIKLkNEW	remote=DN525bjo.SUNet	format=lisp2json	query=(execute (call edu.stanford.nlp.sempre.cubeworld.StacksWorld.getLevel (string remove)))	response=  (string [[3],[3],[0],[2],[0]]|[[3],[3],[0],[],[0]])
date=Wed Mar 02 17:29:12 PST 2016	sessionId=DNnLIKLkNEW	remote=DN525bjo.SUNet	format=lisp2json	query=(execute (call edu.stanford.nlp.sempre.cubeworld.StacksWorld.getLevel (string remove)))	response=  (string [[3],[0],[3],[1],[0],[3]]|[[],[0],[],[1],[0],[]])
date=Wed Mar 02 17:29:12 PST 2016	sessionId=DNnLIKLkNEW	remote=DN525bjo.SUNet	format=lisp2json	query=(execute (call edu.stanford.nlp.sempre.cubeworld.StacksWorld.getLevel (string remove)))	response=  (string [[1],[2],[1],[3],[3]]|[[],[2],[],[3],[3]])
date=Wed Mar 02 17:29:13 PST 2016	sessionId=DNnLIKLkNEW	remote=DN525bjo.SUNet	format=lisp2json	query=(execute (call edu.stanford.nlp.sempre.cubeworld.StacksWorld.getLevel (string remove)))	response=  (string [[1],[2],[1],[3],[2],[3]]|[[1],[2],[1],[],[2],[]])
date=Wed Mar 02 17:29:13 PST 2016	sessionId=DNnLIKLkNEW	remote=DN525bjo.SUNet	format=lisp2json	query=(execute (call edu.stanford.nlp.sempre.cubeworld.StacksWorld.getLevel (string babynot)))	response=  (string [[3],[2],[3],[3],[3]]|[[3,3],[2,3],[3,3],[3,3],[3]])
date=Wed Mar 02 17:29:13 PST 2016	sessionId=DNnLIKLkNEW	remote=DN525bjo.SUNet	format=lisp2json	query=(execute (call edu.stanford.nlp.sempre.cubeworld.StacksWorld.getLevel (string babynot)))	response=  (string [[0],[3],[3],[0],[3]]|[[0],[3,3],[3,3],[0,3],[3,3]])
date=Wed Mar 02 17:29:14 PST 2016	sessionId=DNnLIKLkNEW	remote=DN525bjo.SUNet	format=lisp2json	query=(execute (call edu.stanford.nlp.sempre.cubeworld.StacksWorld.getLevel (string babynot)))	response=  (string [[2],[3],[2],[3]]|[[2],[3,2],[2],[3,2]])
date=Wed Mar 02 17:29:14 PST 2016	sessionId=DNnLIKLkNEW	remote=DN525bjo.SUNet	format=lisp2json	query=(execute (call edu.stanford.nlp.sempre.cubeworld.StacksWorld.getLevel (string babynot)))	response=  (string [[2],[2],[2]]|[[2],[2,0],[2,0]])
date=Wed Mar 02 17:29:14 PST 2016	sessionId=DNnLIKLkNEW	remote=DN525bjo.SUNet	format=lisp2json	query=(execute (call edu.stanford.nlp.sempre.cubeworld.StacksWorld.getLevel (string babynot)))	response=  (string [[1],[3],[1],[3]]|[[1],[],[],[]])
date=Wed Mar 02 17:29:14 PST 2016	sessionId=DNnLIKLkNEW	remote=DN525bjo.SUNet	format=lisp2json	query=(execute (call edu.stanford.nlp.sempre.cubeworld.StacksWorld.getLevel (string babynot)))	response=  (string [[0],[0],[0],[0],[2],[0]]|[[],[],[],[],[],[0]])
date=Wed Mar 02 17:29:15 PST 2016	sessionId=DNnLIKLkNEW	remote=DN525bjo.SUNet	format=lisp2json	query=(execute (call edu.stanford.nlp.sempre.cubeworld.StacksWorld.getLevel (string babystack)))	response=  (string [[1,3],[1,0],[3,0],[1]]|[[1,3,0],[1,0],[3,0],[1]])
date=Wed Mar 02 17:29:15 PST 2016	sessionId=DNnLIKLkNEW	remote=DN525bjo.SUNet	format=lisp2json	query=(execute (call edu.stanford.nlp.sempre.cubeworld.StacksWorld.getLevel (string littlehouse)))	response=  (string [[1,1],[1,0,0],[1,0,0],[1,0],[1,1]]|[[1,1,1],[1,0,0,1],[1,0,0,0,1],[1,0,0,1],[1,1,1]])
date=Wed Mar 02 17:29:15 PST 2016	sessionId=DNnLIKLkNEW	remote=DN525bjo.SUNet	format=lisp2json	query=(execute (call edu.stanford.nlp.sempre.cubeworld.StacksWorld.getLevel (string triangle)))	response=  (string [[3],[3],[3],[3]]|[[3,0,2,1],[3,0,2],[3,0],[3]])
date=Wed Mar 02 17:29:16 PST 2016	sessionId=DNnLIKLkNEW	remote=DN525bjo.SUNet	format=lisp2json	query=(execute (call edu.stanford.nlp.sempre.cubeworld.StacksWorld.getLevel (string littlehouse)))	response=  (string [[2,2],[2,0,0],[2,0,0],[2,0],[2,2]]|[[2,2,2],[2,0,0,2],[2,0,0,0,2],[2,0,0,2],[2,2,2]])
date=Wed Mar 02 17:29:16 PST 2016	sessionId=DNnLIKLkNEW	remote=DN525bjo.SUNet	format=lisp2json	query=(execute (call edu.stanford.nlp.sempre.cubeworld.StacksWorld.getLevel (string babystack)))	response=  (string [[3,3],[1]]|[[3,3],[1,1]])
date=Wed Mar 02 17:29:16 PST 2016	sessionId=DNnLIKLkNEW	remote=DN525bjo.SUNet	format=lisp2json	query=(execute (call edu.stanford.nlp.sempre.cubeworld.StacksWorld.getLevel (string babynot)))	response=  (string [[1],[1],[3],[1],[3]]|[[1,1],[1,1],[3,1],[1,1],[3]])
date=Wed Mar 02 17:29:16 PST 2016	sessionId=DNnLIKLkNEW	remote=DN525bjo.SUNet	format=lisp2json	query=(execute (call edu.stanford.nlp.sempre.cubeworld.StacksWorld.getLevel (string pattern)))	response=  (string [[1,3],[3,1],[1,3],[3,1]]|[[1,3,3],[3,1],[1,3,3],[3,1]])
date=Wed Mar 02 17:29:16 PST 2016	sessionId=DNnLIKLkNEW	remote=DN525bjo.SUNet	format=lisp2json	query=(execute (call edu.stanford.nlp.sempre.cubeworld.StacksWorld.getLevel (string babystep)))	response=  (string [[3],[3],[3],[2],[3],[2]]|[[3],[3],[3],[2],[3],[2,2]])
date=Wed Mar 02 17:29:16 PST 2016	sessionId=DNnLIKLkNEW	remote=DN525bjo.SUNet	format=lisp2json	query=(execute (call edu.stanford.nlp.sempre.cubeworld.StacksWorld.getLevel (string remove)))	response=  (string [[2],[3],[0],[1],[1],[2]]|[[2],[3],[0],[],[],[2]])
date=Wed Mar 02 17:43:36 PST 2016	sessionId=DNnLIKLkNEW	remote=DN525bjo.SUNet	format=lisp2json	query=(execute (call edu.stanford.nlp.sempre.cubeworld.StacksWorld.getLevel (string remove)))	response=  (string [[0],[3],[2],[2],[1]]|[[0],[],[2],[2],[1]])
date=Wed Mar 02 17:43:36 PST 2016	sessionId=DNnLIKLkNEW	remote=DN525bjo.SUNet	format=lisp2json	query=(execute (call edu.stanford.nlp.sempre.cubeworld.StacksWorld.getLevel (string remove)))	response=  (string [[1],[3],[3],[3],[3]]|[[],[3],[3],[3],[3]])
date=Wed Mar 02 17:43:36 PST 2016	sessionId=DNnLIKLkNEW	remote=DN525bjo.SUNet	format=lisp2json	query=(execute (call edu.stanford.nlp.sempre.cubeworld.StacksWorld.getLevel (string remove)))	response=  (string [[2],[1],[2],[1],[0],[3],[2]]|[[],[1],[],[1],[0],[3],[]])
date=Wed Mar 02 17:44:13 PST 2016	sessionId=DNnLIKLkNEW	remote=DN525bjo.SUNet	format=lisp2json	query=(execute (call edu.stanford.nlp.sempre.cubeworld.StacksWorld.getLevel (string remove)))	response=  (string [[1],[2],[0],[2],[1],[3],[2]]|[[],[2],[0],[2],[],[3],[2]])
date=Wed Mar 02 17:44:13 PST 2016	sessionId=DNnLIKLkNEW	remote=DN525bjo.SUNet	format=lisp2json	query=(execute (call edu.stanford.nlp.sempre.cubeworld.StacksWorld.getLevel (string remove)))	response=  (string [[1],[3],[0],[1],[0]]|[[1],[3],[],[1],[]])
date=Wed Mar 02 17:44:13 PST 2016	sessionId=DNnLIKLkNEW	remote=DN525bjo.SUNet	format=lisp2json	query=(execute (call edu.stanford.nlp.sempre.cubeworld.StacksWorld.getLevel (string remove)))	response=  (string [[2],[1],[0],[0],[1],[1],[0]]|[[],[1],[0],[0],[1],[1],[0]])
date=Wed Mar 02 17:44:15 PST 2016	sessionId=DNnLIKLkNEW	remote=DN525bjo.SUNet	format=lisp2json	query=(execute (call edu.stanford.nlp.sempre.cubeworld.StacksWorld.getLevel (string remove)))	response=  (string [[3],[2],[0],[3],[2]]|[[3],[2],[],[3],[2]])
date=Wed Mar 02 17:44:16 PST 2016	sessionId=DNnLIKLkNEW	remote=DN525bjo.SUNet	format=lisp2json	query=(execute (call edu.stanford.nlp.sempre.cubeworld.StacksWorld.getLevel (string remove)))	response=  (string [[1],[1],[0],[2],[1],[1]]|[[1],[1],[],[2],[1],[1]])
date=Wed Mar 02 17:44:16 PST 2016	sessionId=DNnLIKLkNEW	remote=DN525bjo.SUNet	format=lisp2json	query=(execute (call edu.stanford.nlp.sempre.cubeworld.StacksWorld.getLevel (string remove)))	response=  (string [[2],[2],[2],[1],[0],[1],[0]]|[[2],[2],[2],[1],[],[1],[]])
date=Wed Mar 02 17:44:16 PST 2016	sessionId=DNnLIKLkNEW	remote=DN525bjo.SUNet	format=lisp2json	query=(execute (call edu.stanford.nlp.sempre.cubeworld.StacksWorld.getLevel (string remove)))	response=  (string [[1],[1],[0],[1],[1],[1]]|[[1],[1],[],[1],[1],[1]])
date=Wed Mar 02 17:44:16 PST 2016	sessionId=DNnLIKLkNEW	remote=DN525bjo.SUNet	format=lisp2json	query=(execute (call edu.stanford.nlp.sempre.cubeworld.StacksWorld.getLevel (string remove)))	response=  (string [[0],[3],[1],[0],[2]]|[[],[3],[1],[],[2]])
date=Wed Mar 02 17:44:17 PST 2016	sessionId=DNnLIKLkNEW	remote=DN525bjo.SUNet	format=lisp2json	query=(execute (call edu.stanford.nlp.sempre.cubeworld.StacksWorld.getLevel (string remove)))	response=  (string [[0],[1],[2],[3],[1],[0],[1]]|[[0],[1],[],[3],[1],[0],[1]])
date=Wed Mar 02 18:05:22 PST 2016	sessionId=DNnLIKLkNEW	remote=DN525bjo.SUNet	format=lisp2json	query=(execute (call edu.stanford.nlp.sempre.cubeworld.StacksWorld.getLevel (string pattern)))	response=  (string [[3,3],[3,2],[3,3],[3,2],[3,3]]|[[3,3,2],[3,2],[3,3,2],[3,2],[3,3,2]])
date=Wed Mar 02 18:05:22 PST 2016	sessionId=DNnLIKLkNEW	remote=DN525bjo.SUNet	format=lisp2json	query=(execute (call edu.stanford.nlp.sempre.cubeworld.StacksWorld.getLevel (string babynot)))	response=  (string [[3],[2],[2],[2],[3],[2]]|[[3],[],[],[],[],[]])
date=Wed Mar 02 18:05:22 PST 2016	sessionId=DNnLIKLkNEW	remote=DN525bjo.SUNet	format=lisp2json	query=(execute (call edu.stanford.nlp.sempre.cubeworld.StacksWorld.getLevel (string babystack)))	response=  (string [[3,3],[1,0],[0],[3,3]]|[[3,3],[1],[],[3]])
date=Wed Mar 02 18:05:23 PST 2016	sessionId=DNnLIKLkNEW	remote=DN525bjo.SUNet	format=lisp2json	query=(execute (call edu.stanford.nlp.sempre.cubeworld.StacksWorld.getLevel (string littlehouse)))	response=  (string [[3,3],[3,2,2],[3,2,2],[3,2],[3,3]]|[[3,3,3],[3,2,2,3],[3,2,2,2,3],[3,2,2,3],[3,3,3]])
date=Wed Mar 02 18:05:23 PST 2016	sessionId=DNnLIKLkNEW	remote=DN525bjo.SUNet	format=lisp2json	query=(execute (call edu.stanford.nlp.sempre.cubeworld.StacksWorld.getLevel (string triangle)))	response=  (string [[0],[0],[0],[0]]|[[0,2,3,1],[0,2,3],[0,2],[0]])
date=Wed Mar 02 18:05:23 PST 2016	sessionId=DNnLIKLkNEW	remote=DN525bjo.SUNet	format=lisp2json	query=(execute (call edu.stanford.nlp.sempre.cubeworld.StacksWorld.getLevel (string littlehouse)))	response=  (string [[0,0],[0,3,3],[0,3,3],[0,3],[0,0]]|[[0,0,0],[0,3,3,0],[0,3,3,3,0],[0,3,3,0],[0,0,0]])
date=Wed Mar 02 18:05:23 PST 2016	sessionId=DNnLIKLkNEW	remote=DN525bjo.SUNet	format=lisp2json	query=(execute (call edu.stanford.nlp.sempre.cubeworld.StacksWorld.getLevel (string babystack)))	response=  (string [[0],[0],[0]]|[[0],[],[]])
date=Wed Mar 02 18:05:24 PST 2016	sessionId=DNnLIKLkNEW	remote=DN525bjo.SUNet	format=lisp2json	query=(execute (call edu.stanford.nlp.sempre.cubeworld.StacksWorld.getLevel (string babynot)))	response=  (string [[2],[2],[2],[2],[1]]|[[2],[],[],[],[]])
date=Wed Mar 02 18:05:24 PST 2016	sessionId=DNnLIKLkNEW	remote=DN525bjo.SUNet	format=lisp2json	query=(execute (call edu.stanford.nlp.sempre.cubeworld.StacksWorld.getLevel (string pattern)))	response=  (string [[2,2],[0,0],[2,2],[0,0],[2,2]]|[[2,2],[0,0,0],[2,2],[0,0,0],[2,2]])
date=Wed Mar 02 18:05:24 PST 2016	sessionId=DNnLIKLkNEW	remote=DN525bjo.SUNet	format=lisp2json	query=(execute (call edu.stanford.nlp.sempre.cubeworld.StacksWorld.getLevel (string babystep)))	response=  (string [[3],[3],[0],[3],[0]]|[[3],[3],[0],[3],[]])
date=Wed Mar 02 18:05:24 PST 2016	sessionId=DNnLIKLkNEW	remote=DN525bjo.SUNet	format=lisp2json	query=(execute (call edu.stanford.nlp.sempre.cubeworld.StacksWorld.getLevel (string remove)))	response=  (string [[0],[3],[3],[3],[0]]|[[],[3],[3],[3],[]])
date=Wed Mar 02 18:05:24 PST 2016	sessionId=DNnLIKLkNEW	remote=DN525bjo.SUNet	format=lisp2json	query=(execute (call edu.stanford.nlp.sempre.cubeworld.StacksWorld.getLevel (string babystep)))	response=  (string [[3],[3],[1],[1],[3],[3]]|[[3],[3],[1],[1],[3],[3,3]])
date=Wed Mar 02 18:05:25 PST 2016	sessionId=DNnLIKLkNEW	remote=DN525bjo.SUNet	format=lisp2json	query=(execute (call edu.stanford.nlp.sempre.cubeworld.StacksWorld.getLevel (string pattern)))	response=  (string [[3,3],[3,1],[3,3],[3,1],[3,3]]|[[3,3],[3],[3,3],[3],[3,3]])
date=Wed Mar 02 18:05:25 PST 2016	sessionId=DNnLIKLkNEW	remote=DN525bjo.SUNet	format=lisp2json	query=(execute (call edu.stanford.nlp.sempre.cubeworld.StacksWorld.getLevel (string babynot)))	response=  (string [[1],[1],[1],[1],[3]]|[[],[],[],[],[3]])
date=Wed Mar 02 18:05:25 PST 2016	sessionId=DNnLIKLkNEW	remote=DN525bjo.SUNet	format=lisp2json	query=(execute (call edu.stanford.nlp.sempre.cubeworld.StacksWorld.getLevel (string babystack)))	response=  (string [[3,3],[1]]|[[3,3,3],[1]])
date=Thu Mar 03 00:25:30 PST 2016	sessionId=DNnLIKLkNEW	remote=sidawmain.stanford.edu	format=lisp2json	query=(execute (call edu.stanford.nlp.sempre.cubeworld.StacksWorld.getLevel (string remove)))	response=  (string [[1],[2],[0],[3],[1]]|[[1],[2],[],[3],[1]])
date=Thu Mar 03 00:45:19 PST 2016	sessionId=DNnLIKLkNEW	remote=sidawmain.stanford.edu	format=lisp2json	query=(execute (call edu.stanford.nlp.sempre.cubeworld.StacksWorld.getLevel (string pattern)))	response=  (string [[0,0],[0,1],[0,0],[0,1],[0,0]]|[[0,0,2],[0,2],[0,0,2],[0,2],[0,0,2]])
date=Thu Mar 03 00:45:23 PST 2016	sessionId=DNnLIKLkNEW	remote=sidawmain.stanford.edu	format=lisp2json	query=(execute (call edu.stanford.nlp.sempre.cubeworld.StacksWorld.getLevel (string remove)))	response=  (string [[2],[1],[2],[3],[1]]|[[2],[],[2],[3],[]])
date=Thu Mar 03 00:45:23 PST 2016	sessionId=DNnLIKLkNEW	remote=sidawmain.stanford.edu	format=lisp2json	query=(execute (call edu.stanford.nlp.sempre.cubeworld.StacksWorld.getLevel (string pattern)))	response=  (string [[3,0],[0,3],[3,0],[0,3]]|[[3,0],[0,3,1],[3,0],[0,3,1]])
date=Thu Mar 03 00:45:28 PST 2016	sessionId=DNnLIKLkNEW	remote=sidawmain.stanford.edu	format=lisp2json	query=(execute (call edu.stanford.nlp.sempre.cubeworld.StacksWorld.getLevel (string remove)))	response=  (string [[2],[0],[3],[0],[2],[0],[0]]|[[2],[0],[],[0],[2],[0],[0]])
date=Thu Mar 03 00:45:29 PST 2016	sessionId=DNnLIKLkNEW	remote=sidawmain.stanford.edu	format=lisp2json	query=(execute (call edu.stanford.nlp.sempre.cubeworld.StacksWorld.getLevel (string babystep)))	response=  (string [[2],[3],[2],[2]]|[[2,3],[3],[2],[2]])
date=Thu Mar 03 00:45:29 PST 2016	sessionId=DNnLIKLkNEW	remote=sidawmain.stanford.edu	format=lisp2json	query=(execute (call edu.stanford.nlp.sempre.cubeworld.StacksWorld.getLevel (string pattern)))	response=  (string [[3,0],[0,3],[3,0]]|[[3],[0,3],[3]])
date=Thu Mar 03 00:45:29 PST 2016	sessionId=DNnLIKLkNEW	remote=sidawmain.stanford.edu	format=lisp2json	query=(execute (call edu.stanford.nlp.sempre.cubeworld.StacksWorld.getLevel (string babynot)))	response=  (string [[1],[1],[1]]|[[1],[],[]])
date=Thu Mar 03 00:45:30 PST 2016	sessionId=DNnLIKLkNEW	remote=sidawmain.stanford.edu	format=lisp2json	query=(execute (call edu.stanford.nlp.sempre.cubeworld.StacksWorld.getLevel (string babystack)))	response=  (string [[0,3],[1,0],[1]]|[[0],[1,0],[1]])
date=Thu Mar 03 00:45:30 PST 2016	sessionId=DNnLIKLkNEW	remote=sidawmain.stanford.edu	format=lisp2json	query=(execute (call edu.stanford.nlp.sempre.cubeworld.StacksWorld.getLevel (string littlehouse)))	response=  (string [[0,0],[0,1,1],[0,1,1],[0,1],[0,0]]|[[0,0,0],[0,1,1,0],[0,1,1,1,0],[0,1,1,0],[0,0,0]])
date=Thu Mar 03 00:45:30 PST 2016	sessionId=DNnLIKLkNEW	remote=sidawmain.stanford.edu	format=lisp2json	query=(execute (call edu.stanford.nlp.sempre.cubeworld.StacksWorld.getLevel (string triangle)))	response=  (string [[0],[0],[0],[0]]|[[0,3,2,1],[0,3,2],[0,3],[0]])
date=Thu Mar 03 00:45:30 PST 2016	sessionId=DNnLIKLkNEW	remote=sidawmain.stanford.edu	format=lisp2json	query=(execute (call edu.stanford.nlp.sempre.cubeworld.StacksWorld.getLevel (string littlehouse)))	response=  (string [[1,1],[1,3,3],[1,3,3],[1,3],[1,1]]|[[1,1,1],[1,3,3,1],[1,3,3,3,1],[1,3,3,1],[1,1,1]])
date=Thu Mar 03 00:45:31 PST 2016	sessionId=DNnLIKLkNEW	remote=sidawmain.stanford.edu	format=lisp2json	query=(execute (call edu.stanford.nlp.sempre.cubeworld.StacksWorld.getLevel (string babystack)))	response=  (string [[1,1],[2]]|[[1],[2]])
date=Thu Mar 03 00:45:31 PST 2016	sessionId=DNnLIKLkNEW	remote=sidawmain.stanford.edu	format=lisp2json	query=(execute (call edu.stanford.nlp.sempre.cubeworld.StacksWorld.getLevel (string babynot)))	response=  (string [[0],[0],[0],[3],[3],[3]]|[[0,3],[0,3],[0,3],[3,3],[3,3],[3]])
date=Thu Mar 03 00:45:31 PST 2016	sessionId=DNnLIKLkNEW	remote=sidawmain.stanford.edu	format=lisp2json	query=(execute (call edu.stanford.nlp.sempre.cubeworld.StacksWorld.getLevel (string pattern)))	response=  (string [[0,0],[0,1],[0,0],[0,1],[0,0],[0,1]]|[[0,0],[0],[0,0],[0],[0,0],[0]])
date=Thu Mar 03 00:45:31 PST 2016	sessionId=DNnLIKLkNEW	remote=sidawmain.stanford.edu	format=lisp2json	query=(execute (call edu.stanford.nlp.sempre.cubeworld.StacksWorld.getLevel (string babystep)))	response=  (string [[3],[3],[3],[2],[2]]|[[3],[3],[3],[2],[2,3]])
date=Thu Mar 03 00:45:31 PST 2016	sessionId=DNnLIKLkNEW	remote=sidawmain.stanford.edu	format=lisp2json	query=(execute (call edu.stanford.nlp.sempre.cubeworld.StacksWorld.getLevel (string remove)))	response=  (string [[2],[0],[0],[2],[3],[1]]|[[2],[],[],[2],[3],[1]])
date=Thu Mar 03 00:45:31 PST 2016	sessionId=DNnLIKLkNEW	remote=sidawmain.stanford.edu	format=lisp2json	query=(execute (call edu.stanford.nlp.sempre.cubeworld.StacksWorld.getLevel (string babystep)))	response=  (string [[2],[0],[0],[2],[0]]|[[2,2],[0],[0],[2],[0]])
date=Thu Mar 03 00:45:32 PST 2016	sessionId=DNnLIKLkNEW	remote=sidawmain.stanford.edu	format=lisp2json	query=(execute (call edu.stanford.nlp.sempre.cubeworld.StacksWorld.getLevel (string pattern)))	response=  (string [[3,3],[3,1],[3,3],[3,1]]|[[3,3,1],[3,1],[3,3,1],[3,1]])
date=Thu Mar 03 00:45:32 PST 2016	sessionId=DNnLIKLkNEW	remote=sidawmain.stanford.edu	format=lisp2json	query=(execute (call edu.stanford.nlp.sempre.cubeworld.StacksWorld.getLevel (string babynot)))	response=  (string [[1],[3],[3],[1],[3],[1]]|[[1],[3,1],[3,1],[1,1],[3,1],[1,1]])
date=Thu Mar 03 00:45:32 PST 2016	sessionId=DNnLIKLkNEW	remote=sidawmain.stanford.edu	format=lisp2json	query=(execute (call edu.stanford.nlp.sempre.cubeworld.StacksWorld.getLevel (string babystack)))	response=  (string [[2],[2],[1],[1,1]]|[[2],[2],[1],[1,1,2]])
date=Thu Mar 03 00:45:32 PST 2016	sessionId=DNnLIKLkNEW	remote=sidawmain.stanford.edu	format=lisp2json	query=(execute (call edu.stanford.nlp.sempre.cubeworld.StacksWorld.getLevel (string littlehouse)))	response=  (string [[0,0],[0,3,3],[0,3,3],[0,3],[0,0]]|[[0,0,0],[0,3,3,0],[0,3,3,3,0],[0,3,3,0],[0,0,0]])
date=Thu Mar 03 00:45:32 PST 2016	sessionId=DNnLIKLkNEW	remote=sidawmain.stanford.edu	format=lisp2json	query=(execute (call edu.stanford.nlp.sempre.cubeworld.StacksWorld.getLevel (string triangle)))	response=  (string [[1],[1],[1],[1]]|[[1,3,0,2],[1,3,0],[1,3],[1]])
date=Thu Mar 03 00:45:33 PST 2016	sessionId=DNnLIKLkNEW	remote=sidawmain.stanford.edu	format=lisp2json	query=(execute (call edu.stanford.nlp.sempre.cubeworld.StacksWorld.getLevel (string littlehouse)))	response=  (string [[1,1],[1,0,0],[1,0,0],[1,0],[1,1]]|[[1,1,1],[1,0,0,1],[1,0,0,0,1],[1,0,0,1],[1,1,1]])
date=Thu Mar 03 00:45:33 PST 2016	sessionId=DNnLIKLkNEW	remote=sidawmain.stanford.edu	format=lisp2json	query=(execute (call edu.stanford.nlp.sempre.cubeworld.StacksWorld.getLevel (string babystack)))	response=  (string [[1,1],[1,3],[2],[3,2]]|[[1,1],[1,3],[],[3]])
date=Thu Mar 03 00:45:34 PST 2016	sessionId=DNnLIKLkNEW	remote=sidawmain.stanford.edu	format=lisp2json	query=(execute (call edu.stanford.nlp.sempre.cubeworld.StacksWorld.getLevel (string babynot)))	response=  (string [[1],[1],[1],[0]]|[[],[],[],[0]])
date=Thu Mar 03 00:45:34 PST 2016	sessionId=DNnLIKLkNEW	remote=sidawmain.stanford.edu	format=lisp2json	query=(execute (call edu.stanford.nlp.sempre.cubeworld.StacksWorld.getLevel (string pattern)))	response=  (string [[3,3],[3,0],[3,3],[3,0],[3,3],[3,0]]|[[3,3,3],[3,3],[3,3,3],[3,3],[3,3,3],[3,3]])
date=Thu Mar 03 00:45:34 PST 2016	sessionId=DNnLIKLkNEW	remote=sidawmain.stanford.edu	format=lisp2json	query=(execute (call edu.stanford.nlp.sempre.cubeworld.StacksWorld.getLevel (string babystep)))	response=  (string [[2],[3],[2],[2]]|[[],[3],[2],[2]])
date=Thu Mar 03 00:45:34 PST 2016	sessionId=DNnLIKLkNEW	remote=sidawmain.stanford.edu	format=lisp2json	query=(execute (call edu.stanford.nlp.sempre.cubeworld.StacksWorld.getLevel (string remove)))	response=  (string [[2],[3],[1],[3],[0]]|[[2],[3],[],[3],[0]])
date=Thu Mar 03 00:45:34 PST 2016	sessionId=DNnLIKLkNEW	remote=sidawmain.stanford.edu	format=lisp2json	query=(execute (call edu.stanford.nlp.sempre.cubeworld.StacksWorld.getLevel (string babystep)))	response=  (string [[2],[3],[2],[2],[3]]|[[2],[3],[2],[2],[3,2]])
date=Thu Mar 03 00:45:35 PST 2016	sessionId=DNnLIKLkNEW	remote=sidawmain.stanford.edu	format=lisp2json	query=(execute (call edu.stanford.nlp.sempre.cubeworld.StacksWorld.getLevel (string pattern)))	response=  (string [[3,1],[1,3],[3,1],[1,3],[3,1],[1,3]]|[[3,1],[1,3,1],[3,1],[1,3,1],[3,1],[1,3,1]])
date=Thu Mar 03 00:45:35 PST 2016	sessionId=DNnLIKLkNEW	remote=sidawmain.stanford.edu	format=lisp2json	query=(execute (call edu.stanford.nlp.sempre.cubeworld.StacksWorld.getLevel (string babynot)))	response=  (string [[0],[2],[2]]|[[],[],[2]])
date=Thu Mar 03 00:45:35 PST 2016	sessionId=DNnLIKLkNEW	remote=sidawmain.stanford.edu	format=lisp2json	query=(execute (call edu.stanford.nlp.sempre.cubeworld.StacksWorld.getLevel (string babystack)))	response=  (string [[2],[3,2]]|[[2,1],[3,2,1]])
date=Thu Mar 03 00:45:35 PST 2016	sessionId=DNnLIKLkNEW	remote=sidawmain.stanford.edu	format=lisp2json	query=(execute (call edu.stanford.nlp.sempre.cubeworld.StacksWorld.getLevel (string littlehouse)))	response=  (string [[3,3],[3,0,0],[3,0,0],[3,0],[3,3]]|[[3,3,3],[3,0,0,3],[3,0,0,0,3],[3,0,0,3],[3,3,3]])
date=Thu Mar 03 00:45:35 PST 2016	sessionId=DNnLIKLkNEW	remote=sidawmain.stanford.edu	format=lisp2json	query=(execute (call edu.stanford.nlp.sempre.cubeworld.StacksWorld.getLevel (string triangle)))	response=  (string [[1],[1],[1],[1]]|[[1,3,2,0],[1,3,2],[1,3],[1]])
date=Thu Mar 03 00:45:35 PST 2016	sessionId=DNnLIKLkNEW	remote=sidawmain.stanford.edu	format=lisp2json	query=(execute (call edu.stanford.nlp.sempre.cubeworld.StacksWorld.getLevel (string littlehouse)))	response=  (string [[0,0],[0,3,3],[0,3,3],[0,3],[0,0]]|[[0,0,0],[0,3,3,0],[0,3,3,3,0],[0,3,3,0],[0,0,0]])
date=Thu Mar 03 00:45:36 PST 2016	sessionId=DNnLIKLkNEW	remote=sidawmain.stanford.edu	format=lisp2json	query=(execute (call edu.stanford.nlp.sempre.cubeworld.StacksWorld.getLevel (string babystack)))	response=  (string [[2,3],[2,0]]|[[2,3],[2]])
date=Thu Mar 03 00:45:36 PST 2016	sessionId=DNnLIKLkNEW	remote=sidawmain.stanford.edu	format=lisp2json	query=(execute (call edu.stanford.nlp.sempre.cubeworld.StacksWorld.getLevel (string babynot)))	response=  (string [[1],[1],[2],[1]]|[[1,1],[1,1],[2],[1,1]])
date=Thu Mar 03 00:45:58 PST 2016	sessionId=DNnLIKLkNEW	remote=sidawmain.stanford.edu	format=lisp2json	query=(execute (call edu.stanford.nlp.sempre.cubeworld.StacksWorld.getLevel (string remove)))	response=  (string [[2],[3],[3],[1],[3]]|[[2],[],[],[1],[]])
date=Thu Mar 03 00:45:59 PST 2016	sessionId=DNnLIKLkNEW	remote=sidawmain.stanford.edu	format=lisp2json	query=(execute (call edu.stanford.nlp.sempre.cubeworld.StacksWorld.getLevel (string babystep)))	response=  (string [[3],[1],[3],[1]]|[[3],[1],[3],[1,3]])
date=Thu Mar 03 00:45:59 PST 2016	sessionId=DNnLIKLkNEW	remote=sidawmain.stanford.edu	format=lisp2json	query=(execute (call edu.stanford.nlp.sempre.cubeworld.StacksWorld.getLevel (string pattern)))	response=  (string [[0,1],[1,0],[0,1],[1,0]]|[[0,1],[1,0,1],[0,1],[1,0,1]])
date=Thu Mar 03 00:45:59 PST 2016	sessionId=DNnLIKLkNEW	remote=sidawmain.stanford.edu	format=lisp2json	query=(execute (call edu.stanford.nlp.sempre.cubeworld.StacksWorld.getLevel (string babynot)))	response=  (string [[1],[1],[0],[1],[1]]|[[1],[1,0],[0,0],[1,0],[1,0]])
date=Thu Mar 03 00:45:59 PST 2016	sessionId=DNnLIKLkNEW	remote=sidawmain.stanford.edu	format=lisp2json	query=(execute (call edu.stanford.nlp.sempre.cubeworld.StacksWorld.getLevel (string babystack)))	response=  (string [[1,2],[0],[0]]|[[1],[0],[0]])
date=Thu Mar 03 00:45:59 PST 2016	sessionId=DNnLIKLkNEW	remote=sidawmain.stanford.edu	format=lisp2json	query=(execute (call edu.stanford.nlp.sempre.cubeworld.StacksWorld.getLevel (string littlehouse)))	response=  (string [[0,0],[0,1,1],[0,1,1],[0,1],[0,0]]|[[0,0,0],[0,1,1,0],[0,1,1,1,0],[0,1,1,0],[0,0,0]])
date=Thu Mar 03 00:46:00 PST 2016	sessionId=DNnLIKLkNEW	remote=sidawmain.stanford.edu	format=lisp2json	query=(execute (call edu.stanford.nlp.sempre.cubeworld.StacksWorld.getLevel (string triangle)))	response=  (string [[0],[0],[0],[0]]|[[0,2,3,1],[0,2,3],[0,2],[0]])
date=Thu Mar 03 00:46:00 PST 2016	sessionId=DNnLIKLkNEW	remote=sidawmain.stanford.edu	format=lisp2json	query=(execute (call edu.stanford.nlp.sempre.cubeworld.StacksWorld.getLevel (string littlehouse)))	response=  (string [[0,0],[0,3,3],[0,3,3],[0,3],[0,0]]|[[0,0,0],[0,3,3,0],[0,3,3,3,0],[0,3,3,0],[0,0,0]])
date=Thu Mar 03 00:46:00 PST 2016	sessionId=DNnLIKLkNEW	remote=sidawmain.stanford.edu	format=lisp2json	query=(execute (call edu.stanford.nlp.sempre.cubeworld.StacksWorld.getLevel (string babystack)))	response=  (string [[0],[2,2],[0],[2]]|[[0],[2,2,2],[0,2],[2,2]])
date=Thu Mar 03 00:46:01 PST 2016	sessionId=DNnLIKLkNEW	remote=sidawmain.stanford.edu	format=lisp2json	query=(execute (call edu.stanford.nlp.sempre.cubeworld.StacksWorld.getLevel (string babynot)))	response=  (string [[1],[2],[2],[2],[1],[1]]|[[1],[2,1],[2,1],[2,1],[1,1],[1,1]])
date=Thu Mar 03 00:46:01 PST 2016	sessionId=DNnLIKLkNEW	remote=sidawmain.stanford.edu	format=lisp2json	query=(execute (call edu.stanford.nlp.sempre.cubeworld.StacksWorld.getLevel (string pattern)))	response=  (string [[0,0],[0,1],[0,0],[0,1],[0,0],[0,1]]|[[0,0],[0,1,0],[0,0],[0,1,0],[0,0],[0,1,0]])
date=Thu Mar 03 00:46:01 PST 2016	sessionId=DNnLIKLkNEW	remote=sidawmain.stanford.edu	format=lisp2json	query=(execute (call edu.stanford.nlp.sempre.cubeworld.StacksWorld.getLevel (string babystep)))	response=  (string [[1],[0],[1],[1],[1],[1]]|[[1,1],[0],[1],[1],[1],[1]])
date=Thu Mar 03 00:46:01 PST 2016	sessionId=DNnLIKLkNEW	remote=sidawmain.stanford.edu	format=lisp2json	query=(execute (call edu.stanford.nlp.sempre.cubeworld.StacksWorld.getLevel (string remove)))	response=  (string [[3],[1],[0],[1],[1],[3]]|[[3],[1],[],[1],[1],[3]])
date=Thu Mar 03 01:57:26 PST 2016	sessionId=DNnLIKLkNEW	remote=sidawmain.stanford.edu	format=lisp2json	query=(execute (call edu.stanford.nlp.sempre.cubeworld.StacksWorld.getLevel (string remove)))	response=  (string [[2],[1],[1],[1],[0],[0]]|[[2],[],[],[],[0],[0]])
