date=Mon Feb 29 23:04:46 PST 2016	sessionId=ekSy0pl7nZI	remote=sidawmain.stanford.edu	format=lisp2json	query=(execute (call edu.stanford.nlp.sempre.cubeworld.StacksWorld.getLevel (string remove)))	response=
date=Mon Feb 29 23:04:46 PST 2016	sessionId=ekSy0pl7nZI	remote=sidawmain.stanford.edu	format=lisp2json	query=(execute (call edu.stanford.nlp.sempre.cubeworld.StacksWorld.getLevel (string remove)))	response=
date=Mon Feb 29 23:05:15 PST 2016	sessionId=ekSy0pl7nZI	remote=sidawmain.stanford.edu	format=lisp2json	query=(execute (call edu.stanford.nlp.sempre.cubeworld.StacksWorld.getLevel (string babystack)))	response=
date=Mon Feb 29 23:05:16 PST 2016	sessionId=ekSy0pl7nZI	remote=sidawmain.stanford.edu	format=lisp2json	query=(execute (call edu.stanford.nlp.sempre.cubeworld.StacksWorld.getLevel (string littlehouse)))	response=
date=Mon Feb 29 23:06:36 PST 2016	sessionId=ekSy0pl7nZI	remote=sidawmain.stanford.edu	format=lisp2json	query=(execute (call edu.stanford.nlp.sempre.cubeworld.StacksWorld.getLevel (string remove)))	response=
date=Mon Feb 29 23:11:09 PST 2016	sessionId=ekSy0pl7nZI	remote=sidawmain.stanford.edu	format=lisp2json	query=(execute (call edu.stanford.nlp.sempre.cubeworld.StacksWorld.getLevel (string remove)))	response=
date=Mon Feb 29 23:11:15 PST 2016	sessionId=ekSy0pl7nZI	remote=sidawmain.stanford.edu	format=lisp2json	query=(execute (call edu.stanford.nlp.sempre.cubeworld.StacksWorld.getLevel (string babystep)))	response=
date=Mon Feb 29 23:11:16 PST 2016	sessionId=ekSy0pl7nZI	remote=sidawmain.stanford.edu	format=lisp2json	query=(execute (call edu.stanford.nlp.sempre.cubeworld.StacksWorld.getLevel (string remove)))	response=
date=Mon Feb 29 23:11:18 PST 2016	sessionId=ekSy0pl7nZI	remote=sidawmain.stanford.edu	format=lisp2json	query=(execute (call edu.stanford.nlp.sempre.cubeworld.StacksWorld.getLevel (string remove)))	response=
date=Mon Feb 29 23:11:36 PST 2016	sessionId=ekSy0pl7nZI	remote=sidawmain.stanford.edu	format=lisp2json	query=(execute (call edu.stanford.nlp.sempre.cubeworld.StacksWorld.getLevel (string remove)))	response=
date=Mon Feb 29 23:12:08 PST 2016	sessionId=ekSy0pl7nZI	remote=sidawmain.stanford.edu	format=lisp2json	query=(execute (call edu.stanford.nlp.sempre.cubeworld.StacksWorld.getLevel (string remove)))	response=
date=Mon Feb 29 23:52:28 PST 2016	sessionId=ekSy0pl7nZI	remote=sidawmain.stanford.edu	format=lisp2json	query=(execute (call edu.stanford.nlp.sempre.cubeworld.StacksWorld.getLevel (string remove)))	response=
date=Mon Feb 29 23:53:09 PST 2016	sessionId=ekSy0pl7nZI	remote=sidawmain.stanford.edu	format=lisp2json	query=(execute (call edu.stanford.nlp.sempre.cubeworld.StacksWorld.getLevel (string remove)))	response=
date=Mon Feb 29 23:53:53 PST 2016	sessionId=ekSy0pl7nZI	remote=sidawmain.stanford.edu	format=lisp2json	query=(context (graph NaiveKnowledgeGraph ((string [[2],[0],[3],[1],[0],[3],[1]]) (name b) (name c))))	response=
date=Mon Feb 29 23:53:53 PST 2016	sessionId=ekSy0pl7nZI	remote=sidawmain.stanford.edu	format=lisp2json	query=rm cyan	response=(call edu.stanford.nlp.sempre.cubeworld.StacksWorld.wallToString (call context:edu.stanford.nlp.sempre.cubeworld.StacksWorld.removeTop (call context:edu.stanford.nlp.sempre.cubeworld.StacksWorld.getNonEmpty))) => (string [[],[],[],[],[],[],[]])
date=Mon Feb 29 23:55:23 PST 2016	sessionId=ekSy0pl7nZI	remote=sidawmain.stanford.edu	format=lisp2json	query=(execute (call edu.stanford.nlp.sempre.cubeworld.StacksWorld.getLevel (string remove)))	response=
date=Mon Feb 29 23:55:26 PST 2016	sessionId=ekSy0pl7nZI	remote=sidawmain.stanford.edu	format=lisp2json	query=(context (graph NaiveKnowledgeGraph ((string [[3],[0],[2],[2],[1],[3]]) (name b) (name c))))	response=
date=Mon Feb 29 23:55:26 PST 2016	sessionId=ekSy0pl7nZI	remote=sidawmain.stanford.edu	format=lisp2json	query=remove orange	response=(call edu.stanford.nlp.sempre.cubeworld.StacksWorld.wallToString (call context:edu.stanford.nlp.sempre.cubeworld.StacksWorld.removeTop (call context:edu.stanford.nlp.sempre.cubeworld.StacksWorld.getNonEmpty))) => (string [[],[],[],[],[],[]])
date=Mon Feb 29 23:57:28 PST 2016	sessionId=ekSy0pl7nZI	remote=sidawmain.stanford.edu	format=lisp2json	query=(execute (call edu.stanford.nlp.sempre.cubeworld.StacksWorld.getLevel (string babystack)))	response=
date=Mon Feb 29 23:57:37 PST 2016	sessionId=ekSy0pl7nZI	remote=sidawmain.stanford.edu	format=lisp2json	query=(execute (call edu.stanford.nlp.sempre.cubeworld.StacksWorld.getLevel (string triangle)))	response=
date=Mon Feb 29 23:59:24 PST 2016	sessionId=ekSy0pl7nZI	remote=sidawmain.stanford.edu	format=lisp2json	query=(execute (call edu.stanford.nlp.sempre.cubeworld.StacksWorld.getLevel (string remove)))	response=
date=Mon Feb 29 23:59:26 PST 2016	sessionId=ekSy0pl7nZI	remote=sidawmain.stanford.edu	format=lisp2json	query=(execute (call edu.stanford.nlp.sempre.cubeworld.StacksWorld.getLevel (string babynot)))	response=
date=Mon Feb 29 23:59:26 PST 2016	sessionId=ekSy0pl7nZI	remote=sidawmain.stanford.edu	format=lisp2json	query=(execute (call edu.stanford.nlp.sempre.cubeworld.StacksWorld.getLevel (string pattern)))	response=
date=Mon Feb 29 23:59:27 PST 2016	sessionId=ekSy0pl7nZI	remote=sidawmain.stanford.edu	format=lisp2json	query=(execute (call edu.stanford.nlp.sempre.cubeworld.StacksWorld.getLevel (string babystep)))	response=
date=Mon Feb 29 23:59:27 PST 2016	sessionId=ekSy0pl7nZI	remote=sidawmain.stanford.edu	format=lisp2json	query=(execute (call edu.stanford.nlp.sempre.cubeworld.StacksWorld.getLevel (string remove)))	response=
date=Mon Feb 29 23:59:27 PST 2016	sessionId=ekSy0pl7nZI	remote=sidawmain.stanford.edu	format=lisp2json	query=(execute (call edu.stanford.nlp.sempre.cubeworld.StacksWorld.getLevel (string babystep)))	response=
date=Mon Feb 29 23:59:27 PST 2016	sessionId=ekSy0pl7nZI	remote=sidawmain.stanford.edu	format=lisp2json	query=(execute (call edu.stanford.nlp.sempre.cubeworld.StacksWorld.getLevel (string pattern)))	response=
date=Mon Feb 29 23:59:27 PST 2016	sessionId=ekSy0pl7nZI	remote=sidawmain.stanford.edu	format=lisp2json	query=(execute (call edu.stanford.nlp.sempre.cubeworld.StacksWorld.getLevel (string babynot)))	response=
date=Mon Feb 29 23:59:28 PST 2016	sessionId=ekSy0pl7nZI	remote=sidawmain.stanford.edu	format=lisp2json	query=(execute (call edu.stanford.nlp.sempre.cubeworld.StacksWorld.getLevel (string babystack)))	response=
date=Mon Feb 29 23:59:28 PST 2016	sessionId=ekSy0pl7nZI	remote=sidawmain.stanford.edu	format=lisp2json	query=(execute (call edu.stanford.nlp.sempre.cubeworld.StacksWorld.getLevel (string littlehouse)))	response=
date=Mon Feb 29 23:59:28 PST 2016	sessionId=ekSy0pl7nZI	remote=sidawmain.stanford.edu	format=lisp2json	query=(execute (call edu.stanford.nlp.sempre.cubeworld.StacksWorld.getLevel (string triangle)))	response=
date=Mon Feb 29 23:59:29 PST 2016	sessionId=ekSy0pl7nZI	remote=sidawmain.stanford.edu	format=lisp2json	query=(execute (call edu.stanford.nlp.sempre.cubeworld.StacksWorld.getLevel (string littlehouse)))	response=
date=Mon Feb 29 23:59:29 PST 2016	sessionId=ekSy0pl7nZI	remote=sidawmain.stanford.edu	format=lisp2json	query=(execute (call edu.stanford.nlp.sempre.cubeworld.StacksWorld.getLevel (string babystack)))	response=
date=Mon Feb 29 23:59:29 PST 2016	sessionId=ekSy0pl7nZI	remote=sidawmain.stanford.edu	format=lisp2json	query=(execute (call edu.stanford.nlp.sempre.cubeworld.StacksWorld.getLevel (string babynot)))	response=
date=Mon Feb 29 23:59:29 PST 2016	sessionId=ekSy0pl7nZI	remote=sidawmain.stanford.edu	format=lisp2json	query=(execute (call edu.stanford.nlp.sempre.cubeworld.StacksWorld.getLevel (string pattern)))	response=
date=Mon Feb 29 23:59:29 PST 2016	sessionId=ekSy0pl7nZI	remote=sidawmain.stanford.edu	format=lisp2json	query=(execute (call edu.stanford.nlp.sempre.cubeworld.StacksWorld.getLevel (string babystep)))	response=
date=Mon Feb 29 23:59:29 PST 2016	sessionId=ekSy0pl7nZI	remote=sidawmain.stanford.edu	format=lisp2json	query=(execute (call edu.stanford.nlp.sempre.cubeworld.StacksWorld.getLevel (string remove)))	response=
date=Mon Feb 29 23:59:30 PST 2016	sessionId=ekSy0pl7nZI	remote=sidawmain.stanford.edu	format=lisp2json	query=(execute (call edu.stanford.nlp.sempre.cubeworld.StacksWorld.getLevel (string babystep)))	response=
date=Mon Feb 29 23:59:30 PST 2016	sessionId=ekSy0pl7nZI	remote=sidawmain.stanford.edu	format=lisp2json	query=(execute (call edu.stanford.nlp.sempre.cubeworld.StacksWorld.getLevel (string pattern)))	response=
date=Mon Feb 29 23:59:31 PST 2016	sessionId=ekSy0pl7nZI	remote=sidawmain.stanford.edu	format=lisp2json	query=(execute (call edu.stanford.nlp.sempre.cubeworld.StacksWorld.getLevel (string babynot)))	response=
date=Mon Feb 29 23:59:31 PST 2016	sessionId=ekSy0pl7nZI	remote=sidawmain.stanford.edu	format=lisp2json	query=(execute (call edu.stanford.nlp.sempre.cubeworld.StacksWorld.getLevel (string babystack)))	response=
date=Mon Feb 29 23:59:31 PST 2016	sessionId=ekSy0pl7nZI	remote=sidawmain.stanford.edu	format=lisp2json	query=(execute (call edu.stanford.nlp.sempre.cubeworld.StacksWorld.getLevel (string littlehouse)))	response=
date=Mon Feb 29 23:59:31 PST 2016	sessionId=ekSy0pl7nZI	remote=sidawmain.stanford.edu	format=lisp2json	query=(execute (call edu.stanford.nlp.sempre.cubeworld.StacksWorld.getLevel (string triangle)))	response=
date=Mon Feb 29 23:59:33 PST 2016	sessionId=ekSy0pl7nZI	remote=sidawmain.stanford.edu	format=lisp2json	query=(execute (call edu.stanford.nlp.sempre.cubeworld.StacksWorld.getLevel (string littlehouse)))	response=
date=Mon Feb 29 23:59:33 PST 2016	sessionId=ekSy0pl7nZI	remote=sidawmain.stanford.edu	format=lisp2json	query=(execute (call edu.stanford.nlp.sempre.cubeworld.StacksWorld.getLevel (string babystack)))	response=
date=Mon Feb 29 23:59:33 PST 2016	sessionId=ekSy0pl7nZI	remote=sidawmain.stanford.edu	format=lisp2json	query=(execute (call edu.stanford.nlp.sempre.cubeworld.StacksWorld.getLevel (string babynot)))	response=
date=Mon Feb 29 23:59:33 PST 2016	sessionId=ekSy0pl7nZI	remote=sidawmain.stanford.edu	format=lisp2json	query=(execute (call edu.stanford.nlp.sempre.cubeworld.StacksWorld.getLevel (string pattern)))	response=
date=Mon Feb 29 23:59:33 PST 2016	sessionId=ekSy0pl7nZI	remote=sidawmain.stanford.edu	format=lisp2json	query=(execute (call edu.stanford.nlp.sempre.cubeworld.StacksWorld.getLevel (string babystep)))	response=
date=Mon Feb 29 23:59:34 PST 2016	sessionId=ekSy0pl7nZI	remote=sidawmain.stanford.edu	format=lisp2json	query=(execute (call edu.stanford.nlp.sempre.cubeworld.StacksWorld.getLevel (string remove)))	response=
date=Mon Feb 29 23:59:34 PST 2016	sessionId=ekSy0pl7nZI	remote=sidawmain.stanford.edu	format=lisp2json	query=(execute (call edu.stanford.nlp.sempre.cubeworld.StacksWorld.getLevel (string babystep)))	response=
date=Mon Feb 29 23:59:34 PST 2016	sessionId=ekSy0pl7nZI	remote=sidawmain.stanford.edu	format=lisp2json	query=(execute (call edu.stanford.nlp.sempre.cubeworld.StacksWorld.getLevel (string pattern)))	response=
date=Mon Feb 29 23:59:35 PST 2016	sessionId=ekSy0pl7nZI	remote=sidawmain.stanford.edu	format=lisp2json	query=(execute (call edu.stanford.nlp.sempre.cubeworld.StacksWorld.getLevel (string babynot)))	response=
date=Mon Feb 29 23:59:35 PST 2016	sessionId=ekSy0pl7nZI	remote=sidawmain.stanford.edu	format=lisp2json	query=(execute (call edu.stanford.nlp.sempre.cubeworld.StacksWorld.getLevel (string babystack)))	response=
date=Mon Feb 29 23:59:35 PST 2016	sessionId=ekSy0pl7nZI	remote=sidawmain.stanford.edu	format=lisp2json	query=(execute (call edu.stanford.nlp.sempre.cubeworld.StacksWorld.getLevel (string littlehouse)))	response=
date=Mon Feb 29 23:59:35 PST 2016	sessionId=ekSy0pl7nZI	remote=sidawmain.stanford.edu	format=lisp2json	query=(execute (call edu.stanford.nlp.sempre.cubeworld.StacksWorld.getLevel (string triangle)))	response=
date=Mon Feb 29 23:59:36 PST 2016	sessionId=ekSy0pl7nZI	remote=sidawmain.stanford.edu	format=lisp2json	query=(execute (call edu.stanford.nlp.sempre.cubeworld.StacksWorld.getLevel (string littlehouse)))	response=
date=Mon Feb 29 23:59:36 PST 2016	sessionId=ekSy0pl7nZI	remote=sidawmain.stanford.edu	format=lisp2json	query=(execute (call edu.stanford.nlp.sempre.cubeworld.StacksWorld.getLevel (string babystack)))	response=
date=Mon Feb 29 23:59:36 PST 2016	sessionId=ekSy0pl7nZI	remote=sidawmain.stanford.edu	format=lisp2json	query=(execute (call edu.stanford.nlp.sempre.cubeworld.StacksWorld.getLevel (string babynot)))	response=
date=Mon Feb 29 23:59:36 PST 2016	sessionId=ekSy0pl7nZI	remote=sidawmain.stanford.edu	format=lisp2json	query=(execute (call edu.stanford.nlp.sempre.cubeworld.StacksWorld.getLevel (string pattern)))	response=
date=Mon Feb 29 23:59:37 PST 2016	sessionId=ekSy0pl7nZI	remote=sidawmain.stanford.edu	format=lisp2json	query=(execute (call edu.stanford.nlp.sempre.cubeworld.StacksWorld.getLevel (string babystep)))	response=
date=Mon Feb 29 23:59:37 PST 2016	sessionId=ekSy0pl7nZI	remote=sidawmain.stanford.edu	format=lisp2json	query=(execute (call edu.stanford.nlp.sempre.cubeworld.StacksWorld.getLevel (string remove)))	response=
date=Mon Feb 29 23:59:37 PST 2016	sessionId=ekSy0pl7nZI	remote=sidawmain.stanford.edu	format=lisp2json	query=(execute (call edu.stanford.nlp.sempre.cubeworld.StacksWorld.getLevel (string babystep)))	response=
date=Mon Feb 29 23:59:38 PST 2016	sessionId=ekSy0pl7nZI	remote=sidawmain.stanford.edu	format=lisp2json	query=(execute (call edu.stanford.nlp.sempre.cubeworld.StacksWorld.getLevel (string pattern)))	response=
date=Mon Feb 29 23:59:38 PST 2016	sessionId=ekSy0pl7nZI	remote=sidawmain.stanford.edu	format=lisp2json	query=(execute (call edu.stanford.nlp.sempre.cubeworld.StacksWorld.getLevel (string babynot)))	response=
date=Mon Feb 29 23:59:38 PST 2016	sessionId=ekSy0pl7nZI	remote=sidawmain.stanford.edu	format=lisp2json	query=(execute (call edu.stanford.nlp.sempre.cubeworld.StacksWorld.getLevel (string babystack)))	response=
date=Mon Feb 29 23:59:38 PST 2016	sessionId=ekSy0pl7nZI	remote=sidawmain.stanford.edu	format=lisp2json	query=(execute (call edu.stanford.nlp.sempre.cubeworld.StacksWorld.getLevel (string littlehouse)))	response=
date=Mon Feb 29 23:59:38 PST 2016	sessionId=ekSy0pl7nZI	remote=sidawmain.stanford.edu	format=lisp2json	query=(execute (call edu.stanford.nlp.sempre.cubeworld.StacksWorld.getLevel (string triangle)))	response=
date=Mon Feb 29 23:59:54 PST 2016	sessionId=ekSy0pl7nZI	remote=sidawmain.stanford.edu	format=lisp2json	query=(execute (call edu.stanford.nlp.sempre.cubeworld.StacksWorld.getLevel (string triangle)))	response=
date=Mon Feb 29 23:59:54 PST 2016	sessionId=ekSy0pl7nZI	remote=sidawmain.stanford.edu	format=lisp2json	query=(execute (call edu.stanford.nlp.sempre.cubeworld.StacksWorld.getLevel (string triangle)))	response=
date=Mon Feb 29 23:59:54 PST 2016	sessionId=ekSy0pl7nZI	remote=sidawmain.stanford.edu	format=lisp2json	query=(execute (call edu.stanford.nlp.sempre.cubeworld.StacksWorld.getLevel (string triangle)))	response=
date=Mon Feb 29 23:59:55 PST 2016	sessionId=ekSy0pl7nZI	remote=sidawmain.stanford.edu	format=lisp2json	query=(execute (call edu.stanford.nlp.sempre.cubeworld.StacksWorld.getLevel (string triangle)))	response=
date=Mon Feb 29 23:59:55 PST 2016	sessionId=ekSy0pl7nZI	remote=sidawmain.stanford.edu	format=lisp2json	query=(execute (call edu.stanford.nlp.sempre.cubeworld.StacksWorld.getLevel (string triangle)))	response=
date=Mon Feb 29 23:59:55 PST 2016	sessionId=ekSy0pl7nZI	remote=sidawmain.stanford.edu	format=lisp2json	query=(execute (call edu.stanford.nlp.sempre.cubeworld.StacksWorld.getLevel (string triangle)))	response=
date=Mon Feb 29 23:59:55 PST 2016	sessionId=ekSy0pl7nZI	remote=sidawmain.stanford.edu	format=lisp2json	query=(execute (call edu.stanford.nlp.sempre.cubeworld.StacksWorld.getLevel (string triangle)))	response=
date=Mon Feb 29 23:59:55 PST 2016	sessionId=ekSy0pl7nZI	remote=sidawmain.stanford.edu	format=lisp2json	query=(execute (call edu.stanford.nlp.sempre.cubeworld.StacksWorld.getLevel (string triangle)))	response=
date=Mon Feb 29 23:59:55 PST 2016	sessionId=ekSy0pl7nZI	remote=sidawmain.stanford.edu	format=lisp2json	query=(execute (call edu.stanford.nlp.sempre.cubeworld.StacksWorld.getLevel (string triangle)))	response=
date=Mon Feb 29 23:59:56 PST 2016	sessionId=ekSy0pl7nZI	remote=sidawmain.stanford.edu	format=lisp2json	query=(execute (call edu.stanford.nlp.sempre.cubeworld.StacksWorld.getLevel (string triangle)))	response=
date=Mon Feb 29 23:59:56 PST 2016	sessionId=ekSy0pl7nZI	remote=sidawmain.stanford.edu	format=lisp2json	query=(execute (call edu.stanford.nlp.sempre.cubeworld.StacksWorld.getLevel (string triangle)))	response=
date=Mon Feb 29 23:59:56 PST 2016	sessionId=ekSy0pl7nZI	remote=sidawmain.stanford.edu	format=lisp2json	query=(execute (call edu.stanford.nlp.sempre.cubeworld.StacksWorld.getLevel (string triangle)))	response=
date=Mon Feb 29 23:59:56 PST 2016	sessionId=ekSy0pl7nZI	remote=sidawmain.stanford.edu	format=lisp2json	query=(execute (call edu.stanford.nlp.sempre.cubeworld.StacksWorld.getLevel (string triangle)))	response=
date=Mon Feb 29 23:59:56 PST 2016	sessionId=ekSy0pl7nZI	remote=sidawmain.stanford.edu	format=lisp2json	query=(execute (call edu.stanford.nlp.sempre.cubeworld.StacksWorld.getLevel (string triangle)))	response=
date=Mon Feb 29 23:59:56 PST 2016	sessionId=ekSy0pl7nZI	remote=sidawmain.stanford.edu	format=lisp2json	query=(execute (call edu.stanford.nlp.sempre.cubeworld.StacksWorld.getLevel (string triangle)))	response=
date=Mon Feb 29 23:59:57 PST 2016	sessionId=ekSy0pl7nZI	remote=sidawmain.stanford.edu	format=lisp2json	query=(execute (call edu.stanford.nlp.sempre.cubeworld.StacksWorld.getLevel (string triangle)))	response=
date=Mon Feb 29 23:59:57 PST 2016	sessionId=ekSy0pl7nZI	remote=sidawmain.stanford.edu	format=lisp2json	query=(execute (call edu.stanford.nlp.sempre.cubeworld.StacksWorld.getLevel (string triangle)))	response=
date=Mon Feb 29 23:59:57 PST 2016	sessionId=ekSy0pl7nZI	remote=sidawmain.stanford.edu	format=lisp2json	query=(execute (call edu.stanford.nlp.sempre.cubeworld.StacksWorld.getLevel (string triangle)))	response=
date=Tue Mar 01 00:01:20 PST 2016	sessionId=ekSy0pl7nZI	remote=sidawmain.stanford.edu	format=lisp2json	query=(execute (call edu.stanford.nlp.sempre.cubeworld.StacksWorld.getLevel (string remove)))	response=
date=Tue Mar 01 00:01:44 PST 2016	sessionId=ekSy0pl7nZI	remote=sidawmain.stanford.edu	format=lisp2json	query=(execute (call edu.stanford.nlp.sempre.cubeworld.StacksWorld.getLevel (string littlehouse)))	response=
date=Tue Mar 01 00:01:45 PST 2016	sessionId=ekSy0pl7nZI	remote=sidawmain.stanford.edu	format=lisp2json	query=(execute (call edu.stanford.nlp.sempre.cubeworld.StacksWorld.getLevel (string triangle)))	response=
date=Tue Mar 01 00:01:58 PST 2016	sessionId=ekSy0pl7nZI	remote=sidawmain.stanford.edu	format=lisp2json	query=(execute (call edu.stanford.nlp.sempre.cubeworld.StacksWorld.getLevel (string remove)))	response=
date=Tue Mar 01 00:01:59 PST 2016	sessionId=ekSy0pl7nZI	remote=sidawmain.stanford.edu	format=lisp2json	query=(execute (call edu.stanford.nlp.sempre.cubeworld.StacksWorld.getLevel (string pattern)))	response=
date=Tue Mar 01 00:02:00 PST 2016	sessionId=ekSy0pl7nZI	remote=sidawmain.stanford.edu	format=lisp2json	query=(execute (call edu.stanford.nlp.sempre.cubeworld.StacksWorld.getLevel (string babynot)))	response=
date=Tue Mar 01 00:02:00 PST 2016	sessionId=ekSy0pl7nZI	remote=sidawmain.stanford.edu	format=lisp2json	query=(execute (call edu.stanford.nlp.sempre.cubeworld.StacksWorld.getLevel (string babystack)))	response=
date=Tue Mar 01 00:02:01 PST 2016	sessionId=ekSy0pl7nZI	remote=sidawmain.stanford.edu	format=lisp2json	query=(execute (call edu.stanford.nlp.sempre.cubeworld.StacksWorld.getLevel (string littlehouse)))	response=
date=Tue Mar 01 00:02:01 PST 2016	sessionId=ekSy0pl7nZI	remote=sidawmain.stanford.edu	format=lisp2json	query=(execute (call edu.stanford.nlp.sempre.cubeworld.StacksWorld.getLevel (string triangle)))	response=
date=Tue Mar 01 00:02:01 PST 2016	sessionId=ekSy0pl7nZI	remote=sidawmain.stanford.edu	format=lisp2json	query=(execute (call edu.stanford.nlp.sempre.cubeworld.StacksWorld.getLevel (string littlehouse)))	response=
date=Tue Mar 01 00:02:02 PST 2016	sessionId=ekSy0pl7nZI	remote=sidawmain.stanford.edu	format=lisp2json	query=(execute (call edu.stanford.nlp.sempre.cubeworld.StacksWorld.getLevel (string babystack)))	response=
date=Tue Mar 01 00:02:02 PST 2016	sessionId=ekSy0pl7nZI	remote=sidawmain.stanford.edu	format=lisp2json	query=(execute (call edu.stanford.nlp.sempre.cubeworld.StacksWorld.getLevel (string babynot)))	response=
date=Tue Mar 01 00:02:02 PST 2016	sessionId=ekSy0pl7nZI	remote=sidawmain.stanford.edu	format=lisp2json	query=(execute (call edu.stanford.nlp.sempre.cubeworld.StacksWorld.getLevel (string pattern)))	response=
date=Tue Mar 01 00:02:02 PST 2016	sessionId=ekSy0pl7nZI	remote=sidawmain.stanford.edu	format=lisp2json	query=(execute (call edu.stanford.nlp.sempre.cubeworld.StacksWorld.getLevel (string babystep)))	response=
date=Tue Mar 01 00:02:02 PST 2016	sessionId=ekSy0pl7nZI	remote=sidawmain.stanford.edu	format=lisp2json	query=(execute (call edu.stanford.nlp.sempre.cubeworld.StacksWorld.getLevel (string remove)))	response=
date=Tue Mar 01 00:02:02 PST 2016	sessionId=ekSy0pl7nZI	remote=sidawmain.stanford.edu	format=lisp2json	query=(execute (call edu.stanford.nlp.sempre.cubeworld.StacksWorld.getLevel (string babystep)))	response=
date=Tue Mar 01 00:02:03 PST 2016	sessionId=ekSy0pl7nZI	remote=sidawmain.stanford.edu	format=lisp2json	query=(execute (call edu.stanford.nlp.sempre.cubeworld.StacksWorld.getLevel (string pattern)))	response=
date=Tue Mar 01 00:02:03 PST 2016	sessionId=ekSy0pl7nZI	remote=sidawmain.stanford.edu	format=lisp2json	query=(execute (call edu.stanford.nlp.sempre.cubeworld.StacksWorld.getLevel (string babynot)))	response=
date=Tue Mar 01 00:02:03 PST 2016	sessionId=ekSy0pl7nZI	remote=sidawmain.stanford.edu	format=lisp2json	query=(execute (call edu.stanford.nlp.sempre.cubeworld.StacksWorld.getLevel (string babystack)))	response=
date=Tue Mar 01 00:02:03 PST 2016	sessionId=ekSy0pl7nZI	remote=sidawmain.stanford.edu	format=lisp2json	query=(execute (call edu.stanford.nlp.sempre.cubeworld.StacksWorld.getLevel (string littlehouse)))	response=
date=Tue Mar 01 00:02:03 PST 2016	sessionId=ekSy0pl7nZI	remote=sidawmain.stanford.edu	format=lisp2json	query=(execute (call edu.stanford.nlp.sempre.cubeworld.StacksWorld.getLevel (string triangle)))	response=
date=Tue Mar 01 00:11:58 PST 2016	sessionId=ekSy0pl7nZI	remote=sidawmain.stanford.edu	format=lisp2json	query=(execute (call edu.stanford.nlp.sempre.cubeworld.StacksWorld.getLevel (string babystep)))	response=
date=Tue Mar 01 00:11:58 PST 2016	sessionId=ekSy0pl7nZI	remote=sidawmain.stanford.edu	format=lisp2json	query=(execute (call edu.stanford.nlp.sempre.cubeworld.StacksWorld.getLevel (string remove)))	response=
date=Tue Mar 01 00:11:58 PST 2016	sessionId=ekSy0pl7nZI	remote=sidawmain.stanford.edu	format=lisp2json	query=(execute (call edu.stanford.nlp.sempre.cubeworld.StacksWorld.getLevel (string babystep)))	response=
date=Tue Mar 01 00:11:59 PST 2016	sessionId=ekSy0pl7nZI	remote=sidawmain.stanford.edu	format=lisp2json	query=(execute (call edu.stanford.nlp.sempre.cubeworld.StacksWorld.getLevel (string pattern)))	response=
date=Tue Mar 01 00:11:59 PST 2016	sessionId=ekSy0pl7nZI	remote=sidawmain.stanford.edu	format=lisp2json	query=(execute (call edu.stanford.nlp.sempre.cubeworld.StacksWorld.getLevel (string babynot)))	response=
date=Tue Mar 01 00:11:59 PST 2016	sessionId=ekSy0pl7nZI	remote=sidawmain.stanford.edu	format=lisp2json	query=(execute (call edu.stanford.nlp.sempre.cubeworld.StacksWorld.getLevel (string babystack)))	response=
date=Tue Mar 01 00:11:59 PST 2016	sessionId=ekSy0pl7nZI	remote=sidawmain.stanford.edu	format=lisp2json	query=(execute (call edu.stanford.nlp.sempre.cubeworld.StacksWorld.getLevel (string littlehouse)))	response=
date=Tue Mar 01 00:11:59 PST 2016	sessionId=ekSy0pl7nZI	remote=sidawmain.stanford.edu	format=lisp2json	query=(execute (call edu.stanford.nlp.sempre.cubeworld.StacksWorld.getLevel (string triangle)))	response=
date=Tue Mar 01 00:12:00 PST 2016	sessionId=ekSy0pl7nZI	remote=sidawmain.stanford.edu	format=lisp2json	query=(execute (call edu.stanford.nlp.sempre.cubeworld.StacksWorld.getLevel (string littlehouse)))	response=
date=Tue Mar 01 00:12:00 PST 2016	sessionId=ekSy0pl7nZI	remote=sidawmain.stanford.edu	format=lisp2json	query=(execute (call edu.stanford.nlp.sempre.cubeworld.StacksWorld.getLevel (string babystack)))	response=
date=Tue Mar 01 00:12:00 PST 2016	sessionId=ekSy0pl7nZI	remote=sidawmain.stanford.edu	format=lisp2json	query=(execute (call edu.stanford.nlp.sempre.cubeworld.StacksWorld.getLevel (string babynot)))	response=
date=Tue Mar 01 00:12:00 PST 2016	sessionId=ekSy0pl7nZI	remote=sidawmain.stanford.edu	format=lisp2json	query=(execute (call edu.stanford.nlp.sempre.cubeworld.StacksWorld.getLevel (string pattern)))	response=
date=Tue Mar 01 00:12:00 PST 2016	sessionId=ekSy0pl7nZI	remote=sidawmain.stanford.edu	format=lisp2json	query=(execute (call edu.stanford.nlp.sempre.cubeworld.StacksWorld.getLevel (string babystep)))	response=
date=Tue Mar 01 00:12:01 PST 2016	sessionId=ekSy0pl7nZI	remote=sidawmain.stanford.edu	format=lisp2json	query=(execute (call edu.stanford.nlp.sempre.cubeworld.StacksWorld.getLevel (string remove)))	response=
date=Tue Mar 01 00:12:01 PST 2016	sessionId=ekSy0pl7nZI	remote=sidawmain.stanford.edu	format=lisp2json	query=(execute (call edu.stanford.nlp.sempre.cubeworld.StacksWorld.getLevel (string babystep)))	response=
date=Tue Mar 01 00:12:01 PST 2016	sessionId=ekSy0pl7nZI	remote=sidawmain.stanford.edu	format=lisp2json	query=(execute (call edu.stanford.nlp.sempre.cubeworld.StacksWorld.getLevel (string pattern)))	response=
date=Tue Mar 01 00:12:01 PST 2016	sessionId=ekSy0pl7nZI	remote=sidawmain.stanford.edu	format=lisp2json	query=(execute (call edu.stanford.nlp.sempre.cubeworld.StacksWorld.getLevel (string babynot)))	response=
date=Tue Mar 01 00:12:02 PST 2016	sessionId=ekSy0pl7nZI	remote=sidawmain.stanford.edu	format=lisp2json	query=(execute (call edu.stanford.nlp.sempre.cubeworld.StacksWorld.getLevel (string babystack)))	response=
date=Tue Mar 01 00:12:02 PST 2016	sessionId=ekSy0pl7nZI	remote=sidawmain.stanford.edu	format=lisp2json	query=(execute (call edu.stanford.nlp.sempre.cubeworld.StacksWorld.getLevel (string littlehouse)))	response=
date=Tue Mar 01 00:12:02 PST 2016	sessionId=ekSy0pl7nZI	remote=sidawmain.stanford.edu	format=lisp2json	query=(execute (call edu.stanford.nlp.sempre.cubeworld.StacksWorld.getLevel (string triangle)))	response=
date=Tue Mar 01 00:12:02 PST 2016	sessionId=ekSy0pl7nZI	remote=sidawmain.stanford.edu	format=lisp2json	query=(execute (call edu.stanford.nlp.sempre.cubeworld.StacksWorld.getLevel (string littlehouse)))	response=
date=Tue Mar 01 00:12:03 PST 2016	sessionId=ekSy0pl7nZI	remote=sidawmain.stanford.edu	format=lisp2json	query=(execute (call edu.stanford.nlp.sempre.cubeworld.StacksWorld.getLevel (string babystack)))	response=
date=Tue Mar 01 00:12:03 PST 2016	sessionId=ekSy0pl7nZI	remote=sidawmain.stanford.edu	format=lisp2json	query=(execute (call edu.stanford.nlp.sempre.cubeworld.StacksWorld.getLevel (string babynot)))	response=
date=Tue Mar 01 00:12:03 PST 2016	sessionId=ekSy0pl7nZI	remote=sidawmain.stanford.edu	format=lisp2json	query=(execute (call edu.stanford.nlp.sempre.cubeworld.StacksWorld.getLevel (string pattern)))	response=
date=Tue Mar 01 00:12:03 PST 2016	sessionId=ekSy0pl7nZI	remote=sidawmain.stanford.edu	format=lisp2json	query=(execute (call edu.stanford.nlp.sempre.cubeworld.StacksWorld.getLevel (string babystep)))	response=
date=Tue Mar 01 00:12:03 PST 2016	sessionId=ekSy0pl7nZI	remote=sidawmain.stanford.edu	format=lisp2json	query=(execute (call edu.stanford.nlp.sempre.cubeworld.StacksWorld.getLevel (string remove)))	response=
date=Tue Mar 01 00:12:03 PST 2016	sessionId=ekSy0pl7nZI	remote=sidawmain.stanford.edu	format=lisp2json	query=(execute (call edu.stanford.nlp.sempre.cubeworld.StacksWorld.getLevel (string babystep)))	response=
date=Tue Mar 01 00:12:03 PST 2016	sessionId=ekSy0pl7nZI	remote=sidawmain.stanford.edu	format=lisp2json	query=(execute (call edu.stanford.nlp.sempre.cubeworld.StacksWorld.getLevel (string pattern)))	response=
date=Tue Mar 01 00:12:04 PST 2016	sessionId=ekSy0pl7nZI	remote=sidawmain.stanford.edu	format=lisp2json	query=(execute (call edu.stanford.nlp.sempre.cubeworld.StacksWorld.getLevel (string babynot)))	response=
date=Tue Mar 01 00:12:04 PST 2016	sessionId=ekSy0pl7nZI	remote=sidawmain.stanford.edu	format=lisp2json	query=(execute (call edu.stanford.nlp.sempre.cubeworld.StacksWorld.getLevel (string babystack)))	response=
date=Tue Mar 01 00:12:04 PST 2016	sessionId=ekSy0pl7nZI	remote=sidawmain.stanford.edu	format=lisp2json	query=(execute (call edu.stanford.nlp.sempre.cubeworld.StacksWorld.getLevel (string littlehouse)))	response=
date=Tue Mar 01 00:12:04 PST 2016	sessionId=ekSy0pl7nZI	remote=sidawmain.stanford.edu	format=lisp2json	query=(execute (call edu.stanford.nlp.sempre.cubeworld.StacksWorld.getLevel (string triangle)))	response=
date=Tue Mar 01 00:12:05 PST 2016	sessionId=ekSy0pl7nZI	remote=sidawmain.stanford.edu	format=lisp2json	query=(execute (call edu.stanford.nlp.sempre.cubeworld.StacksWorld.getLevel (string littlehouse)))	response=
date=Tue Mar 01 00:12:08 PST 2016	sessionId=ekSy0pl7nZI	remote=sidawmain.stanford.edu	format=lisp2json	query=(execute (call edu.stanford.nlp.sempre.cubeworld.StacksWorld.getLevel (string triangle)))	response=
date=Tue Mar 01 00:12:09 PST 2016	sessionId=ekSy0pl7nZI	remote=sidawmain.stanford.edu	format=lisp2json	query=(execute (call edu.stanford.nlp.sempre.cubeworld.StacksWorld.getLevel (string littlehouse)))	response=
date=Tue Mar 01 00:12:10 PST 2016	sessionId=ekSy0pl7nZI	remote=sidawmain.stanford.edu	format=lisp2json	query=(execute (call edu.stanford.nlp.sempre.cubeworld.StacksWorld.getLevel (string babystack)))	response=
date=Tue Mar 01 00:12:10 PST 2016	sessionId=ekSy0pl7nZI	remote=sidawmain.stanford.edu	format=lisp2json	query=(execute (call edu.stanford.nlp.sempre.cubeworld.StacksWorld.getLevel (string babynot)))	response=
date=Tue Mar 01 00:12:10 PST 2016	sessionId=ekSy0pl7nZI	remote=sidawmain.stanford.edu	format=lisp2json	query=(execute (call edu.stanford.nlp.sempre.cubeworld.StacksWorld.getLevel (string pattern)))	response=
date=Tue Mar 01 00:12:11 PST 2016	sessionId=ekSy0pl7nZI	remote=sidawmain.stanford.edu	format=lisp2json	query=(execute (call edu.stanford.nlp.sempre.cubeworld.StacksWorld.getLevel (string babystep)))	response=
date=Tue Mar 01 00:12:11 PST 2016	sessionId=ekSy0pl7nZI	remote=sidawmain.stanford.edu	format=lisp2json	query=(execute (call edu.stanford.nlp.sempre.cubeworld.StacksWorld.getLevel (string remove)))	response=
date=Tue Mar 01 00:12:11 PST 2016	sessionId=ekSy0pl7nZI	remote=sidawmain.stanford.edu	format=lisp2json	query=(execute (call edu.stanford.nlp.sempre.cubeworld.StacksWorld.getLevel (string babystep)))	response=
date=Tue Mar 01 00:12:12 PST 2016	sessionId=ekSy0pl7nZI	remote=sidawmain.stanford.edu	format=lisp2json	query=(execute (call edu.stanford.nlp.sempre.cubeworld.StacksWorld.getLevel (string pattern)))	response=
date=Tue Mar 01 00:12:12 PST 2016	sessionId=ekSy0pl7nZI	remote=sidawmain.stanford.edu	format=lisp2json	query=(execute (call edu.stanford.nlp.sempre.cubeworld.StacksWorld.getLevel (string babynot)))	response=
date=Tue Mar 01 00:12:12 PST 2016	sessionId=ekSy0pl7nZI	remote=sidawmain.stanford.edu	format=lisp2json	query=(execute (call edu.stanford.nlp.sempre.cubeworld.StacksWorld.getLevel (string babystack)))	response=
date=Tue Mar 01 00:12:12 PST 2016	sessionId=ekSy0pl7nZI	remote=sidawmain.stanford.edu	format=lisp2json	query=(execute (call edu.stanford.nlp.sempre.cubeworld.StacksWorld.getLevel (string littlehouse)))	response=
date=Tue Mar 01 00:12:12 PST 2016	sessionId=ekSy0pl7nZI	remote=sidawmain.stanford.edu	format=lisp2json	query=(execute (call edu.stanford.nlp.sempre.cubeworld.StacksWorld.getLevel (string triangle)))	response=
date=Tue Mar 01 00:17:50 PST 2016	sessionId=ekSy0pl7nZI	remote=sidawmain.stanford.edu	format=lisp2json	query=(execute (call edu.stanford.nlp.sempre.cubeworld.StacksWorld.getLevel (string remove)))	response=
date=Tue Mar 01 00:17:59 PST 2016	sessionId=ekSy0pl7nZI	remote=sidawmain.stanford.edu	format=lisp2json	query=(execute (call edu.stanford.nlp.sempre.cubeworld.StacksWorld.getLevel (string triangle)))	response=
date=Tue Mar 01 00:18:00 PST 2016	sessionId=ekSy0pl7nZI	remote=sidawmain.stanford.edu	format=lisp2json	query=(execute (call edu.stanford.nlp.sempre.cubeworld.StacksWorld.getLevel (string littlehouse)))	response=
date=Tue Mar 01 00:18:00 PST 2016	sessionId=ekSy0pl7nZI	remote=sidawmain.stanford.edu	format=lisp2json	query=(execute (call edu.stanford.nlp.sempre.cubeworld.StacksWorld.getLevel (string babystack)))	response=
date=Tue Mar 01 00:18:01 PST 2016	sessionId=ekSy0pl7nZI	remote=sidawmain.stanford.edu	format=lisp2json	query=(execute (call edu.stanford.nlp.sempre.cubeworld.StacksWorld.getLevel (string littlehouse)))	response=
date=Tue Mar 01 00:18:01 PST 2016	sessionId=ekSy0pl7nZI	remote=sidawmain.stanford.edu	format=lisp2json	query=(execute (call edu.stanford.nlp.sempre.cubeworld.StacksWorld.getLevel (string triangle)))	response=
date=Tue Mar 01 00:18:02 PST 2016	sessionId=ekSy0pl7nZI	remote=sidawmain.stanford.edu	format=lisp2json	query=(execute (call edu.stanford.nlp.sempre.cubeworld.StacksWorld.getLevel (string littlehouse)))	response=
date=Tue Mar 01 00:18:02 PST 2016	sessionId=ekSy0pl7nZI	remote=sidawmain.stanford.edu	format=lisp2json	query=(execute (call edu.stanford.nlp.sempre.cubeworld.StacksWorld.getLevel (string babystack)))	response=
date=Tue Mar 01 00:18:03 PST 2016	sessionId=ekSy0pl7nZI	remote=sidawmain.stanford.edu	format=lisp2json	query=(execute (call edu.stanford.nlp.sempre.cubeworld.StacksWorld.getLevel (string babynot)))	response=
date=Tue Mar 01 00:18:03 PST 2016	sessionId=ekSy0pl7nZI	remote=sidawmain.stanford.edu	format=lisp2json	query=(execute (call edu.stanford.nlp.sempre.cubeworld.StacksWorld.getLevel (string pattern)))	response=
date=Tue Mar 01 00:18:04 PST 2016	sessionId=ekSy0pl7nZI	remote=sidawmain.stanford.edu	format=lisp2json	query=(execute (call edu.stanford.nlp.sempre.cubeworld.StacksWorld.getLevel (string babystep)))	response=
date=Tue Mar 01 00:18:04 PST 2016	sessionId=ekSy0pl7nZI	remote=sidawmain.stanford.edu	format=lisp2json	query=(execute (call edu.stanford.nlp.sempre.cubeworld.StacksWorld.getLevel (string remove)))	response=
date=Tue Mar 01 00:18:04 PST 2016	sessionId=ekSy0pl7nZI	remote=sidawmain.stanford.edu	format=lisp2json	query=(execute (call edu.stanford.nlp.sempre.cubeworld.StacksWorld.getLevel (string babystep)))	response=
date=Tue Mar 01 00:18:04 PST 2016	sessionId=ekSy0pl7nZI	remote=sidawmain.stanford.edu	format=lisp2json	query=(execute (call edu.stanford.nlp.sempre.cubeworld.StacksWorld.getLevel (string pattern)))	response=
date=Tue Mar 01 00:18:05 PST 2016	sessionId=ekSy0pl7nZI	remote=sidawmain.stanford.edu	format=lisp2json	query=(execute (call edu.stanford.nlp.sempre.cubeworld.StacksWorld.getLevel (string babynot)))	response=
date=Tue Mar 01 00:18:05 PST 2016	sessionId=ekSy0pl7nZI	remote=sidawmain.stanford.edu	format=lisp2json	query=(execute (call edu.stanford.nlp.sempre.cubeworld.StacksWorld.getLevel (string babystack)))	response=
date=Tue Mar 01 00:18:05 PST 2016	sessionId=ekSy0pl7nZI	remote=sidawmain.stanford.edu	format=lisp2json	query=(execute (call edu.stanford.nlp.sempre.cubeworld.StacksWorld.getLevel (string littlehouse)))	response=
date=Tue Mar 01 00:18:05 PST 2016	sessionId=ekSy0pl7nZI	remote=sidawmain.stanford.edu	format=lisp2json	query=(execute (call edu.stanford.nlp.sempre.cubeworld.StacksWorld.getLevel (string triangle)))	response=
date=Tue Mar 01 00:18:06 PST 2016	sessionId=ekSy0pl7nZI	remote=sidawmain.stanford.edu	format=lisp2json	query=(execute (call edu.stanford.nlp.sempre.cubeworld.StacksWorld.getLevel (string littlehouse)))	response=
date=Tue Mar 01 00:18:06 PST 2016	sessionId=ekSy0pl7nZI	remote=sidawmain.stanford.edu	format=lisp2json	query=(execute (call edu.stanford.nlp.sempre.cubeworld.StacksWorld.getLevel (string triangle)))	response=
date=Tue Mar 01 00:18:06 PST 2016	sessionId=ekSy0pl7nZI	remote=sidawmain.stanford.edu	format=lisp2json	query=(execute (call edu.stanford.nlp.sempre.cubeworld.StacksWorld.getLevel (string littlehouse)))	response=
date=Tue Mar 01 00:18:07 PST 2016	sessionId=ekSy0pl7nZI	remote=sidawmain.stanford.edu	format=lisp2json	query=(execute (call edu.stanford.nlp.sempre.cubeworld.StacksWorld.getLevel (string triangle)))	response=
date=Tue Mar 01 00:18:07 PST 2016	sessionId=ekSy0pl7nZI	remote=sidawmain.stanford.edu	format=lisp2json	query=(execute (call edu.stanford.nlp.sempre.cubeworld.StacksWorld.getLevel (string littlehouse)))	response=
date=Tue Mar 01 00:18:08 PST 2016	sessionId=ekSy0pl7nZI	remote=sidawmain.stanford.edu	format=lisp2json	query=(execute (call edu.stanford.nlp.sempre.cubeworld.StacksWorld.getLevel (string babystack)))	response=
date=Tue Mar 01 00:18:09 PST 2016	sessionId=ekSy0pl7nZI	remote=sidawmain.stanford.edu	format=lisp2json	query=(execute (call edu.stanford.nlp.sempre.cubeworld.StacksWorld.getLevel (string babynot)))	response=
date=Tue Mar 01 00:18:10 PST 2016	sessionId=ekSy0pl7nZI	remote=sidawmain.stanford.edu	format=lisp2json	query=(execute (call edu.stanford.nlp.sempre.cubeworld.StacksWorld.getLevel (string pattern)))	response=
date=Tue Mar 01 00:18:10 PST 2016	sessionId=ekSy0pl7nZI	remote=sidawmain.stanford.edu	format=lisp2json	query=(execute (call edu.stanford.nlp.sempre.cubeworld.StacksWorld.getLevel (string babystep)))	response=
date=Tue Mar 01 00:18:10 PST 2016	sessionId=ekSy0pl7nZI	remote=sidawmain.stanford.edu	format=lisp2json	query=(execute (call edu.stanford.nlp.sempre.cubeworld.StacksWorld.getLevel (string remove)))	response=
date=Tue Mar 01 00:18:11 PST 2016	sessionId=ekSy0pl7nZI	remote=sidawmain.stanford.edu	format=lisp2json	query=(execute (call edu.stanford.nlp.sempre.cubeworld.StacksWorld.getLevel (string babystep)))	response=
date=Tue Mar 01 00:18:11 PST 2016	sessionId=ekSy0pl7nZI	remote=sidawmain.stanford.edu	format=lisp2json	query=(execute (call edu.stanford.nlp.sempre.cubeworld.StacksWorld.getLevel (string pattern)))	response=
date=Tue Mar 01 00:18:11 PST 2016	sessionId=ekSy0pl7nZI	remote=sidawmain.stanford.edu	format=lisp2json	query=(execute (call edu.stanford.nlp.sempre.cubeworld.StacksWorld.getLevel (string babynot)))	response=
date=Tue Mar 01 00:18:11 PST 2016	sessionId=ekSy0pl7nZI	remote=sidawmain.stanford.edu	format=lisp2json	query=(execute (call edu.stanford.nlp.sempre.cubeworld.StacksWorld.getLevel (string babystack)))	response=
date=Tue Mar 01 00:18:11 PST 2016	sessionId=ekSy0pl7nZI	remote=sidawmain.stanford.edu	format=lisp2json	query=(execute (call edu.stanford.nlp.sempre.cubeworld.StacksWorld.getLevel (string littlehouse)))	response=
date=Tue Mar 01 00:18:11 PST 2016	sessionId=ekSy0pl7nZI	remote=sidawmain.stanford.edu	format=lisp2json	query=(execute (call edu.stanford.nlp.sempre.cubeworld.StacksWorld.getLevel (string babystack)))	response=
date=Tue Mar 01 00:18:12 PST 2016	sessionId=ekSy0pl7nZI	remote=sidawmain.stanford.edu	format=lisp2json	query=(execute (call edu.stanford.nlp.sempre.cubeworld.StacksWorld.getLevel (string babynot)))	response=
date=Tue Mar 01 00:18:12 PST 2016	sessionId=ekSy0pl7nZI	remote=sidawmain.stanford.edu	format=lisp2json	query=(execute (call edu.stanford.nlp.sempre.cubeworld.StacksWorld.getLevel (string pattern)))	response=
date=Tue Mar 01 00:18:12 PST 2016	sessionId=ekSy0pl7nZI	remote=sidawmain.stanford.edu	format=lisp2json	query=(execute (call edu.stanford.nlp.sempre.cubeworld.StacksWorld.getLevel (string babystep)))	response=
date=Tue Mar 01 00:18:12 PST 2016	sessionId=ekSy0pl7nZI	remote=sidawmain.stanford.edu	format=lisp2json	query=(execute (call edu.stanford.nlp.sempre.cubeworld.StacksWorld.getLevel (string remove)))	response=
date=Tue Mar 01 00:18:13 PST 2016	sessionId=ekSy0pl7nZI	remote=sidawmain.stanford.edu	format=lisp2json	query=(execute (call edu.stanford.nlp.sempre.cubeworld.StacksWorld.getLevel (string babystep)))	response=
date=Tue Mar 01 00:18:13 PST 2016	sessionId=ekSy0pl7nZI	remote=sidawmain.stanford.edu	format=lisp2json	query=(execute (call edu.stanford.nlp.sempre.cubeworld.StacksWorld.getLevel (string pattern)))	response=
date=Tue Mar 01 00:18:13 PST 2016	sessionId=ekSy0pl7nZI	remote=sidawmain.stanford.edu	format=lisp2json	query=(execute (call edu.stanford.nlp.sempre.cubeworld.StacksWorld.getLevel (string babynot)))	response=
date=Tue Mar 01 00:18:13 PST 2016	sessionId=ekSy0pl7nZI	remote=sidawmain.stanford.edu	format=lisp2json	query=(execute (call edu.stanford.nlp.sempre.cubeworld.StacksWorld.getLevel (string babystack)))	response=
date=Tue Mar 01 00:18:13 PST 2016	sessionId=ekSy0pl7nZI	remote=sidawmain.stanford.edu	format=lisp2json	query=(execute (call edu.stanford.nlp.sempre.cubeworld.StacksWorld.getLevel (string littlehouse)))	response=
date=Tue Mar 01 00:18:13 PST 2016	sessionId=ekSy0pl7nZI	remote=sidawmain.stanford.edu	format=lisp2json	query=(execute (call edu.stanford.nlp.sempre.cubeworld.StacksWorld.getLevel (string triangle)))	response=
date=Tue Mar 01 00:18:14 PST 2016	sessionId=ekSy0pl7nZI	remote=sidawmain.stanford.edu	format=lisp2json	query=(execute (call edu.stanford.nlp.sempre.cubeworld.StacksWorld.getLevel (string littlehouse)))	response=
date=Tue Mar 01 00:18:15 PST 2016	sessionId=ekSy0pl7nZI	remote=sidawmain.stanford.edu	format=lisp2json	query=(execute (call edu.stanford.nlp.sempre.cubeworld.StacksWorld.getLevel (string babystack)))	response=
date=Tue Mar 01 00:18:15 PST 2016	sessionId=ekSy0pl7nZI	remote=sidawmain.stanford.edu	format=lisp2json	query=(execute (call edu.stanford.nlp.sempre.cubeworld.StacksWorld.getLevel (string babynot)))	response=
date=Tue Mar 01 00:18:15 PST 2016	sessionId=ekSy0pl7nZI	remote=sidawmain.stanford.edu	format=lisp2json	query=(execute (call edu.stanford.nlp.sempre.cubeworld.StacksWorld.getLevel (string pattern)))	response=
date=Tue Mar 01 00:18:15 PST 2016	sessionId=ekSy0pl7nZI	remote=sidawmain.stanford.edu	format=lisp2json	query=(execute (call edu.stanford.nlp.sempre.cubeworld.StacksWorld.getLevel (string babystep)))	response=
date=Tue Mar 01 00:18:15 PST 2016	sessionId=ekSy0pl7nZI	remote=sidawmain.stanford.edu	format=lisp2json	query=(execute (call edu.stanford.nlp.sempre.cubeworld.StacksWorld.getLevel (string remove)))	response=
date=Tue Mar 01 00:18:15 PST 2016	sessionId=ekSy0pl7nZI	remote=sidawmain.stanford.edu	format=lisp2json	query=(execute (call edu.stanford.nlp.sempre.cubeworld.StacksWorld.getLevel (string babystep)))	response=
date=Tue Mar 01 00:18:16 PST 2016	sessionId=ekSy0pl7nZI	remote=sidawmain.stanford.edu	format=lisp2json	query=(execute (call edu.stanford.nlp.sempre.cubeworld.StacksWorld.getLevel (string pattern)))	response=
date=Tue Mar 01 00:18:16 PST 2016	sessionId=ekSy0pl7nZI	remote=sidawmain.stanford.edu	format=lisp2json	query=(execute (call edu.stanford.nlp.sempre.cubeworld.StacksWorld.getLevel (string babynot)))	response=
date=Tue Mar 01 00:18:16 PST 2016	sessionId=ekSy0pl7nZI	remote=sidawmain.stanford.edu	format=lisp2json	query=(execute (call edu.stanford.nlp.sempre.cubeworld.StacksWorld.getLevel (string babystack)))	response=
date=Tue Mar 01 00:18:17 PST 2016	sessionId=ekSy0pl7nZI	remote=sidawmain.stanford.edu	format=lisp2json	query=(execute (call edu.stanford.nlp.sempre.cubeworld.StacksWorld.getLevel (string babynot)))	response=
date=Tue Mar 01 00:18:17 PST 2016	sessionId=ekSy0pl7nZI	remote=sidawmain.stanford.edu	format=lisp2json	query=(execute (call edu.stanford.nlp.sempre.cubeworld.StacksWorld.getLevel (string pattern)))	response=
date=Tue Mar 01 00:18:17 PST 2016	sessionId=ekSy0pl7nZI	remote=sidawmain.stanford.edu	format=lisp2json	query=(execute (call edu.stanford.nlp.sempre.cubeworld.StacksWorld.getLevel (string babystep)))	response=
date=Tue Mar 01 00:18:17 PST 2016	sessionId=ekSy0pl7nZI	remote=sidawmain.stanford.edu	format=lisp2json	query=(execute (call edu.stanford.nlp.sempre.cubeworld.StacksWorld.getLevel (string remove)))	response=
date=Tue Mar 01 00:18:18 PST 2016	sessionId=ekSy0pl7nZI	remote=sidawmain.stanford.edu	format=lisp2json	query=(execute (call edu.stanford.nlp.sempre.cubeworld.StacksWorld.getLevel (string babystep)))	response=
date=Tue Mar 01 00:18:18 PST 2016	sessionId=ekSy0pl7nZI	remote=sidawmain.stanford.edu	format=lisp2json	query=(execute (call edu.stanford.nlp.sempre.cubeworld.StacksWorld.getLevel (string pattern)))	response=
date=Tue Mar 01 00:18:18 PST 2016	sessionId=ekSy0pl7nZI	remote=sidawmain.stanford.edu	format=lisp2json	query=(execute (call edu.stanford.nlp.sempre.cubeworld.StacksWorld.getLevel (string babynot)))	response=
date=Tue Mar 01 00:18:19 PST 2016	sessionId=ekSy0pl7nZI	remote=sidawmain.stanford.edu	format=lisp2json	query=(execute (call edu.stanford.nlp.sempre.cubeworld.StacksWorld.getLevel (string babystack)))	response=
date=Tue Mar 01 00:18:19 PST 2016	sessionId=ekSy0pl7nZI	remote=sidawmain.stanford.edu	format=lisp2json	query=(execute (call edu.stanford.nlp.sempre.cubeworld.StacksWorld.getLevel (string littlehouse)))	response=
date=Tue Mar 01 00:18:19 PST 2016	sessionId=ekSy0pl7nZI	remote=sidawmain.stanford.edu	format=lisp2json	query=(execute (call edu.stanford.nlp.sempre.cubeworld.StacksWorld.getLevel (string triangle)))	response=
date=Tue Mar 01 00:18:21 PST 2016	sessionId=ekSy0pl7nZI	remote=sidawmain.stanford.edu	format=lisp2json	query=(execute (call edu.stanford.nlp.sempre.cubeworld.StacksWorld.getLevel (string littlehouse)))	response=
date=Tue Mar 01 00:18:21 PST 2016	sessionId=ekSy0pl7nZI	remote=sidawmain.stanford.edu	format=lisp2json	query=(execute (call edu.stanford.nlp.sempre.cubeworld.StacksWorld.getLevel (string babystack)))	response=
date=Tue Mar 01 00:18:21 PST 2016	sessionId=ekSy0pl7nZI	remote=sidawmain.stanford.edu	format=lisp2json	query=(execute (call edu.stanford.nlp.sempre.cubeworld.StacksWorld.getLevel (string babynot)))	response=
date=Tue Mar 01 00:18:21 PST 2016	sessionId=ekSy0pl7nZI	remote=sidawmain.stanford.edu	format=lisp2json	query=(execute (call edu.stanford.nlp.sempre.cubeworld.StacksWorld.getLevel (string pattern)))	response=
date=Tue Mar 01 00:18:21 PST 2016	sessionId=ekSy0pl7nZI	remote=sidawmain.stanford.edu	format=lisp2json	query=(execute (call edu.stanford.nlp.sempre.cubeworld.StacksWorld.getLevel (string babystep)))	response=
date=Tue Mar 01 00:18:22 PST 2016	sessionId=ekSy0pl7nZI	remote=sidawmain.stanford.edu	format=lisp2json	query=(execute (call edu.stanford.nlp.sempre.cubeworld.StacksWorld.getLevel (string remove)))	response=
date=Tue Mar 01 00:18:46 PST 2016	sessionId=ekSy0pl7nZI	remote=sidawmain.stanford.edu	format=lisp2json	query=(execute (call edu.stanford.nlp.sempre.cubeworld.StacksWorld.getLevel (string littlehouse)))	response=
date=Tue Mar 01 00:18:47 PST 2016	sessionId=ekSy0pl7nZI	remote=sidawmain.stanford.edu	format=lisp2json	query=(execute (call edu.stanford.nlp.sempre.cubeworld.StacksWorld.getLevel (string triangle)))	response=
date=Tue Mar 01 00:18:47 PST 2016	sessionId=ekSy0pl7nZI	remote=sidawmain.stanford.edu	format=lisp2json	query=(execute (call edu.stanford.nlp.sempre.cubeworld.StacksWorld.getLevel (string littlehouse)))	response=
date=Tue Mar 01 00:18:48 PST 2016	sessionId=ekSy0pl7nZI	remote=sidawmain.stanford.edu	format=lisp2json	query=(execute (call edu.stanford.nlp.sempre.cubeworld.StacksWorld.getLevel (string babystack)))	response=
date=Tue Mar 01 00:18:48 PST 2016	sessionId=ekSy0pl7nZI	remote=sidawmain.stanford.edu	format=lisp2json	query=(execute (call edu.stanford.nlp.sempre.cubeworld.StacksWorld.getLevel (string babynot)))	response=
date=Tue Mar 01 00:18:48 PST 2016	sessionId=ekSy0pl7nZI	remote=sidawmain.stanford.edu	format=lisp2json	query=(execute (call edu.stanford.nlp.sempre.cubeworld.StacksWorld.getLevel (string pattern)))	response=
date=Tue Mar 01 00:18:48 PST 2016	sessionId=ekSy0pl7nZI	remote=sidawmain.stanford.edu	format=lisp2json	query=(execute (call edu.stanford.nlp.sempre.cubeworld.StacksWorld.getLevel (string babystep)))	response=
date=Tue Mar 01 00:18:48 PST 2016	sessionId=ekSy0pl7nZI	remote=sidawmain.stanford.edu	format=lisp2json	query=(execute (call edu.stanford.nlp.sempre.cubeworld.StacksWorld.getLevel (string remove)))	response=
date=Tue Mar 01 00:18:49 PST 2016	sessionId=ekSy0pl7nZI	remote=sidawmain.stanford.edu	format=lisp2json	query=(execute (call edu.stanford.nlp.sempre.cubeworld.StacksWorld.getLevel (string babystep)))	response=
date=Tue Mar 01 00:18:49 PST 2016	sessionId=ekSy0pl7nZI	remote=sidawmain.stanford.edu	format=lisp2json	query=(execute (call edu.stanford.nlp.sempre.cubeworld.StacksWorld.getLevel (string pattern)))	response=
date=Tue Mar 01 00:18:49 PST 2016	sessionId=ekSy0pl7nZI	remote=sidawmain.stanford.edu	format=lisp2json	query=(execute (call edu.stanford.nlp.sempre.cubeworld.StacksWorld.getLevel (string babynot)))	response=
date=Tue Mar 01 00:18:49 PST 2016	sessionId=ekSy0pl7nZI	remote=sidawmain.stanford.edu	format=lisp2json	query=(execute (call edu.stanford.nlp.sempre.cubeworld.StacksWorld.getLevel (string babystack)))	response=
date=Tue Mar 01 00:18:50 PST 2016	sessionId=ekSy0pl7nZI	remote=sidawmain.stanford.edu	format=lisp2json	query=(execute (call edu.stanford.nlp.sempre.cubeworld.StacksWorld.getLevel (string littlehouse)))	response=
date=Tue Mar 01 00:18:50 PST 2016	sessionId=ekSy0pl7nZI	remote=sidawmain.stanford.edu	format=lisp2json	query=(execute (call edu.stanford.nlp.sempre.cubeworld.StacksWorld.getLevel (string triangle)))	response=
date=Tue Mar 01 00:18:50 PST 2016	sessionId=ekSy0pl7nZI	remote=sidawmain.stanford.edu	format=lisp2json	query=(execute (call edu.stanford.nlp.sempre.cubeworld.StacksWorld.getLevel (string littlehouse)))	response=
date=Tue Mar 01 00:18:51 PST 2016	sessionId=ekSy0pl7nZI	remote=sidawmain.stanford.edu	format=lisp2json	query=(execute (call edu.stanford.nlp.sempre.cubeworld.StacksWorld.getLevel (string babystack)))	response=
date=Tue Mar 01 00:18:51 PST 2016	sessionId=ekSy0pl7nZI	remote=sidawmain.stanford.edu	format=lisp2json	query=(execute (call edu.stanford.nlp.sempre.cubeworld.StacksWorld.getLevel (string babynot)))	response=
date=Tue Mar 01 00:18:51 PST 2016	sessionId=ekSy0pl7nZI	remote=sidawmain.stanford.edu	format=lisp2json	query=(execute (call edu.stanford.nlp.sempre.cubeworld.StacksWorld.getLevel (string pattern)))	response=
date=Tue Mar 01 00:18:52 PST 2016	sessionId=ekSy0pl7nZI	remote=sidawmain.stanford.edu	format=lisp2json	query=(execute (call edu.stanford.nlp.sempre.cubeworld.StacksWorld.getLevel (string babystep)))	response=
date=Tue Mar 01 00:18:52 PST 2016	sessionId=ekSy0pl7nZI	remote=sidawmain.stanford.edu	format=lisp2json	query=(execute (call edu.stanford.nlp.sempre.cubeworld.StacksWorld.getLevel (string remove)))	response=
date=Tue Mar 01 00:18:52 PST 2016	sessionId=ekSy0pl7nZI	remote=sidawmain.stanford.edu	format=lisp2json	query=(execute (call edu.stanford.nlp.sempre.cubeworld.StacksWorld.getLevel (string babystep)))	response=
date=Tue Mar 01 00:18:53 PST 2016	sessionId=ekSy0pl7nZI	remote=sidawmain.stanford.edu	format=lisp2json	query=(execute (call edu.stanford.nlp.sempre.cubeworld.StacksWorld.getLevel (string pattern)))	response=
date=Tue Mar 01 00:18:53 PST 2016	sessionId=ekSy0pl7nZI	remote=sidawmain.stanford.edu	format=lisp2json	query=(execute (call edu.stanford.nlp.sempre.cubeworld.StacksWorld.getLevel (string babynot)))	response=
date=Tue Mar 01 00:18:53 PST 2016	sessionId=ekSy0pl7nZI	remote=sidawmain.stanford.edu	format=lisp2json	query=(execute (call edu.stanford.nlp.sempre.cubeworld.StacksWorld.getLevel (string babystack)))	response=
date=Tue Mar 01 00:18:53 PST 2016	sessionId=ekSy0pl7nZI	remote=sidawmain.stanford.edu	format=lisp2json	query=(execute (call edu.stanford.nlp.sempre.cubeworld.StacksWorld.getLevel (string littlehouse)))	response=
date=Tue Mar 01 00:18:53 PST 2016	sessionId=ekSy0pl7nZI	remote=sidawmain.stanford.edu	format=lisp2json	query=(execute (call edu.stanford.nlp.sempre.cubeworld.StacksWorld.getLevel (string triangle)))	response=
date=Tue Mar 01 00:18:54 PST 2016	sessionId=ekSy0pl7nZI	remote=sidawmain.stanford.edu	format=lisp2json	query=(execute (call edu.stanford.nlp.sempre.cubeworld.StacksWorld.getLevel (string littlehouse)))	response=
date=Tue Mar 01 00:18:54 PST 2016	sessionId=ekSy0pl7nZI	remote=sidawmain.stanford.edu	format=lisp2json	query=(execute (call edu.stanford.nlp.sempre.cubeworld.StacksWorld.getLevel (string babystack)))	response=
date=Tue Mar 01 00:18:54 PST 2016	sessionId=ekSy0pl7nZI	remote=sidawmain.stanford.edu	format=lisp2json	query=(execute (call edu.stanford.nlp.sempre.cubeworld.StacksWorld.getLevel (string babynot)))	response=
date=Tue Mar 01 00:18:54 PST 2016	sessionId=ekSy0pl7nZI	remote=sidawmain.stanford.edu	format=lisp2json	query=(execute (call edu.stanford.nlp.sempre.cubeworld.StacksWorld.getLevel (string pattern)))	response=
date=Tue Mar 01 00:18:55 PST 2016	sessionId=ekSy0pl7nZI	remote=sidawmain.stanford.edu	format=lisp2json	query=(execute (call edu.stanford.nlp.sempre.cubeworld.StacksWorld.getLevel (string babystep)))	response=
date=Tue Mar 01 00:18:55 PST 2016	sessionId=ekSy0pl7nZI	remote=sidawmain.stanford.edu	format=lisp2json	query=(execute (call edu.stanford.nlp.sempre.cubeworld.StacksWorld.getLevel (string remove)))	response=
date=Tue Mar 01 00:18:55 PST 2016	sessionId=ekSy0pl7nZI	remote=sidawmain.stanford.edu	format=lisp2json	query=(execute (call edu.stanford.nlp.sempre.cubeworld.StacksWorld.getLevel (string babystep)))	response=
date=Tue Mar 01 00:18:55 PST 2016	sessionId=ekSy0pl7nZI	remote=sidawmain.stanford.edu	format=lisp2json	query=(execute (call edu.stanford.nlp.sempre.cubeworld.StacksWorld.getLevel (string pattern)))	response=
date=Tue Mar 01 00:18:56 PST 2016	sessionId=ekSy0pl7nZI	remote=sidawmain.stanford.edu	format=lisp2json	query=(execute (call edu.stanford.nlp.sempre.cubeworld.StacksWorld.getLevel (string babynot)))	response=
date=Tue Mar 01 00:18:56 PST 2016	sessionId=ekSy0pl7nZI	remote=sidawmain.stanford.edu	format=lisp2json	query=(execute (call edu.stanford.nlp.sempre.cubeworld.StacksWorld.getLevel (string babystack)))	response=
date=Tue Mar 01 00:18:56 PST 2016	sessionId=ekSy0pl7nZI	remote=sidawmain.stanford.edu	format=lisp2json	query=(execute (call edu.stanford.nlp.sempre.cubeworld.StacksWorld.getLevel (string littlehouse)))	response=
date=Tue Mar 01 00:18:56 PST 2016	sessionId=ekSy0pl7nZI	remote=sidawmain.stanford.edu	format=lisp2json	query=(execute (call edu.stanford.nlp.sempre.cubeworld.StacksWorld.getLevel (string babystack)))	response=
date=Tue Mar 01 00:18:56 PST 2016	sessionId=ekSy0pl7nZI	remote=sidawmain.stanford.edu	format=lisp2json	query=(execute (call edu.stanford.nlp.sempre.cubeworld.StacksWorld.getLevel (string babynot)))	response=
date=Tue Mar 01 00:18:57 PST 2016	sessionId=ekSy0pl7nZI	remote=sidawmain.stanford.edu	format=lisp2json	query=(execute (call edu.stanford.nlp.sempre.cubeworld.StacksWorld.getLevel (string pattern)))	response=
date=Tue Mar 01 00:18:57 PST 2016	sessionId=ekSy0pl7nZI	remote=sidawmain.stanford.edu	format=lisp2json	query=(execute (call edu.stanford.nlp.sempre.cubeworld.StacksWorld.getLevel (string babystep)))	response=
date=Tue Mar 01 00:18:57 PST 2016	sessionId=ekSy0pl7nZI	remote=sidawmain.stanford.edu	format=lisp2json	query=(execute (call edu.stanford.nlp.sempre.cubeworld.StacksWorld.getLevel (string remove)))	response=
date=Tue Mar 01 00:18:57 PST 2016	sessionId=ekSy0pl7nZI	remote=sidawmain.stanford.edu	format=lisp2json	query=(execute (call edu.stanford.nlp.sempre.cubeworld.StacksWorld.getLevel (string babystep)))	response=
date=Tue Mar 01 00:18:58 PST 2016	sessionId=ekSy0pl7nZI	remote=sidawmain.stanford.edu	format=lisp2json	query=(execute (call edu.stanford.nlp.sempre.cubeworld.StacksWorld.getLevel (string pattern)))	response=
date=Tue Mar 01 00:18:58 PST 2016	sessionId=ekSy0pl7nZI	remote=sidawmain.stanford.edu	format=lisp2json	query=(execute (call edu.stanford.nlp.sempre.cubeworld.StacksWorld.getLevel (string babynot)))	response=
date=Tue Mar 01 00:18:58 PST 2016	sessionId=ekSy0pl7nZI	remote=sidawmain.stanford.edu	format=lisp2json	query=(execute (call edu.stanford.nlp.sempre.cubeworld.StacksWorld.getLevel (string babystack)))	response=
date=Tue Mar 01 00:18:58 PST 2016	sessionId=ekSy0pl7nZI	remote=sidawmain.stanford.edu	format=lisp2json	query=(execute (call edu.stanford.nlp.sempre.cubeworld.StacksWorld.getLevel (string littlehouse)))	response=
date=Tue Mar 01 00:18:58 PST 2016	sessionId=ekSy0pl7nZI	remote=sidawmain.stanford.edu	format=lisp2json	query=(execute (call edu.stanford.nlp.sempre.cubeworld.StacksWorld.getLevel (string triangle)))	response=
date=Tue Mar 01 00:18:59 PST 2016	sessionId=ekSy0pl7nZI	remote=sidawmain.stanford.edu	format=lisp2json	query=(execute (call edu.stanford.nlp.sempre.cubeworld.StacksWorld.getLevel (string littlehouse)))	response=
date=Tue Mar 01 00:18:59 PST 2016	sessionId=ekSy0pl7nZI	remote=sidawmain.stanford.edu	format=lisp2json	query=(execute (call edu.stanford.nlp.sempre.cubeworld.StacksWorld.getLevel (string babystack)))	response=
date=Tue Mar 01 00:18:59 PST 2016	sessionId=ekSy0pl7nZI	remote=sidawmain.stanford.edu	format=lisp2json	query=(execute (call edu.stanford.nlp.sempre.cubeworld.StacksWorld.getLevel (string babynot)))	response=
date=Tue Mar 01 00:19:00 PST 2016	sessionId=ekSy0pl7nZI	remote=sidawmain.stanford.edu	format=lisp2json	query=(execute (call edu.stanford.nlp.sempre.cubeworld.StacksWorld.getLevel (string pattern)))	response=
date=Tue Mar 01 00:19:00 PST 2016	sessionId=ekSy0pl7nZI	remote=sidawmain.stanford.edu	format=lisp2json	query=(execute (call edu.stanford.nlp.sempre.cubeworld.StacksWorld.getLevel (string babystep)))	response=
date=Tue Mar 01 00:19:00 PST 2016	sessionId=ekSy0pl7nZI	remote=sidawmain.stanford.edu	format=lisp2json	query=(execute (call edu.stanford.nlp.sempre.cubeworld.StacksWorld.getLevel (string remove)))	response=
date=Tue Mar 01 00:19:01 PST 2016	sessionId=ekSy0pl7nZI	remote=sidawmain.stanford.edu	format=lisp2json	query=(execute (call edu.stanford.nlp.sempre.cubeworld.StacksWorld.getLevel (string babystep)))	response=
date=Tue Mar 01 00:19:01 PST 2016	sessionId=ekSy0pl7nZI	remote=sidawmain.stanford.edu	format=lisp2json	query=(execute (call edu.stanford.nlp.sempre.cubeworld.StacksWorld.getLevel (string pattern)))	response=
date=Tue Mar 01 00:19:01 PST 2016	sessionId=ekSy0pl7nZI	remote=sidawmain.stanford.edu	format=lisp2json	query=(execute (call edu.stanford.nlp.sempre.cubeworld.StacksWorld.getLevel (string babynot)))	response=
date=Tue Mar 01 00:19:01 PST 2016	sessionId=ekSy0pl7nZI	remote=sidawmain.stanford.edu	format=lisp2json	query=(execute (call edu.stanford.nlp.sempre.cubeworld.StacksWorld.getLevel (string babystack)))	response=
date=Tue Mar 01 00:19:02 PST 2016	sessionId=ekSy0pl7nZI	remote=sidawmain.stanford.edu	format=lisp2json	query=(execute (call edu.stanford.nlp.sempre.cubeworld.StacksWorld.getLevel (string littlehouse)))	response=
date=Tue Mar 01 00:19:02 PST 2016	sessionId=ekSy0pl7nZI	remote=sidawmain.stanford.edu	format=lisp2json	query=(execute (call edu.stanford.nlp.sempre.cubeworld.StacksWorld.getLevel (string triangle)))	response=
date=Tue Mar 01 00:20:41 PST 2016	sessionId=ekSy0pl7nZI	remote=sidawmain.stanford.edu	format=lisp2json	query=(execute (call edu.stanford.nlp.sempre.cubeworld.StacksWorld.getLevel (string remove)))	response=
date=Tue Mar 01 00:21:52 PST 2016	sessionId=ekSy0pl7nZI	remote=sidawmain.stanford.edu	format=lisp2json	query=(context (graph NaiveKnowledgeGraph ((string [[0],[3],[1],[2],[0]]) (name b) (name c))))	response=
date=Tue Mar 01 00:21:52 PST 2016	sessionId=ekSy0pl7nZI	remote=sidawmain.stanford.edu	format=lisp2json	query=remove red	response=(call edu.stanford.nlp.sempre.cubeworld.StacksWorld.wallToString (call context:edu.stanford.nlp.sempre.cubeworld.StacksWorld.removeTop (call context:edu.stanford.nlp.sempre.cubeworld.StacksWorld.getNonEmpty))) => (string [[],[],[],[],[]])
date=Tue Mar 01 00:21:59 PST 2016	sessionId=ekSy0pl7nZI	remote=sidawmain.stanford.edu	format=lisp2json	query=(accept 6)	response=(call edu.stanford.nlp.sempre.cubeworld.StacksWorld.wallToString (call context:edu.stanford.nlp.sempre.cubeworld.StacksWorld.removeTop (call context:edu.stanford.nlp.sempre.cubeworld.StacksWorld.getTopColor (number 2 COLOR)))) => (string [[0],[3],[1],[],[0]])
date=Tue Mar 01 00:21:59 PST 2016	sessionId=ekSy0pl7nZI	remote=sidawmain.stanford.edu	format=lisp2json	query=(execute (call edu.stanford.nlp.sempre.cubeworld.StacksWorld.getLevel (string remove)))	response=
date=Tue Mar 01 00:22:01 PST 2016	sessionId=ekSy0pl7nZI	remote=sidawmain.stanford.edu	format=lisp2json	query=(context (graph NaiveKnowledgeGraph ((string [[3],[3],[1],[3],[3],[0]]) (name b) (name c))))	response=
date=Tue Mar 01 00:22:01 PST 2016	sessionId=ekSy0pl7nZI	remote=sidawmain.stanford.edu	format=lisp2json	query=remove cyan	response=(call edu.stanford.nlp.sempre.cubeworld.StacksWorld.wallToString (call context:edu.stanford.nlp.sempre.cubeworld.StacksWorld.removeTop (call context:edu.stanford.nlp.sempre.cubeworld.StacksWorld.getTopColor (number 2 COLOR)))) => (string [[3],[3],[1],[3],[3],[0]])
date=Tue Mar 01 00:22:03 PST 2016	sessionId=ekSy0pl7nZI	remote=sidawmain.stanford.edu	format=lisp2json	query=(accept 11)	response=(call edu.stanford.nlp.sempre.cubeworld.StacksWorld.wallToString (call context:edu.stanford.nlp.sempre.cubeworld.StacksWorld.removeTop (call context:edu.stanford.nlp.sempre.cubeworld.StacksWorld.getTopColor (number 0 COLOR)))) => (string [[3],[3],[1],[3],[3],[]])
date=Tue Mar 01 00:22:04 PST 2016	sessionId=ekSy0pl7nZI	remote=sidawmain.stanford.edu	format=lisp2json	query=(execute (call edu.stanford.nlp.sempre.cubeworld.StacksWorld.getLevel (string remove)))	response=
date=Tue Mar 01 00:22:19 PST 2016	sessionId=ekSy0pl7nZI	remote=sidawmain.stanford.edu	format=lisp2json	query=(execute (call edu.stanford.nlp.sempre.cubeworld.StacksWorld.getLevel (string babystep)))	response=
date=Tue Mar 01 00:22:20 PST 2016	sessionId=ekSy0pl7nZI	remote=sidawmain.stanford.edu	format=lisp2json	query=(execute (call edu.stanford.nlp.sempre.cubeworld.StacksWorld.getLevel (string pattern)))	response=
date=Tue Mar 01 00:22:20 PST 2016	sessionId=ekSy0pl7nZI	remote=sidawmain.stanford.edu	format=lisp2json	query=(execute (call edu.stanford.nlp.sempre.cubeworld.StacksWorld.getLevel (string babynot)))	response=
date=Tue Mar 01 00:22:20 PST 2016	sessionId=ekSy0pl7nZI	remote=sidawmain.stanford.edu	format=lisp2json	query=(execute (call edu.stanford.nlp.sempre.cubeworld.StacksWorld.getLevel (string babystack)))	response=
date=Tue Mar 01 00:22:20 PST 2016	sessionId=ekSy0pl7nZI	remote=sidawmain.stanford.edu	format=lisp2json	query=(execute (call edu.stanford.nlp.sempre.cubeworld.StacksWorld.getLevel (string littlehouse)))	response=
date=Tue Mar 01 00:22:20 PST 2016	sessionId=ekSy0pl7nZI	remote=sidawmain.stanford.edu	format=lisp2json	query=(execute (call edu.stanford.nlp.sempre.cubeworld.StacksWorld.getLevel (string triangle)))	response=
date=Tue Mar 01 00:22:21 PST 2016	sessionId=ekSy0pl7nZI	remote=sidawmain.stanford.edu	format=lisp2json	query=(execute (call edu.stanford.nlp.sempre.cubeworld.StacksWorld.getLevel (string littlehouse)))	response=
date=Tue Mar 01 00:22:21 PST 2016	sessionId=ekSy0pl7nZI	remote=sidawmain.stanford.edu	format=lisp2json	query=(execute (call edu.stanford.nlp.sempre.cubeworld.StacksWorld.getLevel (string babystack)))	response=
date=Tue Mar 01 00:22:21 PST 2016	sessionId=ekSy0pl7nZI	remote=sidawmain.stanford.edu	format=lisp2json	query=(execute (call edu.stanford.nlp.sempre.cubeworld.StacksWorld.getLevel (string babynot)))	response=
date=Tue Mar 01 00:22:21 PST 2016	sessionId=ekSy0pl7nZI	remote=sidawmain.stanford.edu	format=lisp2json	query=(execute (call edu.stanford.nlp.sempre.cubeworld.StacksWorld.getLevel (string pattern)))	response=
date=Tue Mar 01 00:22:21 PST 2016	sessionId=ekSy0pl7nZI	remote=sidawmain.stanford.edu	format=lisp2json	query=(execute (call edu.stanford.nlp.sempre.cubeworld.StacksWorld.getLevel (string babystep)))	response=
date=Tue Mar 01 00:22:21 PST 2016	sessionId=ekSy0pl7nZI	remote=sidawmain.stanford.edu	format=lisp2json	query=(execute (call edu.stanford.nlp.sempre.cubeworld.StacksWorld.getLevel (string remove)))	response=
date=Tue Mar 01 00:22:22 PST 2016	sessionId=ekSy0pl7nZI	remote=sidawmain.stanford.edu	format=lisp2json	query=(execute (call edu.stanford.nlp.sempre.cubeworld.StacksWorld.getLevel (string babystep)))	response=
date=Tue Mar 01 00:22:22 PST 2016	sessionId=ekSy0pl7nZI	remote=sidawmain.stanford.edu	format=lisp2json	query=(execute (call edu.stanford.nlp.sempre.cubeworld.StacksWorld.getLevel (string remove)))	response=
date=Tue Mar 01 00:27:21 PST 2016	sessionId=ekSy0pl7nZI	remote=sidawmain.stanford.edu	format=lisp2json	query=(execute (call edu.stanford.nlp.sempre.cubeworld.StacksWorld.getLevel (string remove)))	response=
date=Tue Mar 01 00:47:42 PST 2016	sessionId=ekSy0pl7nZI	remote=sidawmain.stanford.edu	format=lisp2json	query=(context (graph NaiveKnowledgeGraph ((string [[1],[0],[2],[3],[1],[3]]) (name b) (name c))))	response=
date=Tue Mar 01 00:47:42 PST 2016	sessionId=ekSy0pl7nZI	remote=sidawmain.stanford.edu	format=lisp2json	query=remove red	response=(call edu.stanford.nlp.sempre.cubeworld.StacksWorld.wallToString (call context:edu.stanford.nlp.sempre.cubeworld.StacksWorld.removeTop (call context:edu.stanford.nlp.sempre.cubeworld.StacksWorld.getTopColor (number 2 COLOR)))) => (string [[1],[0],[],[3],[1],[3]])
date=Tue Mar 01 00:47:45 PST 2016	sessionId=ekSy0pl7nZI	remote=sidawmain.stanford.edu	format=lisp2json	query=(accept 0)	response=(call edu.stanford.nlp.sempre.cubeworld.StacksWorld.wallToString (call context:edu.stanford.nlp.sempre.cubeworld.StacksWorld.removeTop (call context:edu.stanford.nlp.sempre.cubeworld.StacksWorld.getTopColor (number 2 COLOR)))) => (string [[1],[0],[],[3],[1],[3]])
