date=Mon Feb 29 03:44:54 PST 2016	sessionId=F0X5MctPsrm	remote=cpe-24-210-82-105.columbus.res.rr.com	format=lisp2json	query=(execute (call edu.stanford.nlp.sempre.cubeworld.StacksWorld.getLevel (string remove)))	response=
date=Mon Feb 29 03:48:42 PST 2016	sessionId=F0X5MctPsrm	remote=cpe-24-210-82-105.columbus.res.rr.com	format=lisp2json	query=(execute (call edu.stanford.nlp.sempre.cubeworld.StacksWorld.getLevel (string remove)))	response=
date=Mon Feb 29 03:49:16 PST 2016	sessionId=F0X5MctPsrm	remote=cpe-24-210-82-105.columbus.res.rr.com	format=lisp2json	query=(context (graph NaiveKnowledgeGraph ((string [[2],[0],[0],[3],[3],[0]]) (name b) (name c))))	response=
date=Mon Feb 29 03:49:16 PST 2016	sessionId=F0X5MctPsrm	remote=cpe-24-210-82-105.columbus.res.rr.com	format=lisp2json	query=add red	response=(call edu.stanford.nlp.sempre.cubeworld.StacksWorld.wallToString (call context:edu.stanford.nlp.sempre.cubeworld.StacksWorld.removeTop (call context:edu.stanford.nlp.sempre.cubeworld.StacksWorld.getNonEmpty))) => (string [[],[],[],[],[],[]])
date=Mon Feb 29 03:49:25 PST 2016	sessionId=F0X5MctPsrm	remote=cpe-24-210-82-105.columbus.res.rr.com	format=lisp2json	query=(context (graph NaiveKnowledgeGraph ((string [[2],[0],[0],[3],[3],[0]]) (name b) (name c))))	response=
date=Mon Feb 29 03:49:26 PST 2016	sessionId=F0X5MctPsrm	remote=cpe-24-210-82-105.columbus.res.rr.com	format=lisp2json	query=remove red	response=(call edu.stanford.nlp.sempre.cubeworld.StacksWorld.wallToString (call context:edu.stanford.nlp.sempre.cubeworld.StacksWorld.removeTop (call context:edu.stanford.nlp.sempre.cubeworld.StacksWorld.getNonEmpty))) => (string [[],[],[],[],[],[]])
date=Mon Feb 29 03:49:54 PST 2016	sessionId=F0X5MctPsrm	remote=cpe-24-210-82-105.columbus.res.rr.com	format=lisp2json	query=(context (graph NaiveKnowledgeGraph ((string [[2],[0],[0],[3],[3],[0]]) (name b) (name c))))	response=
date=Mon Feb 29 03:49:54 PST 2016	sessionId=F0X5MctPsrm	remote=cpe-24-210-82-105.columbus.res.rr.com	format=lisp2json	query=red block	response=(call edu.stanford.nlp.sempre.cubeworld.StacksWorld.wallToString (call context:edu.stanford.nlp.sempre.cubeworld.StacksWorld.removeTop (call context:edu.stanford.nlp.sempre.cubeworld.StacksWorld.getNonEmpty))) => (string [[],[],[],[],[],[]])
date=Mon Feb 29 03:51:19 PST 2016	sessionId=F0X5MctPsrm	remote=cpe-24-210-82-105.columbus.res.rr.com	format=lisp2json	query=(context (graph NaiveKnowledgeGraph ((string [[2],[0],[0],[3],[3],[0]]) (name b) (name c))))	response=
date=Mon Feb 29 03:51:20 PST 2016	sessionId=F0X5MctPsrm	remote=cpe-24-210-82-105.columbus.res.rr.com	format=lisp2json	query=remove red block	response=(call edu.stanford.nlp.sempre.cubeworld.StacksWorld.wallToString (call context:edu.stanford.nlp.sempre.cubeworld.StacksWorld.removeTop (call context:edu.stanford.nlp.sempre.cubeworld.StacksWorld.getNonEmpty))) => (string [[],[],[],[],[],[]])
date=Mon Feb 29 03:51:32 PST 2016	sessionId=F0X5MctPsrm	remote=cpe-24-210-82-105.columbus.res.rr.com	format=lisp2json	query=(accept 0)	response=(call edu.stanford.nlp.sempre.cubeworld.StacksWorld.wallToString (call context:edu.stanford.nlp.sempre.cubeworld.StacksWorld.removeTop (call context:edu.stanford.nlp.sempre.cubeworld.StacksWorld.getNonEmpty))) => (string [[],[],[],[],[],[]])
date=Mon Feb 29 03:51:56 PST 2016	sessionId=F0X5MctPsrm	remote=cpe-24-210-82-105.columbus.res.rr.com	format=lisp2json	query=(execute (call edu.stanford.nlp.sempre.cubeworld.StacksWorld.getLevel (string remove)))	response=
date=Mon Feb 29 03:51:56 PST 2016	sessionId=F0X5MctPsrm	remote=cpe-24-210-82-105.columbus.res.rr.com	format=lisp2json	query=(execute (call edu.stanford.nlp.sempre.cubeworld.StacksWorld.getLevel (string remove)))	response=
date=Mon Feb 29 03:51:57 PST 2016	sessionId=F0X5MctPsrm	remote=cpe-24-210-82-105.columbus.res.rr.com	format=lisp2json	query=(execute (call edu.stanford.nlp.sempre.cubeworld.StacksWorld.getLevel (string remove)))	response=
date=Mon Feb 29 03:51:58 PST 2016	sessionId=F0X5MctPsrm	remote=cpe-24-210-82-105.columbus.res.rr.com	format=lisp2json	query=(execute (call edu.stanford.nlp.sempre.cubeworld.StacksWorld.getLevel (string remove)))	response=
date=Mon Feb 29 03:51:58 PST 2016	sessionId=F0X5MctPsrm	remote=cpe-24-210-82-105.columbus.res.rr.com	format=lisp2json	query=(execute (call edu.stanford.nlp.sempre.cubeworld.StacksWorld.getLevel (string remove)))	response=
date=Mon Feb 29 03:51:58 PST 2016	sessionId=F0X5MctPsrm	remote=cpe-24-210-82-105.columbus.res.rr.com	format=lisp2json	query=(execute (call edu.stanford.nlp.sempre.cubeworld.StacksWorld.getLevel (string remove)))	response=
date=Mon Feb 29 03:51:59 PST 2016	sessionId=F0X5MctPsrm	remote=cpe-24-210-82-105.columbus.res.rr.com	format=lisp2json	query=(execute (call edu.stanford.nlp.sempre.cubeworld.StacksWorld.getLevel (string remove)))	response=
date=Mon Feb 29 03:52:02 PST 2016	sessionId=F0X5MctPsrm	remote=cpe-24-210-82-105.columbus.res.rr.com	format=lisp2json	query=(context (graph NaiveKnowledgeGraph ((string [[2],[2],[1],[1],[3]]) (name b) (name c))))	response=
date=Mon Feb 29 03:52:03 PST 2016	sessionId=F0X5MctPsrm	remote=cpe-24-210-82-105.columbus.res.rr.com	format=lisp2json	query=remove red block	response=(call edu.stanford.nlp.sempre.cubeworld.StacksWorld.wallToString (call context:edu.stanford.nlp.sempre.cubeworld.StacksWorld.removeTop (call context:edu.stanford.nlp.sempre.cubeworld.StacksWorld.getNonEmpty))) => (string [[],[],[],[],[]])
date=Mon Feb 29 03:53:48 PST 2016	sessionId=F0X5MctPsrm	remote=cpe-24-210-82-105.columbus.res.rr.com	format=lisp2json	query=(context (graph NaiveKnowledgeGraph ((string [[2],[2],[1],[1],[3]]) (name b) (name c))))	response=
date=Mon Feb 29 03:53:49 PST 2016	sessionId=F0X5MctPsrm	remote=cpe-24-210-82-105.columbus.res.rr.com	format=lisp2json	query=remove rightmost block	response=(call edu.stanford.nlp.sempre.cubeworld.StacksWorld.wallToString (call context:edu.stanford.nlp.sempre.cubeworld.StacksWorld.removeTop (call context:edu.stanford.nlp.sempre.cubeworld.StacksWorld.getNonEmpty))) => (string [[],[],[],[],[]])
date=Mon Feb 29 03:53:55 PST 2016	sessionId=F0X5MctPsrm	remote=cpe-24-210-82-105.columbus.res.rr.com	format=lisp2json	query=(accept 0)	response=(call edu.stanford.nlp.sempre.cubeworld.StacksWorld.wallToString (call context:edu.stanford.nlp.sempre.cubeworld.StacksWorld.removeTop (call context:edu.stanford.nlp.sempre.cubeworld.StacksWorld.getNonEmpty))) => (string [[],[],[],[],[]])
date=Mon Feb 29 03:55:30 PST 2016	sessionId=F0X5MctPsrm	remote=cpe-24-210-82-105.columbus.res.rr.com	format=lisp2json	query=(execute (call edu.stanford.nlp.sempre.cubeworld.StacksWorld.getLevel (string babystep)))	response=
date=Mon Feb 29 03:55:32 PST 2016	sessionId=F0X5MctPsrm	remote=cpe-24-210-82-105.columbus.res.rr.com	format=lisp2json	query=(execute (call edu.stanford.nlp.sempre.cubeworld.StacksWorld.getLevel (string remove)))	response=
date=Mon Feb 29 03:56:43 PST 2016	sessionId=F0X5MctPsrm	remote=cpe-24-210-82-105.columbus.res.rr.com	format=lisp2json	query=(execute (call edu.stanford.nlp.sempre.cubeworld.StacksWorld.getLevel (string remove)))	response=
date=Mon Feb 29 03:56:55 PST 2016	sessionId=F0X5MctPsrm	remote=cpe-24-210-82-105.columbus.res.rr.com	format=lisp2json	query=(context (graph NaiveKnowledgeGraph ((string [[2],[1],[2],[3],[3],[1]]) (name b) (name c))))	response=
date=Mon Feb 29 03:56:56 PST 2016	sessionId=F0X5MctPsrm	remote=cpe-24-210-82-105.columbus.res.rr.com	format=lisp2json	query=remove brown blocks	response=(call edu.stanford.nlp.sempre.cubeworld.StacksWorld.wallToString (call context:edu.stanford.nlp.sempre.cubeworld.StacksWorld.removeTop (call context:edu.stanford.nlp.sempre.cubeworld.StacksWorld.getNonEmpty))) => (string [[],[],[],[],[],[]])
date=Mon Feb 29 03:57:02 PST 2016	sessionId=F0X5MctPsrm	remote=cpe-24-210-82-105.columbus.res.rr.com	format=lisp2json	query=(accept 0)	response=(call edu.stanford.nlp.sempre.cubeworld.StacksWorld.wallToString (call context:edu.stanford.nlp.sempre.cubeworld.StacksWorld.removeTop (call context:edu.stanford.nlp.sempre.cubeworld.StacksWorld.getNonEmpty))) => (string [[],[],[],[],[],[]])
date=Mon Feb 29 03:57:18 PST 2016	sessionId=F0X5MctPsrm	remote=cpe-24-210-82-105.columbus.res.rr.com	format=lisp2json	query=(context (graph NaiveKnowledgeGraph ((string [[],[],[],[],[],[]]) (name b) (name c))))	response=
date=Mon Feb 29 03:57:19 PST 2016	sessionId=F0X5MctPsrm	remote=cpe-24-210-82-105.columbus.res.rr.com	format=lisp2json	query=remove brown blocks	response=(call edu.stanford.nlp.sempre.cubeworld.StacksWorld.wallToString (call context:edu.stanford.nlp.sempre.cubeworld.StacksWorld.removeTop (call context:edu.stanford.nlp.sempre.cubeworld.StacksWorld.getNonEmpty))) => (string [[],[],[],[],[],[]])
date=Mon Feb 29 03:57:23 PST 2016	sessionId=F0X5MctPsrm	remote=cpe-24-210-82-105.columbus.res.rr.com	format=lisp2json	query=(accept 0)	response=(call edu.stanford.nlp.sempre.cubeworld.StacksWorld.wallToString (call context:edu.stanford.nlp.sempre.cubeworld.StacksWorld.removeTop (call context:edu.stanford.nlp.sempre.cubeworld.StacksWorld.getNonEmpty))) => (string [[],[],[],[],[],[]])
date=Mon Feb 29 03:57:35 PST 2016	sessionId=F0X5MctPsrm	remote=cpe-24-210-82-105.columbus.res.rr.com	format=lisp2json	query=(accept 0)	response=(call edu.stanford.nlp.sempre.cubeworld.StacksWorld.wallToString (call context:edu.stanford.nlp.sempre.cubeworld.StacksWorld.removeTop (call context:edu.stanford.nlp.sempre.cubeworld.StacksWorld.getNonEmpty))) => (string [[],[],[],[],[],[]])
date=Mon Feb 29 03:57:36 PST 2016	sessionId=F0X5MctPsrm	remote=cpe-24-210-82-105.columbus.res.rr.com	format=lisp2json	query=(accept 0)	response=(call edu.stanford.nlp.sempre.cubeworld.StacksWorld.wallToString (call context:edu.stanford.nlp.sempre.cubeworld.StacksWorld.removeTop (call context:edu.stanford.nlp.sempre.cubeworld.StacksWorld.getNonEmpty))) => (string [[],[],[],[],[],[]])
date=Mon Feb 29 03:59:14 PST 2016	sessionId=F0X5MctPsrm	remote=cpe-24-210-82-105.columbus.res.rr.com	format=lisp2json	query=(execute (call edu.stanford.nlp.sempre.cubeworld.StacksWorld.getLevel (string remove)))	response=
