date=Mon Feb 29 12:47:38 PST 2016	sessionId=GAGXqGzj2Af	remote=sidawmain.stanford.edu	format=lisp2json	query=(execute (call edu.stanford.nlp.sempre.cubeworld.StacksWorld.getLevel (string remove)))	response=
date=Mon Feb 29 12:47:38 PST 2016	sessionId=GAGXqGzj2Af	remote=sidawmain.stanford.edu	format=lisp2json	query=(execute (call edu.stanford.nlp.sempre.cubeworld.StacksWorld.getLevel (string remove)))	response=
date=Mon Feb 29 12:47:41 PST 2016	sessionId=GAGXqGzj2Af	remote=sidawmain.stanford.edu	format=lisp2json	query=(context (graph NaiveKnowledgeGraph ((string [[0],[0],[1],[1],[1],[3]]) (name b) (name c))))	response=
date=Mon Feb 29 12:47:41 PST 2016	sessionId=GAGXqGzj2Af	remote=sidawmain.stanford.edu	format=lisp2json	query=remove brown	response=(call edu.stanford.nlp.sempre.cubeworld.StacksWorld.wallToString (call context:edu.stanford.nlp.sempre.cubeworld.StacksWorld.removeTop (call context:edu.stanford.nlp.sempre.cubeworld.StacksWorld.getNonEmpty))) => (string [[],[],[],[],[],[]])
date=Mon Feb 29 12:51:02 PST 2016	sessionId=GAGXqGzj2Af	remote=sidawmain.stanford.edu	format=lisp2json	query=(execute (call edu.stanford.nlp.sempre.cubeworld.StacksWorld.getLevel (string remove)))	response=
date=Mon Feb 29 12:53:53 PST 2016	sessionId=GAGXqGzj2Af	remote=sidawmain.stanford.edu	format=lisp2json	query=(execute (call edu.stanford.nlp.sempre.cubeworld.StacksWorld.getLevel (string babynot)))	response=
date=Mon Feb 29 12:53:53 PST 2016	sessionId=GAGXqGzj2Af	remote=sidawmain.stanford.edu	format=lisp2json	query=(execute (call edu.stanford.nlp.sempre.cubeworld.StacksWorld.getLevel (string triangle)))	response=
date=Mon Feb 29 12:53:54 PST 2016	sessionId=GAGXqGzj2Af	remote=sidawmain.stanford.edu	format=lisp2json	query=(execute (call edu.stanford.nlp.sempre.cubeworld.StacksWorld.getLevel (string babynot)))	response=
date=Mon Feb 29 12:53:55 PST 2016	sessionId=GAGXqGzj2Af	remote=sidawmain.stanford.edu	format=lisp2json	query=(execute (call edu.stanford.nlp.sempre.cubeworld.StacksWorld.getLevel (string babystep)))	response=
date=Mon Feb 29 12:53:55 PST 2016	sessionId=GAGXqGzj2Af	remote=sidawmain.stanford.edu	format=lisp2json	query=(execute (call edu.stanford.nlp.sempre.cubeworld.StacksWorld.getLevel (string remove)))	response=
date=Mon Feb 29 12:53:56 PST 2016	sessionId=GAGXqGzj2Af	remote=sidawmain.stanford.edu	format=lisp2json	query=(execute (call edu.stanford.nlp.sempre.cubeworld.StacksWorld.getLevel (string triangle)))	response=
date=Mon Feb 29 12:53:57 PST 2016	sessionId=GAGXqGzj2Af	remote=sidawmain.stanford.edu	format=lisp2json	query=(execute (call edu.stanford.nlp.sempre.cubeworld.StacksWorld.getLevel (string littlehouse)))	response=
date=Mon Feb 29 12:53:57 PST 2016	sessionId=GAGXqGzj2Af	remote=sidawmain.stanford.edu	format=lisp2json	query=(execute (call edu.stanford.nlp.sempre.cubeworld.StacksWorld.getLevel (string babynot)))	response=
date=Mon Feb 29 12:54:06 PST 2016	sessionId=GAGXqGzj2Af	remote=sidawmain.stanford.edu	format=lisp2json	query=(execute (call edu.stanford.nlp.sempre.cubeworld.StacksWorld.getLevel (string babystep)))	response=
date=Mon Feb 29 12:54:06 PST 2016	sessionId=GAGXqGzj2Af	remote=sidawmain.stanford.edu	format=lisp2json	query=(execute (call edu.stanford.nlp.sempre.cubeworld.StacksWorld.getLevel (string remove)))	response=
date=Mon Feb 29 12:54:07 PST 2016	sessionId=GAGXqGzj2Af	remote=sidawmain.stanford.edu	format=lisp2json	query=(execute (call edu.stanford.nlp.sempre.cubeworld.StacksWorld.getLevel (string pattern)))	response=
date=Mon Feb 29 12:54:07 PST 2016	sessionId=GAGXqGzj2Af	remote=sidawmain.stanford.edu	format=lisp2json	query=(execute (call edu.stanford.nlp.sempre.cubeworld.StacksWorld.getLevel (string triangle)))	response=
date=Mon Feb 29 12:54:09 PST 2016	sessionId=GAGXqGzj2Af	remote=sidawmain.stanford.edu	format=lisp2json	query=(execute (call edu.stanford.nlp.sempre.cubeworld.StacksWorld.getLevel (string babystack)))	response=
date=Mon Feb 29 12:54:09 PST 2016	sessionId=GAGXqGzj2Af	remote=sidawmain.stanford.edu	format=lisp2json	query=(execute (call edu.stanford.nlp.sempre.cubeworld.StacksWorld.getLevel (string littlehouse)))	response=
date=Mon Feb 29 12:54:10 PST 2016	sessionId=GAGXqGzj2Af	remote=sidawmain.stanford.edu	format=lisp2json	query=(execute (call edu.stanford.nlp.sempre.cubeworld.StacksWorld.getLevel (string babystack)))	response=
date=Mon Feb 29 12:54:10 PST 2016	sessionId=GAGXqGzj2Af	remote=sidawmain.stanford.edu	format=lisp2json	query=(execute (call edu.stanford.nlp.sempre.cubeworld.StacksWorld.getLevel (string littlehouse)))	response=
date=Mon Feb 29 14:35:52 PST 2016	sessionId=GAGXqGzj2Af	remote=DN525bnu.SUNet	format=lisp2json	query=(execute (call edu.stanford.nlp.sempre.cubeworld.StacksWorld.getLevel (string remove)))	response=
date=Mon Feb 29 14:35:53 PST 2016	sessionId=GAGXqGzj2Af	remote=DN525bnu.SUNet	format=lisp2json	query=(execute (call edu.stanford.nlp.sempre.cubeworld.StacksWorld.getLevel (string littlehouse)))	response=
date=Mon Feb 29 14:35:53 PST 2016	sessionId=GAGXqGzj2Af	remote=DN525bnu.SUNet	format=lisp2json	query=(execute (call edu.stanford.nlp.sempre.cubeworld.StacksWorld.getLevel (string triangle)))	response=
date=Mon Feb 29 14:35:54 PST 2016	sessionId=GAGXqGzj2Af	remote=DN525bnu.SUNet	format=lisp2json	query=(execute (call edu.stanford.nlp.sempre.cubeworld.StacksWorld.getLevel (string littlehouse)))	response=
date=Mon Feb 29 14:35:54 PST 2016	sessionId=GAGXqGzj2Af	remote=DN525bnu.SUNet	format=lisp2json	query=(execute (call edu.stanford.nlp.sempre.cubeworld.StacksWorld.getLevel (string babystack)))	response=
date=Mon Feb 29 14:35:55 PST 2016	sessionId=GAGXqGzj2Af	remote=DN525bnu.SUNet	format=lisp2json	query=(execute (call edu.stanford.nlp.sempre.cubeworld.StacksWorld.getLevel (string littlehouse)))	response=
date=Mon Feb 29 14:35:55 PST 2016	sessionId=GAGXqGzj2Af	remote=DN525bnu.SUNet	format=lisp2json	query=(execute (call edu.stanford.nlp.sempre.cubeworld.StacksWorld.getLevel (string triangle)))	response=
date=Mon Feb 29 14:35:56 PST 2016	sessionId=GAGXqGzj2Af	remote=DN525bnu.SUNet	format=lisp2json	query=(execute (call edu.stanford.nlp.sempre.cubeworld.StacksWorld.getLevel (string littlehouse)))	response=
date=Mon Feb 29 14:35:56 PST 2016	sessionId=GAGXqGzj2Af	remote=DN525bnu.SUNet	format=lisp2json	query=(execute (call edu.stanford.nlp.sempre.cubeworld.StacksWorld.getLevel (string triangle)))	response=
date=Mon Feb 29 14:35:56 PST 2016	sessionId=GAGXqGzj2Af	remote=DN525bnu.SUNet	format=lisp2json	query=(execute (call edu.stanford.nlp.sempre.cubeworld.StacksWorld.getLevel (string littlehouse)))	response=
date=Mon Feb 29 14:35:57 PST 2016	sessionId=GAGXqGzj2Af	remote=DN525bnu.SUNet	format=lisp2json	query=(execute (call edu.stanford.nlp.sempre.cubeworld.StacksWorld.getLevel (string triangle)))	response=
date=Mon Feb 29 14:35:58 PST 2016	sessionId=GAGXqGzj2Af	remote=DN525bnu.SUNet	format=lisp2json	query=(execute (call edu.stanford.nlp.sempre.cubeworld.StacksWorld.getLevel (string littlehouse)))	response=
date=Mon Feb 29 14:35:59 PST 2016	sessionId=GAGXqGzj2Af	remote=DN525bnu.SUNet	format=lisp2json	query=(execute (call edu.stanford.nlp.sempre.cubeworld.StacksWorld.getLevel (string babystack)))	response=
date=Mon Feb 29 14:36:00 PST 2016	sessionId=GAGXqGzj2Af	remote=DN525bnu.SUNet	format=lisp2json	query=(execute (call edu.stanford.nlp.sempre.cubeworld.StacksWorld.getLevel (string babynot)))	response=
date=Mon Feb 29 14:36:00 PST 2016	sessionId=GAGXqGzj2Af	remote=DN525bnu.SUNet	format=lisp2json	query=(execute (call edu.stanford.nlp.sempre.cubeworld.StacksWorld.getLevel (string pattern)))	response=
date=Mon Feb 29 14:36:01 PST 2016	sessionId=GAGXqGzj2Af	remote=DN525bnu.SUNet	format=lisp2json	query=(execute (call edu.stanford.nlp.sempre.cubeworld.StacksWorld.getLevel (string babystep)))	response=
date=Mon Feb 29 14:36:02 PST 2016	sessionId=GAGXqGzj2Af	remote=DN525bnu.SUNet	format=lisp2json	query=(execute (call edu.stanford.nlp.sempre.cubeworld.StacksWorld.getLevel (string remove)))	response=
date=Mon Feb 29 14:36:02 PST 2016	sessionId=GAGXqGzj2Af	remote=DN525bnu.SUNet	format=lisp2json	query=(execute (call edu.stanford.nlp.sempre.cubeworld.StacksWorld.getLevel (string babystep)))	response=
date=Mon Feb 29 14:36:02 PST 2016	sessionId=GAGXqGzj2Af	remote=DN525bnu.SUNet	format=lisp2json	query=(execute (call edu.stanford.nlp.sempre.cubeworld.StacksWorld.getLevel (string pattern)))	response=
date=Mon Feb 29 14:36:03 PST 2016	sessionId=GAGXqGzj2Af	remote=DN525bnu.SUNet	format=lisp2json	query=(execute (call edu.stanford.nlp.sempre.cubeworld.StacksWorld.getLevel (string babynot)))	response=
date=Mon Feb 29 14:36:03 PST 2016	sessionId=GAGXqGzj2Af	remote=DN525bnu.SUNet	format=lisp2json	query=(execute (call edu.stanford.nlp.sempre.cubeworld.StacksWorld.getLevel (string babystack)))	response=
date=Mon Feb 29 14:36:03 PST 2016	sessionId=GAGXqGzj2Af	remote=DN525bnu.SUNet	format=lisp2json	query=(execute (call edu.stanford.nlp.sempre.cubeworld.StacksWorld.getLevel (string littlehouse)))	response=
date=Mon Feb 29 14:36:03 PST 2016	sessionId=GAGXqGzj2Af	remote=DN525bnu.SUNet	format=lisp2json	query=(execute (call edu.stanford.nlp.sempre.cubeworld.StacksWorld.getLevel (string triangle)))	response=
date=Mon Feb 29 14:36:04 PST 2016	sessionId=GAGXqGzj2Af	remote=DN525bnu.SUNet	format=lisp2json	query=(execute (call edu.stanford.nlp.sempre.cubeworld.StacksWorld.getLevel (string littlehouse)))	response=
date=Mon Feb 29 14:36:05 PST 2016	sessionId=GAGXqGzj2Af	remote=DN525bnu.SUNet	format=lisp2json	query=(execute (call edu.stanford.nlp.sempre.cubeworld.StacksWorld.getLevel (string triangle)))	response=
date=Mon Feb 29 14:36:05 PST 2016	sessionId=GAGXqGzj2Af	remote=DN525bnu.SUNet	format=lisp2json	query=(execute (call edu.stanford.nlp.sempre.cubeworld.StacksWorld.getLevel (string littlehouse)))	response=
date=Mon Feb 29 14:36:05 PST 2016	sessionId=GAGXqGzj2Af	remote=DN525bnu.SUNet	format=lisp2json	query=(execute (call edu.stanford.nlp.sempre.cubeworld.StacksWorld.getLevel (string triangle)))	response=
date=Mon Feb 29 14:36:10 PST 2016	sessionId=GAGXqGzj2Af	remote=DN525bnu.SUNet	format=lisp2json	query=(execute (call edu.stanford.nlp.sempre.cubeworld.StacksWorld.getLevel (string littlehouse)))	response=
date=Mon Feb 29 14:36:10 PST 2016	sessionId=GAGXqGzj2Af	remote=DN525bnu.SUNet	format=lisp2json	query=(execute (call edu.stanford.nlp.sempre.cubeworld.StacksWorld.getLevel (string babystack)))	response=
date=Mon Feb 29 14:36:10 PST 2016	sessionId=GAGXqGzj2Af	remote=DN525bnu.SUNet	format=lisp2json	query=(execute (call edu.stanford.nlp.sempre.cubeworld.StacksWorld.getLevel (string babynot)))	response=
date=Mon Feb 29 14:36:11 PST 2016	sessionId=GAGXqGzj2Af	remote=DN525bnu.SUNet	format=lisp2json	query=(execute (call edu.stanford.nlp.sempre.cubeworld.StacksWorld.getLevel (string remove)))	response=
date=Mon Feb 29 14:37:18 PST 2016	sessionId=GAGXqGzj2Af	remote=DN525bnu.SUNet	format=lisp2json	query=(execute (call edu.stanford.nlp.sempre.cubeworld.StacksWorld.getLevel (string remove)))	response=
date=Mon Feb 29 14:40:06 PST 2016	sessionId=GAGXqGzj2Af	remote=DN525bnu.SUNet	format=lisp2json	query=(execute (call edu.stanford.nlp.sempre.cubeworld.StacksWorld.getLevel (string remove)))	response=
date=Mon Feb 29 14:40:06 PST 2016	sessionId=GAGXqGzj2Af	remote=DN525bnu.SUNet	format=lisp2json	query=(execute (call edu.stanford.nlp.sempre.cubeworld.StacksWorld.getLevel (string remove)))	response=
date=Mon Feb 29 14:40:07 PST 2016	sessionId=GAGXqGzj2Af	remote=DN525bnu.SUNet	format=lisp2json	query=(execute (call edu.stanford.nlp.sempre.cubeworld.StacksWorld.getLevel (string remove)))	response=
date=Mon Feb 29 14:40:07 PST 2016	sessionId=GAGXqGzj2Af	remote=DN525bnu.SUNet	format=lisp2json	query=(execute (call edu.stanford.nlp.sempre.cubeworld.StacksWorld.getLevel (string remove)))	response=
date=Mon Feb 29 14:40:07 PST 2016	sessionId=GAGXqGzj2Af	remote=DN525bnu.SUNet	format=lisp2json	query=(execute (call edu.stanford.nlp.sempre.cubeworld.StacksWorld.getLevel (string remove)))	response=
date=Mon Feb 29 14:40:07 PST 2016	sessionId=GAGXqGzj2Af	remote=DN525bnu.SUNet	format=lisp2json	query=(execute (call edu.stanford.nlp.sempre.cubeworld.StacksWorld.getLevel (string remove)))	response=
date=Mon Feb 29 14:40:07 PST 2016	sessionId=GAGXqGzj2Af	remote=DN525bnu.SUNet	format=lisp2json	query=(execute (call edu.stanford.nlp.sempre.cubeworld.StacksWorld.getLevel (string remove)))	response=
date=Mon Feb 29 14:40:08 PST 2016	sessionId=GAGXqGzj2Af	remote=DN525bnu.SUNet	format=lisp2json	query=(execute (call edu.stanford.nlp.sempre.cubeworld.StacksWorld.getLevel (string remove)))	response=
date=Mon Feb 29 14:40:09 PST 2016	sessionId=GAGXqGzj2Af	remote=DN525bnu.SUNet	format=lisp2json	query=(execute (call edu.stanford.nlp.sempre.cubeworld.StacksWorld.getLevel (string remove)))	response=
date=Mon Feb 29 14:40:09 PST 2016	sessionId=GAGXqGzj2Af	remote=DN525bnu.SUNet	format=lisp2json	query=(execute (call edu.stanford.nlp.sempre.cubeworld.StacksWorld.getLevel (string remove)))	response=
date=Mon Feb 29 14:40:09 PST 2016	sessionId=GAGXqGzj2Af	remote=DN525bnu.SUNet	format=lisp2json	query=(execute (call edu.stanford.nlp.sempre.cubeworld.StacksWorld.getLevel (string remove)))	response=
date=Mon Feb 29 14:40:09 PST 2016	sessionId=GAGXqGzj2Af	remote=DN525bnu.SUNet	format=lisp2json	query=(execute (call edu.stanford.nlp.sempre.cubeworld.StacksWorld.getLevel (string remove)))	response=
date=Mon Feb 29 14:41:52 PST 2016	sessionId=GAGXqGzj2Af	remote=DN525bnu.SUNet	format=lisp2json	query=(execute (call edu.stanford.nlp.sempre.cubeworld.StacksWorld.getLevel (string remove)))	response=
date=Mon Feb 29 14:45:50 PST 2016	sessionId=GAGXqGzj2Af	remote=DN525bnu.SUNet	format=lisp2json	query=(execute (call edu.stanford.nlp.sempre.cubeworld.StacksWorld.getLevel (string remove)))	response=
date=Mon Feb 29 14:45:54 PST 2016	sessionId=GAGXqGzj2Af	remote=DN525bnu.SUNet	format=lisp2json	query=(execute (call edu.stanford.nlp.sempre.cubeworld.StacksWorld.getLevel (string remove)))	response=
date=Mon Feb 29 14:45:55 PST 2016	sessionId=GAGXqGzj2Af	remote=DN525bnu.SUNet	format=lisp2json	query=(execute (call edu.stanford.nlp.sempre.cubeworld.StacksWorld.getLevel (string remove)))	response=
date=Mon Feb 29 14:45:55 PST 2016	sessionId=GAGXqGzj2Af	remote=DN525bnu.SUNet	format=lisp2json	query=(execute (call edu.stanford.nlp.sempre.cubeworld.StacksWorld.getLevel (string remove)))	response=
date=Mon Feb 29 14:45:55 PST 2016	sessionId=GAGXqGzj2Af	remote=DN525bnu.SUNet	format=lisp2json	query=(execute (call edu.stanford.nlp.sempre.cubeworld.StacksWorld.getLevel (string remove)))	response=
date=Mon Feb 29 14:45:56 PST 2016	sessionId=GAGXqGzj2Af	remote=DN525bnu.SUNet	format=lisp2json	query=(execute (call edu.stanford.nlp.sempre.cubeworld.StacksWorld.getLevel (string remove)))	response=
date=Mon Feb 29 14:45:57 PST 2016	sessionId=GAGXqGzj2Af	remote=DN525bnu.SUNet	format=lisp2json	query=(execute (call edu.stanford.nlp.sempre.cubeworld.StacksWorld.getLevel (string remove)))	response=
date=Mon Feb 29 14:45:58 PST 2016	sessionId=GAGXqGzj2Af	remote=DN525bnu.SUNet	format=lisp2json	query=(execute (call edu.stanford.nlp.sempre.cubeworld.StacksWorld.getLevel (string remove)))	response=
date=Mon Feb 29 14:45:58 PST 2016	sessionId=GAGXqGzj2Af	remote=DN525bnu.SUNet	format=lisp2json	query=(execute (call edu.stanford.nlp.sempre.cubeworld.StacksWorld.getLevel (string remove)))	response=
date=Mon Feb 29 14:45:58 PST 2016	sessionId=GAGXqGzj2Af	remote=DN525bnu.SUNet	format=lisp2json	query=(execute (call edu.stanford.nlp.sempre.cubeworld.StacksWorld.getLevel (string remove)))	response=
date=Mon Feb 29 14:45:59 PST 2016	sessionId=GAGXqGzj2Af	remote=DN525bnu.SUNet	format=lisp2json	query=(execute (call edu.stanford.nlp.sempre.cubeworld.StacksWorld.getLevel (string babystack)))	response=
date=Mon Feb 29 14:45:59 PST 2016	sessionId=GAGXqGzj2Af	remote=DN525bnu.SUNet	format=lisp2json	query=(execute (call edu.stanford.nlp.sempre.cubeworld.StacksWorld.getLevel (string babynot)))	response=
date=Mon Feb 29 14:46:00 PST 2016	sessionId=GAGXqGzj2Af	remote=DN525bnu.SUNet	format=lisp2json	query=(execute (call edu.stanford.nlp.sempre.cubeworld.StacksWorld.getLevel (string babystep)))	response=
date=Mon Feb 29 14:46:00 PST 2016	sessionId=GAGXqGzj2Af	remote=DN525bnu.SUNet	format=lisp2json	query=(execute (call edu.stanford.nlp.sempre.cubeworld.StacksWorld.getLevel (string pattern)))	response=
date=Mon Feb 29 14:46:19 PST 2016	sessionId=GAGXqGzj2Af	remote=DN525bnu.SUNet	format=lisp2json	query=(execute (call edu.stanford.nlp.sempre.cubeworld.StacksWorld.getLevel (string babynot)))	response=
date=Mon Feb 29 14:46:19 PST 2016	sessionId=GAGXqGzj2Af	remote=DN525bnu.SUNet	format=lisp2json	query=(execute (call edu.stanford.nlp.sempre.cubeworld.StacksWorld.getLevel (string babystack)))	response=
date=Mon Feb 29 14:46:20 PST 2016	sessionId=GAGXqGzj2Af	remote=DN525bnu.SUNet	format=lisp2json	query=(execute (call edu.stanford.nlp.sempre.cubeworld.StacksWorld.getLevel (string babynot)))	response=
date=Mon Feb 29 14:46:20 PST 2016	sessionId=GAGXqGzj2Af	remote=DN525bnu.SUNet	format=lisp2json	query=(execute (call edu.stanford.nlp.sempre.cubeworld.StacksWorld.getLevel (string pattern)))	response=
date=Mon Feb 29 14:46:21 PST 2016	sessionId=GAGXqGzj2Af	remote=DN525bnu.SUNet	format=lisp2json	query=(execute (call edu.stanford.nlp.sempre.cubeworld.StacksWorld.getLevel (string babystep)))	response=
date=Mon Feb 29 14:46:21 PST 2016	sessionId=GAGXqGzj2Af	remote=DN525bnu.SUNet	format=lisp2json	query=(execute (call edu.stanford.nlp.sempre.cubeworld.StacksWorld.getLevel (string babystack)))	response=
date=Mon Feb 29 14:46:22 PST 2016	sessionId=GAGXqGzj2Af	remote=DN525bnu.SUNet	format=lisp2json	query=(execute (call edu.stanford.nlp.sempre.cubeworld.StacksWorld.getLevel (string babynot)))	response=
date=Mon Feb 29 14:46:24 PST 2016	sessionId=GAGXqGzj2Af	remote=DN525bnu.SUNet	format=lisp2json	query=(execute (call edu.stanford.nlp.sempre.cubeworld.StacksWorld.getLevel (string remove)))	response=
date=Mon Feb 29 14:46:25 PST 2016	sessionId=GAGXqGzj2Af	remote=DN525bnu.SUNet	format=lisp2json	query=(execute (call edu.stanford.nlp.sempre.cubeworld.StacksWorld.getLevel (string babystack)))	response=
date=Mon Feb 29 14:46:26 PST 2016	sessionId=GAGXqGzj2Af	remote=DN525bnu.SUNet	format=lisp2json	query=(execute (call edu.stanford.nlp.sempre.cubeworld.StacksWorld.getLevel (string babynot)))	response=
date=Mon Feb 29 14:46:26 PST 2016	sessionId=GAGXqGzj2Af	remote=DN525bnu.SUNet	format=lisp2json	query=(execute (call edu.stanford.nlp.sempre.cubeworld.StacksWorld.getLevel (string pattern)))	response=
date=Mon Feb 29 14:46:26 PST 2016	sessionId=GAGXqGzj2Af	remote=DN525bnu.SUNet	format=lisp2json	query=(execute (call edu.stanford.nlp.sempre.cubeworld.StacksWorld.getLevel (string babystep)))	response=
date=Mon Feb 29 14:46:27 PST 2016	sessionId=GAGXqGzj2Af	remote=DN525bnu.SUNet	format=lisp2json	query=(execute (call edu.stanford.nlp.sempre.cubeworld.StacksWorld.getLevel (string pattern)))	response=
date=Mon Feb 29 14:46:27 PST 2016	sessionId=GAGXqGzj2Af	remote=DN525bnu.SUNet	format=lisp2json	query=(execute (call edu.stanford.nlp.sempre.cubeworld.StacksWorld.getLevel (string babynot)))	response=
date=Mon Feb 29 14:46:28 PST 2016	sessionId=GAGXqGzj2Af	remote=DN525bnu.SUNet	format=lisp2json	query=(execute (call edu.stanford.nlp.sempre.cubeworld.StacksWorld.getLevel (string babystack)))	response=
date=Mon Feb 29 14:46:28 PST 2016	sessionId=GAGXqGzj2Af	remote=DN525bnu.SUNet	format=lisp2json	query=(execute (call edu.stanford.nlp.sempre.cubeworld.StacksWorld.getLevel (string babynot)))	response=
date=Mon Feb 29 14:52:05 PST 2016	sessionId=GAGXqGzj2Af	remote=DN525bnu.SUNet	format=lisp2json	query=(execute (call edu.stanford.nlp.sempre.cubeworld.StacksWorld.getLevel (string remove)))	response=
date=Mon Feb 29 14:52:06 PST 2016	sessionId=GAGXqGzj2Af	remote=DN525bnu.SUNet	format=lisp2json	query=(execute (call edu.stanford.nlp.sempre.cubeworld.StacksWorld.getLevel (string pattern)))	response=
date=Mon Feb 29 14:52:07 PST 2016	sessionId=GAGXqGzj2Af	remote=DN525bnu.SUNet	format=lisp2json	query=(execute (call edu.stanford.nlp.sempre.cubeworld.StacksWorld.getLevel (string triangle)))	response=
date=Mon Feb 29 14:52:07 PST 2016	sessionId=GAGXqGzj2Af	remote=DN525bnu.SUNet	format=lisp2json	query=(execute (call edu.stanford.nlp.sempre.cubeworld.StacksWorld.getLevel (string littlehouse)))	response=
date=Mon Feb 29 14:52:08 PST 2016	sessionId=GAGXqGzj2Af	remote=DN525bnu.SUNet	format=lisp2json	query=(execute (call edu.stanford.nlp.sempre.cubeworld.StacksWorld.getLevel (string babynot)))	response=
date=Mon Feb 29 14:52:08 PST 2016	sessionId=GAGXqGzj2Af	remote=DN525bnu.SUNet	format=lisp2json	query=(execute (call edu.stanford.nlp.sempre.cubeworld.StacksWorld.getLevel (string babystep)))	response=
date=Mon Feb 29 14:52:08 PST 2016	sessionId=GAGXqGzj2Af	remote=DN525bnu.SUNet	format=lisp2json	query=(execute (call edu.stanford.nlp.sempre.cubeworld.StacksWorld.getLevel (string babynot)))	response=
date=Mon Feb 29 14:52:09 PST 2016	sessionId=GAGXqGzj2Af	remote=DN525bnu.SUNet	format=lisp2json	query=(execute (call edu.stanford.nlp.sempre.cubeworld.StacksWorld.getLevel (string littlehouse)))	response=
date=Mon Feb 29 14:52:12 PST 2016	sessionId=GAGXqGzj2Af	remote=DN525bnu.SUNet	format=lisp2json	query=(execute (call edu.stanford.nlp.sempre.cubeworld.StacksWorld.getLevel (string triangle)))	response=
date=Mon Feb 29 14:52:12 PST 2016	sessionId=GAGXqGzj2Af	remote=DN525bnu.SUNet	format=lisp2json	query=(execute (call edu.stanford.nlp.sempre.cubeworld.StacksWorld.getLevel (string littlehouse)))	response=
date=Mon Feb 29 14:52:13 PST 2016	sessionId=GAGXqGzj2Af	remote=DN525bnu.SUNet	format=lisp2json	query=(execute (call edu.stanford.nlp.sempre.cubeworld.StacksWorld.getLevel (string pattern)))	response=
date=Mon Feb 29 14:52:13 PST 2016	sessionId=GAGXqGzj2Af	remote=DN525bnu.SUNet	format=lisp2json	query=(execute (call edu.stanford.nlp.sempre.cubeworld.StacksWorld.getLevel (string babystack)))	response=
date=Mon Feb 29 14:52:13 PST 2016	sessionId=GAGXqGzj2Af	remote=DN525bnu.SUNet	format=lisp2json	query=(execute (call edu.stanford.nlp.sempre.cubeworld.StacksWorld.getLevel (string littlehouse)))	response=
date=Mon Feb 29 14:52:14 PST 2016	sessionId=GAGXqGzj2Af	remote=DN525bnu.SUNet	format=lisp2json	query=(execute (call edu.stanford.nlp.sempre.cubeworld.StacksWorld.getLevel (string triangle)))	response=
date=Mon Feb 29 14:52:14 PST 2016	sessionId=GAGXqGzj2Af	remote=DN525bnu.SUNet	format=lisp2json	query=(execute (call edu.stanford.nlp.sempre.cubeworld.StacksWorld.getLevel (string littlehouse)))	response=
date=Mon Feb 29 14:52:14 PST 2016	sessionId=GAGXqGzj2Af	remote=DN525bnu.SUNet	format=lisp2json	query=(execute (call edu.stanford.nlp.sempre.cubeworld.StacksWorld.getLevel (string babynot)))	response=
date=Mon Feb 29 14:52:15 PST 2016	sessionId=GAGXqGzj2Af	remote=DN525bnu.SUNet	format=lisp2json	query=(execute (call edu.stanford.nlp.sempre.cubeworld.StacksWorld.getLevel (string littlehouse)))	response=
date=Mon Feb 29 14:52:15 PST 2016	sessionId=GAGXqGzj2Af	remote=DN525bnu.SUNet	format=lisp2json	query=(execute (call edu.stanford.nlp.sempre.cubeworld.StacksWorld.getLevel (string triangle)))	response=
date=Mon Feb 29 14:52:16 PST 2016	sessionId=GAGXqGzj2Af	remote=DN525bnu.SUNet	format=lisp2json	query=(execute (call edu.stanford.nlp.sempre.cubeworld.StacksWorld.getLevel (string littlehouse)))	response=
date=Mon Feb 29 14:52:16 PST 2016	sessionId=GAGXqGzj2Af	remote=DN525bnu.SUNet	format=lisp2json	query=(execute (call edu.stanford.nlp.sempre.cubeworld.StacksWorld.getLevel (string babystack)))	response=
date=Mon Feb 29 14:52:16 PST 2016	sessionId=GAGXqGzj2Af	remote=DN525bnu.SUNet	format=lisp2json	query=(execute (call edu.stanford.nlp.sempre.cubeworld.StacksWorld.getLevel (string babynot)))	response=
date=Mon Feb 29 14:52:16 PST 2016	sessionId=GAGXqGzj2Af	remote=DN525bnu.SUNet	format=lisp2json	query=(execute (call edu.stanford.nlp.sempre.cubeworld.StacksWorld.getLevel (string pattern)))	response=
date=Mon Feb 29 14:52:17 PST 2016	sessionId=GAGXqGzj2Af	remote=DN525bnu.SUNet	format=lisp2json	query=(execute (call edu.stanford.nlp.sempre.cubeworld.StacksWorld.getLevel (string babystep)))	response=
date=Mon Feb 29 14:52:17 PST 2016	sessionId=GAGXqGzj2Af	remote=DN525bnu.SUNet	format=lisp2json	query=(execute (call edu.stanford.nlp.sempre.cubeworld.StacksWorld.getLevel (string remove)))	response=
date=Mon Feb 29 15:01:08 PST 2016	sessionId=GAGXqGzj2Af	remote=DN525bnu.SUNet	format=lisp2json	query=(execute (call edu.stanford.nlp.sempre.cubeworld.StacksWorld.getLevel (string remove)))	response=
date=Mon Feb 29 15:01:13 PST 2016	sessionId=GAGXqGzj2Af	remote=DN525bnu.SUNet	format=lisp2json	query=(execute (call edu.stanford.nlp.sempre.cubeworld.StacksWorld.getLevel (string triangle)))	response=
date=Mon Feb 29 15:01:14 PST 2016	sessionId=GAGXqGzj2Af	remote=DN525bnu.SUNet	format=lisp2json	query=(execute (call edu.stanford.nlp.sempre.cubeworld.StacksWorld.getLevel (string littlehouse)))	response=
date=Mon Feb 29 15:01:14 PST 2016	sessionId=GAGXqGzj2Af	remote=DN525bnu.SUNet	format=lisp2json	query=(execute (call edu.stanford.nlp.sempre.cubeworld.StacksWorld.getLevel (string babystack)))	response=
date=Mon Feb 29 15:01:14 PST 2016	sessionId=GAGXqGzj2Af	remote=DN525bnu.SUNet	format=lisp2json	query=(execute (call edu.stanford.nlp.sempre.cubeworld.StacksWorld.getLevel (string babynot)))	response=
date=Mon Feb 29 15:01:14 PST 2016	sessionId=GAGXqGzj2Af	remote=DN525bnu.SUNet	format=lisp2json	query=(execute (call edu.stanford.nlp.sempre.cubeworld.StacksWorld.getLevel (string pattern)))	response=
date=Mon Feb 29 15:01:15 PST 2016	sessionId=GAGXqGzj2Af	remote=DN525bnu.SUNet	format=lisp2json	query=(execute (call edu.stanford.nlp.sempre.cubeworld.StacksWorld.getLevel (string babystep)))	response=
date=Mon Feb 29 15:01:15 PST 2016	sessionId=GAGXqGzj2Af	remote=DN525bnu.SUNet	format=lisp2json	query=(execute (call edu.stanford.nlp.sempre.cubeworld.StacksWorld.getLevel (string remove)))	response=
date=Mon Feb 29 15:01:16 PST 2016	sessionId=GAGXqGzj2Af	remote=DN525bnu.SUNet	format=lisp2json	query=(execute (call edu.stanford.nlp.sempre.cubeworld.StacksWorld.getLevel (string pattern)))	response=
date=Mon Feb 29 15:01:16 PST 2016	sessionId=GAGXqGzj2Af	remote=DN525bnu.SUNet	format=lisp2json	query=(execute (call edu.stanford.nlp.sempre.cubeworld.StacksWorld.getLevel (string babystack)))	response=
date=Mon Feb 29 15:01:16 PST 2016	sessionId=GAGXqGzj2Af	remote=DN525bnu.SUNet	format=lisp2json	query=(execute (call edu.stanford.nlp.sempre.cubeworld.StacksWorld.getLevel (string triangle)))	response=
date=Mon Feb 29 15:01:29 PST 2016	sessionId=GAGXqGzj2Af	remote=DN525bnu.SUNet	format=lisp2json	query=(execute (call edu.stanford.nlp.sempre.cubeworld.StacksWorld.getLevel (string remove)))	response=
date=Mon Feb 29 15:01:29 PST 2016	sessionId=GAGXqGzj2Af	remote=DN525bnu.SUNet	format=lisp2json	query=(execute (call edu.stanford.nlp.sempre.cubeworld.StacksWorld.getLevel (string babystep)))	response=
date=Mon Feb 29 15:01:30 PST 2016	sessionId=GAGXqGzj2Af	remote=DN525bnu.SUNet	format=lisp2json	query=(execute (call edu.stanford.nlp.sempre.cubeworld.StacksWorld.getLevel (string pattern)))	response=
date=Mon Feb 29 15:01:30 PST 2016	sessionId=GAGXqGzj2Af	remote=DN525bnu.SUNet	format=lisp2json	query=(execute (call edu.stanford.nlp.sempre.cubeworld.StacksWorld.getLevel (string babynot)))	response=
date=Mon Feb 29 15:01:30 PST 2016	sessionId=GAGXqGzj2Af	remote=DN525bnu.SUNet	format=lisp2json	query=(execute (call edu.stanford.nlp.sempre.cubeworld.StacksWorld.getLevel (string babystack)))	response=
date=Mon Feb 29 15:01:31 PST 2016	sessionId=GAGXqGzj2Af	remote=DN525bnu.SUNet	format=lisp2json	query=(execute (call edu.stanford.nlp.sempre.cubeworld.StacksWorld.getLevel (string littlehouse)))	response=
date=Mon Feb 29 15:01:31 PST 2016	sessionId=GAGXqGzj2Af	remote=DN525bnu.SUNet	format=lisp2json	query=(execute (call edu.stanford.nlp.sempre.cubeworld.StacksWorld.getLevel (string triangle)))	response=
date=Mon Feb 29 15:01:32 PST 2016	sessionId=GAGXqGzj2Af	remote=DN525bnu.SUNet	format=lisp2json	query=(execute (call edu.stanford.nlp.sempre.cubeworld.StacksWorld.getLevel (string littlehouse)))	response=
date=Mon Feb 29 15:01:32 PST 2016	sessionId=GAGXqGzj2Af	remote=DN525bnu.SUNet	format=lisp2json	query=(execute (call edu.stanford.nlp.sempre.cubeworld.StacksWorld.getLevel (string babynot)))	response=
date=Mon Feb 29 15:01:32 PST 2016	sessionId=GAGXqGzj2Af	remote=DN525bnu.SUNet	format=lisp2json	query=(execute (call edu.stanford.nlp.sempre.cubeworld.StacksWorld.getLevel (string pattern)))	response=
date=Mon Feb 29 15:01:33 PST 2016	sessionId=GAGXqGzj2Af	remote=DN525bnu.SUNet	format=lisp2json	query=(execute (call edu.stanford.nlp.sempre.cubeworld.StacksWorld.getLevel (string babystep)))	response=
date=Mon Feb 29 15:01:33 PST 2016	sessionId=GAGXqGzj2Af	remote=DN525bnu.SUNet	format=lisp2json	query=(execute (call edu.stanford.nlp.sempre.cubeworld.StacksWorld.getLevel (string remove)))	response=
date=Mon Feb 29 15:01:34 PST 2016	sessionId=GAGXqGzj2Af	remote=DN525bnu.SUNet	format=lisp2json	query=(execute (call edu.stanford.nlp.sempre.cubeworld.StacksWorld.getLevel (string babystep)))	response=
date=Mon Feb 29 15:01:34 PST 2016	sessionId=GAGXqGzj2Af	remote=DN525bnu.SUNet	format=lisp2json	query=(execute (call edu.stanford.nlp.sempre.cubeworld.StacksWorld.getLevel (string babynot)))	response=
date=Mon Feb 29 15:01:34 PST 2016	sessionId=GAGXqGzj2Af	remote=DN525bnu.SUNet	format=lisp2json	query=(execute (call edu.stanford.nlp.sempre.cubeworld.StacksWorld.getLevel (string babystack)))	response=
date=Mon Feb 29 15:01:34 PST 2016	sessionId=GAGXqGzj2Af	remote=DN525bnu.SUNet	format=lisp2json	query=(execute (call edu.stanford.nlp.sempre.cubeworld.StacksWorld.getLevel (string littlehouse)))	response=
date=Mon Feb 29 15:01:34 PST 2016	sessionId=GAGXqGzj2Af	remote=DN525bnu.SUNet	format=lisp2json	query=(execute (call edu.stanford.nlp.sempre.cubeworld.StacksWorld.getLevel (string triangle)))	response=
date=Mon Feb 29 15:09:49 PST 2016	sessionId=GAGXqGzj2Af	remote=DN525bnu.SUNet	format=lisp2json	query=(execute (call edu.stanford.nlp.sempre.cubeworld.StacksWorld.getLevel (string littlehouse)))	response=
date=Mon Feb 29 15:09:50 PST 2016	sessionId=GAGXqGzj2Af	remote=DN525bnu.SUNet	format=lisp2json	query=(execute (call edu.stanford.nlp.sempre.cubeworld.StacksWorld.getLevel (string babystack)))	response=
date=Mon Feb 29 15:09:50 PST 2016	sessionId=GAGXqGzj2Af	remote=DN525bnu.SUNet	format=lisp2json	query=(execute (call edu.stanford.nlp.sempre.cubeworld.StacksWorld.getLevel (string littlehouse)))	response=
date=Mon Feb 29 15:09:50 PST 2016	sessionId=GAGXqGzj2Af	remote=DN525bnu.SUNet	format=lisp2json	query=(execute (call edu.stanford.nlp.sempre.cubeworld.StacksWorld.getLevel (string triangle)))	response=
date=Mon Feb 29 15:09:51 PST 2016	sessionId=GAGXqGzj2Af	remote=DN525bnu.SUNet	format=lisp2json	query=(execute (call edu.stanford.nlp.sempre.cubeworld.StacksWorld.getLevel (string littlehouse)))	response=
date=Mon Feb 29 15:09:51 PST 2016	sessionId=GAGXqGzj2Af	remote=DN525bnu.SUNet	format=lisp2json	query=(execute (call edu.stanford.nlp.sempre.cubeworld.StacksWorld.getLevel (string babystack)))	response=
date=Mon Feb 29 15:09:52 PST 2016	sessionId=GAGXqGzj2Af	remote=DN525bnu.SUNet	format=lisp2json	query=(execute (call edu.stanford.nlp.sempre.cubeworld.StacksWorld.getLevel (string babynot)))	response=
date=Mon Feb 29 15:09:52 PST 2016	sessionId=GAGXqGzj2Af	remote=DN525bnu.SUNet	format=lisp2json	query=(execute (call edu.stanford.nlp.sempre.cubeworld.StacksWorld.getLevel (string pattern)))	response=
date=Mon Feb 29 15:09:52 PST 2016	sessionId=GAGXqGzj2Af	remote=DN525bnu.SUNet	format=lisp2json	query=(execute (call edu.stanford.nlp.sempre.cubeworld.StacksWorld.getLevel (string babystep)))	response=
date=Mon Feb 29 15:09:53 PST 2016	sessionId=GAGXqGzj2Af	remote=DN525bnu.SUNet	format=lisp2json	query=(execute (call edu.stanford.nlp.sempre.cubeworld.StacksWorld.getLevel (string remove)))	response=
date=Mon Feb 29 15:09:53 PST 2016	sessionId=GAGXqGzj2Af	remote=DN525bnu.SUNet	format=lisp2json	query=(execute (call edu.stanford.nlp.sempre.cubeworld.StacksWorld.getLevel (string pattern)))	response=
date=Mon Feb 29 15:09:53 PST 2016	sessionId=GAGXqGzj2Af	remote=DN525bnu.SUNet	format=lisp2json	query=(execute (call edu.stanford.nlp.sempre.cubeworld.StacksWorld.getLevel (string littlehouse)))	response=
date=Mon Feb 29 15:09:53 PST 2016	sessionId=GAGXqGzj2Af	remote=DN525bnu.SUNet	format=lisp2json	query=(execute (call edu.stanford.nlp.sempre.cubeworld.StacksWorld.getLevel (string triangle)))	response=
date=Mon Feb 29 15:09:54 PST 2016	sessionId=GAGXqGzj2Af	remote=DN525bnu.SUNet	format=lisp2json	query=(execute (call edu.stanford.nlp.sempre.cubeworld.StacksWorld.getLevel (string littlehouse)))	response=
date=Mon Feb 29 15:09:54 PST 2016	sessionId=GAGXqGzj2Af	remote=DN525bnu.SUNet	format=lisp2json	query=(execute (call edu.stanford.nlp.sempre.cubeworld.StacksWorld.getLevel (string triangle)))	response=
date=Mon Feb 29 15:09:54 PST 2016	sessionId=GAGXqGzj2Af	remote=DN525bnu.SUNet	format=lisp2json	query=(execute (call edu.stanford.nlp.sempre.cubeworld.StacksWorld.getLevel (string babystack)))	response=
date=Mon Feb 29 15:09:55 PST 2016	sessionId=GAGXqGzj2Af	remote=DN525bnu.SUNet	format=lisp2json	query=(execute (call edu.stanford.nlp.sempre.cubeworld.StacksWorld.getLevel (string littlehouse)))	response=
date=Mon Feb 29 15:09:55 PST 2016	sessionId=GAGXqGzj2Af	remote=DN525bnu.SUNet	format=lisp2json	query=(execute (call edu.stanford.nlp.sempre.cubeworld.StacksWorld.getLevel (string triangle)))	response=
date=Mon Feb 29 15:09:56 PST 2016	sessionId=GAGXqGzj2Af	remote=DN525bnu.SUNet	format=lisp2json	query=(execute (call edu.stanford.nlp.sempre.cubeworld.StacksWorld.getLevel (string littlehouse)))	response=
date=Mon Feb 29 15:09:56 PST 2016	sessionId=GAGXqGzj2Af	remote=DN525bnu.SUNet	format=lisp2json	query=(execute (call edu.stanford.nlp.sempre.cubeworld.StacksWorld.getLevel (string babynot)))	response=
date=Mon Feb 29 15:09:57 PST 2016	sessionId=GAGXqGzj2Af	remote=DN525bnu.SUNet	format=lisp2json	query=(execute (call edu.stanford.nlp.sempre.cubeworld.StacksWorld.getLevel (string remove)))	response=
date=Mon Feb 29 15:09:57 PST 2016	sessionId=GAGXqGzj2Af	remote=DN525bnu.SUNet	format=lisp2json	query=(execute (call edu.stanford.nlp.sempre.cubeworld.StacksWorld.getLevel (string pattern)))	response=
date=Mon Feb 29 15:09:57 PST 2016	sessionId=GAGXqGzj2Af	remote=DN525bnu.SUNet	format=lisp2json	query=(execute (call edu.stanford.nlp.sempre.cubeworld.StacksWorld.getLevel (string babystep)))	response=
date=Mon Feb 29 15:09:58 PST 2016	sessionId=GAGXqGzj2Af	remote=DN525bnu.SUNet	format=lisp2json	query=(execute (call edu.stanford.nlp.sempre.cubeworld.StacksWorld.getLevel (string pattern)))	response=
date=Mon Feb 29 15:09:58 PST 2016	sessionId=GAGXqGzj2Af	remote=DN525bnu.SUNet	format=lisp2json	query=(execute (call edu.stanford.nlp.sempre.cubeworld.StacksWorld.getLevel (string babynot)))	response=
date=Mon Feb 29 15:09:58 PST 2016	sessionId=GAGXqGzj2Af	remote=DN525bnu.SUNet	format=lisp2json	query=(execute (call edu.stanford.nlp.sempre.cubeworld.StacksWorld.getLevel (string babystack)))	response=
date=Mon Feb 29 15:09:59 PST 2016	sessionId=GAGXqGzj2Af	remote=DN525bnu.SUNet	format=lisp2json	query=(execute (call edu.stanford.nlp.sempre.cubeworld.StacksWorld.getLevel (string littlehouse)))	response=
date=Mon Feb 29 15:09:59 PST 2016	sessionId=GAGXqGzj2Af	remote=DN525bnu.SUNet	format=lisp2json	query=(execute (call edu.stanford.nlp.sempre.cubeworld.StacksWorld.getLevel (string triangle)))	response=
date=Mon Feb 29 15:09:59 PST 2016	sessionId=GAGXqGzj2Af	remote=DN525bnu.SUNet	format=lisp2json	query=(execute (call edu.stanford.nlp.sempre.cubeworld.StacksWorld.getLevel (string littlehouse)))	response=
date=Mon Feb 29 15:10:00 PST 2016	sessionId=GAGXqGzj2Af	remote=DN525bnu.SUNet	format=lisp2json	query=(execute (call edu.stanford.nlp.sempre.cubeworld.StacksWorld.getLevel (string triangle)))	response=
date=Mon Feb 29 15:10:00 PST 2016	sessionId=GAGXqGzj2Af	remote=DN525bnu.SUNet	format=lisp2json	query=(execute (call edu.stanford.nlp.sempre.cubeworld.StacksWorld.getLevel (string littlehouse)))	response=
date=Mon Feb 29 15:10:19 PST 2016	sessionId=GAGXqGzj2Af	remote=DN525bnu.SUNet	format=lisp2json	query=(execute (call edu.stanford.nlp.sempre.cubeworld.StacksWorld.getLevel (string triangle)))	response=
date=Mon Feb 29 15:10:19 PST 2016	sessionId=GAGXqGzj2Af	remote=DN525bnu.SUNet	format=lisp2json	query=(execute (call edu.stanford.nlp.sempre.cubeworld.StacksWorld.getLevel (string babystack)))	response=
date=Mon Feb 29 15:11:42 PST 2016	sessionId=GAGXqGzj2Af	remote=DN525bnu.SUNet	format=lisp2json	query=(execute (call edu.stanford.nlp.sempre.cubeworld.StacksWorld.getLevel (string littlehouse)))	response=
date=Mon Feb 29 15:11:43 PST 2016	sessionId=GAGXqGzj2Af	remote=DN525bnu.SUNet	format=lisp2json	query=(execute (call edu.stanford.nlp.sempre.cubeworld.StacksWorld.getLevel (string triangle)))	response=
date=Mon Feb 29 15:18:41 PST 2016	sessionId=GAGXqGzj2Af	remote=DN525bnu.SUNet	format=lisp2json	query=(execute (call edu.stanford.nlp.sempre.cubeworld.StacksWorld.getLevel (string remove)))	response=
date=Mon Feb 29 15:50:46 PST 2016	sessionId=GAGXqGzj2Af	remote=DN525bnu.SUNet	format=lisp2json	query=(context (graph NaiveKnowledgeGraph ((string [[2],[2],[0],[1],[2]]) (name b) (name c))))	response=
date=Mon Feb 29 15:50:46 PST 2016	sessionId=GAGXqGzj2Af	remote=DN525bnu.SUNet	format=lisp2json	query=remove cyan	response=(call edu.stanford.nlp.sempre.cubeworld.StacksWorld.wallToString (call context:edu.stanford.nlp.sempre.cubeworld.StacksWorld.removeTop (call context:edu.stanford.nlp.sempre.cubeworld.StacksWorld.getNonEmpty))) => (string [[],[],[],[],[]])
date=Mon Feb 29 16:11:17 PST 2016	sessionId=GAGXqGzj2Af	remote=DN525bnu.SUNet	format=lisp2json	query=(execute (call edu.stanford.nlp.sempre.cubeworld.StacksWorld.getLevel (string triangle)))	response=
date=Mon Feb 29 16:11:17 PST 2016	sessionId=GAGXqGzj2Af	remote=DN525bnu.SUNet	format=lisp2json	query=(execute (call edu.stanford.nlp.sempre.cubeworld.StacksWorld.getLevel (string babystep)))	response=
date=Mon Feb 29 16:11:17 PST 2016	sessionId=GAGXqGzj2Af	remote=DN525bnu.SUNet	format=lisp2json	query=(execute (call edu.stanford.nlp.sempre.cubeworld.StacksWorld.getLevel (string remove)))	response=
date=Mon Feb 29 16:11:18 PST 2016	sessionId=GAGXqGzj2Af	remote=DN525bnu.SUNet	format=lisp2json	query=(execute (call edu.stanford.nlp.sempre.cubeworld.StacksWorld.getLevel (string babystep)))	response=
date=Mon Feb 29 16:11:18 PST 2016	sessionId=GAGXqGzj2Af	remote=DN525bnu.SUNet	format=lisp2json	query=(execute (call edu.stanford.nlp.sempre.cubeworld.StacksWorld.getLevel (string pattern)))	response=
date=Mon Feb 29 16:11:18 PST 2016	sessionId=GAGXqGzj2Af	remote=DN525bnu.SUNet	format=lisp2json	query=(execute (call edu.stanford.nlp.sempre.cubeworld.StacksWorld.getLevel (string babystack)))	response=
date=Mon Feb 29 16:11:18 PST 2016	sessionId=GAGXqGzj2Af	remote=DN525bnu.SUNet	format=lisp2json	query=(execute (call edu.stanford.nlp.sempre.cubeworld.StacksWorld.getLevel (string littlehouse)))	response=
date=Mon Feb 29 16:11:19 PST 2016	sessionId=GAGXqGzj2Af	remote=DN525bnu.SUNet	format=lisp2json	query=(execute (call edu.stanford.nlp.sempre.cubeworld.StacksWorld.getLevel (string triangle)))	response=
date=Mon Feb 29 16:11:31 PST 2016	sessionId=GAGXqGzj2Af	remote=DN525bnu.SUNet	format=lisp2json	query=(execute (call edu.stanford.nlp.sempre.cubeworld.StacksWorld.getLevel (string littlehouse)))	response=
date=Mon Feb 29 16:11:31 PST 2016	sessionId=GAGXqGzj2Af	remote=DN525bnu.SUNet	format=lisp2json	query=(execute (call edu.stanford.nlp.sempre.cubeworld.StacksWorld.getLevel (string babynot)))	response=
date=Mon Feb 29 16:11:32 PST 2016	sessionId=GAGXqGzj2Af	remote=DN525bnu.SUNet	format=lisp2json	query=(execute (call edu.stanford.nlp.sempre.cubeworld.StacksWorld.getLevel (string babystep)))	response=
date=Mon Feb 29 16:11:32 PST 2016	sessionId=GAGXqGzj2Af	remote=DN525bnu.SUNet	format=lisp2json	query=(execute (call edu.stanford.nlp.sempre.cubeworld.StacksWorld.getLevel (string babynot)))	response=
date=Mon Feb 29 16:11:32 PST 2016	sessionId=GAGXqGzj2Af	remote=DN525bnu.SUNet	format=lisp2json	query=(execute (call edu.stanford.nlp.sempre.cubeworld.StacksWorld.getLevel (string littlehouse)))	response=
date=Mon Feb 29 16:11:32 PST 2016	sessionId=GAGXqGzj2Af	remote=DN525bnu.SUNet	format=lisp2json	query=(execute (call edu.stanford.nlp.sempre.cubeworld.StacksWorld.getLevel (string triangle)))	response=
date=Mon Feb 29 16:11:33 PST 2016	sessionId=GAGXqGzj2Af	remote=DN525bnu.SUNet	format=lisp2json	query=(execute (call edu.stanford.nlp.sempre.cubeworld.StacksWorld.getLevel (string babystack)))	response=
date=Mon Feb 29 16:11:33 PST 2016	sessionId=GAGXqGzj2Af	remote=DN525bnu.SUNet	format=lisp2json	query=(execute (call edu.stanford.nlp.sempre.cubeworld.StacksWorld.getLevel (string babynot)))	response=
date=Mon Feb 29 16:11:34 PST 2016	sessionId=GAGXqGzj2Af	remote=DN525bnu.SUNet	format=lisp2json	query=(execute (call edu.stanford.nlp.sempre.cubeworld.StacksWorld.getLevel (string pattern)))	response=
date=Mon Feb 29 16:11:34 PST 2016	sessionId=GAGXqGzj2Af	remote=DN525bnu.SUNet	format=lisp2json	query=(execute (call edu.stanford.nlp.sempre.cubeworld.StacksWorld.getLevel (string babystep)))	response=
date=Mon Feb 29 16:11:35 PST 2016	sessionId=GAGXqGzj2Af	remote=DN525bnu.SUNet	format=lisp2json	query=(execute (call edu.stanford.nlp.sempre.cubeworld.StacksWorld.getLevel (string remove)))	response=
date=Mon Feb 29 16:11:35 PST 2016	sessionId=GAGXqGzj2Af	remote=DN525bnu.SUNet	format=lisp2json	query=(execute (call edu.stanford.nlp.sempre.cubeworld.StacksWorld.getLevel (string babystep)))	response=
date=Mon Feb 29 16:11:36 PST 2016	sessionId=GAGXqGzj2Af	remote=DN525bnu.SUNet	format=lisp2json	query=(execute (call edu.stanford.nlp.sempre.cubeworld.StacksWorld.getLevel (string pattern)))	response=
date=Mon Feb 29 16:11:36 PST 2016	sessionId=GAGXqGzj2Af	remote=DN525bnu.SUNet	format=lisp2json	query=(execute (call edu.stanford.nlp.sempre.cubeworld.StacksWorld.getLevel (string babynot)))	response=
date=Mon Feb 29 16:11:36 PST 2016	sessionId=GAGXqGzj2Af	remote=DN525bnu.SUNet	format=lisp2json	query=(execute (call edu.stanford.nlp.sempre.cubeworld.StacksWorld.getLevel (string babystack)))	response=
date=Mon Feb 29 16:11:36 PST 2016	sessionId=GAGXqGzj2Af	remote=DN525bnu.SUNet	format=lisp2json	query=(execute (call edu.stanford.nlp.sempre.cubeworld.StacksWorld.getLevel (string triangle)))	response=
date=Mon Feb 29 16:11:38 PST 2016	sessionId=GAGXqGzj2Af	remote=DN525bnu.SUNet	format=lisp2json	query=(execute (call edu.stanford.nlp.sempre.cubeworld.StacksWorld.getLevel (string babynot)))	response=
date=Mon Feb 29 16:11:38 PST 2016	sessionId=GAGXqGzj2Af	remote=DN525bnu.SUNet	format=lisp2json	query=(execute (call edu.stanford.nlp.sempre.cubeworld.StacksWorld.getLevel (string triangle)))	response=
date=Mon Feb 29 16:11:39 PST 2016	sessionId=GAGXqGzj2Af	remote=DN525bnu.SUNet	format=lisp2json	query=(execute (call edu.stanford.nlp.sempre.cubeworld.StacksWorld.getLevel (string pattern)))	response=
date=Mon Feb 29 16:11:39 PST 2016	sessionId=GAGXqGzj2Af	remote=DN525bnu.SUNet	format=lisp2json	query=(execute (call edu.stanford.nlp.sempre.cubeworld.StacksWorld.getLevel (string babynot)))	response=
date=Mon Feb 29 16:11:40 PST 2016	sessionId=GAGXqGzj2Af	remote=DN525bnu.SUNet	format=lisp2json	query=(execute (call edu.stanford.nlp.sempre.cubeworld.StacksWorld.getLevel (string littlehouse)))	response=
date=Mon Feb 29 16:11:40 PST 2016	sessionId=GAGXqGzj2Af	remote=DN525bnu.SUNet	format=lisp2json	query=(execute (call edu.stanford.nlp.sempre.cubeworld.StacksWorld.getLevel (string triangle)))	response=
date=Mon Feb 29 16:11:41 PST 2016	sessionId=GAGXqGzj2Af	remote=DN525bnu.SUNet	format=lisp2json	query=(execute (call edu.stanford.nlp.sempre.cubeworld.StacksWorld.getLevel (string babynot)))	response=
date=Mon Feb 29 16:11:42 PST 2016	sessionId=GAGXqGzj2Af	remote=DN525bnu.SUNet	format=lisp2json	query=(execute (call edu.stanford.nlp.sempre.cubeworld.StacksWorld.getLevel (string pattern)))	response=
date=Mon Feb 29 16:11:42 PST 2016	sessionId=GAGXqGzj2Af	remote=DN525bnu.SUNet	format=lisp2json	query=(execute (call edu.stanford.nlp.sempre.cubeworld.StacksWorld.getLevel (string babystep)))	response=
date=Mon Feb 29 16:11:42 PST 2016	sessionId=GAGXqGzj2Af	remote=DN525bnu.SUNet	format=lisp2json	query=(execute (call edu.stanford.nlp.sempre.cubeworld.StacksWorld.getLevel (string remove)))	response=
date=Mon Feb 29 16:11:42 PST 2016	sessionId=GAGXqGzj2Af	remote=DN525bnu.SUNet	format=lisp2json	query=(execute (call edu.stanford.nlp.sempre.cubeworld.StacksWorld.getLevel (string babynot)))	response=
date=Mon Feb 29 16:11:43 PST 2016	sessionId=GAGXqGzj2Af	remote=DN525bnu.SUNet	format=lisp2json	query=(execute (call edu.stanford.nlp.sempre.cubeworld.StacksWorld.getLevel (string triangle)))	response=
date=Mon Feb 29 16:11:44 PST 2016	sessionId=GAGXqGzj2Af	remote=DN525bnu.SUNet	format=lisp2json	query=(execute (call edu.stanford.nlp.sempre.cubeworld.StacksWorld.getLevel (string babynot)))	response=
date=Mon Feb 29 16:11:45 PST 2016	sessionId=GAGXqGzj2Af	remote=DN525bnu.SUNet	format=lisp2json	query=(execute (call edu.stanford.nlp.sempre.cubeworld.StacksWorld.getLevel (string triangle)))	response=
date=Mon Feb 29 16:11:45 PST 2016	sessionId=GAGXqGzj2Af	remote=DN525bnu.SUNet	format=lisp2json	query=(execute (call edu.stanford.nlp.sempre.cubeworld.StacksWorld.getLevel (string babynot)))	response=
date=Mon Feb 29 16:11:46 PST 2016	sessionId=GAGXqGzj2Af	remote=DN525bnu.SUNet	format=lisp2json	query=(execute (call edu.stanford.nlp.sempre.cubeworld.StacksWorld.getLevel (string remove)))	response=
date=Mon Feb 29 16:11:47 PST 2016	sessionId=GAGXqGzj2Af	remote=DN525bnu.SUNet	format=lisp2json	query=(execute (call edu.stanford.nlp.sempre.cubeworld.StacksWorld.getLevel (string babynot)))	response=
date=Mon Feb 29 16:11:47 PST 2016	sessionId=GAGXqGzj2Af	remote=DN525bnu.SUNet	format=lisp2json	query=(execute (call edu.stanford.nlp.sempre.cubeworld.StacksWorld.getLevel (string littlehouse)))	response=
date=Mon Feb 29 16:11:48 PST 2016	sessionId=GAGXqGzj2Af	remote=DN525bnu.SUNet	format=lisp2json	query=(execute (call edu.stanford.nlp.sempre.cubeworld.StacksWorld.getLevel (string triangle)))	response=
date=Mon Feb 29 16:26:31 PST 2016	sessionId=GAGXqGzj2Af	remote=DN525bnu.SUNet	format=lisp2json	query=(execute (call edu.stanford.nlp.sempre.cubeworld.StacksWorld.getLevel (string remove)))	response=
date=Mon Feb 29 17:21:15 PST 2016	sessionId=GAGXqGzj2Af	remote=DN525bnu.SUNet	format=lisp2json	query=(execute (call edu.stanford.nlp.sempre.cubeworld.StacksWorld.getLevel (string remove)))	response=
date=Mon Feb 29 17:21:17 PST 2016	sessionId=GAGXqGzj2Af	remote=DN525bnu.SUNet	format=lisp2json	query=(execute (call edu.stanford.nlp.sempre.cubeworld.StacksWorld.getLevel (string babystack)))	response=
date=Mon Feb 29 17:21:24 PST 2016	sessionId=GAGXqGzj2Af	remote=DN525bnu.SUNet	format=lisp2json	query=(execute (call edu.stanford.nlp.sempre.cubeworld.StacksWorld.getLevel (string babynot)))	response=
date=Mon Feb 29 17:21:24 PST 2016	sessionId=GAGXqGzj2Af	remote=DN525bnu.SUNet	format=lisp2json	query=(execute (call edu.stanford.nlp.sempre.cubeworld.StacksWorld.getLevel (string babystep)))	response=
date=Mon Feb 29 17:21:26 PST 2016	sessionId=GAGXqGzj2Af	remote=DN525bnu.SUNet	format=lisp2json	query=(execute (call edu.stanford.nlp.sempre.cubeworld.StacksWorld.getLevel (string remove)))	response=
date=Mon Feb 29 17:22:38 PST 2016	sessionId=GAGXqGzj2Af	remote=DN525bnu.SUNet	format=lisp2json	query=(execute (call edu.stanford.nlp.sempre.cubeworld.StacksWorld.getLevel (string remove)))	response=
date=Mon Feb 29 17:31:19 PST 2016	sessionId=GAGXqGzj2Af	remote=DN525bnu.SUNet	format=lisp2json	query=(execute (call edu.stanford.nlp.sempre.cubeworld.StacksWorld.getLevel (string remove)))	response=
date=Mon Feb 29 17:31:25 PST 2016	sessionId=GAGXqGzj2Af	remote=DN525bnu.SUNet	format=lisp2json	query=(execute (call edu.stanford.nlp.sempre.cubeworld.StacksWorld.getLevel (string babynot)))	response=
date=Mon Feb 29 17:31:25 PST 2016	sessionId=GAGXqGzj2Af	remote=DN525bnu.SUNet	format=lisp2json	query=(execute (call edu.stanford.nlp.sempre.cubeworld.StacksWorld.getLevel (string littlehouse)))	response=
date=Mon Feb 29 17:31:25 PST 2016	sessionId=GAGXqGzj2Af	remote=DN525bnu.SUNet	format=lisp2json	query=(execute (call edu.stanford.nlp.sempre.cubeworld.StacksWorld.getLevel (string babynot)))	response=
date=Mon Feb 29 17:31:30 PST 2016	sessionId=GAGXqGzj2Af	remote=DN525bnu.SUNet	format=lisp2json	query=(execute (call edu.stanford.nlp.sempre.cubeworld.StacksWorld.getLevel (string remove)))	response=
date=Mon Feb 29 17:35:21 PST 2016	sessionId=GAGXqGzj2Af	remote=DN525bnu.SUNet	format=lisp2json	query=(execute (call edu.stanford.nlp.sempre.cubeworld.StacksWorld.getLevel (string remove)))	response=
date=Mon Feb 29 17:37:18 PST 2016	sessionId=GAGXqGzj2Af	remote=DN525bnu.SUNet	format=lisp2json	query=(execute (call edu.stanford.nlp.sempre.cubeworld.StacksWorld.getLevel (string remove)))	response=  (string [[0],[3],[2],[3],[3],[3],[3]]|[[],[3],[2],[3],[3],[3],[3]])
date=Mon Feb 29 17:37:19 PST 2016	sessionId=GAGXqGzj2Af	remote=DN525bnu.SUNet	format=lisp2json	query=(execute (call edu.stanford.nlp.sempre.cubeworld.StacksWorld.getLevel (string babystack)))	response=  (string [[2],[3,1],[2,3],[1]]|[[],[3],[2,3],[]])
date=Mon Feb 29 17:37:19 PST 2016	sessionId=GAGXqGzj2Af	remote=DN525bnu.SUNet	format=lisp2json	query=(execute (call edu.stanford.nlp.sempre.cubeworld.StacksWorld.getLevel (string pattern)))	response=  (string [[3,3],[2,2],[3,3],[2,2],[3,3],[2,2]]|[[3,3,2],[2,2],[3,3,2],[2,2],[3,3,2],[2,2]])
date=Mon Feb 29 17:37:22 PST 2016	sessionId=GAGXqGzj2Af	remote=DN525bnu.SUNet	format=lisp2json	query=(context (graph NaiveKnowledgeGraph ((string [[3,3],[2,2],[3,3],[2,2],[3,3],[2,2]]) (name b) (name c))))	response=
date=Mon Feb 29 17:37:22 PST 2016	sessionId=GAGXqGzj2Af	remote=DN525bnu.SUNet	format=lisp2json	query=fdsg sdfg	response=(call edu.stanford.nlp.sempre.cubeworld.StacksWorld.wallToString (call context:edu.stanford.nlp.sempre.cubeworld.StacksWorld.removeTop (call context:edu.stanford.nlp.sempre.cubeworld.StacksWorld.getNonEmpty))) => (string [[3],[2],[3],[2],[3],[2]])
date=Mon Feb 29 17:37:33 PST 2016	sessionId=GAGXqGzj2Af	remote=DN525bnu.SUNet	format=lisp2json	query=(execute (call edu.stanford.nlp.sempre.cubeworld.StacksWorld.getLevel (string remove)))	response=  (string [[2],[2],[2],[1],[3],[1],[0]]|[[2],[2],[2],[1],[],[1],[0]])
date=Mon Feb 29 17:37:46 PST 2016	sessionId=GAGXqGzj2Af	remote=DN525bnu.SUNet	format=lisp2json	query=(execute (call edu.stanford.nlp.sempre.cubeworld.StacksWorld.getLevel (string babystep)))	response=  (string [[3],[0],[3],[3],[0]]|[[3],[],[3],[3],[]])
date=Mon Feb 29 17:37:47 PST 2016	sessionId=GAGXqGzj2Af	remote=DN525bnu.SUNet	format=lisp2json	query=(execute (call edu.stanford.nlp.sempre.cubeworld.StacksWorld.getLevel (string littlehouse)))	response=  (string [[0,0],[0,1,1],[0,1,1],[0,1],[0,0]]|[[0,0,0],[0,1,1,0],[0,1,1,1,0],[0,1,1,0],[0,0,0]])
date=Mon Feb 29 17:37:47 PST 2016	sessionId=GAGXqGzj2Af	remote=DN525bnu.SUNet	format=lisp2json	query=(execute (call edu.stanford.nlp.sempre.cubeworld.StacksWorld.getLevel (string babynot)))	response=  (string [[1],[0],[1]]|[[1],[0,1],[1]])
date=Mon Feb 29 17:37:54 PST 2016	sessionId=GAGXqGzj2Af	remote=DN525bnu.SUNet	format=lisp2json	query=(execute (call edu.stanford.nlp.sempre.cubeworld.StacksWorld.getLevel (string remove)))	response=  (string [[0],[3],[1],[1],[0],[0],[0]]|[[0],[],[1],[1],[0],[0],[0]])
date=Mon Feb 29 18:04:07 PST 2016	sessionId=GAGXqGzj2Af	remote=DN525bnu.SUNet	format=lisp2json	query=(execute (call edu.stanford.nlp.sempre.cubeworld.StacksWorld.getLevel (string remove)))	response=  (string [[1],[3],[1],[2],[1],[0],[3]]|[[1],[3],[1],[],[1],[0],[3]])
date=Mon Feb 29 18:04:08 PST 2016	sessionId=GAGXqGzj2Af	remote=DN525bnu.SUNet	format=lisp2json	query=(execute (call edu.stanford.nlp.sempre.cubeworld.StacksWorld.getLevel (string remove)))	response=  (string [[0],[2],[3],[0],[2]]|[[],[2],[3],[],[2]])
date=Mon Feb 29 18:06:38 PST 2016	sessionId=GAGXqGzj2Af	remote=DN525bnu.SUNet	format=lisp2json	query=(execute (call edu.stanford.nlp.sempre.cubeworld.StacksWorld.getLevel (string remove)))	response=  (string [[1],[2],[0],[2],[3]]|[[1],[2],[0],[2],[]])
date=Mon Feb 29 23:09:02 PST 2016	sessionId=GAGXqGzj2Af	remote=sidawmain.stanford.edu	format=lisp2json	query=(execute (call edu.stanford.nlp.sempre.cubeworld.StacksWorld.getLevel (string remove)))	response=
date=Tue Mar 01 00:28:26 PST 2016	sessionId=GAGXqGzj2Af	remote=sidawmain.stanford.edu	format=lisp2json	query=(execute (call edu.stanford.nlp.sempre.cubeworld.StacksWorld.getLevel (string remove)))	response=
date=Tue Mar 01 00:28:27 PST 2016	sessionId=GAGXqGzj2Af	remote=sidawmain.stanford.edu	format=lisp2json	query=(execute (call edu.stanford.nlp.sempre.cubeworld.StacksWorld.getLevel (string remove)))	response=
date=Tue Mar 01 00:28:30 PST 2016	sessionId=GAGXqGzj2Af	remote=sidawmain.stanford.edu	format=lisp2json	query=(execute (call edu.stanford.nlp.sempre.cubeworld.StacksWorld.getLevel (string pattern)))	response=
date=Tue Mar 01 00:28:31 PST 2016	sessionId=GAGXqGzj2Af	remote=sidawmain.stanford.edu	format=lisp2json	query=(execute (call edu.stanford.nlp.sempre.cubeworld.StacksWorld.getLevel (string babystep)))	response=
date=Tue Mar 01 00:28:31 PST 2016	sessionId=GAGXqGzj2Af	remote=sidawmain.stanford.edu	format=lisp2json	query=(execute (call edu.stanford.nlp.sempre.cubeworld.StacksWorld.getLevel (string remove)))	response=
