date=Mon Feb 29 17:17:26 PST 2016	sessionId=J6gzvD1iJBm	remote=DN525bnu.SUNet	format=lisp2json	query=(execute (call edu.stanford.nlp.sempre.cubeworld.StacksWorld.getLevel (string remove)))	response=
date=Mon Feb 29 17:17:28 PST 2016	sessionId=J6gzvD1iJBm	remote=DN525bnu.SUNet	format=lisp2json	query=(execute (call edu.stanford.nlp.sempre.cubeworld.StacksWorld.getLevel (string remove)))	response=
date=Mon Feb 29 17:17:31 PST 2016	sessionId=J6gzvD1iJBm	remote=DN525bnu.SUNet	format=lisp2json	query=(execute (call edu.stanford.nlp.sempre.cubeworld.StacksWorld.getLevel (string remove)))	response=
date=Mon Feb 29 17:17:34 PST 2016	sessionId=J6gzvD1iJBm	remote=DN525bnu.SUNet	format=lisp2json	query=(execute (call edu.stanford.nlp.sempre.cubeworld.StacksWorld.getLevel (string babystep)))	response=
date=Mon Feb 29 17:17:34 PST 2016	sessionId=J6gzvD1iJBm	remote=DN525bnu.SUNet	format=lisp2json	query=(execute (call edu.stanford.nlp.sempre.cubeworld.StacksWorld.getLevel (string babystack)))	response=
date=Mon Feb 29 17:17:35 PST 2016	sessionId=J6gzvD1iJBm	remote=DN525bnu.SUNet	format=lisp2json	query=(execute (call edu.stanford.nlp.sempre.cubeworld.StacksWorld.getLevel (string triangle)))	response=
date=Mon Feb 29 17:17:35 PST 2016	sessionId=J6gzvD1iJBm	remote=DN525bnu.SUNet	format=lisp2json	query=(execute (call edu.stanford.nlp.sempre.cubeworld.StacksWorld.getLevel (string littlehouse)))	response=
date=Mon Feb 29 17:17:43 PST 2016	sessionId=J6gzvD1iJBm	remote=DN525bnu.SUNet	format=lisp2json	query=(execute (call edu.stanford.nlp.sempre.cubeworld.StacksWorld.getLevel (string remove)))	response=
date=Mon Feb 29 17:17:45 PST 2016	sessionId=J6gzvD1iJBm	remote=DN525bnu.SUNet	format=lisp2json	query=(execute (call edu.stanford.nlp.sempre.cubeworld.StacksWorld.getLevel (string remove)))	response=
date=Mon Feb 29 17:18:38 PST 2016	sessionId=J6gzvD1iJBm	remote=DN525bnu.SUNet	format=lisp2json	query=(execute (call edu.stanford.nlp.sempre.cubeworld.StacksWorld.getLevel (string littlehouse)))	response=
date=Mon Feb 29 17:18:38 PST 2016	sessionId=J6gzvD1iJBm	remote=DN525bnu.SUNet	format=lisp2json	query=(execute (call edu.stanford.nlp.sempre.cubeworld.StacksWorld.getLevel (string babynot)))	response=
date=Mon Feb 29 17:18:39 PST 2016	sessionId=J6gzvD1iJBm	remote=DN525bnu.SUNet	format=lisp2json	query=(execute (call edu.stanford.nlp.sempre.cubeworld.StacksWorld.getLevel (string babystep)))	response=
date=Mon Feb 29 17:18:40 PST 2016	sessionId=J6gzvD1iJBm	remote=DN525bnu.SUNet	format=lisp2json	query=(execute (call edu.stanford.nlp.sempre.cubeworld.StacksWorld.getLevel (string remove)))	response=
date=Mon Feb 29 17:18:49 PST 2016	sessionId=J6gzvD1iJBm	remote=DN525bnu.SUNet	format=lisp2json	query=(execute (call edu.stanford.nlp.sempre.cubeworld.StacksWorld.getLevel (string littlehouse)))	response=
date=Mon Feb 29 17:19:05 PST 2016	sessionId=J6gzvD1iJBm	remote=DN525bnu.SUNet	format=lisp2json	query=(execute (call edu.stanford.nlp.sempre.cubeworld.StacksWorld.getLevel (string remove)))	response=
date=Mon Feb 29 17:22:26 PST 2016	sessionId=J6gzvD1iJBm	remote=DN525bnu.SUNet	format=lisp2json	query=(execute (call edu.stanford.nlp.sempre.cubeworld.StacksWorld.getLevel (string remove)))	response=
date=Mon Feb 29 17:23:38 PST 2016	sessionId=J6gzvD1iJBm	remote=DN525bnu.SUNet	format=lisp2json	query=(execute (call edu.stanford.nlp.sempre.cubeworld.StacksWorld.getLevel (string littlehouse)))	response=
date=Mon Feb 29 17:23:38 PST 2016	sessionId=J6gzvD1iJBm	remote=DN525bnu.SUNet	format=lisp2json	query=(execute (call edu.stanford.nlp.sempre.cubeworld.StacksWorld.getLevel (string babystack)))	response=
date=Mon Feb 29 17:23:38 PST 2016	sessionId=J6gzvD1iJBm	remote=DN525bnu.SUNet	format=lisp2json	query=(execute (call edu.stanford.nlp.sempre.cubeworld.StacksWorld.getLevel (string babynot)))	response=
date=Mon Feb 29 17:23:39 PST 2016	sessionId=J6gzvD1iJBm	remote=DN525bnu.SUNet	format=lisp2json	query=(execute (call edu.stanford.nlp.sempre.cubeworld.StacksWorld.getLevel (string pattern)))	response=
date=Mon Feb 29 17:23:40 PST 2016	sessionId=J6gzvD1iJBm	remote=DN525bnu.SUNet	format=lisp2json	query=(execute (call edu.stanford.nlp.sempre.cubeworld.StacksWorld.getLevel (string remove)))	response=
date=Mon Feb 29 17:23:40 PST 2016	sessionId=J6gzvD1iJBm	remote=DN525bnu.SUNet	format=lisp2json	query=(execute (call edu.stanford.nlp.sempre.cubeworld.StacksWorld.getLevel (string pattern)))	response=
date=Mon Feb 29 17:25:11 PST 2016	sessionId=J6gzvD1iJBm	remote=DN525bnu.SUNet	format=lisp2json	query=(execute (call edu.stanford.nlp.sempre.cubeworld.StacksWorld.getLevel (string remove)))	response=
date=Mon Feb 29 17:26:53 PST 2016	sessionId=J6gzvD1iJBm	remote=DN525bnu.SUNet	format=lisp2json	query=(execute (call edu.stanford.nlp.sempre.cubeworld.StacksWorld.getLevel (string remove)))	response=
date=Mon Feb 29 17:27:09 PST 2016	sessionId=J6gzvD1iJBm	remote=DN525bnu.SUNet	format=lisp2json	query=(execute (call edu.stanford.nlp.sempre.cubeworld.StacksWorld.getLevel (string remove)))	response=
date=Mon Feb 29 17:27:19 PST 2016	sessionId=J6gzvD1iJBm	remote=DN525bnu.SUNet	format=lisp2json	query=(execute (call edu.stanford.nlp.sempre.cubeworld.StacksWorld.getLevel (string littlehouse)))	response=
date=Mon Feb 29 17:27:20 PST 2016	sessionId=J6gzvD1iJBm	remote=DN525bnu.SUNet	format=lisp2json	query=(execute (call edu.stanford.nlp.sempre.cubeworld.StacksWorld.getLevel (string babystack)))	response=
date=Mon Feb 29 17:27:21 PST 2016	sessionId=J6gzvD1iJBm	remote=DN525bnu.SUNet	format=lisp2json	query=(execute (call edu.stanford.nlp.sempre.cubeworld.StacksWorld.getLevel (string babynot)))	response=
date=Mon Feb 29 17:27:21 PST 2016	sessionId=J6gzvD1iJBm	remote=DN525bnu.SUNet	format=lisp2json	query=(execute (call edu.stanford.nlp.sempre.cubeworld.StacksWorld.getLevel (string babystack)))	response=
date=Mon Feb 29 17:27:22 PST 2016	sessionId=J6gzvD1iJBm	remote=DN525bnu.SUNet	format=lisp2json	query=(execute (call edu.stanford.nlp.sempre.cubeworld.StacksWorld.getLevel (string pattern)))	response=
date=Mon Feb 29 17:27:23 PST 2016	sessionId=J6gzvD1iJBm	remote=DN525bnu.SUNet	format=lisp2json	query=(execute (call edu.stanford.nlp.sempre.cubeworld.StacksWorld.getLevel (string remove)))	response=
date=Mon Feb 29 17:27:23 PST 2016	sessionId=J6gzvD1iJBm	remote=DN525bnu.SUNet	format=lisp2json	query=(execute (call edu.stanford.nlp.sempre.cubeworld.StacksWorld.getLevel (string babystep)))	response=
date=Mon Feb 29 17:27:24 PST 2016	sessionId=J6gzvD1iJBm	remote=DN525bnu.SUNet	format=lisp2json	query=(execute (call edu.stanford.nlp.sempre.cubeworld.StacksWorld.getLevel (string babystack)))	response=
date=Mon Feb 29 17:27:25 PST 2016	sessionId=J6gzvD1iJBm	remote=DN525bnu.SUNet	format=lisp2json	query=(execute (call edu.stanford.nlp.sempre.cubeworld.StacksWorld.getLevel (string babynot)))	response=
date=Mon Feb 29 17:27:26 PST 2016	sessionId=J6gzvD1iJBm	remote=DN525bnu.SUNet	format=lisp2json	query=(execute (call edu.stanford.nlp.sempre.cubeworld.StacksWorld.getLevel (string pattern)))	response=
date=Mon Feb 29 17:27:27 PST 2016	sessionId=J6gzvD1iJBm	remote=DN525bnu.SUNet	format=lisp2json	query=(execute (call edu.stanford.nlp.sempre.cubeworld.StacksWorld.getLevel (string remove)))	response=
date=Mon Feb 29 17:27:27 PST 2016	sessionId=J6gzvD1iJBm	remote=DN525bnu.SUNet	format=lisp2json	query=(execute (call edu.stanford.nlp.sempre.cubeworld.StacksWorld.getLevel (string babystack)))	response=
date=Mon Feb 29 17:27:27 PST 2016	sessionId=J6gzvD1iJBm	remote=DN525bnu.SUNet	format=lisp2json	query=(execute (call edu.stanford.nlp.sempre.cubeworld.StacksWorld.getLevel (string littlehouse)))	response=
date=Mon Feb 29 17:27:30 PST 2016	sessionId=J6gzvD1iJBm	remote=DN525bnu.SUNet	format=lisp2json	query=(execute (call edu.stanford.nlp.sempre.cubeworld.StacksWorld.getLevel (string pattern)))	response=
date=Mon Feb 29 17:27:30 PST 2016	sessionId=J6gzvD1iJBm	remote=DN525bnu.SUNet	format=lisp2json	query=(execute (call edu.stanford.nlp.sempre.cubeworld.StacksWorld.getLevel (string remove)))	response=
date=Mon Feb 29 17:27:31 PST 2016	sessionId=J6gzvD1iJBm	remote=DN525bnu.SUNet	format=lisp2json	query=(execute (call edu.stanford.nlp.sempre.cubeworld.StacksWorld.getLevel (string babystep)))	response=
date=Mon Feb 29 17:27:31 PST 2016	sessionId=J6gzvD1iJBm	remote=DN525bnu.SUNet	format=lisp2json	query=(execute (call edu.stanford.nlp.sempre.cubeworld.StacksWorld.getLevel (string babynot)))	response=
date=Mon Feb 29 17:27:31 PST 2016	sessionId=J6gzvD1iJBm	remote=DN525bnu.SUNet	format=lisp2json	query=(execute (call edu.stanford.nlp.sempre.cubeworld.StacksWorld.getLevel (string babystack)))	response=
date=Mon Feb 29 17:27:32 PST 2016	sessionId=J6gzvD1iJBm	remote=DN525bnu.SUNet	format=lisp2json	query=(execute (call edu.stanford.nlp.sempre.cubeworld.StacksWorld.getLevel (string littlehouse)))	response=
date=Mon Feb 29 17:27:33 PST 2016	sessionId=J6gzvD1iJBm	remote=DN525bnu.SUNet	format=lisp2json	query=(execute (call edu.stanford.nlp.sempre.cubeworld.StacksWorld.getLevel (string babystack)))	response=
date=Mon Feb 29 17:27:33 PST 2016	sessionId=J6gzvD1iJBm	remote=DN525bnu.SUNet	format=lisp2json	query=(execute (call edu.stanford.nlp.sempre.cubeworld.StacksWorld.getLevel (string babynot)))	response=
date=Mon Feb 29 17:27:33 PST 2016	sessionId=J6gzvD1iJBm	remote=DN525bnu.SUNet	format=lisp2json	query=(execute (call edu.stanford.nlp.sempre.cubeworld.StacksWorld.getLevel (string pattern)))	response=
date=Mon Feb 29 17:27:33 PST 2016	sessionId=J6gzvD1iJBm	remote=DN525bnu.SUNet	format=lisp2json	query=(execute (call edu.stanford.nlp.sempre.cubeworld.StacksWorld.getLevel (string babystep)))	response=
date=Mon Feb 29 17:27:34 PST 2016	sessionId=J6gzvD1iJBm	remote=DN525bnu.SUNet	format=lisp2json	query=(execute (call edu.stanford.nlp.sempre.cubeworld.StacksWorld.getLevel (string remove)))	response=
date=Mon Feb 29 17:30:06 PST 2016	sessionId=J6gzvD1iJBm	remote=DN525bnu.SUNet	format=lisp2json	query=(execute (call edu.stanford.nlp.sempre.cubeworld.StacksWorld.getLevel (string littlehouse)))	response=
date=Mon Feb 29 17:30:07 PST 2016	sessionId=J6gzvD1iJBm	remote=DN525bnu.SUNet	format=lisp2json	query=(execute (call edu.stanford.nlp.sempre.cubeworld.StacksWorld.getLevel (string babystack)))	response=
date=Mon Feb 29 17:30:07 PST 2016	sessionId=J6gzvD1iJBm	remote=DN525bnu.SUNet	format=lisp2json	query=(execute (call edu.stanford.nlp.sempre.cubeworld.StacksWorld.getLevel (string babynot)))	response=
date=Mon Feb 29 17:30:08 PST 2016	sessionId=J6gzvD1iJBm	remote=DN525bnu.SUNet	format=lisp2json	query=(execute (call edu.stanford.nlp.sempre.cubeworld.StacksWorld.getLevel (string babystep)))	response=
date=Mon Feb 29 17:30:08 PST 2016	sessionId=J6gzvD1iJBm	remote=DN525bnu.SUNet	format=lisp2json	query=(execute (call edu.stanford.nlp.sempre.cubeworld.StacksWorld.getLevel (string remove)))	response=
date=Mon Feb 29 17:30:08 PST 2016	sessionId=J6gzvD1iJBm	remote=DN525bnu.SUNet	format=lisp2json	query=(execute (call edu.stanford.nlp.sempre.cubeworld.StacksWorld.getLevel (string babynot)))	response=
date=Mon Feb 29 17:30:09 PST 2016	sessionId=J6gzvD1iJBm	remote=DN525bnu.SUNet	format=lisp2json	query=(execute (call edu.stanford.nlp.sempre.cubeworld.StacksWorld.getLevel (string babystack)))	response=
date=Mon Feb 29 17:30:09 PST 2016	sessionId=J6gzvD1iJBm	remote=DN525bnu.SUNet	format=lisp2json	query=(execute (call edu.stanford.nlp.sempre.cubeworld.StacksWorld.getLevel (string littlehouse)))	response=
date=Mon Feb 29 17:30:09 PST 2016	sessionId=J6gzvD1iJBm	remote=DN525bnu.SUNet	format=lisp2json	query=(execute (call edu.stanford.nlp.sempre.cubeworld.StacksWorld.getLevel (string babystack)))	response=
date=Mon Feb 29 17:30:10 PST 2016	sessionId=J6gzvD1iJBm	remote=DN525bnu.SUNet	format=lisp2json	query=(execute (call edu.stanford.nlp.sempre.cubeworld.StacksWorld.getLevel (string pattern)))	response=
date=Mon Feb 29 17:30:10 PST 2016	sessionId=J6gzvD1iJBm	remote=DN525bnu.SUNet	format=lisp2json	query=(execute (call edu.stanford.nlp.sempre.cubeworld.StacksWorld.getLevel (string babystack)))	response=
date=Mon Feb 29 17:30:11 PST 2016	sessionId=J6gzvD1iJBm	remote=DN525bnu.SUNet	format=lisp2json	query=(execute (call edu.stanford.nlp.sempre.cubeworld.StacksWorld.getLevel (string pattern)))	response=
date=Mon Feb 29 17:30:12 PST 2016	sessionId=J6gzvD1iJBm	remote=DN525bnu.SUNet	format=lisp2json	query=(execute (call edu.stanford.nlp.sempre.cubeworld.StacksWorld.getLevel (string babystep)))	response=
date=Mon Feb 29 17:30:12 PST 2016	sessionId=J6gzvD1iJBm	remote=DN525bnu.SUNet	format=lisp2json	query=(execute (call edu.stanford.nlp.sempre.cubeworld.StacksWorld.getLevel (string remove)))	response=
date=Mon Feb 29 17:42:31 PST 2016	sessionId=J6gzvD1iJBm	remote=DN525bnu.SUNet	format=lisp2json	query=(execute (call edu.stanford.nlp.sempre.cubeworld.StacksWorld.getLevel (string pattern)))	response=  (string [[1,1],[1,2],[1,1]]|[[1,1,3],[1,2],[1,1,3]])
date=Mon Feb 29 17:42:37 PST 2016	sessionId=J6gzvD1iJBm	remote=DN525bnu.SUNet	format=lisp2json	query=(context (graph NaiveKnowledgeGraph ((string [[1,1],[1,2],[1,1]]) (name b) (name c))))	response=
date=Mon Feb 29 17:42:37 PST 2016	sessionId=J6gzvD1iJBm	remote=DN525bnu.SUNet	format=lisp2json	query=sdf asdfsad asdf	response=(call edu.stanford.nlp.sempre.cubeworld.StacksWorld.wallToString (call context:edu.stanford.nlp.sempre.cubeworld.StacksWorld.removeTop (call context:edu.stanford.nlp.sempre.cubeworld.StacksWorld.getNonEmpty))) => (string [[1],[1],[1]])
date=Mon Feb 29 17:43:03 PST 2016	sessionId=J6gzvD1iJBm	remote=DN525bnu.SUNet	format=lisp2json	query=(context (graph NaiveKnowledgeGraph ((string [[1,1],[1,2],[1,1]]) (name b) (name c))))	response=
date=Mon Feb 29 17:43:03 PST 2016	sessionId=J6gzvD1iJBm	remote=DN525bnu.SUNet	format=lisp2json	query=sdfg asf  asdf asdfasdfads asd	response=(call edu.stanford.nlp.sempre.cubeworld.StacksWorld.wallToString (call context:edu.stanford.nlp.sempre.cubeworld.StacksWorld.removeTop (call context:edu.stanford.nlp.sempre.cubeworld.StacksWorld.getNonEmpty))) => (string [[1],[1],[1]])
date=Mon Feb 29 17:43:04 PST 2016	sessionId=J6gzvD1iJBm	remote=DN525bnu.SUNet	format=lisp2json	query=sdfg asf  asdf asdfasdfads asd	response=(call edu.stanford.nlp.sempre.cubeworld.StacksWorld.wallToString (call context:edu.stanford.nlp.sempre.cubeworld.StacksWorld.removeTop (call context:edu.stanford.nlp.sempre.cubeworld.StacksWorld.getNonEmpty))) => (string [[1],[1],[1]])
date=Mon Feb 29 17:43:25 PST 2016	sessionId=J6gzvD1iJBm	remote=DN525bnu.SUNet	format=lisp2json	query=(accept 36)	response=(call edu.stanford.nlp.sempre.cubeworld.StacksWorld.wallToString (call context:edu.stanford.nlp.sempre.cubeworld.StacksWorld.stackOnTop (call edu.stanford.nlp.sempre.cubeworld.StacksWorld.rightMost1 (call context:edu.stanford.nlp.sempre.cubeworld.StacksWorld.getNonEmpty)) (number 2 COLOR))) => (string [[1,1],[1,2],[1,1,2]])
date=Mon Feb 29 17:43:29 PST 2016	sessionId=J6gzvD1iJBm	remote=DN525bnu.SUNet	format=lisp2json	query=(context (graph NaiveKnowledgeGraph ((string [[1,1],[1,2],[1,1,2]]) (name b) (name c))))	response=
date=Mon Feb 29 17:43:29 PST 2016	sessionId=J6gzvD1iJBm	remote=DN525bnu.SUNet	format=lisp2json	query=dfssa	response=(call edu.stanford.nlp.sempre.cubeworld.StacksWorld.wallToString (call context:edu.stanford.nlp.sempre.cubeworld.StacksWorld.stackOnTop (call edu.stanford.nlp.sempre.cubeworld.StacksWorld.rightMost1 (call context:edu.stanford.nlp.sempre.cubeworld.StacksWorld.getNonEmpty)) (number 2 COLOR))) => (string [[1,1],[1,2],[1,1,2,2]])
date=Mon Feb 29 23:04:36 PST 2016	sessionId=J6gzvD1iJBm	remote=sidawmain.stanford.edu	format=lisp2json	query=(execute (call edu.stanford.nlp.sempre.cubeworld.StacksWorld.getLevel (string remove)))	response=
