date=Mon Feb 29 21:58:23 PST 2016	sessionId=kj8VxJ2qMzl	remote=sidawun.stanford.edu	format=lisp2json	query=(execute (call edu.stanford.nlp.sempre.cubeworld.StacksWorld.getLevel (string remove)))	response=
date=Mon Feb 29 21:58:23 PST 2016	sessionId=kj8VxJ2qMzl	remote=sidawun.stanford.edu	format=lisp2json	query=(execute (call edu.stanford.nlp.sempre.cubeworld.StacksWorld.getLevel (string remove)))	response=
date=Mon Feb 29 21:58:30 PST 2016	sessionId=kj8VxJ2qMzl	remote=sidawun.stanford.edu	format=lisp2json	query=(context (graph NaiveKnowledgeGraph ((string [[1],[3],[3],[2],[0],[0],[1]]) (name b) (name c))))	response=
date=Mon Feb 29 21:58:30 PST 2016	sessionId=kj8VxJ2qMzl	remote=sidawun.stanford.edu	format=lisp2json	query=rm+og	response=(call edu.stanford.nlp.sempre.cubeworld.StacksWorld.wallToString (call context:edu.stanford.nlp.sempre.cubeworld.StacksWorld.removeTop (call context:edu.stanford.nlp.sempre.cubeworld.StacksWorld.getNonEmpty))) => (string [[],[],[],[],[],[],[]])
date=Mon Feb 29 21:58:33 PST 2016	sessionId=kj8VxJ2qMzl	remote=sidawun.stanford.edu	format=lisp2json	query=(accept 7)	response=(call edu.stanford.nlp.sempre.cubeworld.StacksWorld.wallToString (call context:edu.stanford.nlp.sempre.cubeworld.StacksWorld.removeTop (call context:edu.stanford.nlp.sempre.cubeworld.StacksWorld.getTopColor (number 3 COLOR)))) => (string [[1],[],[],[2],[0],[0],[1]])
date=Mon Feb 29 21:58:33 PST 2016	sessionId=kj8VxJ2qMzl	remote=sidawun.stanford.edu	format=lisp2json	query=(execute (call edu.stanford.nlp.sempre.cubeworld.StacksWorld.getLevel (string remove)))	response=
date=Mon Feb 29 21:58:38 PST 2016	sessionId=kj8VxJ2qMzl	remote=sidawun.stanford.edu	format=lisp2json	query=(context (graph NaiveKnowledgeGraph ((string [[2],[1],[3],[2],[2]]) (name b) (name c))))	response=
date=Mon Feb 29 21:58:38 PST 2016	sessionId=kj8VxJ2qMzl	remote=sidawun.stanford.edu	format=lisp2json	query=rm+br	response=(call edu.stanford.nlp.sempre.cubeworld.StacksWorld.wallToString (call context:edu.stanford.nlp.sempre.cubeworld.StacksWorld.removeTop (call context:edu.stanford.nlp.sempre.cubeworld.StacksWorld.getTopColor (number 3 COLOR)))) => (string [[2],[1],[],[2],[2]])
date=Mon Feb 29 21:58:41 PST 2016	sessionId=kj8VxJ2qMzl	remote=sidawun.stanford.edu	format=lisp2json	query=(accept 12)	response=(call edu.stanford.nlp.sempre.cubeworld.StacksWorld.wallToString (call context:edu.stanford.nlp.sempre.cubeworld.StacksWorld.removeTop (call context:edu.stanford.nlp.sempre.cubeworld.StacksWorld.getTopColor (number 1 COLOR)))) => (string [[2],[],[3],[2],[2]])
date=Mon Feb 29 21:58:44 PST 2016	sessionId=kj8VxJ2qMzl	remote=sidawun.stanford.edu	format=lisp2json	query=(context (graph NaiveKnowledgeGraph ((string [[2],[],[3],[2],[2]]) (name b) (name c))))	response=
date=Mon Feb 29 21:58:44 PST 2016	sessionId=kj8VxJ2qMzl	remote=sidawun.stanford.edu	format=lisp2json	query=rm+og	response=(call edu.stanford.nlp.sempre.cubeworld.StacksWorld.wallToString (call context:edu.stanford.nlp.sempre.cubeworld.StacksWorld.removeTop (call context:edu.stanford.nlp.sempre.cubeworld.StacksWorld.getTopColor (number 3 COLOR)))) => (string [[2],[],[],[2],[2]])
date=Mon Feb 29 21:58:51 PST 2016	sessionId=kj8VxJ2qMzl	remote=sidawun.stanford.edu	format=lisp2json	query=(context (graph NaiveKnowledgeGraph ((string [[2],[1],[3],[2],[2]]) (name b) (name c))))	response=
date=Mon Feb 29 21:58:51 PST 2016	sessionId=kj8VxJ2qMzl	remote=sidawun.stanford.edu	format=lisp2json	query=rm+br	response=(call edu.stanford.nlp.sempre.cubeworld.StacksWorld.wallToString (call context:edu.stanford.nlp.sempre.cubeworld.StacksWorld.removeTop (call context:edu.stanford.nlp.sempre.cubeworld.StacksWorld.getTopColor (number 1 COLOR)))) => (string [[2],[],[3],[2],[2]])
date=Mon Feb 29 21:58:56 PST 2016	sessionId=kj8VxJ2qMzl	remote=sidawun.stanford.edu	format=lisp2json	query=(context (graph NaiveKnowledgeGraph ((string [[2],[1],[3],[2],[2]]) (name b) (name c))))	response=
date=Mon Feb 29 21:58:56 PST 2016	sessionId=kj8VxJ2qMzl	remote=sidawun.stanford.edu	format=lisp2json	query=rm+og	response=(call edu.stanford.nlp.sempre.cubeworld.StacksWorld.wallToString (call context:edu.stanford.nlp.sempre.cubeworld.StacksWorld.removeTop (call context:edu.stanford.nlp.sempre.cubeworld.StacksWorld.getTopColor (number 3 COLOR)))) => (string [[2],[1],[],[2],[2]])
date=Mon Feb 29 21:59:07 PST 2016	sessionId=kj8VxJ2qMzl	remote=sidawun.stanford.edu	format=lisp2json	query=(context (graph NaiveKnowledgeGraph ((string [[2],[1],[3],[2],[2]]) (name b) (name c))))	response=
date=Mon Feb 29 21:59:07 PST 2016	sessionId=kj8VxJ2qMzl	remote=sidawun.stanford.edu	format=lisp2json	query=put+red	response=(call edu.stanford.nlp.sempre.cubeworld.StacksWorld.wallToString (call context:edu.stanford.nlp.sempre.cubeworld.StacksWorld.removeTop (call context:edu.stanford.nlp.sempre.cubeworld.StacksWorld.getTopColor (number 3 COLOR)))) => (string [[2],[1],[],[2],[2]])
date=Mon Feb 29 21:59:20 PST 2016	sessionId=kj8VxJ2qMzl	remote=sidawun.stanford.edu	format=lisp2json	query=(accept 81)	response=(call edu.stanford.nlp.sempre.cubeworld.StacksWorld.wallToString (call context:edu.stanford.nlp.sempre.cubeworld.StacksWorld.stackOnTop (call context:edu.stanford.nlp.sempre.cubeworld.StacksWorld.getTopColor (number 2 COLOR)) (number 2 COLOR))) => (string [[2,2],[1],[3],[2,2],[2,2]])
date=Mon Feb 29 21:59:23 PST 2016	sessionId=kj8VxJ2qMzl	remote=sidawun.stanford.edu	format=lisp2json	query=(context (graph NaiveKnowledgeGraph ((string [[2,2],[1],[3],[2,2],[2,2]]) (name b) (name c))))	response=
date=Mon Feb 29 21:59:24 PST 2016	sessionId=kj8VxJ2qMzl	remote=sidawun.stanford.edu	format=lisp2json	query=rm+red	response=(call edu.stanford.nlp.sempre.cubeworld.StacksWorld.wallToString (call context:edu.stanford.nlp.sempre.cubeworld.StacksWorld.removeTop (call context:edu.stanford.nlp.sempre.cubeworld.StacksWorld.getTopColor (number 3 COLOR)))) => (string [[2,2],[1],[],[2,2],[2,2]])
date=Tue Mar 01 14:55:33 PST 2016	sessionId=kj8VxJ2qMzl	remote=sidawun.stanford.edu	format=lisp2json	query=(execute (call edu.stanford.nlp.sempre.cubeworld.StacksWorld.getLevel (string remove)))	response=
date=Wed Mar 02 10:52:02 PST 2016	sessionId=kj8VxJ2qMzl	remote=sidawun.stanford.edu	format=lisp2json	query=(execute (call edu.stanford.nlp.sempre.cubeworld.StacksWorld.getLevel (string remove)))	response=  (string [[0],[3],[2],[3],[3],[3],[3]]|[[],[3],[2],[3],[3],[3],[3]])
