date=Tue Mar 01 00:47:56 PST 2016	sessionId=rk8Pq8vxpVy	remote=sidawmain.stanford.edu	format=lisp2json	query=(execute (call edu.stanford.nlp.sempre.cubeworld.StacksWorld.getLevel (string remove)))	response=
date=Tue Mar 01 00:47:56 PST 2016	sessionId=rk8Pq8vxpVy	remote=sidawmain.stanford.edu	format=lisp2json	query=(execute (call edu.stanford.nlp.sempre.cubeworld.StacksWorld.getLevel (string remove)))	response=
date=Tue Mar 01 00:47:57 PST 2016	sessionId=rk8Pq8vxpVy	remote=sidawmain.stanford.edu	format=lisp2json	query=(execute (call edu.stanford.nlp.sempre.cubeworld.StacksWorld.getLevel (string pattern)))	response=
date=Tue Mar 01 00:47:58 PST 2016	sessionId=rk8Pq8vxpVy	remote=sidawmain.stanford.edu	format=lisp2json	query=(execute (call edu.stanford.nlp.sempre.cubeworld.StacksWorld.getLevel (string littlehouse)))	response=
date=Tue Mar 01 00:47:58 PST 2016	sessionId=rk8Pq8vxpVy	remote=sidawmain.stanford.edu	format=lisp2json	query=(execute (call edu.stanford.nlp.sempre.cubeworld.StacksWorld.getLevel (string triangle)))	response=
date=Tue Mar 01 00:47:59 PST 2016	sessionId=rk8Pq8vxpVy	remote=sidawmain.stanford.edu	format=lisp2json	query=(execute (call edu.stanford.nlp.sempre.cubeworld.StacksWorld.getLevel (string littlehouse)))	response=
date=Tue Mar 01 00:48:00 PST 2016	sessionId=rk8Pq8vxpVy	remote=sidawmain.stanford.edu	format=lisp2json	query=(execute (call edu.stanford.nlp.sempre.cubeworld.StacksWorld.getLevel (string triangle)))	response=
date=Tue Mar 01 00:48:00 PST 2016	sessionId=rk8Pq8vxpVy	remote=sidawmain.stanford.edu	format=lisp2json	query=(execute (call edu.stanford.nlp.sempre.cubeworld.StacksWorld.getLevel (string littlehouse)))	response=
date=Tue Mar 01 00:48:04 PST 2016	sessionId=rk8Pq8vxpVy	remote=sidawmain.stanford.edu	format=lisp2json	query=(execute (call edu.stanford.nlp.sempre.cubeworld.StacksWorld.getLevel (string triangle)))	response=
date=Tue Mar 01 00:48:06 PST 2016	sessionId=rk8Pq8vxpVy	remote=sidawmain.stanford.edu	format=lisp2json	query=(execute (call edu.stanford.nlp.sempre.cubeworld.StacksWorld.getLevel (string littlehouse)))	response=
date=Tue Mar 01 00:48:07 PST 2016	sessionId=rk8Pq8vxpVy	remote=sidawmain.stanford.edu	format=lisp2json	query=(execute (call edu.stanford.nlp.sempre.cubeworld.StacksWorld.getLevel (string babystack)))	response=
date=Tue Mar 01 00:48:07 PST 2016	sessionId=rk8Pq8vxpVy	remote=sidawmain.stanford.edu	format=lisp2json	query=(execute (call edu.stanford.nlp.sempre.cubeworld.StacksWorld.getLevel (string littlehouse)))	response=
date=Tue Mar 01 00:48:07 PST 2016	sessionId=rk8Pq8vxpVy	remote=sidawmain.stanford.edu	format=lisp2json	query=(execute (call edu.stanford.nlp.sempre.cubeworld.StacksWorld.getLevel (string triangle)))	response=
date=Tue Mar 01 00:48:08 PST 2016	sessionId=rk8Pq8vxpVy	remote=sidawmain.stanford.edu	format=lisp2json	query=(execute (call edu.stanford.nlp.sempre.cubeworld.StacksWorld.getLevel (string littlehouse)))	response=
date=Tue Mar 01 00:48:08 PST 2016	sessionId=rk8Pq8vxpVy	remote=sidawmain.stanford.edu	format=lisp2json	query=(execute (call edu.stanford.nlp.sempre.cubeworld.StacksWorld.getLevel (string babystack)))	response=
date=Tue Mar 01 00:48:09 PST 2016	sessionId=rk8Pq8vxpVy	remote=sidawmain.stanford.edu	format=lisp2json	query=(execute (call edu.stanford.nlp.sempre.cubeworld.StacksWorld.getLevel (string littlehouse)))	response=
date=Tue Mar 01 00:48:10 PST 2016	sessionId=rk8Pq8vxpVy	remote=sidawmain.stanford.edu	format=lisp2json	query=(execute (call edu.stanford.nlp.sempre.cubeworld.StacksWorld.getLevel (string triangle)))	response=
date=Tue Mar 01 00:48:18 PST 2016	sessionId=rk8Pq8vxpVy	remote=sidawmain.stanford.edu	format=lisp2json	query=(execute (call edu.stanford.nlp.sempre.cubeworld.StacksWorld.getLevel (string littlehouse)))	response=
date=Tue Mar 01 00:48:18 PST 2016	sessionId=rk8Pq8vxpVy	remote=sidawmain.stanford.edu	format=lisp2json	query=(execute (call edu.stanford.nlp.sempre.cubeworld.StacksWorld.getLevel (string babystack)))	response=
date=Tue Mar 01 00:48:18 PST 2016	sessionId=rk8Pq8vxpVy	remote=sidawmain.stanford.edu	format=lisp2json	query=(execute (call edu.stanford.nlp.sempre.cubeworld.StacksWorld.getLevel (string babynot)))	response=
date=Tue Mar 01 00:48:19 PST 2016	sessionId=rk8Pq8vxpVy	remote=sidawmain.stanford.edu	format=lisp2json	query=(execute (call edu.stanford.nlp.sempre.cubeworld.StacksWorld.getLevel (string pattern)))	response=
date=Tue Mar 01 00:48:19 PST 2016	sessionId=rk8Pq8vxpVy	remote=sidawmain.stanford.edu	format=lisp2json	query=(execute (call edu.stanford.nlp.sempre.cubeworld.StacksWorld.getLevel (string babystep)))	response=
date=Tue Mar 01 00:48:19 PST 2016	sessionId=rk8Pq8vxpVy	remote=sidawmain.stanford.edu	format=lisp2json	query=(execute (call edu.stanford.nlp.sempre.cubeworld.StacksWorld.getLevel (string remove)))	response=
date=Tue Mar 01 00:48:20 PST 2016	sessionId=rk8Pq8vxpVy	remote=sidawmain.stanford.edu	format=lisp2json	query=(execute (call edu.stanford.nlp.sempre.cubeworld.StacksWorld.getLevel (string babystep)))	response=
date=Tue Mar 01 00:48:21 PST 2016	sessionId=rk8Pq8vxpVy	remote=sidawmain.stanford.edu	format=lisp2json	query=(execute (call edu.stanford.nlp.sempre.cubeworld.StacksWorld.getLevel (string pattern)))	response=
date=Tue Mar 01 00:48:21 PST 2016	sessionId=rk8Pq8vxpVy	remote=sidawmain.stanford.edu	format=lisp2json	query=(execute (call edu.stanford.nlp.sempre.cubeworld.StacksWorld.getLevel (string babynot)))	response=
date=Tue Mar 01 00:48:21 PST 2016	sessionId=rk8Pq8vxpVy	remote=sidawmain.stanford.edu	format=lisp2json	query=(execute (call edu.stanford.nlp.sempre.cubeworld.StacksWorld.getLevel (string babystack)))	response=
date=Tue Mar 01 00:48:21 PST 2016	sessionId=rk8Pq8vxpVy	remote=sidawmain.stanford.edu	format=lisp2json	query=(execute (call edu.stanford.nlp.sempre.cubeworld.StacksWorld.getLevel (string littlehouse)))	response=
date=Tue Mar 01 00:48:21 PST 2016	sessionId=rk8Pq8vxpVy	remote=sidawmain.stanford.edu	format=lisp2json	query=(execute (call edu.stanford.nlp.sempre.cubeworld.StacksWorld.getLevel (string triangle)))	response=
date=Tue Mar 01 00:48:21 PST 2016	sessionId=rk8Pq8vxpVy	remote=sidawmain.stanford.edu	format=lisp2json	query=(execute (call edu.stanford.nlp.sempre.cubeworld.StacksWorld.getLevel (string littlehouse)))	response=
date=Tue Mar 01 00:48:22 PST 2016	sessionId=rk8Pq8vxpVy	remote=sidawmain.stanford.edu	format=lisp2json	query=(execute (call edu.stanford.nlp.sempre.cubeworld.StacksWorld.getLevel (string triangle)))	response=
date=Tue Mar 01 00:48:22 PST 2016	sessionId=rk8Pq8vxpVy	remote=sidawmain.stanford.edu	format=lisp2json	query=(execute (call edu.stanford.nlp.sempre.cubeworld.StacksWorld.getLevel (string littlehouse)))	response=
date=Tue Mar 01 00:48:22 PST 2016	sessionId=rk8Pq8vxpVy	remote=sidawmain.stanford.edu	format=lisp2json	query=(execute (call edu.stanford.nlp.sempre.cubeworld.StacksWorld.getLevel (string babystack)))	response=
date=Tue Mar 01 00:48:23 PST 2016	sessionId=rk8Pq8vxpVy	remote=sidawmain.stanford.edu	format=lisp2json	query=(execute (call edu.stanford.nlp.sempre.cubeworld.StacksWorld.getLevel (string babynot)))	response=
date=Tue Mar 01 00:48:23 PST 2016	sessionId=rk8Pq8vxpVy	remote=sidawmain.stanford.edu	format=lisp2json	query=(execute (call edu.stanford.nlp.sempre.cubeworld.StacksWorld.getLevel (string pattern)))	response=
date=Tue Mar 01 00:48:23 PST 2016	sessionId=rk8Pq8vxpVy	remote=sidawmain.stanford.edu	format=lisp2json	query=(execute (call edu.stanford.nlp.sempre.cubeworld.StacksWorld.getLevel (string babystep)))	response=
date=Tue Mar 01 00:48:23 PST 2016	sessionId=rk8Pq8vxpVy	remote=sidawmain.stanford.edu	format=lisp2json	query=(execute (call edu.stanford.nlp.sempre.cubeworld.StacksWorld.getLevel (string remove)))	response=
date=Tue Mar 01 00:48:24 PST 2016	sessionId=rk8Pq8vxpVy	remote=sidawmain.stanford.edu	format=lisp2json	query=(execute (call edu.stanford.nlp.sempre.cubeworld.StacksWorld.getLevel (string babystep)))	response=
date=Tue Mar 01 00:48:25 PST 2016	sessionId=rk8Pq8vxpVy	remote=sidawmain.stanford.edu	format=lisp2json	query=(execute (call edu.stanford.nlp.sempre.cubeworld.StacksWorld.getLevel (string pattern)))	response=
date=Tue Mar 01 00:48:25 PST 2016	sessionId=rk8Pq8vxpVy	remote=sidawmain.stanford.edu	format=lisp2json	query=(execute (call edu.stanford.nlp.sempre.cubeworld.StacksWorld.getLevel (string babynot)))	response=
date=Tue Mar 01 00:48:25 PST 2016	sessionId=rk8Pq8vxpVy	remote=sidawmain.stanford.edu	format=lisp2json	query=(execute (call edu.stanford.nlp.sempre.cubeworld.StacksWorld.getLevel (string babystack)))	response=
date=Tue Mar 01 00:48:25 PST 2016	sessionId=rk8Pq8vxpVy	remote=sidawmain.stanford.edu	format=lisp2json	query=(execute (call edu.stanford.nlp.sempre.cubeworld.StacksWorld.getLevel (string littlehouse)))	response=
date=Tue Mar 01 00:48:25 PST 2016	sessionId=rk8Pq8vxpVy	remote=sidawmain.stanford.edu	format=lisp2json	query=(execute (call edu.stanford.nlp.sempre.cubeworld.StacksWorld.getLevel (string triangle)))	response=
date=Tue Mar 01 00:48:26 PST 2016	sessionId=rk8Pq8vxpVy	remote=sidawmain.stanford.edu	format=lisp2json	query=(execute (call edu.stanford.nlp.sempre.cubeworld.StacksWorld.getLevel (string littlehouse)))	response=
date=Tue Mar 01 00:48:26 PST 2016	sessionId=rk8Pq8vxpVy	remote=sidawmain.stanford.edu	format=lisp2json	query=(execute (call edu.stanford.nlp.sempre.cubeworld.StacksWorld.getLevel (string babystack)))	response=
date=Tue Mar 01 00:48:27 PST 2016	sessionId=rk8Pq8vxpVy	remote=sidawmain.stanford.edu	format=lisp2json	query=(execute (call edu.stanford.nlp.sempre.cubeworld.StacksWorld.getLevel (string babynot)))	response=
date=Tue Mar 01 00:48:27 PST 2016	sessionId=rk8Pq8vxpVy	remote=sidawmain.stanford.edu	format=lisp2json	query=(execute (call edu.stanford.nlp.sempre.cubeworld.StacksWorld.getLevel (string pattern)))	response=
date=Tue Mar 01 00:48:27 PST 2016	sessionId=rk8Pq8vxpVy	remote=sidawmain.stanford.edu	format=lisp2json	query=(execute (call edu.stanford.nlp.sempre.cubeworld.StacksWorld.getLevel (string babystep)))	response=
date=Tue Mar 01 00:48:27 PST 2016	sessionId=rk8Pq8vxpVy	remote=sidawmain.stanford.edu	format=lisp2json	query=(execute (call edu.stanford.nlp.sempre.cubeworld.StacksWorld.getLevel (string remove)))	response=
date=Tue Mar 01 00:52:07 PST 2016	sessionId=rk8Pq8vxpVy	remote=sidawmain.stanford.edu	format=lisp2json	query=(execute (call edu.stanford.nlp.sempre.cubeworld.StacksWorld.getLevel (string remove)))	response=
date=Tue Mar 01 00:53:06 PST 2016	sessionId=rk8Pq8vxpVy	remote=sidawmain.stanford.edu	format=lisp2json	query=(execute (call edu.stanford.nlp.sempre.cubeworld.StacksWorld.getLevel (string triangle)))	response=
date=Tue Mar 01 00:53:06 PST 2016	sessionId=rk8Pq8vxpVy	remote=sidawmain.stanford.edu	format=lisp2json	query=(execute (call edu.stanford.nlp.sempre.cubeworld.StacksWorld.getLevel (string littlehouse)))	response=
date=Tue Mar 01 00:53:06 PST 2016	sessionId=rk8Pq8vxpVy	remote=sidawmain.stanford.edu	format=lisp2json	query=(execute (call edu.stanford.nlp.sempre.cubeworld.StacksWorld.getLevel (string babystack)))	response=
date=Tue Mar 01 00:53:07 PST 2016	sessionId=rk8Pq8vxpVy	remote=sidawmain.stanford.edu	format=lisp2json	query=(execute (call edu.stanford.nlp.sempre.cubeworld.StacksWorld.getLevel (string babynot)))	response=
date=Tue Mar 01 00:53:07 PST 2016	sessionId=rk8Pq8vxpVy	remote=sidawmain.stanford.edu	format=lisp2json	query=(execute (call edu.stanford.nlp.sempre.cubeworld.StacksWorld.getLevel (string pattern)))	response=
date=Tue Mar 01 00:53:07 PST 2016	sessionId=rk8Pq8vxpVy	remote=sidawmain.stanford.edu	format=lisp2json	query=(execute (call edu.stanford.nlp.sempre.cubeworld.StacksWorld.getLevel (string babystep)))	response=
date=Tue Mar 01 00:53:07 PST 2016	sessionId=rk8Pq8vxpVy	remote=sidawmain.stanford.edu	format=lisp2json	query=(execute (call edu.stanford.nlp.sempre.cubeworld.StacksWorld.getLevel (string remove)))	response=
date=Tue Mar 01 00:53:08 PST 2016	sessionId=rk8Pq8vxpVy	remote=sidawmain.stanford.edu	format=lisp2json	query=(execute (call edu.stanford.nlp.sempre.cubeworld.StacksWorld.getLevel (string babystep)))	response=
date=Tue Mar 01 00:53:08 PST 2016	sessionId=rk8Pq8vxpVy	remote=sidawmain.stanford.edu	format=lisp2json	query=(execute (call edu.stanford.nlp.sempre.cubeworld.StacksWorld.getLevel (string pattern)))	response=
date=Tue Mar 01 00:53:09 PST 2016	sessionId=rk8Pq8vxpVy	remote=sidawmain.stanford.edu	format=lisp2json	query=(execute (call edu.stanford.nlp.sempre.cubeworld.StacksWorld.getLevel (string babynot)))	response=
date=Tue Mar 01 00:53:09 PST 2016	sessionId=rk8Pq8vxpVy	remote=sidawmain.stanford.edu	format=lisp2json	query=(execute (call edu.stanford.nlp.sempre.cubeworld.StacksWorld.getLevel (string babystack)))	response=
date=Tue Mar 01 00:53:09 PST 2016	sessionId=rk8Pq8vxpVy	remote=sidawmain.stanford.edu	format=lisp2json	query=(execute (call edu.stanford.nlp.sempre.cubeworld.StacksWorld.getLevel (string littlehouse)))	response=
date=Tue Mar 01 00:53:09 PST 2016	sessionId=rk8Pq8vxpVy	remote=sidawmain.stanford.edu	format=lisp2json	query=(execute (call edu.stanford.nlp.sempre.cubeworld.StacksWorld.getLevel (string triangle)))	response=
date=Tue Mar 01 00:53:09 PST 2016	sessionId=rk8Pq8vxpVy	remote=sidawmain.stanford.edu	format=lisp2json	query=(execute (call edu.stanford.nlp.sempre.cubeworld.StacksWorld.getLevel (string littlehouse)))	response=
date=Tue Mar 01 00:53:10 PST 2016	sessionId=rk8Pq8vxpVy	remote=sidawmain.stanford.edu	format=lisp2json	query=(execute (call edu.stanford.nlp.sempre.cubeworld.StacksWorld.getLevel (string babystack)))	response=
date=Tue Mar 01 00:53:10 PST 2016	sessionId=rk8Pq8vxpVy	remote=sidawmain.stanford.edu	format=lisp2json	query=(execute (call edu.stanford.nlp.sempre.cubeworld.StacksWorld.getLevel (string babynot)))	response=
date=Tue Mar 01 00:53:10 PST 2016	sessionId=rk8Pq8vxpVy	remote=sidawmain.stanford.edu	format=lisp2json	query=(execute (call edu.stanford.nlp.sempre.cubeworld.StacksWorld.getLevel (string pattern)))	response=
date=Tue Mar 01 00:53:10 PST 2016	sessionId=rk8Pq8vxpVy	remote=sidawmain.stanford.edu	format=lisp2json	query=(execute (call edu.stanford.nlp.sempre.cubeworld.StacksWorld.getLevel (string babystep)))	response=
date=Tue Mar 01 00:53:10 PST 2016	sessionId=rk8Pq8vxpVy	remote=sidawmain.stanford.edu	format=lisp2json	query=(execute (call edu.stanford.nlp.sempre.cubeworld.StacksWorld.getLevel (string remove)))	response=
date=Tue Mar 01 00:53:11 PST 2016	sessionId=rk8Pq8vxpVy	remote=sidawmain.stanford.edu	format=lisp2json	query=(execute (call edu.stanford.nlp.sempre.cubeworld.StacksWorld.getLevel (string babystep)))	response=
date=Tue Mar 01 00:53:11 PST 2016	sessionId=rk8Pq8vxpVy	remote=sidawmain.stanford.edu	format=lisp2json	query=(execute (call edu.stanford.nlp.sempre.cubeworld.StacksWorld.getLevel (string pattern)))	response=
date=Tue Mar 01 00:53:11 PST 2016	sessionId=rk8Pq8vxpVy	remote=sidawmain.stanford.edu	format=lisp2json	query=(execute (call edu.stanford.nlp.sempre.cubeworld.StacksWorld.getLevel (string babynot)))	response=
date=Tue Mar 01 00:53:11 PST 2016	sessionId=rk8Pq8vxpVy	remote=sidawmain.stanford.edu	format=lisp2json	query=(execute (call edu.stanford.nlp.sempre.cubeworld.StacksWorld.getLevel (string babystack)))	response=
date=Tue Mar 01 00:53:11 PST 2016	sessionId=rk8Pq8vxpVy	remote=sidawmain.stanford.edu	format=lisp2json	query=(execute (call edu.stanford.nlp.sempre.cubeworld.StacksWorld.getLevel (string littlehouse)))	response=
date=Tue Mar 01 00:53:12 PST 2016	sessionId=rk8Pq8vxpVy	remote=sidawmain.stanford.edu	format=lisp2json	query=(execute (call edu.stanford.nlp.sempre.cubeworld.StacksWorld.getLevel (string triangle)))	response=
date=Tue Mar 01 00:53:12 PST 2016	sessionId=rk8Pq8vxpVy	remote=sidawmain.stanford.edu	format=lisp2json	query=(execute (call edu.stanford.nlp.sempre.cubeworld.StacksWorld.getLevel (string littlehouse)))	response=
date=Tue Mar 01 00:53:13 PST 2016	sessionId=rk8Pq8vxpVy	remote=sidawmain.stanford.edu	format=lisp2json	query=(execute (call edu.stanford.nlp.sempre.cubeworld.StacksWorld.getLevel (string babystack)))	response=
date=Tue Mar 01 00:53:13 PST 2016	sessionId=rk8Pq8vxpVy	remote=sidawmain.stanford.edu	format=lisp2json	query=(execute (call edu.stanford.nlp.sempre.cubeworld.StacksWorld.getLevel (string babynot)))	response=
date=Tue Mar 01 00:53:13 PST 2016	sessionId=rk8Pq8vxpVy	remote=sidawmain.stanford.edu	format=lisp2json	query=(execute (call edu.stanford.nlp.sempre.cubeworld.StacksWorld.getLevel (string pattern)))	response=
date=Tue Mar 01 00:53:13 PST 2016	sessionId=rk8Pq8vxpVy	remote=sidawmain.stanford.edu	format=lisp2json	query=(execute (call edu.stanford.nlp.sempre.cubeworld.StacksWorld.getLevel (string babystep)))	response=
date=Tue Mar 01 00:53:13 PST 2016	sessionId=rk8Pq8vxpVy	remote=sidawmain.stanford.edu	format=lisp2json	query=(execute (call edu.stanford.nlp.sempre.cubeworld.StacksWorld.getLevel (string remove)))	response=
date=Tue Mar 01 00:53:14 PST 2016	sessionId=rk8Pq8vxpVy	remote=sidawmain.stanford.edu	format=lisp2json	query=(execute (call edu.stanford.nlp.sempre.cubeworld.StacksWorld.getLevel (string babystep)))	response=
date=Tue Mar 01 00:53:14 PST 2016	sessionId=rk8Pq8vxpVy	remote=sidawmain.stanford.edu	format=lisp2json	query=(execute (call edu.stanford.nlp.sempre.cubeworld.StacksWorld.getLevel (string pattern)))	response=
date=Tue Mar 01 00:53:14 PST 2016	sessionId=rk8Pq8vxpVy	remote=sidawmain.stanford.edu	format=lisp2json	query=(execute (call edu.stanford.nlp.sempre.cubeworld.StacksWorld.getLevel (string babynot)))	response=
date=Tue Mar 01 00:53:14 PST 2016	sessionId=rk8Pq8vxpVy	remote=sidawmain.stanford.edu	format=lisp2json	query=(execute (call edu.stanford.nlp.sempre.cubeworld.StacksWorld.getLevel (string babystack)))	response=
date=Tue Mar 01 00:53:14 PST 2016	sessionId=rk8Pq8vxpVy	remote=sidawmain.stanford.edu	format=lisp2json	query=(execute (call edu.stanford.nlp.sempre.cubeworld.StacksWorld.getLevel (string littlehouse)))	response=
date=Tue Mar 01 00:53:14 PST 2016	sessionId=rk8Pq8vxpVy	remote=sidawmain.stanford.edu	format=lisp2json	query=(execute (call edu.stanford.nlp.sempre.cubeworld.StacksWorld.getLevel (string triangle)))	response=
date=Tue Mar 01 23:05:28 PST 2016	sessionId=rk8Pq8vxpVy	remote=DN525bjo.SUNet	format=lisp2json	query=(execute (call edu.stanford.nlp.sempre.cubeworld.StacksWorld.getLevel (string remove)))	response=
